ERROR - 2025-04-05 10:34:13 --> mysqli_sql_exception: Can't create table `posbengkel`.`transaksi_keluar` (errno: 150 "Foreign key constraint is incorrectly formed") in C:\xampp\htdocs\posbengkel\system\Database\MySQLi\Connection.php:292
Stack trace:
#0 C:\xampp\htdocs\posbengkel\system\Database\MySQLi\Connection.php(292): mysqli->query('CREATE TABLE `t...', 0)
#1 C:\xampp\htdocs\posbengkel\system\Database\BaseConnection.php(693): CodeIgniter\Database\MySQLi\Connection->execute('CREATE TABLE `t...')
#2 C:\xampp\htdocs\posbengkel\system\Database\BaseConnection.php(620): CodeIgniter\Database\BaseConnection->simpleQuery('CREATE TABLE `t...')
#3 C:\xampp\htdocs\posbengkel\system\Database\Forge.php(509): CodeIgniter\Database\BaseConnection->query('CREATE TABLE `t...')
#4 C:\xampp\htdocs\posbengkel\app\Database\Migrations\2025-04-05-022228_TransaksiKeluar.php(35): CodeIgniter\Database\Forge->createTable('transaksi_kelua...')
#5 C:\xampp\htdocs\posbengkel\system\Database\MigrationRunner.php(868): App\Database\Migrations\TransaksiKeluar->up()
#6 C:\xampp\htdocs\posbengkel\system\Database\MigrationRunner.php(187): CodeIgniter\Database\MigrationRunner->migrate('up', Object(stdClass))
#7 C:\xampp\htdocs\posbengkel\system\Commands\Database\Migrate.php(84): CodeIgniter\Database\MigrationRunner->latest(NULL)
#8 C:\xampp\htdocs\posbengkel\system\CLI\Commands.php(63): CodeIgniter\Commands\Database\Migrate->run(Array)
#9 C:\xampp\htdocs\posbengkel\system\CLI\CommandRunner.php(65): CodeIgniter\CLI\Commands->run('migrate', Array)
#10 C:\xampp\htdocs\posbengkel\system\CLI\CommandRunner.php(51): CodeIgniter\CLI\CommandRunner->index(Array)
#11 C:\xampp\htdocs\posbengkel\system\CodeIgniter.php(891): CodeIgniter\CLI\CommandRunner->_remap('index', Array)
#12 C:\xampp\htdocs\posbengkel\system\CodeIgniter.php(457): CodeIgniter\CodeIgniter->runController(Object(CodeIgniter\CLI\CommandRunner))
#13 C:\xampp\htdocs\posbengkel\system\CodeIgniter.php(336): CodeIgniter\CodeIgniter->handleRequest(NULL, Object(Config\Cache), false)
#14 C:\xampp\htdocs\posbengkel\system\CLI\Console.php(48): CodeIgniter\CodeIgniter->run()
#15 C:\xampp\htdocs\posbengkel\spark(98): CodeIgniter\CLI\Console->run()
#16 {main}
ERROR - 2025-04-05 10:47:29 --> mysqli_sql_exception: Can't create table `posbengkel`.`transaksi_keluar` (errno: 150 "Foreign key constraint is incorrectly formed") in C:\xampp\htdocs\posbengkel\system\Database\MySQLi\Connection.php:292
Stack trace:
#0 C:\xampp\htdocs\posbengkel\system\Database\MySQLi\Connection.php(292): mysqli->query('CREATE TABLE `t...', 0)
#1 C:\xampp\htdocs\posbengkel\system\Database\BaseConnection.php(693): CodeIgniter\Database\MySQLi\Connection->execute('CREATE TABLE `t...')
#2 C:\xampp\htdocs\posbengkel\system\Database\BaseConnection.php(620): CodeIgniter\Database\BaseConnection->simpleQuery('CREATE TABLE `t...')
#3 C:\xampp\htdocs\posbengkel\system\Database\Forge.php(509): CodeIgniter\Database\BaseConnection->query('CREATE TABLE `t...')
#4 C:\xampp\htdocs\posbengkel\app\Database\Migrations\2025-04-05-022228_TransaksiKeluar.php(35): CodeIgniter\Database\Forge->createTable('transaksi_kelua...')
#5 C:\xampp\htdocs\posbengkel\system\Database\MigrationRunner.php(868): App\Database\Migrations\TransaksiKeluar->up()
#6 C:\xampp\htdocs\posbengkel\system\Database\MigrationRunner.php(187): CodeIgniter\Database\MigrationRunner->migrate('up', Object(stdClass))
#7 C:\xampp\htdocs\posbengkel\system\Commands\Database\Migrate.php(84): CodeIgniter\Database\MigrationRunner->latest(NULL)
#8 C:\xampp\htdocs\posbengkel\system\CLI\Commands.php(63): CodeIgniter\Commands\Database\Migrate->run(Array)
#9 C:\xampp\htdocs\posbengkel\system\CLI\CommandRunner.php(65): CodeIgniter\CLI\Commands->run('migrate', Array)
#10 C:\xampp\htdocs\posbengkel\system\CLI\CommandRunner.php(51): CodeIgniter\CLI\CommandRunner->index(Array)
#11 C:\xampp\htdocs\posbengkel\system\CodeIgniter.php(891): CodeIgniter\CLI\CommandRunner->_remap('index', Array)
#12 C:\xampp\htdocs\posbengkel\system\CodeIgniter.php(457): CodeIgniter\CodeIgniter->runController(Object(CodeIgniter\CLI\CommandRunner))
#13 C:\xampp\htdocs\posbengkel\system\CodeIgniter.php(336): CodeIgniter\CodeIgniter->handleRequest(NULL, Object(Config\Cache), false)
#14 C:\xampp\htdocs\posbengkel\system\CLI\Console.php(48): CodeIgniter\CodeIgniter->run()
#15 C:\xampp\htdocs\posbengkel\spark(98): CodeIgniter\CLI\Console->run()
#16 {main}
ERROR - 2025-04-05 10:49:23 --> mysqli_sql_exception: You have an error in your SQL syntax; check the manual that corresponds to your MariaDB server version for the right syntax to use near 'UNSIGNED NOT NULL,
	`total_jual` double(11,2) NOT NULL DEFAULT 0,
	CONSTRAINT...' at line 4 in C:\xampp\htdocs\posbengkel\system\Database\MySQLi\Connection.php:292
Stack trace:
#0 C:\xampp\htdocs\posbengkel\system\Database\MySQLi\Connection.php(292): mysqli->query('CREATE TABLE `t...', 0)
#1 C:\xampp\htdocs\posbengkel\system\Database\BaseConnection.php(693): CodeIgniter\Database\MySQLi\Connection->execute('CREATE TABLE `t...')
#2 C:\xampp\htdocs\posbengkel\system\Database\BaseConnection.php(620): CodeIgniter\Database\BaseConnection->simpleQuery('CREATE TABLE `t...')
#3 C:\xampp\htdocs\posbengkel\system\Database\Forge.php(509): CodeIgniter\Database\BaseConnection->query('CREATE TABLE `t...')
#4 C:\xampp\htdocs\posbengkel\app\Database\Migrations\2025-04-05-022228_TransaksiKeluar.php(35): CodeIgniter\Database\Forge->createTable('transaksi_kelua...')
#5 C:\xampp\htdocs\posbengkel\system\Database\MigrationRunner.php(868): App\Database\Migrations\TransaksiKeluar->up()
#6 C:\xampp\htdocs\posbengkel\system\Database\MigrationRunner.php(187): CodeIgniter\Database\MigrationRunner->migrate('up', Object(stdClass))
#7 C:\xampp\htdocs\posbengkel\system\Commands\Database\Migrate.php(84): CodeIgniter\Database\MigrationRunner->latest(NULL)
#8 C:\xampp\htdocs\posbengkel\system\CLI\Commands.php(63): CodeIgniter\Commands\Database\Migrate->run(Array)
#9 C:\xampp\htdocs\posbengkel\system\CLI\CommandRunner.php(65): CodeIgniter\CLI\Commands->run('migrate', Array)
#10 C:\xampp\htdocs\posbengkel\system\CLI\CommandRunner.php(51): CodeIgniter\CLI\CommandRunner->index(Array)
#11 C:\xampp\htdocs\posbengkel\system\CodeIgniter.php(891): CodeIgniter\CLI\CommandRunner->_remap('index', Array)
#12 C:\xampp\htdocs\posbengkel\system\CodeIgniter.php(457): CodeIgniter\CodeIgniter->runController(Object(CodeIgniter\CLI\CommandRunner))
#13 C:\xampp\htdocs\posbengkel\system\CodeIgniter.php(336): CodeIgniter\CodeIgniter->handleRequest(NULL, Object(Config\Cache), false)
#14 C:\xampp\htdocs\posbengkel\system\CLI\Console.php(48): CodeIgniter\CodeIgniter->run()
#15 C:\xampp\htdocs\posbengkel\spark(98): CodeIgniter\CLI\Console->run()
#16 {main}
ERROR - 2025-04-05 10:50:24 --> mysqli_sql_exception: You have an error in your SQL syntax; check the manual that corresponds to your MariaDB server version for the right syntax to use near 'UNSIGNED NOT NULL,
	`total_jual` double(11,2) NOT NULL DEFAULT 0,
	CONSTRAINT...' at line 4 in C:\xampp\htdocs\posbengkel\system\Database\MySQLi\Connection.php:292
Stack trace:
#0 C:\xampp\htdocs\posbengkel\system\Database\MySQLi\Connection.php(292): mysqli->query('CREATE TABLE `t...', 0)
#1 C:\xampp\htdocs\posbengkel\system\Database\BaseConnection.php(693): CodeIgniter\Database\MySQLi\Connection->execute('CREATE TABLE `t...')
#2 C:\xampp\htdocs\posbengkel\system\Database\BaseConnection.php(620): CodeIgniter\Database\BaseConnection->simpleQuery('CREATE TABLE `t...')
#3 C:\xampp\htdocs\posbengkel\system\Database\Forge.php(509): CodeIgniter\Database\BaseConnection->query('CREATE TABLE `t...')
#4 C:\xampp\htdocs\posbengkel\app\Database\Migrations\2025-04-05-022228_TransaksiKeluar.php(35): CodeIgniter\Database\Forge->createTable('transaksi_kelua...')
#5 C:\xampp\htdocs\posbengkel\system\Database\MigrationRunner.php(868): App\Database\Migrations\TransaksiKeluar->up()
#6 C:\xampp\htdocs\posbengkel\system\Database\MigrationRunner.php(187): CodeIgniter\Database\MigrationRunner->migrate('up', Object(stdClass))
#7 C:\xampp\htdocs\posbengkel\system\Commands\Database\Migrate.php(84): CodeIgniter\Database\MigrationRunner->latest(NULL)
#8 C:\xampp\htdocs\posbengkel\system\CLI\Commands.php(63): CodeIgniter\Commands\Database\Migrate->run(Array)
#9 C:\xampp\htdocs\posbengkel\system\CLI\CommandRunner.php(65): CodeIgniter\CLI\Commands->run('migrate', Array)
#10 C:\xampp\htdocs\posbengkel\system\CLI\CommandRunner.php(51): CodeIgniter\CLI\CommandRunner->index(Array)
#11 C:\xampp\htdocs\posbengkel\system\CodeIgniter.php(891): CodeIgniter\CLI\CommandRunner->_remap('index', Array)
#12 C:\xampp\htdocs\posbengkel\system\CodeIgniter.php(457): CodeIgniter\CodeIgniter->runController(Object(CodeIgniter\CLI\CommandRunner))
#13 C:\xampp\htdocs\posbengkel\system\CodeIgniter.php(336): CodeIgniter\CodeIgniter->handleRequest(NULL, Object(Config\Cache), false)
#14 C:\xampp\htdocs\posbengkel\system\CLI\Console.php(48): CodeIgniter\CodeIgniter->run()
#15 C:\xampp\htdocs\posbengkel\spark(98): CodeIgniter\CLI\Console->run()
#16 {main}
CRITICAL - 2025-04-05 11:24:27 --> Undefined variable $nofaktur
in APPPATH\Views\transaksi_keluar\v_keluar.php on line 15.
 1 APPPATH\Views\transaksi_keluar\v_keluar.php(15): CodeIgniter\Debug\Exceptions->errorHandler(2, 'Undefined variable $nofaktur', 'APPPATH\\Views\\transaksi_keluar\\v_keluar.php', 15)
 2 SYSTEMPATH\View\View.php(213): include('APPPATH\\Views\\transaksi_keluar\\v_keluar.php')
 3 SYSTEMPATH\View\View.php(216): CodeIgniter\View\View->CodeIgniter\View\{closure}()
 4 SYSTEMPATH\Common.php(1137): CodeIgniter\View\View->render('transaksi_keluar/v_keluar', [], true)
 5 APPPATH\Views\v_template.php(214): view('transaksi_keluar/v_keluar')
 6 SYSTEMPATH\View\View.php(213): include('APPPATH\\Views\\v_template.php')
 7 SYSTEMPATH\View\View.php(216): CodeIgniter\View\View->CodeIgniter\View\{closure}()
 8 SYSTEMPATH\Common.php(1137): CodeIgniter\View\View->render('v_template', [], true)
 9 APPPATH\Controllers\TransaksiKeluar.php(35): view('v_template', [...])
10 SYSTEMPATH\CodeIgniter.php(898): App\Controllers\TransaksiKeluar->index()
11 SYSTEMPATH\CodeIgniter.php(457): CodeIgniter\CodeIgniter->runController(Object(App\Controllers\TransaksiKeluar))
12 SYSTEMPATH\CodeIgniter.php(340): CodeIgniter\CodeIgniter->handleRequest(null, Object(Config\Cache), false)
13 FCPATH\index.php(67): CodeIgniter\CodeIgniter->run()
14 SYSTEMPATH\Commands\Server\rewrite.php(43): require_once('FCPATH\\index.php')
CRITICAL - 2025-04-05 11:29:23 --> Call to undefined method App\Models\ModelTempKeluar::tampilDataTemp
in SYSTEMPATH\Model.php on line 773.
 1 APPPATH\Controllers\TransaksiKeluar.php(64): CodeIgniter\Model->__call('tampilDataTemp', [...])
 2 SYSTEMPATH\CodeIgniter.php(898): App\Controllers\TransaksiKeluar->dataTemp()
 3 SYSTEMPATH\CodeIgniter.php(457): CodeIgniter\CodeIgniter->runController(Object(App\Controllers\TransaksiKeluar))
 4 SYSTEMPATH\CodeIgniter.php(340): CodeIgniter\CodeIgniter->handleRequest(null, Object(Config\Cache), false)
 5 FCPATH\index.php(67): CodeIgniter\CodeIgniter->run()
 6 SYSTEMPATH\Commands\Server\rewrite.php(43): require_once('FCPATH\\index.php')
CRITICAL - 2025-04-05 11:29:47 --> Call to undefined method App\Models\ModelTempKeluar::tampilDataTemp
in SYSTEMPATH\Model.php on line 773.
 1 APPPATH\Controllers\TransaksiKeluar.php(64): CodeIgniter\Model->__call('tampilDataTemp', [...])
 2 SYSTEMPATH\CodeIgniter.php(898): App\Controllers\TransaksiKeluar->dataTemp()
 3 SYSTEMPATH\CodeIgniter.php(457): CodeIgniter\CodeIgniter->runController(Object(App\Controllers\TransaksiKeluar))
 4 SYSTEMPATH\CodeIgniter.php(340): CodeIgniter\CodeIgniter->handleRequest(null, Object(Config\Cache), false)
 5 FCPATH\index.php(67): CodeIgniter\CodeIgniter->run()
 6 SYSTEMPATH\Commands\Server\rewrite.php(43): require_once('FCPATH\\index.php')
CRITICAL - 2025-04-05 11:43:14 --> Call to undefined method App\Models\ModelTempKeluar::tampilDataTemp
in SYSTEMPATH\Model.php on line 773.
 1 APPPATH\Controllers\TransaksiKeluar.php(64): CodeIgniter\Model->__call('tampilDataTemp', [...])
 2 SYSTEMPATH\CodeIgniter.php(898): App\Controllers\TransaksiKeluar->dataTemp()
 3 SYSTEMPATH\CodeIgniter.php(457): CodeIgniter\CodeIgniter->runController(Object(App\Controllers\TransaksiKeluar))
 4 SYSTEMPATH\CodeIgniter.php(340): CodeIgniter\CodeIgniter->handleRequest(null, Object(Config\Cache), false)
 5 FCPATH\index.php(67): CodeIgniter\CodeIgniter->run()
 6 SYSTEMPATH\Commands\Server\rewrite.php(43): require_once('FCPATH\\index.php')
CRITICAL - 2025-04-05 11:45:30 --> Call to undefined method App\Models\ModelTempKeluar::tampilDataTemp
in SYSTEMPATH\Model.php on line 773.
 1 APPPATH\Controllers\TransaksiKeluar.php(64): CodeIgniter\Model->__call('tampilDataTemp', [...])
 2 SYSTEMPATH\CodeIgniter.php(898): App\Controllers\TransaksiKeluar->dataTemp()
 3 SYSTEMPATH\CodeIgniter.php(457): CodeIgniter\CodeIgniter->runController(Object(App\Controllers\TransaksiKeluar))
 4 SYSTEMPATH\CodeIgniter.php(340): CodeIgniter\CodeIgniter->handleRequest(null, Object(Config\Cache), false)
 5 FCPATH\index.php(67): CodeIgniter\CodeIgniter->run()
 6 SYSTEMPATH\Commands\Server\rewrite.php(43): require_once('FCPATH\\index.php')
CRITICAL - 2025-04-05 11:46:04 --> Call to undefined method App\Models\ModelTempKeluar::tampilDataTemp
in SYSTEMPATH\Model.php on line 773.
 1 APPPATH\Controllers\TransaksiKeluar.php(64): CodeIgniter\Model->__call('tampilDataTemp', [...])
 2 SYSTEMPATH\CodeIgniter.php(898): App\Controllers\TransaksiKeluar->dataTemp()
 3 SYSTEMPATH\CodeIgniter.php(457): CodeIgniter\CodeIgniter->runController(Object(App\Controllers\TransaksiKeluar))
 4 SYSTEMPATH\CodeIgniter.php(340): CodeIgniter\CodeIgniter->handleRequest(null, Object(Config\Cache), false)
 5 FCPATH\index.php(67): CodeIgniter\CodeIgniter->run()
 6 SYSTEMPATH\Commands\Server\rewrite.php(43): require_once('FCPATH\\index.php')
CRITICAL - 2025-04-05 11:51:51 --> Call to undefined method App\Models\ModelTempKeluar::tampilDataTemp
in SYSTEMPATH\Model.php on line 773.
 1 APPPATH\Controllers\TransaksiKeluar.php(64): CodeIgniter\Model->__call('tampilDataTemp', [...])
 2 SYSTEMPATH\CodeIgniter.php(898): App\Controllers\TransaksiKeluar->dataTemp()
 3 SYSTEMPATH\CodeIgniter.php(457): CodeIgniter\CodeIgniter->runController(Object(App\Controllers\TransaksiKeluar))
 4 SYSTEMPATH\CodeIgniter.php(340): CodeIgniter\CodeIgniter->handleRequest(null, Object(Config\Cache), false)
 5 FCPATH\index.php(67): CodeIgniter\CodeIgniter->run()
 6 SYSTEMPATH\Commands\Server\rewrite.php(43): require_once('FCPATH\\index.php')
CRITICAL - 2025-04-05 11:52:33 --> Call to undefined method App\Models\ModelTempKeluar::tampilDataTemp
in SYSTEMPATH\Model.php on line 773.
 1 APPPATH\Controllers\TransaksiKeluar.php(64): CodeIgniter\Model->__call('tampilDataTemp', [...])
 2 SYSTEMPATH\CodeIgniter.php(898): App\Controllers\TransaksiKeluar->dataTemp()
 3 SYSTEMPATH\CodeIgniter.php(457): CodeIgniter\CodeIgniter->runController(Object(App\Controllers\TransaksiKeluar))
 4 SYSTEMPATH\CodeIgniter.php(340): CodeIgniter\CodeIgniter->handleRequest(null, Object(Config\Cache), false)
 5 FCPATH\index.php(67): CodeIgniter\CodeIgniter->run()
 6 SYSTEMPATH\Commands\Server\rewrite.php(43): require_once('FCPATH\\index.php')
ERROR - 2025-04-05 11:56:42 --> mysqli_sql_exception: Table 'posbengkel.modeltempkeluars' doesn't exist in C:\xampp\htdocs\posbengkel\system\Database\MySQLi\Connection.php:292
Stack trace:
#0 C:\xampp\htdocs\posbengkel\system\Database\MySQLi\Connection.php(292): mysqli->query('SELECT *\nFROM `...', 0)
#1 C:\xampp\htdocs\posbengkel\system\Database\BaseConnection.php(693): CodeIgniter\Database\MySQLi\Connection->execute('SELECT *\nFROM `...')
#2 C:\xampp\htdocs\posbengkel\system\Database\BaseConnection.php(620): CodeIgniter\Database\BaseConnection->simpleQuery('SELECT *\nFROM `...')
#3 C:\xampp\htdocs\posbengkel\system\Database\BaseBuilder.php(1585): CodeIgniter\Database\BaseConnection->query('SELECT *\nFROM `...', Array, false)
#4 C:\xampp\htdocs\posbengkel\system\Model.php(771): CodeIgniter\Database\BaseBuilder->get()
#5 C:\xampp\htdocs\posbengkel\app\Models\ModelTempKeluar.php(17): CodeIgniter\Model->__call('get', Array)
#6 C:\xampp\htdocs\posbengkel\app\Controllers\TransaksiKeluar.php(64): App\Models\ModelTempKeluar->tampilDataTemp('')
#7 C:\xampp\htdocs\posbengkel\system\CodeIgniter.php(898): App\Controllers\TransaksiKeluar->dataTemp()
#8 C:\xampp\htdocs\posbengkel\system\CodeIgniter.php(457): CodeIgniter\CodeIgniter->runController(Object(App\Controllers\TransaksiKeluar))
#9 C:\xampp\htdocs\posbengkel\system\CodeIgniter.php(340): CodeIgniter\CodeIgniter->handleRequest(NULL, Object(Config\Cache), false)
#10 C:\xampp\htdocs\posbengkel\public\index.php(67): CodeIgniter\CodeIgniter->run()
#11 C:\xampp\htdocs\posbengkel\system\Commands\Server\rewrite.php(43): require_once('C:\\xampp\\htdocs...')
#12 {main}
CRITICAL - 2025-04-05 11:56:42 --> Table 'posbengkel.modeltempkeluars' doesn't exist
in SYSTEMPATH\Database\MySQLi\Connection.php on line 292.
 1 SYSTEMPATH\Database\MySQLi\Connection.php(292): mysqli->query('SELECT *
FROM `modeltempkeluars`
JOIN `part` ON `id_part`=`id_part_detjual`
WHERE `faktur_detjual` = \'\'', 0)
 2 SYSTEMPATH\Database\BaseConnection.php(693): CodeIgniter\Database\MySQLi\Connection->execute('SELECT *
FROM `modeltempkeluars`
JOIN `part` ON `id_part`=`id_part_detjual`
WHERE `faktur_detjual` = \'\'')
 3 SYSTEMPATH\Database\BaseConnection.php(620): CodeIgniter\Database\BaseConnection->simpleQuery('SELECT *
FROM `modeltempkeluars`
JOIN `part` ON `id_part`=`id_part_detjual`
WHERE `faktur_detjual` = \'\'')
 4 SYSTEMPATH\Database\BaseBuilder.php(1585): CodeIgniter\Database\BaseConnection->query('SELECT *
FROM `modeltempkeluars`
JOIN `part` ON `id_part`=`id_part_detjual`
WHERE `faktur_detjual` = :faktur_detjual:', [...], false)
 5 SYSTEMPATH\Model.php(771): CodeIgniter\Database\BaseBuilder->get()
 6 APPPATH\Models\ModelTempKeluar.php(17): CodeIgniter\Model->__call('get', [])
 7 APPPATH\Controllers\TransaksiKeluar.php(64): App\Models\ModelTempKeluar->tampilDataTemp('ROOTPATH\\public')
 8 SYSTEMPATH\CodeIgniter.php(898): App\Controllers\TransaksiKeluar->dataTemp()
 9 SYSTEMPATH\CodeIgniter.php(457): CodeIgniter\CodeIgniter->runController(Object(App\Controllers\TransaksiKeluar))
10 SYSTEMPATH\CodeIgniter.php(340): CodeIgniter\CodeIgniter->handleRequest(null, Object(Config\Cache), false)
11 FCPATH\index.php(67): CodeIgniter\CodeIgniter->run()
12 SYSTEMPATH\Commands\Server\rewrite.php(43): require_once('FCPATH\\index.php')
