CRITICAL - 2025-02-11 07:57:48 --> Undefined array key "kode_kategori"
in APPPATH\Views\v_kategori.php on line 31.
 1 APPPATH\Views\v_kategori.php(31): CodeIgniter\Debug\Exceptions->errorHandler(2, 'Undefined array key "kode_kategori"', 'APPPATH\\Views\\v_kategori.php', 31)
 2 SYSTEMPATH\View\View.php(213): include('APPPATH\\Views\\v_kategori.php')
 3 SYSTEMPATH\View\View.php(216): CodeIgniter\View\View->CodeIgniter\View\{closure}()
 4 SYSTEMPATH\Common.php(1137): CodeIgniter\View\View->render('v_kategori', [], true)
 5 APPPATH\Views\v_template.php(198): view('v_kategori')
 6 SYSTEMPATH\View\View.php(213): include('APPPATH\\Views\\v_template.php')
 7 SYSTEMPATH\View\View.php(216): CodeIgniter\View\View->CodeIgniter\View\{closure}()
 8 SYSTEMPATH\Common.php(1137): CodeIgniter\View\View->render('v_template', [], true)
 9 APPPATH\Controllers\Kategori.php(26): view('v_template', [...])
10 SYSTEMPATH\CodeIgniter.php(898): App\Controllers\Kategori->index()
11 SYSTEMPATH\CodeIgniter.php(457): CodeIgniter\CodeIgniter->runController(Object(App\Controllers\Kategori))
12 SYSTEMPATH\CodeIgniter.php(340): CodeIgniter\CodeIgniter->handleRequest(null, Object(Config\Cache), false)
13 FCPATH\index.php(67): CodeIgniter\CodeIgniter->run()
14 SYSTEMPATH\Commands\Server\rewrite.php(43): require_once('FCPATH\\index.php')
CRITICAL - 2025-02-11 09:54:52 --> You must set the database table to be used with your query.
in SYSTEMPATH\Database\BaseConnection.php on line 872.
 1 SYSTEMPATH\Model.php(586): CodeIgniter\Database\BaseConnection->table(null)
 2 SYSTEMPATH\Model.php(763): CodeIgniter\Model->builder()
 3 APPPATH\Models\ModelPart.php(11): CodeIgniter\Model->__call('table', [...])
 4 APPPATH\Controllers\Part.php(26): App\Models\ModelPart->AllData()
 5 SYSTEMPATH\CodeIgniter.php(898): App\Controllers\Part->index()
 6 SYSTEMPATH\CodeIgniter.php(457): CodeIgniter\CodeIgniter->runController(Object(App\Controllers\Part))
 7 SYSTEMPATH\CodeIgniter.php(340): CodeIgniter\CodeIgniter->handleRequest(null, Object(Config\Cache), false)
 8 FCPATH\index.php(67): CodeIgniter\CodeIgniter->run()
 9 SYSTEMPATH\Commands\Server\rewrite.php(43): require_once('FCPATH\\index.php')
CRITICAL - 2025-02-11 09:55:16 --> You must set the database table to be used with your query.
in SYSTEMPATH\Database\BaseConnection.php on line 872.
 1 SYSTEMPATH\Model.php(586): CodeIgniter\Database\BaseConnection->table(null)
 2 SYSTEMPATH\Model.php(763): CodeIgniter\Model->builder()
 3 APPPATH\Models\ModelPart.php(11): CodeIgniter\Model->__call('table', [...])
 4 APPPATH\Controllers\Part.php(26): App\Models\ModelPart->AllData()
 5 SYSTEMPATH\CodeIgniter.php(898): App\Controllers\Part->index()
 6 SYSTEMPATH\CodeIgniter.php(457): CodeIgniter\CodeIgniter->runController(Object(App\Controllers\Part))
 7 SYSTEMPATH\CodeIgniter.php(340): CodeIgniter\CodeIgniter->handleRequest(null, Object(Config\Cache), false)
 8 FCPATH\index.php(67): CodeIgniter\CodeIgniter->run()
 9 SYSTEMPATH\Commands\Server\rewrite.php(43): require_once('FCPATH\\index.php')
CRITICAL - 2025-02-11 20:41:59 --> Undefined variable $subjudul
in APPPATH\Views\part\tambahpart.php on line 4.
 1 APPPATH\Views\part\tambahpart.php(4): CodeIgniter\Debug\Exceptions->errorHandler(2, 'Undefined variable $subjudul', 'APPPATH\\Views\\part\\tambahpart.php', 4)
 2 SYSTEMPATH\View\View.php(213): include('APPPATH\\Views\\part\\tambahpart.php')
 3 SYSTEMPATH\View\View.php(216): CodeIgniter\View\View->CodeIgniter\View\{closure}()
 4 SYSTEMPATH\Common.php(1137): CodeIgniter\View\View->render('part/tambahpart', [], true)
 5 APPPATH\Controllers\Part.php(36): view('part/tambahpart')
 6 SYSTEMPATH\CodeIgniter.php(898): App\Controllers\Part->InsertData()
 7 SYSTEMPATH\CodeIgniter.php(457): CodeIgniter\CodeIgniter->runController(Object(App\Controllers\Part))
 8 SYSTEMPATH\CodeIgniter.php(340): CodeIgniter\CodeIgniter->handleRequest(null, Object(Config\Cache), false)
 9 FCPATH\index.php(67): CodeIgniter\CodeIgniter->run()
10 SYSTEMPATH\Commands\Server\rewrite.php(43): require_once('FCPATH\\index.php')
CRITICAL - 2025-02-11 20:46:52 --> Invalid file: part/tambahpart.php
in SYSTEMPATH\Exceptions\FrameworkException.php on line 33.
 1 SYSTEMPATH\View\View.php(201): CodeIgniter\Exceptions\FrameworkException::forInvalidFile('part/tambahpart.php')
 2 SYSTEMPATH\Common.php(1137): CodeIgniter\View\View->render('part/tambahpart', [], true)
 3 APPPATH\Controllers\Part.php(36): view('part/tambahpart')
 4 SYSTEMPATH\CodeIgniter.php(898): App\Controllers\Part->InsertData()
 5 SYSTEMPATH\CodeIgniter.php(457): CodeIgniter\CodeIgniter->runController(Object(App\Controllers\Part))
 6 SYSTEMPATH\CodeIgniter.php(340): CodeIgniter\CodeIgniter->handleRequest(null, Object(Config\Cache), false)
 7 FCPATH\index.php(67): CodeIgniter\CodeIgniter->run()
 8 SYSTEMPATH\Commands\Server\rewrite.php(43): require_once('FCPATH\\index.php')
CRITICAL - 2025-02-11 20:46:59 --> Invalid file: part/tambahpart.php
in SYSTEMPATH\Exceptions\FrameworkException.php on line 33.
 1 SYSTEMPATH\View\View.php(201): CodeIgniter\Exceptions\FrameworkException::forInvalidFile('part/tambahpart.php')
 2 SYSTEMPATH\Common.php(1137): CodeIgniter\View\View->render('part/tambahpart', [], true)
 3 APPPATH\Controllers\Part.php(36): view('part/tambahpart')
 4 SYSTEMPATH\CodeIgniter.php(898): App\Controllers\Part->InsertData()
 5 SYSTEMPATH\CodeIgniter.php(457): CodeIgniter\CodeIgniter->runController(Object(App\Controllers\Part))
 6 SYSTEMPATH\CodeIgniter.php(340): CodeIgniter\CodeIgniter->handleRequest(null, Object(Config\Cache), false)
 7 FCPATH\index.php(67): CodeIgniter\CodeIgniter->run()
 8 SYSTEMPATH\Commands\Server\rewrite.php(43): require_once('FCPATH\\index.php')
CRITICAL - 2025-02-11 20:56:55 --> Undefined array key "kode_satuan"
in APPPATH\Views\v_satuan.php on line 41.
 1 APPPATH\Views\v_satuan.php(41): CodeIgniter\Debug\Exceptions->errorHandler(2, 'Undefined array key "kode_satuan"', 'APPPATH\\Views\\v_satuan.php', 41)
 2 SYSTEMPATH\View\View.php(213): include('APPPATH\\Views\\v_satuan.php')
 3 SYSTEMPATH\View\View.php(216): CodeIgniter\View\View->CodeIgniter\View\{closure}()
 4 SYSTEMPATH\Common.php(1137): CodeIgniter\View\View->render('v_satuan', [], true)
 5 APPPATH\Views\v_template.php(198): view('v_satuan')
 6 SYSTEMPATH\View\View.php(213): include('APPPATH\\Views\\v_template.php')
 7 SYSTEMPATH\View\View.php(216): CodeIgniter\View\View->CodeIgniter\View\{closure}()
 8 SYSTEMPATH\Common.php(1137): CodeIgniter\View\View->render('v_template', [], true)
 9 APPPATH\Controllers\Satuan.php(25): view('v_template', [...])
10 SYSTEMPATH\CodeIgniter.php(898): App\Controllers\Satuan->index()
11 SYSTEMPATH\CodeIgniter.php(457): CodeIgniter\CodeIgniter->runController(Object(App\Controllers\Satuan))
12 SYSTEMPATH\CodeIgniter.php(340): CodeIgniter\CodeIgniter->handleRequest(null, Object(Config\Cache), false)
13 FCPATH\index.php(67): CodeIgniter\CodeIgniter->run()
14 SYSTEMPATH\Commands\Server\rewrite.php(43): require_once('FCPATH\\index.php')
