ERROR - 2025-02-16 01:33:42 --> Error connecting to the database: mysqli_sql_exception: No connection could be made because the target machine actively refused it in C:\xampp\htdocs\posbengkel\system\Database\MySQLi\Connection.php:170
Stack trace:
#0 C:\xampp\htdocs\posbengkel\system\Database\MySQLi\Connection.php(170): mysqli->real_connect('localhost', 'root', Object(SensitiveParameterValue), 'posbengkel', 3306, '', 0)
#1 C:\xampp\htdocs\posbengkel\system\Database\BaseConnection.php(382): CodeIgniter\Database\MySQLi\Connection->connect(false)
#2 C:\xampp\htdocs\posbengkel\system\Database\BaseConnection.php(588): CodeIgniter\Database\BaseConnection->initialize()
#3 C:\xampp\htdocs\posbengkel\system\Database\BaseBuilder.php(1585): CodeIgniter\Database\BaseConnection->query('SELECT *\nFROM `...', Array, false)
#4 C:\xampp\htdocs\posbengkel\app\Models\ModelPart.php(23): CodeIgniter\Database\BaseBuilder->get()
#5 C:\xampp\htdocs\posbengkel\app\Controllers\Part.php(32): App\Models\ModelPart->AllData()
#6 C:\xampp\htdocs\posbengkel\system\CodeIgniter.php(898): App\Controllers\Part->index()
#7 C:\xampp\htdocs\posbengkel\system\CodeIgniter.php(457): CodeIgniter\CodeIgniter->runController(Object(App\Controllers\Part))
#8 C:\xampp\htdocs\posbengkel\system\CodeIgniter.php(340): CodeIgniter\CodeIgniter->handleRequest(NULL, Object(Config\Cache), false)
#9 C:\xampp\htdocs\posbengkel\public\index.php(67): CodeIgniter\CodeIgniter->run()
#10 C:\xampp\htdocs\posbengkel\system\Commands\Server\rewrite.php(43): require_once('C:\\xampp\\htdocs...')
#11 {main}

Next CodeIgniter\Database\Exceptions\DatabaseException: No connection could be made because the target machine actively refused it in C:\xampp\htdocs\posbengkel\system\Database\MySQLi\Connection.php:215
Stack trace:
#0 C:\xampp\htdocs\posbengkel\system\Database\BaseConnection.php(382): CodeIgniter\Database\MySQLi\Connection->connect(false)
#1 C:\xampp\htdocs\posbengkel\system\Database\BaseConnection.php(588): CodeIgniter\Database\BaseConnection->initialize()
#2 C:\xampp\htdocs\posbengkel\system\Database\BaseBuilder.php(1585): CodeIgniter\Database\BaseConnection->query('SELECT *\nFROM `...', Array, false)
#3 C:\xampp\htdocs\posbengkel\app\Models\ModelPart.php(23): CodeIgniter\Database\BaseBuilder->get()
#4 C:\xampp\htdocs\posbengkel\app\Controllers\Part.php(32): App\Models\ModelPart->AllData()
#5 C:\xampp\htdocs\posbengkel\system\CodeIgniter.php(898): App\Controllers\Part->index()
#6 C:\xampp\htdocs\posbengkel\system\CodeIgniter.php(457): CodeIgniter\CodeIgniter->runController(Object(App\Controllers\Part))
#7 C:\xampp\htdocs\posbengkel\system\CodeIgniter.php(340): CodeIgniter\CodeIgniter->handleRequest(NULL, Object(Config\Cache), false)
#8 C:\xampp\htdocs\posbengkel\public\index.php(67): CodeIgniter\CodeIgniter->run()
#9 C:\xampp\htdocs\posbengkel\system\Commands\Server\rewrite.php(43): require_once('C:\\xampp\\htdocs...')
#10 {main}
CRITICAL - 2025-02-16 01:33:42 --> Unable to connect to the database.
Main connection [MySQLi]: No connection could be made because the target machine actively refused it
in SYSTEMPATH\Database\BaseConnection.php on line 418.
 1 SYSTEMPATH\Database\BaseConnection.php(588): CodeIgniter\Database\BaseConnection->initialize()
 2 SYSTEMPATH\Database\BaseBuilder.php(1585): CodeIgniter\Database\BaseConnection->query('SELECT *
FROM `part`
JOIN `kategori` ON `id_kategori_part`=`id_kategori`
JOIN `satuan` ON `id_satuan_part`=`id_satuan`', [], false)
 3 APPPATH\Models\ModelPart.php(23): CodeIgniter\Database\BaseBuilder->get()
 4 APPPATH\Controllers\Part.php(32): App\Models\ModelPart->AllData()
 5 SYSTEMPATH\CodeIgniter.php(898): App\Controllers\Part->index()
 6 SYSTEMPATH\CodeIgniter.php(457): CodeIgniter\CodeIgniter->runController(Object(App\Controllers\Part))
 7 SYSTEMPATH\CodeIgniter.php(340): CodeIgniter\CodeIgniter->handleRequest(null, Object(Config\Cache), false)
 8 FCPATH\index.php(67): CodeIgniter\CodeIgniter->run()
 9 SYSTEMPATH\Commands\Server\rewrite.php(43): require_once('FCPATH\\index.php')
ERROR - 2025-02-16 08:18:45 --> mysqli_sql_exception: Can't create table `posbengkel`.`transaksi_masuk` (errno: 150 "Foreign key constraint is incorrectly formed") in C:\xampp\htdocs\posbengkel\system\Database\MySQLi\Connection.php:292
Stack trace:
#0 C:\xampp\htdocs\posbengkel\system\Database\MySQLi\Connection.php(292): mysqli->query('CREATE TABLE `t...', 0)
#1 C:\xampp\htdocs\posbengkel\system\Database\BaseConnection.php(693): CodeIgniter\Database\MySQLi\Connection->execute('CREATE TABLE `t...')
#2 C:\xampp\htdocs\posbengkel\system\Database\BaseConnection.php(620): CodeIgniter\Database\BaseConnection->simpleQuery('CREATE TABLE `t...')
#3 C:\xampp\htdocs\posbengkel\system\Database\Forge.php(509): CodeIgniter\Database\BaseConnection->query('CREATE TABLE `t...')
#4 C:\xampp\htdocs\posbengkel\app\Database\Migrations\2025-02-16-140221_TransaksiMasuk.php(53): CodeIgniter\Database\Forge->createTable('transaksi_masuk')
#5 C:\xampp\htdocs\posbengkel\system\Database\MigrationRunner.php(868): App\Database\Migrations\TransaksiMasuk->up()
#6 C:\xampp\htdocs\posbengkel\system\Database\MigrationRunner.php(187): CodeIgniter\Database\MigrationRunner->migrate('up', Object(stdClass))
#7 C:\xampp\htdocs\posbengkel\system\Commands\Database\Migrate.php(84): CodeIgniter\Database\MigrationRunner->latest(NULL)
#8 C:\xampp\htdocs\posbengkel\system\CLI\Commands.php(63): CodeIgniter\Commands\Database\Migrate->run(Array)
#9 C:\xampp\htdocs\posbengkel\system\CLI\CommandRunner.php(65): CodeIgniter\CLI\Commands->run('migrate', Array)
#10 C:\xampp\htdocs\posbengkel\system\CLI\CommandRunner.php(51): CodeIgniter\CLI\CommandRunner->index(Array)
#11 C:\xampp\htdocs\posbengkel\system\CodeIgniter.php(891): CodeIgniter\CLI\CommandRunner->_remap('index', Array)
#12 C:\xampp\htdocs\posbengkel\system\CodeIgniter.php(457): CodeIgniter\CodeIgniter->runController(Object(CodeIgniter\CLI\CommandRunner))
#13 C:\xampp\htdocs\posbengkel\system\CodeIgniter.php(336): CodeIgniter\CodeIgniter->handleRequest(NULL, Object(Config\Cache), false)
#14 C:\xampp\htdocs\posbengkel\system\CLI\Console.php(48): CodeIgniter\CodeIgniter->run()
#15 C:\xampp\htdocs\posbengkel\spark(98): CodeIgniter\CLI\Console->run()
#16 {main}
ERROR - 2025-02-16 08:21:10 --> mysqli_sql_exception: Can't create table `posbengkel`.`transaksi_masuk` (errno: 150 "Foreign key constraint is incorrectly formed") in C:\xampp\htdocs\posbengkel\system\Database\MySQLi\Connection.php:292
Stack trace:
#0 C:\xampp\htdocs\posbengkel\system\Database\MySQLi\Connection.php(292): mysqli->query('CREATE TABLE `t...', 0)
#1 C:\xampp\htdocs\posbengkel\system\Database\BaseConnection.php(693): CodeIgniter\Database\MySQLi\Connection->execute('CREATE TABLE `t...')
#2 C:\xampp\htdocs\posbengkel\system\Database\BaseConnection.php(620): CodeIgniter\Database\BaseConnection->simpleQuery('CREATE TABLE `t...')
#3 C:\xampp\htdocs\posbengkel\system\Database\Forge.php(509): CodeIgniter\Database\BaseConnection->query('CREATE TABLE `t...')
#4 C:\xampp\htdocs\posbengkel\app\Database\Migrations\2025-02-16-140221_TransaksiMasuk.php(53): CodeIgniter\Database\Forge->createTable('transaksi_masuk')
#5 C:\xampp\htdocs\posbengkel\system\Database\MigrationRunner.php(868): App\Database\Migrations\TransaksiMasuk->up()
#6 C:\xampp\htdocs\posbengkel\system\Database\MigrationRunner.php(187): CodeIgniter\Database\MigrationRunner->migrate('up', Object(stdClass))
#7 C:\xampp\htdocs\posbengkel\system\Commands\Database\Migrate.php(84): CodeIgniter\Database\MigrationRunner->latest(NULL)
#8 C:\xampp\htdocs\posbengkel\system\CLI\Commands.php(63): CodeIgniter\Commands\Database\Migrate->run(Array)
#9 C:\xampp\htdocs\posbengkel\system\CLI\CommandRunner.php(65): CodeIgniter\CLI\Commands->run('migrate', Array)
#10 C:\xampp\htdocs\posbengkel\system\CLI\CommandRunner.php(51): CodeIgniter\CLI\CommandRunner->index(Array)
#11 C:\xampp\htdocs\posbengkel\system\CodeIgniter.php(891): CodeIgniter\CLI\CommandRunner->_remap('index', Array)
#12 C:\xampp\htdocs\posbengkel\system\CodeIgniter.php(457): CodeIgniter\CodeIgniter->runController(Object(CodeIgniter\CLI\CommandRunner))
#13 C:\xampp\htdocs\posbengkel\system\CodeIgniter.php(336): CodeIgniter\CodeIgniter->handleRequest(NULL, Object(Config\Cache), false)
#14 C:\xampp\htdocs\posbengkel\system\CLI\Console.php(48): CodeIgniter\CodeIgniter->run()
#15 C:\xampp\htdocs\posbengkel\spark(98): CodeIgniter\CLI\Console->run()
#16 {main}
ERROR - 2025-02-16 08:23:50 --> mysqli_sql_exception: Can't create table `posbengkel`.`transaksi_masuk` (errno: 150 "Foreign key constraint is incorrectly formed") in C:\xampp\htdocs\posbengkel\system\Database\MySQLi\Connection.php:292
Stack trace:
#0 C:\xampp\htdocs\posbengkel\system\Database\MySQLi\Connection.php(292): mysqli->query('CREATE TABLE `t...', 0)
#1 C:\xampp\htdocs\posbengkel\system\Database\BaseConnection.php(693): CodeIgniter\Database\MySQLi\Connection->execute('CREATE TABLE `t...')
#2 C:\xampp\htdocs\posbengkel\system\Database\BaseConnection.php(620): CodeIgniter\Database\BaseConnection->simpleQuery('CREATE TABLE `t...')
#3 C:\xampp\htdocs\posbengkel\system\Database\Forge.php(509): CodeIgniter\Database\BaseConnection->query('CREATE TABLE `t...')
#4 C:\xampp\htdocs\posbengkel\app\Database\Migrations\2025-02-16-140221_TransaksiMasuk.php(53): CodeIgniter\Database\Forge->createTable('transaksi_masuk')
#5 C:\xampp\htdocs\posbengkel\system\Database\MigrationRunner.php(868): App\Database\Migrations\TransaksiMasuk->up()
#6 C:\xampp\htdocs\posbengkel\system\Database\MigrationRunner.php(187): CodeIgniter\Database\MigrationRunner->migrate('up', Object(stdClass))
#7 C:\xampp\htdocs\posbengkel\system\Commands\Database\Migrate.php(84): CodeIgniter\Database\MigrationRunner->latest(NULL)
#8 C:\xampp\htdocs\posbengkel\system\CLI\Commands.php(63): CodeIgniter\Commands\Database\Migrate->run(Array)
#9 C:\xampp\htdocs\posbengkel\system\CLI\CommandRunner.php(65): CodeIgniter\CLI\Commands->run('migrate', Array)
#10 C:\xampp\htdocs\posbengkel\system\CLI\CommandRunner.php(51): CodeIgniter\CLI\CommandRunner->index(Array)
#11 C:\xampp\htdocs\posbengkel\system\CodeIgniter.php(891): CodeIgniter\CLI\CommandRunner->_remap('index', Array)
#12 C:\xampp\htdocs\posbengkel\system\CodeIgniter.php(457): CodeIgniter\CodeIgniter->runController(Object(CodeIgniter\CLI\CommandRunner))
#13 C:\xampp\htdocs\posbengkel\system\CodeIgniter.php(336): CodeIgniter\CodeIgniter->handleRequest(NULL, Object(Config\Cache), false)
#14 C:\xampp\htdocs\posbengkel\system\CLI\Console.php(48): CodeIgniter\CodeIgniter->run()
#15 C:\xampp\htdocs\posbengkel\spark(98): CodeIgniter\CLI\Console->run()
#16 {main}
ERROR - 2025-02-16 08:25:26 --> mysqli_sql_exception: Can't create table `posbengkel`.`transaksi_masuk` (errno: 150 "Foreign key constraint is incorrectly formed") in C:\xampp\htdocs\posbengkel\system\Database\MySQLi\Connection.php:292
Stack trace:
#0 C:\xampp\htdocs\posbengkel\system\Database\MySQLi\Connection.php(292): mysqli->query('CREATE TABLE `t...', 0)
#1 C:\xampp\htdocs\posbengkel\system\Database\BaseConnection.php(693): CodeIgniter\Database\MySQLi\Connection->execute('CREATE TABLE `t...')
#2 C:\xampp\htdocs\posbengkel\system\Database\BaseConnection.php(620): CodeIgniter\Database\BaseConnection->simpleQuery('CREATE TABLE `t...')
#3 C:\xampp\htdocs\posbengkel\system\Database\Forge.php(509): CodeIgniter\Database\BaseConnection->query('CREATE TABLE `t...')
#4 C:\xampp\htdocs\posbengkel\app\Database\Migrations\2025-02-16-140221_TransaksiMasuk.php(53): CodeIgniter\Database\Forge->createTable('transaksi_masuk')
#5 C:\xampp\htdocs\posbengkel\system\Database\MigrationRunner.php(868): App\Database\Migrations\TransaksiMasuk->up()
#6 C:\xampp\htdocs\posbengkel\system\Database\MigrationRunner.php(187): CodeIgniter\Database\MigrationRunner->migrate('up', Object(stdClass))
#7 C:\xampp\htdocs\posbengkel\system\Commands\Database\Migrate.php(84): CodeIgniter\Database\MigrationRunner->latest(NULL)
#8 C:\xampp\htdocs\posbengkel\system\CLI\Commands.php(63): CodeIgniter\Commands\Database\Migrate->run(Array)
#9 C:\xampp\htdocs\posbengkel\system\CLI\CommandRunner.php(65): CodeIgniter\CLI\Commands->run('migrate', Array)
#10 C:\xampp\htdocs\posbengkel\system\CLI\CommandRunner.php(51): CodeIgniter\CLI\CommandRunner->index(Array)
#11 C:\xampp\htdocs\posbengkel\system\CodeIgniter.php(891): CodeIgniter\CLI\CommandRunner->_remap('index', Array)
#12 C:\xampp\htdocs\posbengkel\system\CodeIgniter.php(457): CodeIgniter\CodeIgniter->runController(Object(CodeIgniter\CLI\CommandRunner))
#13 C:\xampp\htdocs\posbengkel\system\CodeIgniter.php(336): CodeIgniter\CodeIgniter->handleRequest(NULL, Object(Config\Cache), false)
#14 C:\xampp\htdocs\posbengkel\system\CLI\Console.php(48): CodeIgniter\CodeIgniter->run()
#15 C:\xampp\htdocs\posbengkel\spark(98): CodeIgniter\CLI\Console->run()
#16 {main}
ERROR - 2025-02-16 08:26:06 --> mysqli_sql_exception: Can't create table `posbengkel`.`transaksi_masuk` (errno: 150 "Foreign key constraint is incorrectly formed") in C:\xampp\htdocs\posbengkel\system\Database\MySQLi\Connection.php:292
Stack trace:
#0 C:\xampp\htdocs\posbengkel\system\Database\MySQLi\Connection.php(292): mysqli->query('CREATE TABLE `t...', 0)
#1 C:\xampp\htdocs\posbengkel\system\Database\BaseConnection.php(693): CodeIgniter\Database\MySQLi\Connection->execute('CREATE TABLE `t...')
#2 C:\xampp\htdocs\posbengkel\system\Database\BaseConnection.php(620): CodeIgniter\Database\BaseConnection->simpleQuery('CREATE TABLE `t...')
#3 C:\xampp\htdocs\posbengkel\system\Database\Forge.php(509): CodeIgniter\Database\BaseConnection->query('CREATE TABLE `t...')
#4 C:\xampp\htdocs\posbengkel\app\Database\Migrations\2025-02-16-140221_TransaksiMasuk.php(53): CodeIgniter\Database\Forge->createTable('transaksi_masuk')
#5 C:\xampp\htdocs\posbengkel\system\Database\MigrationRunner.php(868): App\Database\Migrations\TransaksiMasuk->up()
#6 C:\xampp\htdocs\posbengkel\system\Database\MigrationRunner.php(187): CodeIgniter\Database\MigrationRunner->migrate('up', Object(stdClass))
#7 C:\xampp\htdocs\posbengkel\system\Commands\Database\Migrate.php(84): CodeIgniter\Database\MigrationRunner->latest(NULL)
#8 C:\xampp\htdocs\posbengkel\system\CLI\Commands.php(63): CodeIgniter\Commands\Database\Migrate->run(Array)
#9 C:\xampp\htdocs\posbengkel\system\CLI\CommandRunner.php(65): CodeIgniter\CLI\Commands->run('migrate', Array)
#10 C:\xampp\htdocs\posbengkel\system\CLI\CommandRunner.php(51): CodeIgniter\CLI\CommandRunner->index(Array)
#11 C:\xampp\htdocs\posbengkel\system\CodeIgniter.php(891): CodeIgniter\CLI\CommandRunner->_remap('index', Array)
#12 C:\xampp\htdocs\posbengkel\system\CodeIgniter.php(457): CodeIgniter\CodeIgniter->runController(Object(CodeIgniter\CLI\CommandRunner))
#13 C:\xampp\htdocs\posbengkel\system\CodeIgniter.php(336): CodeIgniter\CodeIgniter->handleRequest(NULL, Object(Config\Cache), false)
#14 C:\xampp\htdocs\posbengkel\system\CLI\Console.php(48): CodeIgniter\CodeIgniter->run()
#15 C:\xampp\htdocs\posbengkel\spark(98): CodeIgniter\CLI\Console->run()
#16 {main}
ERROR - 2025-02-16 08:27:40 --> mysqli_sql_exception: Can't create table `posbengkel`.`transaksi_masuk` (errno: 150 "Foreign key constraint is incorrectly formed") in C:\xampp\htdocs\posbengkel\system\Database\MySQLi\Connection.php:292
Stack trace:
#0 C:\xampp\htdocs\posbengkel\system\Database\MySQLi\Connection.php(292): mysqli->query('CREATE TABLE `t...', 0)
#1 C:\xampp\htdocs\posbengkel\system\Database\BaseConnection.php(693): CodeIgniter\Database\MySQLi\Connection->execute('CREATE TABLE `t...')
#2 C:\xampp\htdocs\posbengkel\system\Database\BaseConnection.php(620): CodeIgniter\Database\BaseConnection->simpleQuery('CREATE TABLE `t...')
#3 C:\xampp\htdocs\posbengkel\system\Database\Forge.php(509): CodeIgniter\Database\BaseConnection->query('CREATE TABLE `t...')
#4 C:\xampp\htdocs\posbengkel\app\Database\Migrations\2025-02-16-140221_TransaksiMasuk.php(53): CodeIgniter\Database\Forge->createTable('transaksi_masuk')
#5 C:\xampp\htdocs\posbengkel\system\Database\MigrationRunner.php(868): App\Database\Migrations\TransaksiMasuk->up()
#6 C:\xampp\htdocs\posbengkel\system\Database\MigrationRunner.php(187): CodeIgniter\Database\MigrationRunner->migrate('up', Object(stdClass))
#7 C:\xampp\htdocs\posbengkel\system\Commands\Database\Migrate.php(84): CodeIgniter\Database\MigrationRunner->latest(NULL)
#8 C:\xampp\htdocs\posbengkel\system\CLI\Commands.php(63): CodeIgniter\Commands\Database\Migrate->run(Array)
#9 C:\xampp\htdocs\posbengkel\system\CLI\CommandRunner.php(65): CodeIgniter\CLI\Commands->run('migrate', Array)
#10 C:\xampp\htdocs\posbengkel\system\CLI\CommandRunner.php(51): CodeIgniter\CLI\CommandRunner->index(Array)
#11 C:\xampp\htdocs\posbengkel\system\CodeIgniter.php(891): CodeIgniter\CLI\CommandRunner->_remap('index', Array)
#12 C:\xampp\htdocs\posbengkel\system\CodeIgniter.php(457): CodeIgniter\CodeIgniter->runController(Object(CodeIgniter\CLI\CommandRunner))
#13 C:\xampp\htdocs\posbengkel\system\CodeIgniter.php(336): CodeIgniter\CodeIgniter->handleRequest(NULL, Object(Config\Cache), false)
#14 C:\xampp\htdocs\posbengkel\system\CLI\Console.php(48): CodeIgniter\CodeIgniter->run()
#15 C:\xampp\htdocs\posbengkel\spark(98): CodeIgniter\CLI\Console->run()
#16 {main}
