CRITICAL - 2025-03-16 13:28:43 --> Too few arguments to function App\Controllers\Part::DeleteData(), 0 passed in C:\xampp\htdocs\posbengkel\system\CodeIgniter.php on line 898 and exactly 1 expected
in APPPATH\Controllers\Part.php on line 97.
 1 SYSTEMPATH\CodeIgniter.php(898): App\Controllers\Part->DeleteData()
 2 SYSTEMPATH\CodeIgniter.php(457): CodeIgniter\CodeIgniter->runController(Object(App\Controllers\Part))
 3 SYSTEMPATH\CodeIgniter.php(340): CodeIgniter\CodeIgniter->handleRequest(null, Object(Config\Cache), false)
 4 FCPATH\index.php(67): CodeIgniter\CodeIgniter->run()
 5 SYSTEMPATH\Commands\Server\rewrite.php(43): require_once('FCPATH\\index.php')
CRITICAL - 2025-03-16 13:29:49 --> Too few arguments to function App\Controllers\Part::DeleteData(), 0 passed in C:\xampp\htdocs\posbengkel\system\CodeIgniter.php on line 898 and exactly 1 expected
in APPPATH\Controllers\Part.php on line 97.
 1 SYSTEMPATH\CodeIgniter.php(898): App\Controllers\Part->DeleteData()
 2 SYSTEMPATH\CodeIgniter.php(457): CodeIgniter\CodeIgniter->runController(Object(App\Controllers\Part))
 3 SYSTEMPATH\CodeIgniter.php(340): CodeIgniter\CodeIgniter->handleRequest(null, Object(Config\Cache), false)
 4 FCPATH\index.php(67): CodeIgniter\CodeIgniter->run()
 5 SYSTEMPATH\Commands\Server\rewrite.php(43): require_once('FCPATH\\index.php')
CRITICAL - 2025-03-16 14:04:04 --> Undefined array key "nama_kategori"
in APPPATH\Views\part\v_part.php on line 94.
 1 APPPATH\Views\part\v_part.php(94): CodeIgniter\Debug\Exceptions->errorHandler(2, 'Undefined array key "nama_kategori"', 'APPPATH\\Views\\part\\v_part.php', 94)
 2 SYSTEMPATH\View\View.php(213): include('APPPATH\\Views\\part\\v_part.php')
 3 SYSTEMPATH\View\View.php(216): CodeIgniter\View\View->CodeIgniter\View\{closure}()
 4 SYSTEMPATH\Common.php(1137): CodeIgniter\View\View->render('part/v_part', [], true)
 5 APPPATH\Views\v_template.php(214): view('part/v_part')
 6 SYSTEMPATH\View\View.php(213): include('APPPATH\\Views\\v_template.php')
 7 SYSTEMPATH\View\View.php(216): CodeIgniter\View\View->CodeIgniter\View\{closure}()
 8 SYSTEMPATH\Common.php(1137): CodeIgniter\View\View->render('v_template', [], true)
 9 APPPATH\Controllers\Part.php(55): view('v_template', [...])
10 SYSTEMPATH\CodeIgniter.php(898): App\Controllers\Part->index()
11 SYSTEMPATH\CodeIgniter.php(457): CodeIgniter\CodeIgniter->runController(Object(App\Controllers\Part))
12 SYSTEMPATH\CodeIgniter.php(340): CodeIgniter\CodeIgniter->handleRequest(null, Object(Config\Cache), false)
13 FCPATH\index.php(67): CodeIgniter\CodeIgniter->run()
14 SYSTEMPATH\Commands\Server\rewrite.php(43): require_once('FCPATH\\index.php')
CRITICAL - 2025-03-16 14:05:13 --> Call to a member function getResultArray() on array
in APPPATH\Views\part\v_part.php on line 146.
 1 SYSTEMPATH\View\View.php(213): include()
 2 SYSTEMPATH\View\View.php(216): CodeIgniter\View\View->CodeIgniter\View\{closure}()
 3 SYSTEMPATH\Common.php(1137): CodeIgniter\View\View->render('part/v_part', [], true)
 4 APPPATH\Views\v_template.php(214): view('part/v_part')
 5 SYSTEMPATH\View\View.php(213): include('APPPATH\\Views\\v_template.php')
 6 SYSTEMPATH\View\View.php(216): CodeIgniter\View\View->CodeIgniter\View\{closure}()
 7 SYSTEMPATH\Common.php(1137): CodeIgniter\View\View->render('v_template', [], true)
 8 APPPATH\Controllers\Part.php(55): view('v_template', [...])
 9 SYSTEMPATH\CodeIgniter.php(898): App\Controllers\Part->index()
10 SYSTEMPATH\CodeIgniter.php(457): CodeIgniter\CodeIgniter->runController(Object(App\Controllers\Part))
11 SYSTEMPATH\CodeIgniter.php(340): CodeIgniter\CodeIgniter->handleRequest(null, Object(Config\Cache), false)
12 FCPATH\index.php(67): CodeIgniter\CodeIgniter->run()
13 SYSTEMPATH\Commands\Server\rewrite.php(43): require_once('FCPATH\\index.php')
CRITICAL - 2025-03-16 14:05:21 --> Undefined array key "nama_kategori"
in APPPATH\Views\part\v_part.php on line 169.
 1 APPPATH\Views\part\v_part.php(169): CodeIgniter\Debug\Exceptions->errorHandler(2, 'Undefined array key "nama_kategori"', 'APPPATH\\Views\\part\\v_part.php', 169)
 2 SYSTEMPATH\View\View.php(213): include('APPPATH\\Views\\part\\v_part.php')
 3 SYSTEMPATH\View\View.php(216): CodeIgniter\View\View->CodeIgniter\View\{closure}()
 4 SYSTEMPATH\Common.php(1137): CodeIgniter\View\View->render('part/v_part', [], true)
 5 APPPATH\Views\v_template.php(214): view('part/v_part')
 6 SYSTEMPATH\View\View.php(213): include('APPPATH\\Views\\v_template.php')
 7 SYSTEMPATH\View\View.php(216): CodeIgniter\View\View->CodeIgniter\View\{closure}()
 8 SYSTEMPATH\Common.php(1137): CodeIgniter\View\View->render('v_template', [], true)
 9 APPPATH\Controllers\Part.php(55): view('v_template', [...])
10 SYSTEMPATH\CodeIgniter.php(898): App\Controllers\Part->index()
11 SYSTEMPATH\CodeIgniter.php(457): CodeIgniter\CodeIgniter->runController(Object(App\Controllers\Part))
12 SYSTEMPATH\CodeIgniter.php(340): CodeIgniter\CodeIgniter->handleRequest(null, Object(Config\Cache), false)
13 FCPATH\index.php(67): CodeIgniter\CodeIgniter->run()
14 SYSTEMPATH\Commands\Server\rewrite.php(43): require_once('FCPATH\\index.php')
CRITICAL - 2025-03-16 14:05:27 --> Undefined array key "nama_kategori"
in APPPATH\Views\part\v_part.php on line 169.
 1 APPPATH\Views\part\v_part.php(169): CodeIgniter\Debug\Exceptions->errorHandler(2, 'Undefined array key "nama_kategori"', 'APPPATH\\Views\\part\\v_part.php', 169)
 2 SYSTEMPATH\View\View.php(213): include('APPPATH\\Views\\part\\v_part.php')
 3 SYSTEMPATH\View\View.php(216): CodeIgniter\View\View->CodeIgniter\View\{closure}()
 4 SYSTEMPATH\Common.php(1137): CodeIgniter\View\View->render('part/v_part', [], true)
 5 APPPATH\Views\v_template.php(214): view('part/v_part')
 6 SYSTEMPATH\View\View.php(213): include('APPPATH\\Views\\v_template.php')
 7 SYSTEMPATH\View\View.php(216): CodeIgniter\View\View->CodeIgniter\View\{closure}()
 8 SYSTEMPATH\Common.php(1137): CodeIgniter\View\View->render('v_template', [], true)
 9 APPPATH\Controllers\Part.php(55): view('v_template', [...])
10 SYSTEMPATH\CodeIgniter.php(898): App\Controllers\Part->index()
11 SYSTEMPATH\CodeIgniter.php(457): CodeIgniter\CodeIgniter->runController(Object(App\Controllers\Part))
12 SYSTEMPATH\CodeIgniter.php(340): CodeIgniter\CodeIgniter->handleRequest(null, Object(Config\Cache), false)
13 FCPATH\index.php(67): CodeIgniter\CodeIgniter->run()
14 SYSTEMPATH\Commands\Server\rewrite.php(43): require_once('FCPATH\\index.php')
CRITICAL - 2025-03-16 22:30:14 --> Undefined array key "nama_kategori"
in APPPATH\Views\part\v_part.php on line 169.
 1 APPPATH\Views\part\v_part.php(169): CodeIgniter\Debug\Exceptions->errorHandler(2, 'Undefined array key "nama_kategori"', 'APPPATH\\Views\\part\\v_part.php', 169)
 2 SYSTEMPATH\View\View.php(213): include('APPPATH\\Views\\part\\v_part.php')
 3 SYSTEMPATH\View\View.php(216): CodeIgniter\View\View->CodeIgniter\View\{closure}()
 4 SYSTEMPATH\Common.php(1137): CodeIgniter\View\View->render('part/v_part', [], true)
 5 APPPATH\Views\v_template.php(214): view('part/v_part')
 6 SYSTEMPATH\View\View.php(213): include('APPPATH\\Views\\v_template.php')
 7 SYSTEMPATH\View\View.php(216): CodeIgniter\View\View->CodeIgniter\View\{closure}()
 8 SYSTEMPATH\Common.php(1137): CodeIgniter\View\View->render('v_template', [], true)
 9 APPPATH\Controllers\Part.php(55): view('v_template', [...])
10 SYSTEMPATH\CodeIgniter.php(898): App\Controllers\Part->index()
11 SYSTEMPATH\CodeIgniter.php(457): CodeIgniter\CodeIgniter->runController(Object(App\Controllers\Part))
12 SYSTEMPATH\CodeIgniter.php(340): CodeIgniter\CodeIgniter->handleRequest(null, Object(Config\Cache), false)
13 FCPATH\index.php(67): CodeIgniter\CodeIgniter->run()
14 SYSTEMPATH\Commands\Server\rewrite.php(43): require_once('FCPATH\\index.php')
CRITICAL - 2025-03-16 22:38:16 --> Undefined array key "nama_kategori"
in APPPATH\Views\part\v_part.php on line 169.
 1 APPPATH\Views\part\v_part.php(169): CodeIgniter\Debug\Exceptions->errorHandler(2, 'Undefined array key "nama_kategori"', 'APPPATH\\Views\\part\\v_part.php', 169)
 2 SYSTEMPATH\View\View.php(213): include('APPPATH\\Views\\part\\v_part.php')
 3 SYSTEMPATH\View\View.php(216): CodeIgniter\View\View->CodeIgniter\View\{closure}()
 4 SYSTEMPATH\Common.php(1137): CodeIgniter\View\View->render('part/v_part', [], true)
 5 APPPATH\Views\v_template.php(214): view('part/v_part')
 6 SYSTEMPATH\View\View.php(213): include('APPPATH\\Views\\v_template.php')
 7 SYSTEMPATH\View\View.php(216): CodeIgniter\View\View->CodeIgniter\View\{closure}()
 8 SYSTEMPATH\Common.php(1137): CodeIgniter\View\View->render('v_template', [], true)
 9 APPPATH\Controllers\Part.php(55): view('v_template', [...])
10 SYSTEMPATH\CodeIgniter.php(898): App\Controllers\Part->index()
11 SYSTEMPATH\CodeIgniter.php(457): CodeIgniter\CodeIgniter->runController(Object(App\Controllers\Part))
12 SYSTEMPATH\CodeIgniter.php(340): CodeIgniter\CodeIgniter->handleRequest(null, Object(Config\Cache), false)
13 FCPATH\index.php(67): CodeIgniter\CodeIgniter->run()
14 SYSTEMPATH\Commands\Server\rewrite.php(43): require_once('FCPATH\\index.php')
CRITICAL - 2025-03-16 22:42:46 --> Undefined array key "nama_kategori"
in APPPATH\Views\part\v_part.php on line 51.
 1 APPPATH\Views\part\v_part.php(51): CodeIgniter\Debug\Exceptions->errorHandler(2, 'Undefined array key "nama_kategori"', 'APPPATH\\Views\\part\\v_part.php', 51)
 2 SYSTEMPATH\View\View.php(213): include('APPPATH\\Views\\part\\v_part.php')
 3 SYSTEMPATH\View\View.php(216): CodeIgniter\View\View->CodeIgniter\View\{closure}()
 4 SYSTEMPATH\Common.php(1137): CodeIgniter\View\View->render('part/v_part', [], true)
 5 APPPATH\Views\v_template.php(214): view('part/v_part')
 6 SYSTEMPATH\View\View.php(213): include('APPPATH\\Views\\v_template.php')
 7 SYSTEMPATH\View\View.php(216): CodeIgniter\View\View->CodeIgniter\View\{closure}()
 8 SYSTEMPATH\Common.php(1137): CodeIgniter\View\View->render('v_template', [], true)
 9 APPPATH\Controllers\Part.php(55): view('v_template', [...])
10 SYSTEMPATH\CodeIgniter.php(898): App\Controllers\Part->index()
11 SYSTEMPATH\CodeIgniter.php(457): CodeIgniter\CodeIgniter->runController(Object(App\Controllers\Part))
12 SYSTEMPATH\CodeIgniter.php(340): CodeIgniter\CodeIgniter->handleRequest(null, Object(Config\Cache), false)
13 FCPATH\index.php(67): CodeIgniter\CodeIgniter->run()
14 SYSTEMPATH\Commands\Server\rewrite.php(43): require_once('FCPATH\\index.php')
CRITICAL - 2025-03-16 22:42:59 --> Undefined array key "id_kategori"
in APPPATH\Views\part\v_part.php on line 51.
 1 APPPATH\Views\part\v_part.php(51): CodeIgniter\Debug\Exceptions->errorHandler(2, 'Undefined array key "id_kategori"', 'APPPATH\\Views\\part\\v_part.php', 51)
 2 SYSTEMPATH\View\View.php(213): include('APPPATH\\Views\\part\\v_part.php')
 3 SYSTEMPATH\View\View.php(216): CodeIgniter\View\View->CodeIgniter\View\{closure}()
 4 SYSTEMPATH\Common.php(1137): CodeIgniter\View\View->render('part/v_part', [], true)
 5 APPPATH\Views\v_template.php(214): view('part/v_part')
 6 SYSTEMPATH\View\View.php(213): include('APPPATH\\Views\\v_template.php')
 7 SYSTEMPATH\View\View.php(216): CodeIgniter\View\View->CodeIgniter\View\{closure}()
 8 SYSTEMPATH\Common.php(1137): CodeIgniter\View\View->render('v_template', [], true)
 9 APPPATH\Controllers\Part.php(55): view('v_template', [...])
10 SYSTEMPATH\CodeIgniter.php(898): App\Controllers\Part->index()
11 SYSTEMPATH\CodeIgniter.php(457): CodeIgniter\CodeIgniter->runController(Object(App\Controllers\Part))
12 SYSTEMPATH\CodeIgniter.php(340): CodeIgniter\CodeIgniter->handleRequest(null, Object(Config\Cache), false)
13 FCPATH\index.php(67): CodeIgniter\CodeIgniter->run()
14 SYSTEMPATH\Commands\Server\rewrite.php(43): require_once('FCPATH\\index.php')
CRITICAL - 2025-03-16 23:04:37 --> CodeIgniter\Database\BaseBuilder::like(): Argument #2 ($match) must be of type string, null given, called in C:\xampp\htdocs\posbengkel\system\Model.php on line 771
in SYSTEMPATH\Database\BaseBuilder.php on line 954.
 1 SYSTEMPATH\Model.php(771): CodeIgniter\Database\BaseBuilder->like('id_part', null)
 2 APPPATH\Models\ModelPart.php(71): CodeIgniter\Model->__call('like', [...])
 3 APPPATH\Controllers\Part.php(38): App\Models\ModelPart->tampildata_cari(null)
 4 SYSTEMPATH\CodeIgniter.php(898): App\Controllers\Part->index()
 5 SYSTEMPATH\CodeIgniter.php(457): CodeIgniter\CodeIgniter->runController(Object(App\Controllers\Part))
 6 SYSTEMPATH\CodeIgniter.php(340): CodeIgniter\CodeIgniter->handleRequest(null, Object(Config\Cache), false)
 7 FCPATH\index.php(67): CodeIgniter\CodeIgniter->run()
 8 SYSTEMPATH\Commands\Server\rewrite.php(43): require_once('FCPATH\\index.php')
CRITICAL - 2025-03-16 23:06:40 --> CodeIgniter\Database\BaseBuilder::like(): Argument #2 ($match) must be of type string, null given, called in C:\xampp\htdocs\posbengkel\system\Model.php on line 771
in SYSTEMPATH\Database\BaseBuilder.php on line 954.
 1 SYSTEMPATH\Model.php(771): CodeIgniter\Database\BaseBuilder->like('id_part', null)
 2 APPPATH\Models\ModelPart.php(71): CodeIgniter\Model->__call('like', [...])
 3 APPPATH\Controllers\Part.php(38): App\Models\ModelPart->tampildata_cari(null)
 4 SYSTEMPATH\CodeIgniter.php(898): App\Controllers\Part->index()
 5 SYSTEMPATH\CodeIgniter.php(457): CodeIgniter\CodeIgniter->runController(Object(App\Controllers\Part))
 6 SYSTEMPATH\CodeIgniter.php(340): CodeIgniter\CodeIgniter->handleRequest(null, Object(Config\Cache), false)
 7 FCPATH\index.php(67): CodeIgniter\CodeIgniter->run()
 8 SYSTEMPATH\Commands\Server\rewrite.php(43): require_once('FCPATH\\index.php')
CRITICAL - 2025-03-16 23:25:56 --> Undefined property: App\Controllers\TransaksiMasuk::$modelTransaksiMasuk
in APPPATH\Controllers\TransaksiMasuk.php on line 318.
 1 APPPATH\Controllers\TransaksiMasuk.php(318): CodeIgniter\Debug\Exceptions->errorHandler(2, 'Undefined property: App\\Controllers\\TransaksiMasuk::$modelTransaksiMasuk', 'APPPATH\\Controllers\\TransaksiMasuk.php', 318)
 2 SYSTEMPATH\CodeIgniter.php(898): App\Controllers\TransaksiMasuk->dataMasuk()
 3 SYSTEMPATH\CodeIgniter.php(457): CodeIgniter\CodeIgniter->runController(Object(App\Controllers\TransaksiMasuk))
 4 SYSTEMPATH\CodeIgniter.php(340): CodeIgniter\CodeIgniter->handleRequest(null, Object(Config\Cache), false)
 5 FCPATH\index.php(67): CodeIgniter\CodeIgniter->run()
 6 SYSTEMPATH\Commands\Server\rewrite.php(43): require_once('FCPATH\\index.php')
CRITICAL - 2025-03-16 23:30:52 --> Call to a member function countAllResults() on null
in APPPATH\Controllers\TransaksiMasuk.php on line 318.
 1 SYSTEMPATH\CodeIgniter.php(898): App\Controllers\TransaksiMasuk->dataMasuk()
 2 SYSTEMPATH\CodeIgniter.php(457): CodeIgniter\CodeIgniter->runController(Object(App\Controllers\TransaksiMasuk))
 3 SYSTEMPATH\CodeIgniter.php(340): CodeIgniter\CodeIgniter->handleRequest(null, Object(Config\Cache), false)
 4 FCPATH\index.php(67): CodeIgniter\CodeIgniter->run()
 5 SYSTEMPATH\Commands\Server\rewrite.php(43): require_once('FCPATH\\index.php')
CRITICAL - 2025-03-16 23:34:21 --> Undefined array key "nama_supplier"
in APPPATH\Views\transaksi_masuk\data_transaksi.php on line 40.
 1 APPPATH\Views\transaksi_masuk\data_transaksi.php(40): CodeIgniter\Debug\Exceptions->errorHandler(2, 'Undefined array key "nama_supplier"', 'APPPATH\\Views\\transaksi_masuk\\data_transaksi.php', 40)
 2 SYSTEMPATH\View\View.php(213): include('APPPATH\\Views\\transaksi_masuk\\data_transaksi.php')
 3 SYSTEMPATH\View\View.php(216): CodeIgniter\View\View->CodeIgniter\View\{closure}()
 4 SYSTEMPATH\Common.php(1137): CodeIgniter\View\View->render('transaksi_masuk/data_transaksi', [], true)
 5 APPPATH\Views\v_template.php(214): view('transaksi_masuk/data_transaksi')
 6 SYSTEMPATH\View\View.php(213): include('APPPATH\\Views\\v_template.php')
 7 SYSTEMPATH\View\View.php(216): CodeIgniter\View\View->CodeIgniter\View\{closure}()
 8 SYSTEMPATH\Common.php(1137): CodeIgniter\View\View->render('v_template', [], true)
 9 APPPATH\Controllers\TransaksiMasuk.php(333): view('v_template', [...])
10 SYSTEMPATH\CodeIgniter.php(898): App\Controllers\TransaksiMasuk->dataMasuk()
11 SYSTEMPATH\CodeIgniter.php(457): CodeIgniter\CodeIgniter->runController(Object(App\Controllers\TransaksiMasuk))
12 SYSTEMPATH\CodeIgniter.php(340): CodeIgniter\CodeIgniter->handleRequest(null, Object(Config\Cache), false)
13 FCPATH\index.php(67): CodeIgniter\CodeIgniter->run()
14 SYSTEMPATH\Commands\Server\rewrite.php(43): require_once('FCPATH\\index.php')
CRITICAL - 2025-03-16 23:35:19 --> Undefined array key "jml_item"
in APPPATH\Views\transaksi_masuk\data_transaksi.php on line 40.
 1 APPPATH\Views\transaksi_masuk\data_transaksi.php(40): CodeIgniter\Debug\Exceptions->errorHandler(2, 'Undefined array key "jml_item"', 'APPPATH\\Views\\transaksi_masuk\\data_transaksi.php', 40)
 2 SYSTEMPATH\View\View.php(213): include('APPPATH\\Views\\transaksi_masuk\\data_transaksi.php')
 3 SYSTEMPATH\View\View.php(216): CodeIgniter\View\View->CodeIgniter\View\{closure}()
 4 SYSTEMPATH\Common.php(1137): CodeIgniter\View\View->render('transaksi_masuk/data_transaksi', [], true)
 5 APPPATH\Views\v_template.php(214): view('transaksi_masuk/data_transaksi')
 6 SYSTEMPATH\View\View.php(213): include('APPPATH\\Views\\v_template.php')
 7 SYSTEMPATH\View\View.php(216): CodeIgniter\View\View->CodeIgniter\View\{closure}()
 8 SYSTEMPATH\Common.php(1137): CodeIgniter\View\View->render('v_template', [], true)
 9 APPPATH\Controllers\TransaksiMasuk.php(333): view('v_template', [...])
10 SYSTEMPATH\CodeIgniter.php(898): App\Controllers\TransaksiMasuk->dataMasuk()
11 SYSTEMPATH\CodeIgniter.php(457): CodeIgniter\CodeIgniter->runController(Object(App\Controllers\TransaksiMasuk))
12 SYSTEMPATH\CodeIgniter.php(340): CodeIgniter\CodeIgniter->handleRequest(null, Object(Config\Cache), false)
13 FCPATH\index.php(67): CodeIgniter\CodeIgniter->run()
14 SYSTEMPATH\Commands\Server\rewrite.php(43): require_once('FCPATH\\index.php')
CRITICAL - 2025-03-16 23:44:40 --> Undefined array key "nama_supplier"
in APPPATH\Views\transaksi_masuk\data_transaksi.php on line 43.
 1 APPPATH\Views\transaksi_masuk\data_transaksi.php(43): CodeIgniter\Debug\Exceptions->errorHandler(2, 'Undefined array key "nama_supplier"', 'APPPATH\\Views\\transaksi_masuk\\data_transaksi.php', 43)
 2 SYSTEMPATH\View\View.php(213): include('APPPATH\\Views\\transaksi_masuk\\data_transaksi.php')
 3 SYSTEMPATH\View\View.php(216): CodeIgniter\View\View->CodeIgniter\View\{closure}()
 4 SYSTEMPATH\Common.php(1137): CodeIgniter\View\View->render('transaksi_masuk/data_transaksi', [], true)
 5 APPPATH\Views\v_template.php(214): view('transaksi_masuk/data_transaksi')
 6 SYSTEMPATH\View\View.php(213): include('APPPATH\\Views\\v_template.php')
 7 SYSTEMPATH\View\View.php(216): CodeIgniter\View\View->CodeIgniter\View\{closure}()
 8 SYSTEMPATH\Common.php(1137): CodeIgniter\View\View->render('v_template', [], true)
 9 APPPATH\Controllers\TransaksiMasuk.php(333): view('v_template', [...])
10 SYSTEMPATH\CodeIgniter.php(898): App\Controllers\TransaksiMasuk->dataMasuk()
11 SYSTEMPATH\CodeIgniter.php(457): CodeIgniter\CodeIgniter->runController(Object(App\Controllers\TransaksiMasuk))
12 SYSTEMPATH\CodeIgniter.php(340): CodeIgniter\CodeIgniter->handleRequest(null, Object(Config\Cache), false)
13 FCPATH\index.php(67): CodeIgniter\CodeIgniter->run()
14 SYSTEMPATH\Commands\Server\rewrite.php(43): require_once('FCPATH\\index.php')
CRITICAL - 2025-03-16 23:46:02 --> Undefined array key "nama_supplier"
in APPPATH\Views\transaksi_masuk\data_transaksi.php on line 43.
 1 APPPATH\Views\transaksi_masuk\data_transaksi.php(43): CodeIgniter\Debug\Exceptions->errorHandler(2, 'Undefined array key "nama_supplier"', 'APPPATH\\Views\\transaksi_masuk\\data_transaksi.php', 43)
 2 SYSTEMPATH\View\View.php(213): include('APPPATH\\Views\\transaksi_masuk\\data_transaksi.php')
 3 SYSTEMPATH\View\View.php(216): CodeIgniter\View\View->CodeIgniter\View\{closure}()
 4 SYSTEMPATH\Common.php(1137): CodeIgniter\View\View->render('transaksi_masuk/data_transaksi', [], true)
 5 APPPATH\Views\v_template.php(214): view('transaksi_masuk/data_transaksi')
 6 SYSTEMPATH\View\View.php(213): include('APPPATH\\Views\\v_template.php')
 7 SYSTEMPATH\View\View.php(216): CodeIgniter\View\View->CodeIgniter\View\{closure}()
 8 SYSTEMPATH\Common.php(1137): CodeIgniter\View\View->render('v_template', [], true)
 9 APPPATH\Controllers\TransaksiMasuk.php(333): view('v_template', [...])
10 SYSTEMPATH\CodeIgniter.php(898): App\Controllers\TransaksiMasuk->dataMasuk()
11 SYSTEMPATH\CodeIgniter.php(457): CodeIgniter\CodeIgniter->runController(Object(App\Controllers\TransaksiMasuk))
12 SYSTEMPATH\CodeIgniter.php(340): CodeIgniter\CodeIgniter->handleRequest(null, Object(Config\Cache), false)
13 FCPATH\index.php(67): CodeIgniter\CodeIgniter->run()
14 SYSTEMPATH\Commands\Server\rewrite.php(43): require_once('FCPATH\\index.php')
