<<<<<<< HEAD
ERROR - 2025-03-03 11:25:24 --> mysqli_sql_exception: Unknown column 'id_supp_detbeli' in 'field list' in C:\xampp\htdocs\posbengkel\system\Database\MySQLi\Connection.php:292
Stack trace:
#0 C:\xampp\htdocs\posbengkel\system\Database\MySQLi\Connection.php(292): mysqli->query('INSERT INTO `te...', 0)
#1 C:\xampp\htdocs\posbengkel\system\Database\BaseConnection.php(693): CodeIgniter\Database\MySQLi\Connection->execute('INSERT INTO `te...')
#2 C:\xampp\htdocs\posbengkel\system\Database\BaseConnection.php(620): CodeIgniter\Database\BaseConnection->simpleQuery('INSERT INTO `te...')
#3 C:\xampp\htdocs\posbengkel\system\Database\BaseBuilder.php(1916): CodeIgniter\Database\BaseConnection->query('INSERT INTO `te...', Array, false)
#4 C:\xampp\htdocs\posbengkel\system\Model.php(278): CodeIgniter\Database\BaseBuilder->insert()
#5 C:\xampp\htdocs\posbengkel\system\BaseModel.php(738): CodeIgniter\Model->doInsert(Array)
#6 C:\xampp\htdocs\posbengkel\system\Model.php(666): CodeIgniter\BaseModel->insert(Array, true)
#7 C:\xampp\htdocs\posbengkel\app\Controllers\TransaksiMasuk.php(218): CodeIgniter\Model->insert(Array)
#8 C:\xampp\htdocs\posbengkel\system\CodeIgniter.php(898): App\Controllers\TransaksiMasuk->simpanTemp()
#9 C:\xampp\htdocs\posbengkel\system\CodeIgniter.php(457): CodeIgniter\CodeIgniter->runController(Object(App\Controllers\TransaksiMasuk))
#10 C:\xampp\htdocs\posbengkel\system\CodeIgniter.php(340): CodeIgniter\CodeIgniter->handleRequest(NULL, Object(Config\Cache), false)
#11 C:\xampp\htdocs\posbengkel\public\index.php(67): CodeIgniter\CodeIgniter->run()
#12 C:\xampp\htdocs\posbengkel\system\Commands\Server\rewrite.php(43): require_once('C:\\xampp\\htdocs...')
#13 {main}
CRITICAL - 2025-03-03 11:25:24 --> Unknown column 'id_supp_detbeli' in 'field list'
in SYSTEMPATH\Database\MySQLi\Connection.php on line 292.
 1 SYSTEMPATH\Database\MySQLi\Connection.php(292): mysqli->query('INSERT INTO `temp_trans_masuk` (`faktur_detbeli`, `id_part_detbeli`, `id_supp_detbeli`, `hargabeli_detbeli`, `hargajual_detbeli`, `jml_detbeli`, `subtotal_detbeli`) VALUES (\'B0303250001\', \'OL-0001\', \'1\', \'75000\', \'90000\', \'1\', 75000)', 0)
 2 SYSTEMPATH\Database\BaseConnection.php(693): CodeIgniter\Database\MySQLi\Connection->execute('INSERT INTO `temp_trans_masuk` (`faktur_detbeli`, `id_part_detbeli`, `id_supp_detbeli`, `hargabeli_detbeli`, `hargajual_detbeli`, `jml_detbeli`, `subtotal_detbeli`) VALUES (\'B0303250001\', \'OL-0001\', \'1\', \'75000\', \'90000\', \'1\', 75000)')
 3 SYSTEMPATH\Database\BaseConnection.php(620): CodeIgniter\Database\BaseConnection->simpleQuery('INSERT INTO `temp_trans_masuk` (`faktur_detbeli`, `id_part_detbeli`, `id_supp_detbeli`, `hargabeli_detbeli`, `hargajual_detbeli`, `jml_detbeli`, `subtotal_detbeli`) VALUES (\'B0303250001\', \'OL-0001\', \'1\', \'75000\', \'90000\', \'1\', 75000)')
 4 SYSTEMPATH\Database\BaseBuilder.php(1916): CodeIgniter\Database\BaseConnection->query('INSERT INTO `temp_trans_masuk` (`faktur_detbeli`, `id_part_detbeli`, `id_supp_detbeli`, `hargabeli_detbeli`, `hargajual_detbeli`, `jml_detbeli`, `subtotal_detbeli`) VALUES (:faktur_detbeli.1:, :id_part_detbeli.1:, :id_supp_detbeli:, :hargabeli_detbeli:, :hargajual_detbeli:, :jml_detbeli:, :subtotal_detbeli:)', [...], false)
 5 SYSTEMPATH\Model.php(278): CodeIgniter\Database\BaseBuilder->insert()
 6 SYSTEMPATH\BaseModel.php(738): CodeIgniter\Model->doInsert([...])
 7 SYSTEMPATH\Model.php(666): CodeIgniter\BaseModel->insert([...], true)
 8 APPPATH\Controllers\TransaksiMasuk.php(218): CodeIgniter\Model->insert([...])
 9 SYSTEMPATH\CodeIgniter.php(898): App\Controllers\TransaksiMasuk->simpanTemp()
10 SYSTEMPATH\CodeIgniter.php(457): CodeIgniter\CodeIgniter->runController(Object(App\Controllers\TransaksiMasuk))
11 SYSTEMPATH\CodeIgniter.php(340): CodeIgniter\CodeIgniter->handleRequest(null, Object(Config\Cache), false)
12 FCPATH\index.php(67): CodeIgniter\CodeIgniter->run()
13 SYSTEMPATH\Commands\Server\rewrite.php(43): require_once('FCPATH\\index.php')
ERROR - 2025-03-03 11:26:16 --> mysqli_sql_exception: Unknown column 'id_supp_detbeli' in 'field list' in C:\xampp\htdocs\posbengkel\system\Database\MySQLi\Connection.php:292
Stack trace:
#0 C:\xampp\htdocs\posbengkel\system\Database\MySQLi\Connection.php(292): mysqli->query('INSERT INTO `te...', 0)
#1 C:\xampp\htdocs\posbengkel\system\Database\BaseConnection.php(693): CodeIgniter\Database\MySQLi\Connection->execute('INSERT INTO `te...')
#2 C:\xampp\htdocs\posbengkel\system\Database\BaseConnection.php(620): CodeIgniter\Database\BaseConnection->simpleQuery('INSERT INTO `te...')
#3 C:\xampp\htdocs\posbengkel\system\Database\BaseBuilder.php(1916): CodeIgniter\Database\BaseConnection->query('INSERT INTO `te...', Array, false)
#4 C:\xampp\htdocs\posbengkel\system\Model.php(278): CodeIgniter\Database\BaseBuilder->insert()
#5 C:\xampp\htdocs\posbengkel\system\BaseModel.php(738): CodeIgniter\Model->doInsert(Array)
#6 C:\xampp\htdocs\posbengkel\system\Model.php(666): CodeIgniter\BaseModel->insert(Array, true)
#7 C:\xampp\htdocs\posbengkel\app\Controllers\TransaksiMasuk.php(218): CodeIgniter\Model->insert(Array)
#8 C:\xampp\htdocs\posbengkel\system\CodeIgniter.php(898): App\Controllers\TransaksiMasuk->simpanTemp()
#9 C:\xampp\htdocs\posbengkel\system\CodeIgniter.php(457): CodeIgniter\CodeIgniter->runController(Object(App\Controllers\TransaksiMasuk))
#10 C:\xampp\htdocs\posbengkel\system\CodeIgniter.php(340): CodeIgniter\CodeIgniter->handleRequest(NULL, Object(Config\Cache), false)
#11 C:\xampp\htdocs\posbengkel\public\index.php(67): CodeIgniter\CodeIgniter->run()
#12 C:\xampp\htdocs\posbengkel\system\Commands\Server\rewrite.php(43): require_once('C:\\xampp\\htdocs...')
#13 {main}
CRITICAL - 2025-03-03 11:26:16 --> Unknown column 'id_supp_detbeli' in 'field list'
in SYSTEMPATH\Database\MySQLi\Connection.php on line 292.
 1 SYSTEMPATH\Database\MySQLi\Connection.php(292): mysqli->query('INSERT INTO `temp_trans_masuk` (`faktur_detbeli`, `id_part_detbeli`, `id_supp_detbeli`, `hargabeli_detbeli`, `hargajual_detbeli`, `jml_detbeli`, `subtotal_detbeli`) VALUES (\'B0303250001\', \'OL-0001\', \'1\', \'75000\', \'90000\', \'1\', 75000)', 0)
 2 SYSTEMPATH\Database\BaseConnection.php(693): CodeIgniter\Database\MySQLi\Connection->execute('INSERT INTO `temp_trans_masuk` (`faktur_detbeli`, `id_part_detbeli`, `id_supp_detbeli`, `hargabeli_detbeli`, `hargajual_detbeli`, `jml_detbeli`, `subtotal_detbeli`) VALUES (\'B0303250001\', \'OL-0001\', \'1\', \'75000\', \'90000\', \'1\', 75000)')
 3 SYSTEMPATH\Database\BaseConnection.php(620): CodeIgniter\Database\BaseConnection->simpleQuery('INSERT INTO `temp_trans_masuk` (`faktur_detbeli`, `id_part_detbeli`, `id_supp_detbeli`, `hargabeli_detbeli`, `hargajual_detbeli`, `jml_detbeli`, `subtotal_detbeli`) VALUES (\'B0303250001\', \'OL-0001\', \'1\', \'75000\', \'90000\', \'1\', 75000)')
 4 SYSTEMPATH\Database\BaseBuilder.php(1916): CodeIgniter\Database\BaseConnection->query('INSERT INTO `temp_trans_masuk` (`faktur_detbeli`, `id_part_detbeli`, `id_supp_detbeli`, `hargabeli_detbeli`, `hargajual_detbeli`, `jml_detbeli`, `subtotal_detbeli`) VALUES (:faktur_detbeli.1:, :id_part_detbeli.1:, :id_supp_detbeli:, :hargabeli_detbeli:, :hargajual_detbeli:, :jml_detbeli:, :subtotal_detbeli:)', [...], false)
 5 SYSTEMPATH\Model.php(278): CodeIgniter\Database\BaseBuilder->insert()
 6 SYSTEMPATH\BaseModel.php(738): CodeIgniter\Model->doInsert([...])
 7 SYSTEMPATH\Model.php(666): CodeIgniter\BaseModel->insert([...], true)
 8 APPPATH\Controllers\TransaksiMasuk.php(218): CodeIgniter\Model->insert([...])
 9 SYSTEMPATH\CodeIgniter.php(898): App\Controllers\TransaksiMasuk->simpanTemp()
10 SYSTEMPATH\CodeIgniter.php(457): CodeIgniter\CodeIgniter->runController(Object(App\Controllers\TransaksiMasuk))
11 SYSTEMPATH\CodeIgniter.php(340): CodeIgniter\CodeIgniter->handleRequest(null, Object(Config\Cache), false)
12 FCPATH\index.php(67): CodeIgniter\CodeIgniter->run()
13 SYSTEMPATH\Commands\Server\rewrite.php(43): require_once('FCPATH\\index.php')
ERROR - 2025-03-03 11:27:46 --> mysqli_sql_exception: Unknown column 'id_supp_detbeli' in 'field list' in C:\xampp\htdocs\posbengkel\system\Database\MySQLi\Connection.php:292
Stack trace:
#0 C:\xampp\htdocs\posbengkel\system\Database\MySQLi\Connection.php(292): mysqli->query('INSERT INTO `te...', 0)
#1 C:\xampp\htdocs\posbengkel\system\Database\BaseConnection.php(693): CodeIgniter\Database\MySQLi\Connection->execute('INSERT INTO `te...')
#2 C:\xampp\htdocs\posbengkel\system\Database\BaseConnection.php(620): CodeIgniter\Database\BaseConnection->simpleQuery('INSERT INTO `te...')
#3 C:\xampp\htdocs\posbengkel\system\Database\BaseBuilder.php(1916): CodeIgniter\Database\BaseConnection->query('INSERT INTO `te...', Array, false)
#4 C:\xampp\htdocs\posbengkel\system\Model.php(278): CodeIgniter\Database\BaseBuilder->insert()
#5 C:\xampp\htdocs\posbengkel\system\BaseModel.php(738): CodeIgniter\Model->doInsert(Array)
#6 C:\xampp\htdocs\posbengkel\system\Model.php(666): CodeIgniter\BaseModel->insert(Array, true)
#7 C:\xampp\htdocs\posbengkel\app\Controllers\TransaksiMasuk.php(218): CodeIgniter\Model->insert(Array)
#8 C:\xampp\htdocs\posbengkel\system\CodeIgniter.php(898): App\Controllers\TransaksiMasuk->simpanTemp()
#9 C:\xampp\htdocs\posbengkel\system\CodeIgniter.php(457): CodeIgniter\CodeIgniter->runController(Object(App\Controllers\TransaksiMasuk))
#10 C:\xampp\htdocs\posbengkel\system\CodeIgniter.php(340): CodeIgniter\CodeIgniter->handleRequest(NULL, Object(Config\Cache), false)
#11 C:\xampp\htdocs\posbengkel\public\index.php(67): CodeIgniter\CodeIgniter->run()
#12 C:\xampp\htdocs\posbengkel\system\Commands\Server\rewrite.php(43): require_once('C:\\xampp\\htdocs...')
#13 {main}
CRITICAL - 2025-03-03 11:27:46 --> Unknown column 'id_supp_detbeli' in 'field list'
in SYSTEMPATH\Database\MySQLi\Connection.php on line 292.
 1 SYSTEMPATH\Database\MySQLi\Connection.php(292): mysqli->query('INSERT INTO `temp_trans_masuk` (`faktur_detbeli`, `id_part_detbeli`, `id_supp_detbeli`, `hargabeli_detbeli`, `hargajual_detbeli`, `jml_detbeli`, `subtotal_detbeli`) VALUES (\'B0303250001\', \'OL-0001\', \'2\', \'75000\', \'90000\', \'1\', 75000)', 0)
 2 SYSTEMPATH\Database\BaseConnection.php(693): CodeIgniter\Database\MySQLi\Connection->execute('INSERT INTO `temp_trans_masuk` (`faktur_detbeli`, `id_part_detbeli`, `id_supp_detbeli`, `hargabeli_detbeli`, `hargajual_detbeli`, `jml_detbeli`, `subtotal_detbeli`) VALUES (\'B0303250001\', \'OL-0001\', \'2\', \'75000\', \'90000\', \'1\', 75000)')
 3 SYSTEMPATH\Database\BaseConnection.php(620): CodeIgniter\Database\BaseConnection->simpleQuery('INSERT INTO `temp_trans_masuk` (`faktur_detbeli`, `id_part_detbeli`, `id_supp_detbeli`, `hargabeli_detbeli`, `hargajual_detbeli`, `jml_detbeli`, `subtotal_detbeli`) VALUES (\'B0303250001\', \'OL-0001\', \'2\', \'75000\', \'90000\', \'1\', 75000)')
 4 SYSTEMPATH\Database\BaseBuilder.php(1916): CodeIgniter\Database\BaseConnection->query('INSERT INTO `temp_trans_masuk` (`faktur_detbeli`, `id_part_detbeli`, `id_supp_detbeli`, `hargabeli_detbeli`, `hargajual_detbeli`, `jml_detbeli`, `subtotal_detbeli`) VALUES (:faktur_detbeli.1:, :id_part_detbeli.1:, :id_supp_detbeli:, :hargabeli_detbeli:, :hargajual_detbeli:, :jml_detbeli:, :subtotal_detbeli:)', [...], false)
 5 SYSTEMPATH\Model.php(278): CodeIgniter\Database\BaseBuilder->insert()
 6 SYSTEMPATH\BaseModel.php(738): CodeIgniter\Model->doInsert([...])
 7 SYSTEMPATH\Model.php(666): CodeIgniter\BaseModel->insert([...], true)
 8 APPPATH\Controllers\TransaksiMasuk.php(218): CodeIgniter\Model->insert([...])
 9 SYSTEMPATH\CodeIgniter.php(898): App\Controllers\TransaksiMasuk->simpanTemp()
10 SYSTEMPATH\CodeIgniter.php(457): CodeIgniter\CodeIgniter->runController(Object(App\Controllers\TransaksiMasuk))
11 SYSTEMPATH\CodeIgniter.php(340): CodeIgniter\CodeIgniter->handleRequest(null, Object(Config\Cache), false)
12 FCPATH\index.php(67): CodeIgniter\CodeIgniter->run()
13 SYSTEMPATH\Commands\Server\rewrite.php(43): require_once('FCPATH\\index.php')
ERROR - 2025-03-03 11:29:02 --> mysqli_sql_exception: Unknown column 'id_supp_detbeli' in 'field list' in C:\xampp\htdocs\posbengkel\system\Database\MySQLi\Connection.php:292
Stack trace:
#0 C:\xampp\htdocs\posbengkel\system\Database\MySQLi\Connection.php(292): mysqli->query('INSERT INTO `te...', 0)
#1 C:\xampp\htdocs\posbengkel\system\Database\BaseConnection.php(693): CodeIgniter\Database\MySQLi\Connection->execute('INSERT INTO `te...')
#2 C:\xampp\htdocs\posbengkel\system\Database\BaseConnection.php(620): CodeIgniter\Database\BaseConnection->simpleQuery('INSERT INTO `te...')
#3 C:\xampp\htdocs\posbengkel\system\Database\BaseBuilder.php(1916): CodeIgniter\Database\BaseConnection->query('INSERT INTO `te...', Array, false)
#4 C:\xampp\htdocs\posbengkel\system\Model.php(278): CodeIgniter\Database\BaseBuilder->insert()
#5 C:\xampp\htdocs\posbengkel\system\BaseModel.php(738): CodeIgniter\Model->doInsert(Array)
#6 C:\xampp\htdocs\posbengkel\system\Model.php(666): CodeIgniter\BaseModel->insert(Array, true)
#7 C:\xampp\htdocs\posbengkel\app\Controllers\TransaksiMasuk.php(217): CodeIgniter\Model->insert(Array)
#8 C:\xampp\htdocs\posbengkel\system\CodeIgniter.php(898): App\Controllers\TransaksiMasuk->simpanTemp()
#9 C:\xampp\htdocs\posbengkel\system\CodeIgniter.php(457): CodeIgniter\CodeIgniter->runController(Object(App\Controllers\TransaksiMasuk))
#10 C:\xampp\htdocs\posbengkel\system\CodeIgniter.php(340): CodeIgniter\CodeIgniter->handleRequest(NULL, Object(Config\Cache), false)
#11 C:\xampp\htdocs\posbengkel\public\index.php(67): CodeIgniter\CodeIgniter->run()
#12 C:\xampp\htdocs\posbengkel\system\Commands\Server\rewrite.php(43): require_once('C:\\xampp\\htdocs...')
#13 {main}
CRITICAL - 2025-03-03 11:29:02 --> Unknown column 'id_supp_detbeli' in 'field list'
in SYSTEMPATH\Database\MySQLi\Connection.php on line 292.
 1 SYSTEMPATH\Database\MySQLi\Connection.php(292): mysqli->query('INSERT INTO `temp_trans_masuk` (`faktur_detbeli`, `id_part_detbeli`, `id_supp_detbeli`, `hargabeli_detbeli`, `hargajual_detbeli`, `jml_detbeli`, `subtotal_detbeli`) VALUES (\'B0303250001\', \'OL-0001\', \'1\', \'75000\', \'90000\', \'1\', 75000)', 0)
 2 SYSTEMPATH\Database\BaseConnection.php(693): CodeIgniter\Database\MySQLi\Connection->execute('INSERT INTO `temp_trans_masuk` (`faktur_detbeli`, `id_part_detbeli`, `id_supp_detbeli`, `hargabeli_detbeli`, `hargajual_detbeli`, `jml_detbeli`, `subtotal_detbeli`) VALUES (\'B0303250001\', \'OL-0001\', \'1\', \'75000\', \'90000\', \'1\', 75000)')
 3 SYSTEMPATH\Database\BaseConnection.php(620): CodeIgniter\Database\BaseConnection->simpleQuery('INSERT INTO `temp_trans_masuk` (`faktur_detbeli`, `id_part_detbeli`, `id_supp_detbeli`, `hargabeli_detbeli`, `hargajual_detbeli`, `jml_detbeli`, `subtotal_detbeli`) VALUES (\'B0303250001\', \'OL-0001\', \'1\', \'75000\', \'90000\', \'1\', 75000)')
 4 SYSTEMPATH\Database\BaseBuilder.php(1916): CodeIgniter\Database\BaseConnection->query('INSERT INTO `temp_trans_masuk` (`faktur_detbeli`, `id_part_detbeli`, `id_supp_detbeli`, `hargabeli_detbeli`, `hargajual_detbeli`, `jml_detbeli`, `subtotal_detbeli`) VALUES (:faktur_detbeli.1:, :id_part_detbeli.1:, :id_supp_detbeli:, :hargabeli_detbeli:, :hargajual_detbeli:, :jml_detbeli:, :subtotal_detbeli:)', [...], false)
 5 SYSTEMPATH\Model.php(278): CodeIgniter\Database\BaseBuilder->insert()
 6 SYSTEMPATH\BaseModel.php(738): CodeIgniter\Model->doInsert([...])
 7 SYSTEMPATH\Model.php(666): CodeIgniter\BaseModel->insert([...], true)
 8 APPPATH\Controllers\TransaksiMasuk.php(217): CodeIgniter\Model->insert([...])
 9 SYSTEMPATH\CodeIgniter.php(898): App\Controllers\TransaksiMasuk->simpanTemp()
10 SYSTEMPATH\CodeIgniter.php(457): CodeIgniter\CodeIgniter->runController(Object(App\Controllers\TransaksiMasuk))
11 SYSTEMPATH\CodeIgniter.php(340): CodeIgniter\CodeIgniter->handleRequest(null, Object(Config\Cache), false)
12 FCPATH\index.php(67): CodeIgniter\CodeIgniter->run()
13 SYSTEMPATH\Commands\Server\rewrite.php(43): require_once('FCPATH\\index.php')
ERROR - 2025-03-03 11:32:54 --> mysqli_sql_exception: Unknown column 'id_supp_detbeli' in 'field list' in C:\xampp\htdocs\posbengkel\system\Database\MySQLi\Connection.php:292
Stack trace:
#0 C:\xampp\htdocs\posbengkel\system\Database\MySQLi\Connection.php(292): mysqli->query('INSERT INTO `te...', 0)
#1 C:\xampp\htdocs\posbengkel\system\Database\BaseConnection.php(693): CodeIgniter\Database\MySQLi\Connection->execute('INSERT INTO `te...')
#2 C:\xampp\htdocs\posbengkel\system\Database\BaseConnection.php(620): CodeIgniter\Database\BaseConnection->simpleQuery('INSERT INTO `te...')
#3 C:\xampp\htdocs\posbengkel\system\Database\BaseBuilder.php(1916): CodeIgniter\Database\BaseConnection->query('INSERT INTO `te...', Array, false)
#4 C:\xampp\htdocs\posbengkel\system\Model.php(278): CodeIgniter\Database\BaseBuilder->insert()
#5 C:\xampp\htdocs\posbengkel\system\BaseModel.php(738): CodeIgniter\Model->doInsert(Array)
#6 C:\xampp\htdocs\posbengkel\system\Model.php(666): CodeIgniter\BaseModel->insert(Array, true)
#7 C:\xampp\htdocs\posbengkel\app\Controllers\TransaksiMasuk.php(217): CodeIgniter\Model->insert(Array)
#8 C:\xampp\htdocs\posbengkel\system\CodeIgniter.php(898): App\Controllers\TransaksiMasuk->simpanTemp()
#9 C:\xampp\htdocs\posbengkel\system\CodeIgniter.php(457): CodeIgniter\CodeIgniter->runController(Object(App\Controllers\TransaksiMasuk))
#10 C:\xampp\htdocs\posbengkel\system\CodeIgniter.php(340): CodeIgniter\CodeIgniter->handleRequest(NULL, Object(Config\Cache), false)
#11 C:\xampp\htdocs\posbengkel\public\index.php(67): CodeIgniter\CodeIgniter->run()
#12 C:\xampp\htdocs\posbengkel\system\Commands\Server\rewrite.php(43): require_once('C:\\xampp\\htdocs...')
#13 {main}
CRITICAL - 2025-03-03 11:32:54 --> Unknown column 'id_supp_detbeli' in 'field list'
in SYSTEMPATH\Database\MySQLi\Connection.php on line 292.
 1 SYSTEMPATH\Database\MySQLi\Connection.php(292): mysqli->query('INSERT INTO `temp_trans_masuk` (`faktur_detbeli`, `id_part_detbeli`, `id_supp_detbeli`, `hargabeli_detbeli`, `hargajual_detbeli`, `jml_detbeli`, `subtotal_detbeli`) VALUES (\'B0303250001\', \'OL-0001\', \'1\', \'75000\', \'90000\', \'1\', 75000)', 0)
 2 SYSTEMPATH\Database\BaseConnection.php(693): CodeIgniter\Database\MySQLi\Connection->execute('INSERT INTO `temp_trans_masuk` (`faktur_detbeli`, `id_part_detbeli`, `id_supp_detbeli`, `hargabeli_detbeli`, `hargajual_detbeli`, `jml_detbeli`, `subtotal_detbeli`) VALUES (\'B0303250001\', \'OL-0001\', \'1\', \'75000\', \'90000\', \'1\', 75000)')
 3 SYSTEMPATH\Database\BaseConnection.php(620): CodeIgniter\Database\BaseConnection->simpleQuery('INSERT INTO `temp_trans_masuk` (`faktur_detbeli`, `id_part_detbeli`, `id_supp_detbeli`, `hargabeli_detbeli`, `hargajual_detbeli`, `jml_detbeli`, `subtotal_detbeli`) VALUES (\'B0303250001\', \'OL-0001\', \'1\', \'75000\', \'90000\', \'1\', 75000)')
 4 SYSTEMPATH\Database\BaseBuilder.php(1916): CodeIgniter\Database\BaseConnection->query('INSERT INTO `temp_trans_masuk` (`faktur_detbeli`, `id_part_detbeli`, `id_supp_detbeli`, `hargabeli_detbeli`, `hargajual_detbeli`, `jml_detbeli`, `subtotal_detbeli`) VALUES (:faktur_detbeli.1:, :id_part_detbeli.1:, :id_supp_detbeli:, :hargabeli_detbeli:, :hargajual_detbeli:, :jml_detbeli:, :subtotal_detbeli:)', [...], false)
 5 SYSTEMPATH\Model.php(278): CodeIgniter\Database\BaseBuilder->insert()
 6 SYSTEMPATH\BaseModel.php(738): CodeIgniter\Model->doInsert([...])
 7 SYSTEMPATH\Model.php(666): CodeIgniter\BaseModel->insert([...], true)
 8 APPPATH\Controllers\TransaksiMasuk.php(217): CodeIgniter\Model->insert([...])
 9 SYSTEMPATH\CodeIgniter.php(898): App\Controllers\TransaksiMasuk->simpanTemp()
10 SYSTEMPATH\CodeIgniter.php(457): CodeIgniter\CodeIgniter->runController(Object(App\Controllers\TransaksiMasuk))
11 SYSTEMPATH\CodeIgniter.php(340): CodeIgniter\CodeIgniter->handleRequest(null, Object(Config\Cache), false)
12 FCPATH\index.php(67): CodeIgniter\CodeIgniter->run()
13 SYSTEMPATH\Commands\Server\rewrite.php(43): require_once('FCPATH\\index.php')
ERROR - 2025-03-03 11:35:45 --> mysqli_sql_exception: Unknown column 'id_supp_detbeli' in 'field list' in C:\xampp\htdocs\posbengkel\system\Database\MySQLi\Connection.php:292
Stack trace:
#0 C:\xampp\htdocs\posbengkel\system\Database\MySQLi\Connection.php(292): mysqli->query('INSERT INTO `te...', 0)
#1 C:\xampp\htdocs\posbengkel\system\Database\BaseConnection.php(693): CodeIgniter\Database\MySQLi\Connection->execute('INSERT INTO `te...')
#2 C:\xampp\htdocs\posbengkel\system\Database\BaseConnection.php(620): CodeIgniter\Database\BaseConnection->simpleQuery('INSERT INTO `te...')
#3 C:\xampp\htdocs\posbengkel\system\Database\BaseBuilder.php(1916): CodeIgniter\Database\BaseConnection->query('INSERT INTO `te...', Array, false)
#4 C:\xampp\htdocs\posbengkel\system\Model.php(278): CodeIgniter\Database\BaseBuilder->insert()
#5 C:\xampp\htdocs\posbengkel\system\BaseModel.php(738): CodeIgniter\Model->doInsert(Array)
#6 C:\xampp\htdocs\posbengkel\system\Model.php(666): CodeIgniter\BaseModel->insert(Array, true)
#7 C:\xampp\htdocs\posbengkel\app\Controllers\TransaksiMasuk.php(219): CodeIgniter\Model->insert(Array)
#8 C:\xampp\htdocs\posbengkel\system\CodeIgniter.php(898): App\Controllers\TransaksiMasuk->simpanTemp()
#9 C:\xampp\htdocs\posbengkel\system\CodeIgniter.php(457): CodeIgniter\CodeIgniter->runController(Object(App\Controllers\TransaksiMasuk))
#10 C:\xampp\htdocs\posbengkel\system\CodeIgniter.php(340): CodeIgniter\CodeIgniter->handleRequest(NULL, Object(Config\Cache), false)
#11 C:\xampp\htdocs\posbengkel\public\index.php(67): CodeIgniter\CodeIgniter->run()
#12 C:\xampp\htdocs\posbengkel\system\Commands\Server\rewrite.php(43): require_once('C:\\xampp\\htdocs...')
#13 {main}
CRITICAL - 2025-03-03 11:35:45 --> Unknown column 'id_supp_detbeli' in 'field list'
in SYSTEMPATH\Database\MySQLi\Connection.php on line 292.
 1 SYSTEMPATH\Database\MySQLi\Connection.php(292): mysqli->query('INSERT INTO `temp_trans_masuk` (`faktur_detbeli`, `id_part_detbeli`, `id_supp_detbeli`, `hargabeli_detbeli`, `hargajual_detbeli`, `jml_detbeli`, `subtotal_detbeli`) VALUES (\'B0303250001\', \'OL-0001\', \'1\', \'75000\', \'90000\', \'1\', 75000)', 0)
 2 SYSTEMPATH\Database\BaseConnection.php(693): CodeIgniter\Database\MySQLi\Connection->execute('INSERT INTO `temp_trans_masuk` (`faktur_detbeli`, `id_part_detbeli`, `id_supp_detbeli`, `hargabeli_detbeli`, `hargajual_detbeli`, `jml_detbeli`, `subtotal_detbeli`) VALUES (\'B0303250001\', \'OL-0001\', \'1\', \'75000\', \'90000\', \'1\', 75000)')
 3 SYSTEMPATH\Database\BaseConnection.php(620): CodeIgniter\Database\BaseConnection->simpleQuery('INSERT INTO `temp_trans_masuk` (`faktur_detbeli`, `id_part_detbeli`, `id_supp_detbeli`, `hargabeli_detbeli`, `hargajual_detbeli`, `jml_detbeli`, `subtotal_detbeli`) VALUES (\'B0303250001\', \'OL-0001\', \'1\', \'75000\', \'90000\', \'1\', 75000)')
 4 SYSTEMPATH\Database\BaseBuilder.php(1916): CodeIgniter\Database\BaseConnection->query('INSERT INTO `temp_trans_masuk` (`faktur_detbeli`, `id_part_detbeli`, `id_supp_detbeli`, `hargabeli_detbeli`, `hargajual_detbeli`, `jml_detbeli`, `subtotal_detbeli`) VALUES (:faktur_detbeli.1:, :id_part_detbeli.1:, :id_supp_detbeli:, :hargabeli_detbeli:, :hargajual_detbeli:, :jml_detbeli:, :subtotal_detbeli:)', [...], false)
 5 SYSTEMPATH\Model.php(278): CodeIgniter\Database\BaseBuilder->insert()
 6 SYSTEMPATH\BaseModel.php(738): CodeIgniter\Model->doInsert([...])
 7 SYSTEMPATH\Model.php(666): CodeIgniter\BaseModel->insert([...], true)
 8 APPPATH\Controllers\TransaksiMasuk.php(219): CodeIgniter\Model->insert([...])
 9 SYSTEMPATH\CodeIgniter.php(898): App\Controllers\TransaksiMasuk->simpanTemp()
10 SYSTEMPATH\CodeIgniter.php(457): CodeIgniter\CodeIgniter->runController(Object(App\Controllers\TransaksiMasuk))
11 SYSTEMPATH\CodeIgniter.php(340): CodeIgniter\CodeIgniter->handleRequest(null, Object(Config\Cache), false)
12 FCPATH\index.php(67): CodeIgniter\CodeIgniter->run()
13 SYSTEMPATH\Commands\Server\rewrite.php(43): require_once('FCPATH\\index.php')
ERROR - 2025-03-03 11:36:02 --> mysqli_sql_exception: Unknown column 'id_supp_detbeli' in 'field list' in C:\xampp\htdocs\posbengkel\system\Database\MySQLi\Connection.php:292
Stack trace:
#0 C:\xampp\htdocs\posbengkel\system\Database\MySQLi\Connection.php(292): mysqli->query('INSERT INTO `te...', 0)
#1 C:\xampp\htdocs\posbengkel\system\Database\BaseConnection.php(693): CodeIgniter\Database\MySQLi\Connection->execute('INSERT INTO `te...')
#2 C:\xampp\htdocs\posbengkel\system\Database\BaseConnection.php(620): CodeIgniter\Database\BaseConnection->simpleQuery('INSERT INTO `te...')
#3 C:\xampp\htdocs\posbengkel\system\Database\BaseBuilder.php(1916): CodeIgniter\Database\BaseConnection->query('INSERT INTO `te...', Array, false)
#4 C:\xampp\htdocs\posbengkel\system\Model.php(278): CodeIgniter\Database\BaseBuilder->insert()
#5 C:\xampp\htdocs\posbengkel\system\BaseModel.php(738): CodeIgniter\Model->doInsert(Array)
#6 C:\xampp\htdocs\posbengkel\system\Model.php(666): CodeIgniter\BaseModel->insert(Array, true)
#7 C:\xampp\htdocs\posbengkel\app\Controllers\TransaksiMasuk.php(219): CodeIgniter\Model->insert(Array)
#8 C:\xampp\htdocs\posbengkel\system\CodeIgniter.php(898): App\Controllers\TransaksiMasuk->simpanTemp()
#9 C:\xampp\htdocs\posbengkel\system\CodeIgniter.php(457): CodeIgniter\CodeIgniter->runController(Object(App\Controllers\TransaksiMasuk))
#10 C:\xampp\htdocs\posbengkel\system\CodeIgniter.php(340): CodeIgniter\CodeIgniter->handleRequest(NULL, Object(Config\Cache), false)
#11 C:\xampp\htdocs\posbengkel\public\index.php(67): CodeIgniter\CodeIgniter->run()
#12 C:\xampp\htdocs\posbengkel\system\Commands\Server\rewrite.php(43): require_once('C:\\xampp\\htdocs...')
#13 {main}
CRITICAL - 2025-03-03 11:36:02 --> Unknown column 'id_supp_detbeli' in 'field list'
in SYSTEMPATH\Database\MySQLi\Connection.php on line 292.
 1 SYSTEMPATH\Database\MySQLi\Connection.php(292): mysqli->query('INSERT INTO `temp_trans_masuk` (`faktur_detbeli`, `id_part_detbeli`, `id_supp_detbeli`, `hargabeli_detbeli`, `hargajual_detbeli`, `jml_detbeli`, `subtotal_detbeli`) VALUES (\'B0303250001\', \'OL-0001\', \'1\', \'75000\', \'90000\', \'1\', 75000)', 0)
 2 SYSTEMPATH\Database\BaseConnection.php(693): CodeIgniter\Database\MySQLi\Connection->execute('INSERT INTO `temp_trans_masuk` (`faktur_detbeli`, `id_part_detbeli`, `id_supp_detbeli`, `hargabeli_detbeli`, `hargajual_detbeli`, `jml_detbeli`, `subtotal_detbeli`) VALUES (\'B0303250001\', \'OL-0001\', \'1\', \'75000\', \'90000\', \'1\', 75000)')
 3 SYSTEMPATH\Database\BaseConnection.php(620): CodeIgniter\Database\BaseConnection->simpleQuery('INSERT INTO `temp_trans_masuk` (`faktur_detbeli`, `id_part_detbeli`, `id_supp_detbeli`, `hargabeli_detbeli`, `hargajual_detbeli`, `jml_detbeli`, `subtotal_detbeli`) VALUES (\'B0303250001\', \'OL-0001\', \'1\', \'75000\', \'90000\', \'1\', 75000)')
 4 SYSTEMPATH\Database\BaseBuilder.php(1916): CodeIgniter\Database\BaseConnection->query('INSERT INTO `temp_trans_masuk` (`faktur_detbeli`, `id_part_detbeli`, `id_supp_detbeli`, `hargabeli_detbeli`, `hargajual_detbeli`, `jml_detbeli`, `subtotal_detbeli`) VALUES (:faktur_detbeli.1:, :id_part_detbeli.1:, :id_supp_detbeli:, :hargabeli_detbeli:, :hargajual_detbeli:, :jml_detbeli:, :subtotal_detbeli:)', [...], false)
 5 SYSTEMPATH\Model.php(278): CodeIgniter\Database\BaseBuilder->insert()
 6 SYSTEMPATH\BaseModel.php(738): CodeIgniter\Model->doInsert([...])
 7 SYSTEMPATH\Model.php(666): CodeIgniter\BaseModel->insert([...], true)
 8 APPPATH\Controllers\TransaksiMasuk.php(219): CodeIgniter\Model->insert([...])
 9 SYSTEMPATH\CodeIgniter.php(898): App\Controllers\TransaksiMasuk->simpanTemp()
10 SYSTEMPATH\CodeIgniter.php(457): CodeIgniter\CodeIgniter->runController(Object(App\Controllers\TransaksiMasuk))
11 SYSTEMPATH\CodeIgniter.php(340): CodeIgniter\CodeIgniter->handleRequest(null, Object(Config\Cache), false)
12 FCPATH\index.php(67): CodeIgniter\CodeIgniter->run()
13 SYSTEMPATH\Commands\Server\rewrite.php(43): require_once('FCPATH\\index.php')
ERROR - 2025-03-03 11:40:25 --> mysqli_sql_exception: Unknown column 'id_supp_detbeli' in 'field list' in C:\xampp\htdocs\posbengkel\system\Database\MySQLi\Connection.php:292
Stack trace:
#0 C:\xampp\htdocs\posbengkel\system\Database\MySQLi\Connection.php(292): mysqli->query('INSERT INTO `te...', 0)
#1 C:\xampp\htdocs\posbengkel\system\Database\BaseConnection.php(693): CodeIgniter\Database\MySQLi\Connection->execute('INSERT INTO `te...')
#2 C:\xampp\htdocs\posbengkel\system\Database\BaseConnection.php(620): CodeIgniter\Database\BaseConnection->simpleQuery('INSERT INTO `te...')
#3 C:\xampp\htdocs\posbengkel\system\Database\BaseBuilder.php(1916): CodeIgniter\Database\BaseConnection->query('INSERT INTO `te...', Array, false)
#4 C:\xampp\htdocs\posbengkel\system\Model.php(278): CodeIgniter\Database\BaseBuilder->insert()
#5 C:\xampp\htdocs\posbengkel\system\BaseModel.php(738): CodeIgniter\Model->doInsert(Array)
#6 C:\xampp\htdocs\posbengkel\system\Model.php(666): CodeIgniter\BaseModel->insert(Array, true)
#7 C:\xampp\htdocs\posbengkel\app\Controllers\TransaksiMasuk.php(219): CodeIgniter\Model->insert(Array)
#8 C:\xampp\htdocs\posbengkel\system\CodeIgniter.php(898): App\Controllers\TransaksiMasuk->simpanTemp()
#9 C:\xampp\htdocs\posbengkel\system\CodeIgniter.php(457): CodeIgniter\CodeIgniter->runController(Object(App\Controllers\TransaksiMasuk))
#10 C:\xampp\htdocs\posbengkel\system\CodeIgniter.php(340): CodeIgniter\CodeIgniter->handleRequest(NULL, Object(Config\Cache), false)
#11 C:\xampp\htdocs\posbengkel\public\index.php(67): CodeIgniter\CodeIgniter->run()
#12 C:\xampp\htdocs\posbengkel\system\Commands\Server\rewrite.php(43): require_once('C:\\xampp\\htdocs...')
#13 {main}
CRITICAL - 2025-03-03 11:40:25 --> Unknown column 'id_supp_detbeli' in 'field list'
in SYSTEMPATH\Database\MySQLi\Connection.php on line 292.
 1 SYSTEMPATH\Database\MySQLi\Connection.php(292): mysqli->query('INSERT INTO `temp_trans_masuk` (`faktur_detbeli`, `id_part_detbeli`, `id_supp_detbeli`, `hargabeli_detbeli`, `hargajual_detbeli`, `jml_detbeli`, `subtotal_detbeli`) VALUES (\'B0303250001\', \'OL-0001\', \'1\', \'75000\', \'90000\', \'1\', 75000)', 0)
 2 SYSTEMPATH\Database\BaseConnection.php(693): CodeIgniter\Database\MySQLi\Connection->execute('INSERT INTO `temp_trans_masuk` (`faktur_detbeli`, `id_part_detbeli`, `id_supp_detbeli`, `hargabeli_detbeli`, `hargajual_detbeli`, `jml_detbeli`, `subtotal_detbeli`) VALUES (\'B0303250001\', \'OL-0001\', \'1\', \'75000\', \'90000\', \'1\', 75000)')
 3 SYSTEMPATH\Database\BaseConnection.php(620): CodeIgniter\Database\BaseConnection->simpleQuery('INSERT INTO `temp_trans_masuk` (`faktur_detbeli`, `id_part_detbeli`, `id_supp_detbeli`, `hargabeli_detbeli`, `hargajual_detbeli`, `jml_detbeli`, `subtotal_detbeli`) VALUES (\'B0303250001\', \'OL-0001\', \'1\', \'75000\', \'90000\', \'1\', 75000)')
 4 SYSTEMPATH\Database\BaseBuilder.php(1916): CodeIgniter\Database\BaseConnection->query('INSERT INTO `temp_trans_masuk` (`faktur_detbeli`, `id_part_detbeli`, `id_supp_detbeli`, `hargabeli_detbeli`, `hargajual_detbeli`, `jml_detbeli`, `subtotal_detbeli`) VALUES (:faktur_detbeli.1:, :id_part_detbeli.1:, :id_supp_detbeli:, :hargabeli_detbeli:, :hargajual_detbeli:, :jml_detbeli:, :subtotal_detbeli:)', [...], false)
 5 SYSTEMPATH\Model.php(278): CodeIgniter\Database\BaseBuilder->insert()
 6 SYSTEMPATH\BaseModel.php(738): CodeIgniter\Model->doInsert([...])
 7 SYSTEMPATH\Model.php(666): CodeIgniter\BaseModel->insert([...], true)
 8 APPPATH\Controllers\TransaksiMasuk.php(219): CodeIgniter\Model->insert([...])
 9 SYSTEMPATH\CodeIgniter.php(898): App\Controllers\TransaksiMasuk->simpanTemp()
10 SYSTEMPATH\CodeIgniter.php(457): CodeIgniter\CodeIgniter->runController(Object(App\Controllers\TransaksiMasuk))
11 SYSTEMPATH\CodeIgniter.php(340): CodeIgniter\CodeIgniter->handleRequest(null, Object(Config\Cache), false)
12 FCPATH\index.php(67): CodeIgniter\CodeIgniter->run()
13 SYSTEMPATH\Commands\Server\rewrite.php(43): require_once('FCPATH\\index.php')
ERROR - 2025-03-03 11:45:24 --> mysqli_sql_exception: Table 'posbengkel.det_transaksi_masuk' doesn't exist in C:\xampp\htdocs\posbengkel\system\Database\MySQLi\Connection.php:292
Stack trace:
#0 C:\xampp\htdocs\posbengkel\system\Database\MySQLi\Connection.php(292): mysqli->query('INSERT INTO `de...', 0)
#1 C:\xampp\htdocs\posbengkel\system\Database\BaseConnection.php(693): CodeIgniter\Database\MySQLi\Connection->execute('INSERT INTO `de...')
#2 C:\xampp\htdocs\posbengkel\system\Database\BaseConnection.php(620): CodeIgniter\Database\BaseConnection->simpleQuery('INSERT INTO `de...')
#3 C:\xampp\htdocs\posbengkel\system\Database\BaseBuilder.php(1916): CodeIgniter\Database\BaseConnection->query('INSERT INTO `de...', Array, false)
#4 C:\xampp\htdocs\posbengkel\system\Model.php(278): CodeIgniter\Database\BaseBuilder->insert()
#5 C:\xampp\htdocs\posbengkel\system\BaseModel.php(738): CodeIgniter\Model->doInsert(Array)
#6 C:\xampp\htdocs\posbengkel\system\Model.php(666): CodeIgniter\BaseModel->insert(Array, true)
#7 C:\xampp\htdocs\posbengkel\app\Controllers\TransaksiMasuk.php(269): CodeIgniter\Model->insert(Array)
#8 C:\xampp\htdocs\posbengkel\system\CodeIgniter.php(898): App\Controllers\TransaksiMasuk->simpanTransaksi()
#9 C:\xampp\htdocs\posbengkel\system\CodeIgniter.php(457): CodeIgniter\CodeIgniter->runController(Object(App\Controllers\TransaksiMasuk))
#10 C:\xampp\htdocs\posbengkel\system\CodeIgniter.php(340): CodeIgniter\CodeIgniter->handleRequest(NULL, Object(Config\Cache), false)
#11 C:\xampp\htdocs\posbengkel\public\index.php(67): CodeIgniter\CodeIgniter->run()
#12 C:\xampp\htdocs\posbengkel\system\Commands\Server\rewrite.php(43): require_once('C:\\xampp\\htdocs...')
#13 {main}
CRITICAL - 2025-03-03 11:45:24 --> Table 'posbengkel.det_transaksi_masuk' doesn't exist
in SYSTEMPATH\Database\MySQLi\Connection.php on line 292.
 1 SYSTEMPATH\Database\MySQLi\Connection.php(292): mysqli->query('INSERT INTO `det_transaksi_masuk` (`faktur_detbeli`, `id_part_detbeli`, `hargajual_detbeli`, `hargabeli_detbeli`, `jml_detbeli`, `subtotal_detbeli`) VALUES (\'B0303250001\', \'OL-0001\', \'90000.00\', \'75000.00\', \'1.00\', \'75000.00\')', 0)
 2 SYSTEMPATH\Database\BaseConnection.php(693): CodeIgniter\Database\MySQLi\Connection->execute('INSERT INTO `det_transaksi_masuk` (`faktur_detbeli`, `id_part_detbeli`, `hargajual_detbeli`, `hargabeli_detbeli`, `jml_detbeli`, `subtotal_detbeli`) VALUES (\'B0303250001\', \'OL-0001\', \'90000.00\', \'75000.00\', \'1.00\', \'75000.00\')')
 3 SYSTEMPATH\Database\BaseConnection.php(620): CodeIgniter\Database\BaseConnection->simpleQuery('INSERT INTO `det_transaksi_masuk` (`faktur_detbeli`, `id_part_detbeli`, `hargajual_detbeli`, `hargabeli_detbeli`, `jml_detbeli`, `subtotal_detbeli`) VALUES (\'B0303250001\', \'OL-0001\', \'90000.00\', \'75000.00\', \'1.00\', \'75000.00\')')
 4 SYSTEMPATH\Database\BaseBuilder.php(1916): CodeIgniter\Database\BaseConnection->query('INSERT INTO `det_transaksi_masuk` (`faktur_detbeli`, `id_part_detbeli`, `hargajual_detbeli`, `hargabeli_detbeli`, `jml_detbeli`, `subtotal_detbeli`) VALUES (:faktur_detbeli:, :id_part_detbeli:, :hargajual_detbeli:, :hargabeli_detbeli:, :jml_detbeli:, :subtotal_detbeli:)', [...], false)
 5 SYSTEMPATH\Model.php(278): CodeIgniter\Database\BaseBuilder->insert()
 6 SYSTEMPATH\BaseModel.php(738): CodeIgniter\Model->doInsert([...])
 7 SYSTEMPATH\Model.php(666): CodeIgniter\BaseModel->insert([...], true)
 8 APPPATH\Controllers\TransaksiMasuk.php(269): CodeIgniter\Model->insert([...])
 9 SYSTEMPATH\CodeIgniter.php(898): App\Controllers\TransaksiMasuk->simpanTransaksi()
10 SYSTEMPATH\CodeIgniter.php(457): CodeIgniter\CodeIgniter->runController(Object(App\Controllers\TransaksiMasuk))
11 SYSTEMPATH\CodeIgniter.php(340): CodeIgniter\CodeIgniter->handleRequest(null, Object(Config\Cache), false)
12 FCPATH\index.php(67): CodeIgniter\CodeIgniter->run()
13 SYSTEMPATH\Commands\Server\rewrite.php(43): require_once('FCPATH\\index.php')
=======
CRITICAL - 2025-03-03 01:16:36 --> Class "Locale" not found
in SYSTEMPATH\CodeIgniter.php on line 181.
 1 ROOTPATH\spark(83): CodeIgniter\CodeIgniter->initialize()
CRITICAL - 2025-03-03 01:16:42 --> Class "Locale" not found
in SYSTEMPATH\CodeIgniter.php on line 181.
 1 ROOTPATH\spark(83): CodeIgniter\CodeIgniter->initialize()
ERROR - 2025-03-03 07:22:35 --> mysqli_sql_exception: Can't create table `posbengkel`.`det_transaksi_masuk` (errno: 150 "Foreign key constraint is incorrectly formed") in C:\xampp\htdocs\posbengkel\system\Database\MySQLi\Connection.php:292
Stack trace:
#0 C:\xampp\htdocs\posbengkel\system\Database\MySQLi\Connection.php(292): mysqli->query('CREATE TABLE `d...', 0)
#1 C:\xampp\htdocs\posbengkel\system\Database\BaseConnection.php(693): CodeIgniter\Database\MySQLi\Connection->execute('CREATE TABLE `d...')
#2 C:\xampp\htdocs\posbengkel\system\Database\BaseConnection.php(620): CodeIgniter\Database\BaseConnection->simpleQuery('CREATE TABLE `d...')
#3 C:\xampp\htdocs\posbengkel\system\Database\Forge.php(509): CodeIgniter\Database\BaseConnection->query('CREATE TABLE `d...')
#4 C:\xampp\htdocs\posbengkel\app\Database\Migrations\2025-02-16-140245_DetailMasuk.php(54): CodeIgniter\Database\Forge->createTable('det_transaksi_m...')
#5 C:\xampp\htdocs\posbengkel\system\Database\MigrationRunner.php(868): App\Database\Migrations\DetailMasuk->up()
#6 C:\xampp\htdocs\posbengkel\system\Database\MigrationRunner.php(187): CodeIgniter\Database\MigrationRunner->migrate('up', Object(stdClass))
#7 C:\xampp\htdocs\posbengkel\system\Commands\Database\Migrate.php(84): CodeIgniter\Database\MigrationRunner->latest(NULL)
#8 C:\xampp\htdocs\posbengkel\system\CLI\Commands.php(63): CodeIgniter\Commands\Database\Migrate->run(Array)
#9 C:\xampp\htdocs\posbengkel\system\CLI\CommandRunner.php(65): CodeIgniter\CLI\Commands->run('migrate', Array)
#10 C:\xampp\htdocs\posbengkel\system\CLI\CommandRunner.php(51): CodeIgniter\CLI\CommandRunner->index(Array)
#11 C:\xampp\htdocs\posbengkel\system\CodeIgniter.php(891): CodeIgniter\CLI\CommandRunner->_remap('index', Array)
#12 C:\xampp\htdocs\posbengkel\system\CodeIgniter.php(457): CodeIgniter\CodeIgniter->runController(Object(CodeIgniter\CLI\CommandRunner))
#13 C:\xampp\htdocs\posbengkel\system\CodeIgniter.php(336): CodeIgniter\CodeIgniter->handleRequest(NULL, Object(Config\Cache), false)
#14 C:\xampp\htdocs\posbengkel\system\CLI\Console.php(48): CodeIgniter\CodeIgniter->run()
#15 C:\xampp\htdocs\posbengkel\spark(98): CodeIgniter\CLI\Console->run()
#16 {main}
CRITICAL - 2025-03-03 07:44:28 --> Undefined variable $icon
in APPPATH\Views\v_template.php on line 197.
 1 APPPATH\Views\v_template.php(197): CodeIgniter\Debug\Exceptions->errorHandler(2, 'Undefined variable $icon', 'APPPATH\\Views\\v_template.php', 197)
 2 SYSTEMPATH\View\View.php(213): include('APPPATH\\Views\\v_template.php')
 3 SYSTEMPATH\View\View.php(216): CodeIgniter\View\View->CodeIgniter\View\{closure}()
 4 SYSTEMPATH\Common.php(1137): CodeIgniter\View\View->render('v_template', [], true)
 5 APPPATH\Controllers\Kategori.php(30): view('v_template', [...])
 6 SYSTEMPATH\CodeIgniter.php(898): App\Controllers\Kategori->index()
 7 SYSTEMPATH\CodeIgniter.php(457): CodeIgniter\CodeIgniter->runController(Object(App\Controllers\Kategori))
 8 SYSTEMPATH\CodeIgniter.php(340): CodeIgniter\CodeIgniter->handleRequest(null, Object(Config\Cache), false)
 9 FCPATH\index.php(67): CodeIgniter\CodeIgniter->run()
10 SYSTEMPATH\Commands\Server\rewrite.php(43): require_once('FCPATH\\index.php')
CRITICAL - 2025-03-03 07:45:33 --> Undefined variable $icon
in APPPATH\Views\v_template.php on line 197.
 1 APPPATH\Views\v_template.php(197): CodeIgniter\Debug\Exceptions->errorHandler(2, 'Undefined variable $icon', 'APPPATH\\Views\\v_template.php', 197)
 2 SYSTEMPATH\View\View.php(213): include('APPPATH\\Views\\v_template.php')
 3 SYSTEMPATH\View\View.php(216): CodeIgniter\View\View->CodeIgniter\View\{closure}()
 4 SYSTEMPATH\Common.php(1137): CodeIgniter\View\View->render('v_template', [], true)
 5 APPPATH\Controllers\Kategori.php(30): view('v_template', [...])
 6 SYSTEMPATH\CodeIgniter.php(898): App\Controllers\Kategori->index()
 7 SYSTEMPATH\CodeIgniter.php(457): CodeIgniter\CodeIgniter->runController(Object(App\Controllers\Kategori))
 8 SYSTEMPATH\CodeIgniter.php(340): CodeIgniter\CodeIgniter->handleRequest(null, Object(Config\Cache), false)
 9 FCPATH\index.php(67): CodeIgniter\CodeIgniter->run()
10 SYSTEMPATH\Commands\Server\rewrite.php(43): require_once('FCPATH\\index.php')
CRITICAL - 2025-03-03 07:45:35 --> Undefined variable $icon
in APPPATH\Views\v_template.php on line 197.
 1 APPPATH\Views\v_template.php(197): CodeIgniter\Debug\Exceptions->errorHandler(2, 'Undefined variable $icon', 'APPPATH\\Views\\v_template.php', 197)
 2 SYSTEMPATH\View\View.php(213): include('APPPATH\\Views\\v_template.php')
 3 SYSTEMPATH\View\View.php(216): CodeIgniter\View\View->CodeIgniter\View\{closure}()
 4 SYSTEMPATH\Common.php(1137): CodeIgniter\View\View->render('v_template', [], true)
 5 APPPATH\Controllers\Kategori.php(30): view('v_template', [...])
 6 SYSTEMPATH\CodeIgniter.php(898): App\Controllers\Kategori->index()
 7 SYSTEMPATH\CodeIgniter.php(457): CodeIgniter\CodeIgniter->runController(Object(App\Controllers\Kategori))
 8 SYSTEMPATH\CodeIgniter.php(340): CodeIgniter\CodeIgniter->handleRequest(null, Object(Config\Cache), false)
 9 FCPATH\index.php(67): CodeIgniter\CodeIgniter->run()
10 SYSTEMPATH\Commands\Server\rewrite.php(43): require_once('FCPATH\\index.php')
CRITICAL - 2025-03-03 07:46:10 --> Undefined variable $icon
in APPPATH\Views\v_template.php on line 197.
 1 APPPATH\Views\v_template.php(197): CodeIgniter\Debug\Exceptions->errorHandler(2, 'Undefined variable $icon', 'APPPATH\\Views\\v_template.php', 197)
 2 SYSTEMPATH\View\View.php(213): include('APPPATH\\Views\\v_template.php')
 3 SYSTEMPATH\View\View.php(216): CodeIgniter\View\View->CodeIgniter\View\{closure}()
 4 SYSTEMPATH\Common.php(1137): CodeIgniter\View\View->render('v_template', [], true)
 5 APPPATH\Controllers\Kategori.php(30): view('v_template', [...])
 6 SYSTEMPATH\CodeIgniter.php(898): App\Controllers\Kategori->index()
 7 SYSTEMPATH\CodeIgniter.php(457): CodeIgniter\CodeIgniter->runController(Object(App\Controllers\Kategori))
 8 SYSTEMPATH\CodeIgniter.php(340): CodeIgniter\CodeIgniter->handleRequest(null, Object(Config\Cache), false)
 9 FCPATH\index.php(67): CodeIgniter\CodeIgniter->run()
10 SYSTEMPATH\Commands\Server\rewrite.php(43): require_once('FCPATH\\index.php')
CRITICAL - 2025-03-03 07:46:38 --> Undefined variable $icon
in APPPATH\Views\v_template.php on line 199.
 1 APPPATH\Views\v_template.php(199): CodeIgniter\Debug\Exceptions->errorHandler(2, 'Undefined variable $icon', 'APPPATH\\Views\\v_template.php', 199)
 2 SYSTEMPATH\View\View.php(213): include('APPPATH\\Views\\v_template.php')
 3 SYSTEMPATH\View\View.php(216): CodeIgniter\View\View->CodeIgniter\View\{closure}()
 4 SYSTEMPATH\Common.php(1137): CodeIgniter\View\View->render('v_template', [], true)
 5 APPPATH\Controllers\Kategori.php(30): view('v_template', [...])
 6 SYSTEMPATH\CodeIgniter.php(898): App\Controllers\Kategori->index()
 7 SYSTEMPATH\CodeIgniter.php(457): CodeIgniter\CodeIgniter->runController(Object(App\Controllers\Kategori))
 8 SYSTEMPATH\CodeIgniter.php(340): CodeIgniter\CodeIgniter->handleRequest(null, Object(Config\Cache), false)
 9 FCPATH\index.php(67): CodeIgniter\CodeIgniter->run()
10 SYSTEMPATH\Commands\Server\rewrite.php(43): require_once('FCPATH\\index.php')
CRITICAL - 2025-03-03 07:49:53 --> Undefined variable $icon
in APPPATH\Views\v_template.php on line 194.
 1 APPPATH\Views\v_template.php(194): CodeIgniter\Debug\Exceptions->errorHandler(2, 'Undefined variable $icon', 'APPPATH\\Views\\v_template.php', 194)
 2 SYSTEMPATH\View\View.php(213): include('APPPATH\\Views\\v_template.php')
 3 SYSTEMPATH\View\View.php(216): CodeIgniter\View\View->CodeIgniter\View\{closure}()
 4 SYSTEMPATH\Common.php(1137): CodeIgniter\View\View->render('v_template', [], true)
 5 APPPATH\Controllers\Pelanggan.php(26): view('v_template', [...])
 6 SYSTEMPATH\CodeIgniter.php(898): App\Controllers\Pelanggan->index()
 7 SYSTEMPATH\CodeIgniter.php(457): CodeIgniter\CodeIgniter->runController(Object(App\Controllers\Pelanggan))
 8 SYSTEMPATH\CodeIgniter.php(340): CodeIgniter\CodeIgniter->handleRequest(null, Object(Config\Cache), false)
 9 FCPATH\index.php(67): CodeIgniter\CodeIgniter->run()
10 SYSTEMPATH\Commands\Server\rewrite.php(43): require_once('FCPATH\\index.php')
CRITICAL - 2025-03-03 07:53:19 --> Undefined variable $icon
in APPPATH\Views\v_template.php on line 194.
 1 APPPATH\Views\v_template.php(194): CodeIgniter\Debug\Exceptions->errorHandler(2, 'Undefined variable $icon', 'APPPATH\\Views\\v_template.php', 194)
 2 SYSTEMPATH\View\View.php(213): include('APPPATH\\Views\\v_template.php')
 3 SYSTEMPATH\View\View.php(216): CodeIgniter\View\View->CodeIgniter\View\{closure}()
 4 SYSTEMPATH\Common.php(1137): CodeIgniter\View\View->render('v_template', [], true)
 5 APPPATH\Controllers\Part.php(47): view('v_template', [...])
 6 SYSTEMPATH\CodeIgniter.php(898): App\Controllers\Part->index()
 7 SYSTEMPATH\CodeIgniter.php(457): CodeIgniter\CodeIgniter->runController(Object(App\Controllers\Part))
 8 SYSTEMPATH\CodeIgniter.php(340): CodeIgniter\CodeIgniter->handleRequest(null, Object(Config\Cache), false)
 9 FCPATH\index.php(67): CodeIgniter\CodeIgniter->run()
10 SYSTEMPATH\Commands\Server\rewrite.php(43): require_once('FCPATH\\index.php')
CRITICAL - 2025-03-03 07:56:31 --> Undefined variable $icon
in APPPATH\Views\v_template.php on line 194.
 1 APPPATH\Views\v_template.php(194): CodeIgniter\Debug\Exceptions->errorHandler(2, 'Undefined variable $icon', 'APPPATH\\Views\\v_template.php', 194)
 2 SYSTEMPATH\View\View.php(213): include('APPPATH\\Views\\v_template.php')
 3 SYSTEMPATH\View\View.php(216): CodeIgniter\View\View->CodeIgniter\View\{closure}()
 4 SYSTEMPATH\Common.php(1137): CodeIgniter\View\View->render('v_template', [], true)
 5 APPPATH\Controllers\User.php(18): view('v_template', [...])
 6 SYSTEMPATH\CodeIgniter.php(898): App\Controllers\User->index()
 7 SYSTEMPATH\CodeIgniter.php(457): CodeIgniter\CodeIgniter->runController(Object(App\Controllers\User))
 8 SYSTEMPATH\CodeIgniter.php(340): CodeIgniter\CodeIgniter->handleRequest(null, Object(Config\Cache), false)
 9 FCPATH\index.php(67): CodeIgniter\CodeIgniter->run()
10 SYSTEMPATH\Commands\Server\rewrite.php(43): require_once('FCPATH\\index.php')
>>>>>>> 5fba8374d417af574a3a4c127161e8378830b650
