CRITICAL - 2025-03-13 15:07:21 --> Trying to access array offset on value of type null
in APPPATH\Views\part\v_part.php on line 46.
 1 APPPATH\Views\part\v_part.php(46): CodeIgniter\Debug\Exceptions->errorHandler(2, 'Trying to access array offset on value of type null', 'APPPATH\\Views\\part\\v_part.php', 46)
 2 SYSTEMPATH\View\View.php(213): include('APPPATH\\Views\\part\\v_part.php')
 3 SYSTEMPATH\View\View.php(216): CodeIgniter\View\View->CodeIgniter\View\{closure}()
 4 SYSTEMPATH\Common.php(1137): CodeIgniter\View\View->render('part/v_part', [], true)
 5 APPPATH\Views\v_template.php(214): view('part/v_part')
 6 SYSTEMPATH\View\View.php(213): include('APPPATH\\Views\\v_template.php')
 7 SYSTEMPATH\View\View.php(216): CodeIgniter\View\View->CodeIgniter\View\{closure}()
 8 SYSTEMPATH\Common.php(1137): CodeIgniter\View\View->render('v_template', [], true)
 9 APPPATH\Controllers\Part.php(50): view('v_template', [...])
10 SYSTEMPATH\CodeIgniter.php(898): App\Controllers\Part->index()
11 SYSTEMPATH\CodeIgniter.php(457): CodeIgniter\CodeIgniter->runController(Object(App\Controllers\Part))
12 SYSTEMPATH\CodeIgniter.php(340): CodeIgniter\CodeIgniter->handleRequest(null, Object(Config\Cache), false)
13 FCPATH\index.php(67): CodeIgniter\CodeIgniter->run()
14 SYSTEMPATH\Commands\Server\rewrite.php(43): require_once('FCPATH\\index.php')
CRITICAL - 2025-03-13 15:09:08 --> Undefined variable $AllData
in APPPATH\Views\part\v_part.php on line 43.
 1 APPPATH\Views\part\v_part.php(43): CodeIgniter\Debug\Exceptions->errorHandler(2, 'Undefined variable $AllData', 'APPPATH\\Views\\part\\v_part.php', 43)
 2 SYSTEMPATH\View\View.php(213): include('APPPATH\\Views\\part\\v_part.php')
 3 SYSTEMPATH\View\View.php(216): CodeIgniter\View\View->CodeIgniter\View\{closure}()
 4 SYSTEMPATH\Common.php(1137): CodeIgniter\View\View->render('part/v_part', [], true)
 5 APPPATH\Views\v_template.php(214): view('part/v_part')
 6 SYSTEMPATH\View\View.php(213): include('APPPATH\\Views\\v_template.php')
 7 SYSTEMPATH\View\View.php(216): CodeIgniter\View\View->CodeIgniter\View\{closure}()
 8 SYSTEMPATH\Common.php(1137): CodeIgniter\View\View->render('v_template', [], true)
 9 APPPATH\Controllers\Part.php(50): view('v_template', [...])
10 SYSTEMPATH\CodeIgniter.php(898): App\Controllers\Part->index()
11 SYSTEMPATH\CodeIgniter.php(457): CodeIgniter\CodeIgniter->runController(Object(App\Controllers\Part))
12 SYSTEMPATH\CodeIgniter.php(340): CodeIgniter\CodeIgniter->handleRequest(null, Object(Config\Cache), false)
13 FCPATH\index.php(67): CodeIgniter\CodeIgniter->run()
14 SYSTEMPATH\Commands\Server\rewrite.php(43): require_once('FCPATH\\index.php')
CRITICAL - 2025-03-13 15:09:21 --> Trying to access array offset on value of type null
in APPPATH\Views\part\v_part.php on line 46.
 1 APPPATH\Views\part\v_part.php(46): CodeIgniter\Debug\Exceptions->errorHandler(2, 'Trying to access array offset on value of type null', 'APPPATH\\Views\\part\\v_part.php', 46)
 2 SYSTEMPATH\View\View.php(213): include('APPPATH\\Views\\part\\v_part.php')
 3 SYSTEMPATH\View\View.php(216): CodeIgniter\View\View->CodeIgniter\View\{closure}()
 4 SYSTEMPATH\Common.php(1137): CodeIgniter\View\View->render('part/v_part', [], true)
 5 APPPATH\Views\v_template.php(214): view('part/v_part')
 6 SYSTEMPATH\View\View.php(213): include('APPPATH\\Views\\v_template.php')
 7 SYSTEMPATH\View\View.php(216): CodeIgniter\View\View->CodeIgniter\View\{closure}()
 8 SYSTEMPATH\Common.php(1137): CodeIgniter\View\View->render('v_template', [], true)
 9 APPPATH\Controllers\Part.php(50): view('v_template', [...])
10 SYSTEMPATH\CodeIgniter.php(898): App\Controllers\Part->index()
11 SYSTEMPATH\CodeIgniter.php(457): CodeIgniter\CodeIgniter->runController(Object(App\Controllers\Part))
12 SYSTEMPATH\CodeIgniter.php(340): CodeIgniter\CodeIgniter->handleRequest(null, Object(Config\Cache), false)
13 FCPATH\index.php(67): CodeIgniter\CodeIgniter->run()
14 SYSTEMPATH\Commands\Server\rewrite.php(43): require_once('FCPATH\\index.php')
CRITICAL - 2025-03-13 15:33:43 --> Trying to access array offset on value of type null
in APPPATH\Views\part\v_part.php on line 46.
 1 APPPATH\Views\part\v_part.php(46): CodeIgniter\Debug\Exceptions->errorHandler(2, 'Trying to access array offset on value of type null', 'APPPATH\\Views\\part\\v_part.php', 46)
 2 SYSTEMPATH\View\View.php(213): include('APPPATH\\Views\\part\\v_part.php')
 3 SYSTEMPATH\View\View.php(216): CodeIgniter\View\View->CodeIgniter\View\{closure}()
 4 SYSTEMPATH\Common.php(1137): CodeIgniter\View\View->render('part/v_part', [], true)
 5 APPPATH\Views\v_template.php(214): view('part/v_part')
 6 SYSTEMPATH\View\View.php(213): include('APPPATH\\Views\\v_template.php')
 7 SYSTEMPATH\View\View.php(216): CodeIgniter\View\View->CodeIgniter\View\{closure}()
 8 SYSTEMPATH\Common.php(1137): CodeIgniter\View\View->render('v_template', [], true)
 9 APPPATH\Controllers\Part.php(50): view('v_template', [...])
10 SYSTEMPATH\CodeIgniter.php(898): App\Controllers\Part->index()
11 SYSTEMPATH\CodeIgniter.php(457): CodeIgniter\CodeIgniter->runController(Object(App\Controllers\Part))
12 SYSTEMPATH\CodeIgniter.php(340): CodeIgniter\CodeIgniter->handleRequest(null, Object(Config\Cache), false)
13 FCPATH\index.php(67): CodeIgniter\CodeIgniter->run()
14 SYSTEMPATH\Commands\Server\rewrite.php(43): require_once('FCPATH\\index.php')
CRITICAL - 2025-03-13 15:38:17 --> Trying to access array offset on value of type null
in APPPATH\Views\part\v_part.php on line 46.
 1 APPPATH\Views\part\v_part.php(46): CodeIgniter\Debug\Exceptions->errorHandler(2, 'Trying to access array offset on value of type null', 'APPPATH\\Views\\part\\v_part.php', 46)
 2 SYSTEMPATH\View\View.php(213): include('APPPATH\\Views\\part\\v_part.php')
 3 SYSTEMPATH\View\View.php(216): CodeIgniter\View\View->CodeIgniter\View\{closure}()
 4 SYSTEMPATH\Common.php(1137): CodeIgniter\View\View->render('part/v_part', [], true)
 5 APPPATH\Views\v_template.php(214): view('part/v_part')
 6 SYSTEMPATH\View\View.php(213): include('APPPATH\\Views\\v_template.php')
 7 SYSTEMPATH\View\View.php(216): CodeIgniter\View\View->CodeIgniter\View\{closure}()
 8 SYSTEMPATH\Common.php(1137): CodeIgniter\View\View->render('v_template', [], true)
 9 APPPATH\Controllers\Part.php(50): view('v_template', [...])
10 SYSTEMPATH\CodeIgniter.php(898): App\Controllers\Part->index()
11 SYSTEMPATH\CodeIgniter.php(457): CodeIgniter\CodeIgniter->runController(Object(App\Controllers\Part))
12 SYSTEMPATH\CodeIgniter.php(340): CodeIgniter\CodeIgniter->handleRequest(null, Object(Config\Cache), false)
13 FCPATH\index.php(67): CodeIgniter\CodeIgniter->run()
14 SYSTEMPATH\Commands\Server\rewrite.php(43): require_once('FCPATH\\index.php')
CRITICAL - 2025-03-13 16:04:32 --> Undefined variable $nohalaman
in APPPATH\Views\part\v_part.php on line 33.
 1 APPPATH\Views\part\v_part.php(33): CodeIgniter\Debug\Exceptions->errorHandler(2, 'Undefined variable $nohalaman', 'APPPATH\\Views\\part\\v_part.php', 33)
 2 SYSTEMPATH\View\View.php(213): include('APPPATH\\Views\\part\\v_part.php')
 3 SYSTEMPATH\View\View.php(216): CodeIgniter\View\View->CodeIgniter\View\{closure}()
 4 SYSTEMPATH\Common.php(1137): CodeIgniter\View\View->render('part/v_part', [], true)
 5 APPPATH\Views\v_template.php(214): view('part/v_part')
 6 SYSTEMPATH\View\View.php(213): include('APPPATH\\Views\\v_template.php')
 7 SYSTEMPATH\View\View.php(216): CodeIgniter\View\View->CodeIgniter\View\{closure}()
 8 SYSTEMPATH\Common.php(1137): CodeIgniter\View\View->render('v_template', [], true)
 9 APPPATH\Controllers\Part.php(50): view('v_template', [...])
10 SYSTEMPATH\CodeIgniter.php(898): App\Controllers\Part->index()
11 SYSTEMPATH\CodeIgniter.php(457): CodeIgniter\CodeIgniter->runController(Object(App\Controllers\Part))
12 SYSTEMPATH\CodeIgniter.php(340): CodeIgniter\CodeIgniter->handleRequest(null, Object(Config\Cache), false)
13 FCPATH\index.php(67): CodeIgniter\CodeIgniter->run()
14 SYSTEMPATH\Commands\Server\rewrite.php(43): require_once('FCPATH\\index.php')
CRITICAL - 2025-03-13 16:05:18 --> Trying to access array offset on value of type null
in APPPATH\Views\part\v_part.php on line 38.
 1 APPPATH\Views\part\v_part.php(38): CodeIgniter\Debug\Exceptions->errorHandler(2, 'Trying to access array offset on value of type null', 'APPPATH\\Views\\part\\v_part.php', 38)
 2 SYSTEMPATH\View\View.php(213): include('APPPATH\\Views\\part\\v_part.php')
 3 SYSTEMPATH\View\View.php(216): CodeIgniter\View\View->CodeIgniter\View\{closure}()
 4 SYSTEMPATH\Common.php(1137): CodeIgniter\View\View->render('part/v_part', [], true)
 5 APPPATH\Views\v_template.php(214): view('part/v_part')
 6 SYSTEMPATH\View\View.php(213): include('APPPATH\\Views\\v_template.php')
 7 SYSTEMPATH\View\View.php(216): CodeIgniter\View\View->CodeIgniter\View\{closure}()
 8 SYSTEMPATH\Common.php(1137): CodeIgniter\View\View->render('v_template', [], true)
 9 APPPATH\Controllers\Part.php(50): view('v_template', [...])
10 SYSTEMPATH\CodeIgniter.php(898): App\Controllers\Part->index()
11 SYSTEMPATH\CodeIgniter.php(457): CodeIgniter\CodeIgniter->runController(Object(App\Controllers\Part))
12 SYSTEMPATH\CodeIgniter.php(340): CodeIgniter\CodeIgniter->handleRequest(null, Object(Config\Cache), false)
13 FCPATH\index.php(67): CodeIgniter\CodeIgniter->run()
14 SYSTEMPATH\Commands\Server\rewrite.php(43): require_once('FCPATH\\index.php')
CRITICAL - 2025-03-13 16:05:49 --> Call to a member function links() on null
in APPPATH\Views\part\v_part.php on line 60.
 1 SYSTEMPATH\View\View.php(213): include()
 2 SYSTEMPATH\View\View.php(216): CodeIgniter\View\View->CodeIgniter\View\{closure}()
 3 SYSTEMPATH\Common.php(1137): CodeIgniter\View\View->render('part/v_part', [], true)
 4 APPPATH\Views\v_template.php(214): view('part/v_part')
 5 SYSTEMPATH\View\View.php(213): include('APPPATH\\Views\\v_template.php')
 6 SYSTEMPATH\View\View.php(216): CodeIgniter\View\View->CodeIgniter\View\{closure}()
 7 SYSTEMPATH\Common.php(1137): CodeIgniter\View\View->render('v_template', [], true)
 8 APPPATH\Controllers\Part.php(50): view('v_template', [...])
 9 SYSTEMPATH\CodeIgniter.php(898): App\Controllers\Part->index()
10 SYSTEMPATH\CodeIgniter.php(457): CodeIgniter\CodeIgniter->runController(Object(App\Controllers\Part))
11 SYSTEMPATH\CodeIgniter.php(340): CodeIgniter\CodeIgniter->handleRequest(null, Object(Config\Cache), false)
12 FCPATH\index.php(67): CodeIgniter\CodeIgniter->run()
13 SYSTEMPATH\Commands\Server\rewrite.php(43): require_once('FCPATH\\index.php')
CRITICAL - 2025-03-13 16:06:00 --> Undefined variable $kategori
in APPPATH\Views\part\v_part.php on line 98.
 1 APPPATH\Views\part\v_part.php(98): CodeIgniter\Debug\Exceptions->errorHandler(2, 'Undefined variable $kategori', 'APPPATH\\Views\\part\\v_part.php', 98)
 2 SYSTEMPATH\View\View.php(213): include('APPPATH\\Views\\part\\v_part.php')
 3 SYSTEMPATH\View\View.php(216): CodeIgniter\View\View->CodeIgniter\View\{closure}()
 4 SYSTEMPATH\Common.php(1137): CodeIgniter\View\View->render('part/v_part', [], true)
 5 APPPATH\Views\v_template.php(214): view('part/v_part')
 6 SYSTEMPATH\View\View.php(213): include('APPPATH\\Views\\v_template.php')
 7 SYSTEMPATH\View\View.php(216): CodeIgniter\View\View->CodeIgniter\View\{closure}()
 8 SYSTEMPATH\Common.php(1137): CodeIgniter\View\View->render('v_template', [], true)
 9 APPPATH\Controllers\Part.php(50): view('v_template', [...])
10 SYSTEMPATH\CodeIgniter.php(898): App\Controllers\Part->index()
11 SYSTEMPATH\CodeIgniter.php(457): CodeIgniter\CodeIgniter->runController(Object(App\Controllers\Part))
12 SYSTEMPATH\CodeIgniter.php(340): CodeIgniter\CodeIgniter->handleRequest(null, Object(Config\Cache), false)
13 FCPATH\index.php(67): CodeIgniter\CodeIgniter->run()
14 SYSTEMPATH\Commands\Server\rewrite.php(43): require_once('FCPATH\\index.php')
CRITICAL - 2025-03-13 16:12:40 --> Trying to access array offset on value of type null
in APPPATH\Views\part\v_part.php on line 50.
 1 APPPATH\Views\part\v_part.php(50): CodeIgniter\Debug\Exceptions->errorHandler(2, 'Trying to access array offset on value of type null', 'APPPATH\\Views\\part\\v_part.php', 50)
 2 SYSTEMPATH\View\View.php(213): include('APPPATH\\Views\\part\\v_part.php')
 3 SYSTEMPATH\View\View.php(216): CodeIgniter\View\View->CodeIgniter\View\{closure}()
 4 SYSTEMPATH\Common.php(1137): CodeIgniter\View\View->render('part/v_part', [], true)
 5 APPPATH\Views\v_template.php(214): view('part/v_part')
 6 SYSTEMPATH\View\View.php(213): include('APPPATH\\Views\\v_template.php')
 7 SYSTEMPATH\View\View.php(216): CodeIgniter\View\View->CodeIgniter\View\{closure}()
 8 SYSTEMPATH\Common.php(1137): CodeIgniter\View\View->render('v_template', [], true)
 9 APPPATH\Controllers\Part.php(50): view('v_template', [...])
10 SYSTEMPATH\CodeIgniter.php(898): App\Controllers\Part->index()
11 SYSTEMPATH\CodeIgniter.php(457): CodeIgniter\CodeIgniter->runController(Object(App\Controllers\Part))
12 SYSTEMPATH\CodeIgniter.php(340): CodeIgniter\CodeIgniter->handleRequest(null, Object(Config\Cache), false)
13 FCPATH\index.php(67): CodeIgniter\CodeIgniter->run()
14 SYSTEMPATH\Commands\Server\rewrite.php(43): require_once('FCPATH\\index.php')
CRITICAL - 2025-03-13 16:13:47 --> Undefined variable $AllData
in APPPATH\Views\part\v_part.php on line 47.
 1 APPPATH\Views\part\v_part.php(47): CodeIgniter\Debug\Exceptions->errorHandler(2, 'Undefined variable $AllData', 'APPPATH\\Views\\part\\v_part.php', 47)
 2 SYSTEMPATH\View\View.php(213): include('APPPATH\\Views\\part\\v_part.php')
 3 SYSTEMPATH\View\View.php(216): CodeIgniter\View\View->CodeIgniter\View\{closure}()
 4 SYSTEMPATH\Common.php(1137): CodeIgniter\View\View->render('part/v_part', [], true)
 5 APPPATH\Views\v_template.php(214): view('part/v_part')
 6 SYSTEMPATH\View\View.php(213): include('APPPATH\\Views\\v_template.php')
 7 SYSTEMPATH\View\View.php(216): CodeIgniter\View\View->CodeIgniter\View\{closure}()
 8 SYSTEMPATH\Common.php(1137): CodeIgniter\View\View->render('v_template', [], true)
 9 APPPATH\Controllers\Part.php(50): view('v_template', [...])
10 SYSTEMPATH\CodeIgniter.php(898): App\Controllers\Part->index()
11 SYSTEMPATH\CodeIgniter.php(457): CodeIgniter\CodeIgniter->runController(Object(App\Controllers\Part))
12 SYSTEMPATH\CodeIgniter.php(340): CodeIgniter\CodeIgniter->handleRequest(null, Object(Config\Cache), false)
13 FCPATH\index.php(67): CodeIgniter\CodeIgniter->run()
14 SYSTEMPATH\Commands\Server\rewrite.php(43): require_once('FCPATH\\index.php')
CRITICAL - 2025-03-13 16:13:56 --> Undefined variable $tampildata
in APPPATH\Views\part\v_part.php on line 47.
 1 APPPATH\Views\part\v_part.php(47): CodeIgniter\Debug\Exceptions->errorHandler(2, 'Undefined variable $tampildata', 'APPPATH\\Views\\part\\v_part.php', 47)
 2 SYSTEMPATH\View\View.php(213): include('APPPATH\\Views\\part\\v_part.php')
 3 SYSTEMPATH\View\View.php(216): CodeIgniter\View\View->CodeIgniter\View\{closure}()
 4 SYSTEMPATH\Common.php(1137): CodeIgniter\View\View->render('part/v_part', [], true)
 5 APPPATH\Views\v_template.php(214): view('part/v_part')
 6 SYSTEMPATH\View\View.php(213): include('APPPATH\\Views\\v_template.php')
 7 SYSTEMPATH\View\View.php(216): CodeIgniter\View\View->CodeIgniter\View\{closure}()
 8 SYSTEMPATH\Common.php(1137): CodeIgniter\View\View->render('v_template', [], true)
 9 APPPATH\Controllers\Part.php(50): view('v_template', [...])
10 SYSTEMPATH\CodeIgniter.php(898): App\Controllers\Part->index()
11 SYSTEMPATH\CodeIgniter.php(457): CodeIgniter\CodeIgniter->runController(Object(App\Controllers\Part))
12 SYSTEMPATH\CodeIgniter.php(340): CodeIgniter\CodeIgniter->handleRequest(null, Object(Config\Cache), false)
13 FCPATH\index.php(67): CodeIgniter\CodeIgniter->run()
14 SYSTEMPATH\Commands\Server\rewrite.php(43): require_once('FCPATH\\index.php')
CRITICAL - 2025-03-13 16:15:54 --> Call to undefined method App\Models\ModelPart::getResultArray
in SYSTEMPATH\Model.php on line 773.
 1 APPPATH\Views\part\v_part.php(47): CodeIgniter\Model->__call('getResultArray', [])
 2 SYSTEMPATH\View\View.php(213): include('APPPATH\\Views\\part\\v_part.php')
 3 SYSTEMPATH\View\View.php(216): CodeIgniter\View\View->CodeIgniter\View\{closure}()
 4 SYSTEMPATH\Common.php(1137): CodeIgniter\View\View->render('part/v_part', [], true)
 5 APPPATH\Views\v_template.php(214): view('part/v_part')
 6 SYSTEMPATH\View\View.php(213): include('APPPATH\\Views\\v_template.php')
 7 SYSTEMPATH\View\View.php(216): CodeIgniter\View\View->CodeIgniter\View\{closure}()
 8 SYSTEMPATH\Common.php(1137): CodeIgniter\View\View->render('v_template', [], true)
 9 APPPATH\Controllers\Part.php(50): view('v_template', [...])
10 SYSTEMPATH\CodeIgniter.php(898): App\Controllers\Part->index()
11 SYSTEMPATH\CodeIgniter.php(457): CodeIgniter\CodeIgniter->runController(Object(App\Controllers\Part))
12 SYSTEMPATH\CodeIgniter.php(340): CodeIgniter\CodeIgniter->handleRequest(null, Object(Config\Cache), false)
13 FCPATH\index.php(67): CodeIgniter\CodeIgniter->run()
14 SYSTEMPATH\Commands\Server\rewrite.php(43): require_once('FCPATH\\index.php')
CRITICAL - 2025-03-13 16:18:13 --> Undefined variable $AllData
in APPPATH\Views\part\v_part.php on line 47.
 1 APPPATH\Views\part\v_part.php(47): CodeIgniter\Debug\Exceptions->errorHandler(2, 'Undefined variable $AllData', 'APPPATH\\Views\\part\\v_part.php', 47)
 2 SYSTEMPATH\View\View.php(213): include('APPPATH\\Views\\part\\v_part.php')
 3 SYSTEMPATH\View\View.php(216): CodeIgniter\View\View->CodeIgniter\View\{closure}()
 4 SYSTEMPATH\Common.php(1137): CodeIgniter\View\View->render('part/v_part', [], true)
 5 APPPATH\Views\v_template.php(214): view('part/v_part')
 6 SYSTEMPATH\View\View.php(213): include('APPPATH\\Views\\v_template.php')
 7 SYSTEMPATH\View\View.php(216): CodeIgniter\View\View->CodeIgniter\View\{closure}()
 8 SYSTEMPATH\Common.php(1137): CodeIgniter\View\View->render('v_template', [], true)
 9 APPPATH\Controllers\Part.php(50): view('v_template', [...])
10 SYSTEMPATH\CodeIgniter.php(898): App\Controllers\Part->index()
11 SYSTEMPATH\CodeIgniter.php(457): CodeIgniter\CodeIgniter->runController(Object(App\Controllers\Part))
12 SYSTEMPATH\CodeIgniter.php(340): CodeIgniter\CodeIgniter->handleRequest(null, Object(Config\Cache), false)
13 FCPATH\index.php(67): CodeIgniter\CodeIgniter->run()
14 SYSTEMPATH\Commands\Server\rewrite.php(43): require_once('FCPATH\\index.php')
CRITICAL - 2025-03-13 16:18:28 --> Trying to access array offset on value of type null
in APPPATH\Views\part\v_part.php on line 50.
 1 APPPATH\Views\part\v_part.php(50): CodeIgniter\Debug\Exceptions->errorHandler(2, 'Trying to access array offset on value of type null', 'APPPATH\\Views\\part\\v_part.php', 50)
 2 SYSTEMPATH\View\View.php(213): include('APPPATH\\Views\\part\\v_part.php')
 3 SYSTEMPATH\View\View.php(216): CodeIgniter\View\View->CodeIgniter\View\{closure}()
 4 SYSTEMPATH\Common.php(1137): CodeIgniter\View\View->render('part/v_part', [], true)
 5 APPPATH\Views\v_template.php(214): view('part/v_part')
 6 SYSTEMPATH\View\View.php(213): include('APPPATH\\Views\\v_template.php')
 7 SYSTEMPATH\View\View.php(216): CodeIgniter\View\View->CodeIgniter\View\{closure}()
 8 SYSTEMPATH\Common.php(1137): CodeIgniter\View\View->render('v_template', [], true)
 9 APPPATH\Controllers\Part.php(50): view('v_template', [...])
10 SYSTEMPATH\CodeIgniter.php(898): App\Controllers\Part->index()
11 SYSTEMPATH\CodeIgniter.php(457): CodeIgniter\CodeIgniter->runController(Object(App\Controllers\Part))
12 SYSTEMPATH\CodeIgniter.php(340): CodeIgniter\CodeIgniter->handleRequest(null, Object(Config\Cache), false)
13 FCPATH\index.php(67): CodeIgniter\CodeIgniter->run()
14 SYSTEMPATH\Commands\Server\rewrite.php(43): require_once('FCPATH\\index.php')
CRITICAL - 2025-03-13 16:19:55 --> Trying to access array offset on value of type null
in APPPATH\Views\part\v_part.php on line 50.
 1 APPPATH\Views\part\v_part.php(50): CodeIgniter\Debug\Exceptions->errorHandler(2, 'Trying to access array offset on value of type null', 'APPPATH\\Views\\part\\v_part.php', 50)
 2 SYSTEMPATH\View\View.php(213): include('APPPATH\\Views\\part\\v_part.php')
 3 SYSTEMPATH\View\View.php(216): CodeIgniter\View\View->CodeIgniter\View\{closure}()
 4 SYSTEMPATH\Common.php(1137): CodeIgniter\View\View->render('part/v_part', [], true)
 5 APPPATH\Views\v_template.php(214): view('part/v_part')
 6 SYSTEMPATH\View\View.php(213): include('APPPATH\\Views\\v_template.php')
 7 SYSTEMPATH\View\View.php(216): CodeIgniter\View\View->CodeIgniter\View\{closure}()
 8 SYSTEMPATH\Common.php(1137): CodeIgniter\View\View->render('v_template', [], true)
 9 APPPATH\Controllers\Part.php(50): view('v_template', [...])
10 SYSTEMPATH\CodeIgniter.php(898): App\Controllers\Part->index()
11 SYSTEMPATH\CodeIgniter.php(457): CodeIgniter\CodeIgniter->runController(Object(App\Controllers\Part))
12 SYSTEMPATH\CodeIgniter.php(340): CodeIgniter\CodeIgniter->handleRequest(null, Object(Config\Cache), false)
13 FCPATH\index.php(67): CodeIgniter\CodeIgniter->run()
14 SYSTEMPATH\Commands\Server\rewrite.php(43): require_once('FCPATH\\index.php')
CRITICAL - 2025-03-13 16:20:16 --> Cannot use object of type mysqli as array
in APPPATH\Views\part\v_part.php on line 50.
 1 SYSTEMPATH\View\View.php(213): include()
 2 SYSTEMPATH\View\View.php(216): CodeIgniter\View\View->CodeIgniter\View\{closure}()
 3 SYSTEMPATH\Common.php(1137): CodeIgniter\View\View->render('part/v_part', [], true)
 4 APPPATH\Views\v_template.php(214): view('part/v_part')
 5 SYSTEMPATH\View\View.php(213): include('APPPATH\\Views\\v_template.php')
 6 SYSTEMPATH\View\View.php(216): CodeIgniter\View\View->CodeIgniter\View\{closure}()
 7 SYSTEMPATH\Common.php(1137): CodeIgniter\View\View->render('v_template', [], true)
 8 APPPATH\Controllers\Part.php(50): view('v_template', [...])
 9 SYSTEMPATH\CodeIgniter.php(898): App\Controllers\Part->index()
10 SYSTEMPATH\CodeIgniter.php(457): CodeIgniter\CodeIgniter->runController(Object(App\Controllers\Part))
11 SYSTEMPATH\CodeIgniter.php(340): CodeIgniter\CodeIgniter->handleRequest(null, Object(Config\Cache), false)
12 FCPATH\index.php(67): CodeIgniter\CodeIgniter->run()
13 SYSTEMPATH\Commands\Server\rewrite.php(43): require_once('FCPATH\\index.php')
CRITICAL - 2025-03-13 16:20:43 --> Cannot use object of type mysqli as array
in APPPATH\Views\part\v_part.php on line 35.
 1 SYSTEMPATH\View\View.php(213): include()
 2 SYSTEMPATH\View\View.php(216): CodeIgniter\View\View->CodeIgniter\View\{closure}()
 3 SYSTEMPATH\Common.php(1137): CodeIgniter\View\View->render('part/v_part', [], true)
 4 APPPATH\Views\v_template.php(214): view('part/v_part')
 5 SYSTEMPATH\View\View.php(213): include('APPPATH\\Views\\v_template.php')
 6 SYSTEMPATH\View\View.php(216): CodeIgniter\View\View->CodeIgniter\View\{closure}()
 7 SYSTEMPATH\Common.php(1137): CodeIgniter\View\View->render('v_template', [], true)
 8 APPPATH\Controllers\Part.php(50): view('v_template', [...])
 9 SYSTEMPATH\CodeIgniter.php(898): App\Controllers\Part->index()
10 SYSTEMPATH\CodeIgniter.php(457): CodeIgniter\CodeIgniter->runController(Object(App\Controllers\Part))
11 SYSTEMPATH\CodeIgniter.php(340): CodeIgniter\CodeIgniter->handleRequest(null, Object(Config\Cache), false)
12 FCPATH\index.php(67): CodeIgniter\CodeIgniter->run()
13 SYSTEMPATH\Commands\Server\rewrite.php(43): require_once('FCPATH\\index.php')
CRITICAL - 2025-03-13 16:20:56 --> Cannot use object of type mysqli as array
in APPPATH\Views\part\v_part.php on line 50.
 1 SYSTEMPATH\View\View.php(213): include()
 2 SYSTEMPATH\View\View.php(216): CodeIgniter\View\View->CodeIgniter\View\{closure}()
 3 SYSTEMPATH\Common.php(1137): CodeIgniter\View\View->render('part/v_part', [], true)
 4 APPPATH\Views\v_template.php(214): view('part/v_part')
 5 SYSTEMPATH\View\View.php(213): include('APPPATH\\Views\\v_template.php')
 6 SYSTEMPATH\View\View.php(216): CodeIgniter\View\View->CodeIgniter\View\{closure}()
 7 SYSTEMPATH\Common.php(1137): CodeIgniter\View\View->render('v_template', [], true)
 8 APPPATH\Controllers\Part.php(50): view('v_template', [...])
 9 SYSTEMPATH\CodeIgniter.php(898): App\Controllers\Part->index()
10 SYSTEMPATH\CodeIgniter.php(457): CodeIgniter\CodeIgniter->runController(Object(App\Controllers\Part))
11 SYSTEMPATH\CodeIgniter.php(340): CodeIgniter\CodeIgniter->handleRequest(null, Object(Config\Cache), false)
12 FCPATH\index.php(67): CodeIgniter\CodeIgniter->run()
13 SYSTEMPATH\Commands\Server\rewrite.php(43): require_once('FCPATH\\index.php')
CRITICAL - 2025-03-13 16:25:52 --> Undefined array key "nama_kategori"
in APPPATH\Views\part\v_part.php on line 52.
 1 APPPATH\Views\part\v_part.php(52): CodeIgniter\Debug\Exceptions->errorHandler(2, 'Undefined array key "nama_kategori"', 'APPPATH\\Views\\part\\v_part.php', 52)
 2 SYSTEMPATH\View\View.php(213): include('APPPATH\\Views\\part\\v_part.php')
 3 SYSTEMPATH\View\View.php(216): CodeIgniter\View\View->CodeIgniter\View\{closure}()
 4 SYSTEMPATH\Common.php(1137): CodeIgniter\View\View->render('part/v_part', [], true)
 5 APPPATH\Views\v_template.php(214): view('part/v_part')
 6 SYSTEMPATH\View\View.php(213): include('APPPATH\\Views\\v_template.php')
 7 SYSTEMPATH\View\View.php(216): CodeIgniter\View\View->CodeIgniter\View\{closure}()
 8 SYSTEMPATH\Common.php(1137): CodeIgniter\View\View->render('v_template', [], true)
 9 APPPATH\Controllers\Part.php(51): view('v_template', [...])
10 SYSTEMPATH\CodeIgniter.php(898): App\Controllers\Part->index()
11 SYSTEMPATH\CodeIgniter.php(457): CodeIgniter\CodeIgniter->runController(Object(App\Controllers\Part))
12 SYSTEMPATH\CodeIgniter.php(340): CodeIgniter\CodeIgniter->handleRequest(null, Object(Config\Cache), false)
13 FCPATH\index.php(67): CodeIgniter\CodeIgniter->run()
14 SYSTEMPATH\Commands\Server\rewrite.php(43): require_once('FCPATH\\index.php')
CRITICAL - 2025-03-13 16:26:32 --> Undefined array key "nama_kategori"
in APPPATH\Views\part\v_part.php on line 52.
 1 APPPATH\Views\part\v_part.php(52): CodeIgniter\Debug\Exceptions->errorHandler(2, 'Undefined array key "nama_kategori"', 'APPPATH\\Views\\part\\v_part.php', 52)
 2 SYSTEMPATH\View\View.php(213): include('APPPATH\\Views\\part\\v_part.php')
 3 SYSTEMPATH\View\View.php(216): CodeIgniter\View\View->CodeIgniter\View\{closure}()
 4 SYSTEMPATH\Common.php(1137): CodeIgniter\View\View->render('part/v_part', [], true)
 5 APPPATH\Views\v_template.php(214): view('part/v_part')
 6 SYSTEMPATH\View\View.php(213): include('APPPATH\\Views\\v_template.php')
 7 SYSTEMPATH\View\View.php(216): CodeIgniter\View\View->CodeIgniter\View\{closure}()
 8 SYSTEMPATH\Common.php(1137): CodeIgniter\View\View->render('v_template', [], true)
 9 APPPATH\Controllers\Part.php(51): view('v_template', [...])
10 SYSTEMPATH\CodeIgniter.php(898): App\Controllers\Part->index()
11 SYSTEMPATH\CodeIgniter.php(457): CodeIgniter\CodeIgniter->runController(Object(App\Controllers\Part))
12 SYSTEMPATH\CodeIgniter.php(340): CodeIgniter\CodeIgniter->handleRequest(null, Object(Config\Cache), false)
13 FCPATH\index.php(67): CodeIgniter\CodeIgniter->run()
14 SYSTEMPATH\Commands\Server\rewrite.php(43): require_once('FCPATH\\index.php')
CRITICAL - 2025-03-13 16:28:37 --> Undefined array key "id_kategori"
in APPPATH\Views\part\v_part.php on line 183.
 1 APPPATH\Views\part\v_part.php(183): CodeIgniter\Debug\Exceptions->errorHandler(2, 'Undefined array key "id_kategori"', 'APPPATH\\Views\\part\\v_part.php', 183)
 2 SYSTEMPATH\View\View.php(213): include('APPPATH\\Views\\part\\v_part.php')
 3 SYSTEMPATH\View\View.php(216): CodeIgniter\View\View->CodeIgniter\View\{closure}()
 4 SYSTEMPATH\Common.php(1137): CodeIgniter\View\View->render('part/v_part', [], true)
 5 APPPATH\Views\v_template.php(214): view('part/v_part')
 6 SYSTEMPATH\View\View.php(213): include('APPPATH\\Views\\v_template.php')
 7 SYSTEMPATH\View\View.php(216): CodeIgniter\View\View->CodeIgniter\View\{closure}()
 8 SYSTEMPATH\Common.php(1137): CodeIgniter\View\View->render('v_template', [], true)
 9 APPPATH\Controllers\Part.php(51): view('v_template', [...])
10 SYSTEMPATH\CodeIgniter.php(898): App\Controllers\Part->index()
11 SYSTEMPATH\CodeIgniter.php(457): CodeIgniter\CodeIgniter->runController(Object(App\Controllers\Part))
12 SYSTEMPATH\CodeIgniter.php(340): CodeIgniter\CodeIgniter->handleRequest(null, Object(Config\Cache), false)
13 FCPATH\index.php(67): CodeIgniter\CodeIgniter->run()
14 SYSTEMPATH\Commands\Server\rewrite.php(43): require_once('FCPATH\\index.php')
CRITICAL - 2025-03-13 16:52:15 --> Undefined array key "nama_kategori"
in APPPATH\Views\part\v_part.php on line 92.
 1 APPPATH\Views\part\v_part.php(92): CodeIgniter\Debug\Exceptions->errorHandler(2, 'Undefined array key "nama_kategori"', 'APPPATH\\Views\\part\\v_part.php', 92)
 2 SYSTEMPATH\View\View.php(213): include('APPPATH\\Views\\part\\v_part.php')
 3 SYSTEMPATH\View\View.php(216): CodeIgniter\View\View->CodeIgniter\View\{closure}()
 4 SYSTEMPATH\Common.php(1137): CodeIgniter\View\View->render('part/v_part', [], true)
 5 APPPATH\Views\v_template.php(214): view('part/v_part')
 6 SYSTEMPATH\View\View.php(213): include('APPPATH\\Views\\v_template.php')
 7 SYSTEMPATH\View\View.php(216): CodeIgniter\View\View->CodeIgniter\View\{closure}()
 8 SYSTEMPATH\Common.php(1137): CodeIgniter\View\View->render('v_template', [], true)
 9 APPPATH\Controllers\Part.php(51): view('v_template', [...])
10 SYSTEMPATH\CodeIgniter.php(898): App\Controllers\Part->index()
11 SYSTEMPATH\CodeIgniter.php(457): CodeIgniter\CodeIgniter->runController(Object(App\Controllers\Part))
12 SYSTEMPATH\CodeIgniter.php(340): CodeIgniter\CodeIgniter->handleRequest(null, Object(Config\Cache), false)
13 FCPATH\index.php(67): CodeIgniter\CodeIgniter->run()
14 SYSTEMPATH\Commands\Server\rewrite.php(43): require_once('FCPATH\\index.php')
CRITICAL - 2025-03-13 16:52:37 --> Cannot use object of type mysqli as array
in APPPATH\Views\part\v_part.php on line 46.
 1 SYSTEMPATH\View\View.php(213): include()
 2 SYSTEMPATH\View\View.php(216): CodeIgniter\View\View->CodeIgniter\View\{closure}()
 3 SYSTEMPATH\Common.php(1137): CodeIgniter\View\View->render('part/v_part', [], true)
 4 APPPATH\Views\v_template.php(214): view('part/v_part')
 5 SYSTEMPATH\View\View.php(213): include('APPPATH\\Views\\v_template.php')
 6 SYSTEMPATH\View\View.php(216): CodeIgniter\View\View->CodeIgniter\View\{closure}()
 7 SYSTEMPATH\Common.php(1137): CodeIgniter\View\View->render('v_template', [], true)
 8 APPPATH\Controllers\Part.php(51): view('v_template', [...])
 9 SYSTEMPATH\CodeIgniter.php(898): App\Controllers\Part->index()
10 SYSTEMPATH\CodeIgniter.php(457): CodeIgniter\CodeIgniter->runController(Object(App\Controllers\Part))
11 SYSTEMPATH\CodeIgniter.php(340): CodeIgniter\CodeIgniter->handleRequest(null, Object(Config\Cache), false)
12 FCPATH\index.php(67): CodeIgniter\CodeIgniter->run()
13 SYSTEMPATH\Commands\Server\rewrite.php(43): require_once('FCPATH\\index.php')
CRITICAL - 2025-03-13 16:53:21 --> Cannot use object of type mysqli as array
in APPPATH\Views\part\v_part.php on line 46.
 1 SYSTEMPATH\View\View.php(213): include()
 2 SYSTEMPATH\View\View.php(216): CodeIgniter\View\View->CodeIgniter\View\{closure}()
 3 SYSTEMPATH\Common.php(1137): CodeIgniter\View\View->render('part/v_part', [], true)
 4 APPPATH\Views\v_template.php(214): view('part/v_part')
 5 SYSTEMPATH\View\View.php(213): include('APPPATH\\Views\\v_template.php')
 6 SYSTEMPATH\View\View.php(216): CodeIgniter\View\View->CodeIgniter\View\{closure}()
 7 SYSTEMPATH\Common.php(1137): CodeIgniter\View\View->render('v_template', [], true)
 8 APPPATH\Controllers\Part.php(51): view('v_template', [...])
 9 SYSTEMPATH\CodeIgniter.php(898): App\Controllers\Part->index()
10 SYSTEMPATH\CodeIgniter.php(457): CodeIgniter\CodeIgniter->runController(Object(App\Controllers\Part))
11 SYSTEMPATH\CodeIgniter.php(340): CodeIgniter\CodeIgniter->handleRequest(null, Object(Config\Cache), false)
12 FCPATH\index.php(67): CodeIgniter\CodeIgniter->run()
13 SYSTEMPATH\Commands\Server\rewrite.php(43): require_once('FCPATH\\index.php')
CRITICAL - 2025-03-13 16:53:57 --> Cannot use object of type mysqli as array
in APPPATH\Views\part\v_part.php on line 46.
 1 SYSTEMPATH\View\View.php(213): include()
 2 SYSTEMPATH\View\View.php(216): CodeIgniter\View\View->CodeIgniter\View\{closure}()
 3 SYSTEMPATH\Common.php(1137): CodeIgniter\View\View->render('part/v_part', [], true)
 4 APPPATH\Views\v_template.php(214): view('part/v_part')
 5 SYSTEMPATH\View\View.php(213): include('APPPATH\\Views\\v_template.php')
 6 SYSTEMPATH\View\View.php(216): CodeIgniter\View\View->CodeIgniter\View\{closure}()
 7 SYSTEMPATH\Common.php(1137): CodeIgniter\View\View->render('v_template', [], true)
 8 APPPATH\Controllers\Part.php(51): view('v_template', [...])
 9 SYSTEMPATH\CodeIgniter.php(898): App\Controllers\Part->index()
10 SYSTEMPATH\CodeIgniter.php(457): CodeIgniter\CodeIgniter->runController(Object(App\Controllers\Part))
11 SYSTEMPATH\CodeIgniter.php(340): CodeIgniter\CodeIgniter->handleRequest(null, Object(Config\Cache), false)
12 FCPATH\index.php(67): CodeIgniter\CodeIgniter->run()
13 SYSTEMPATH\Commands\Server\rewrite.php(43): require_once('FCPATH\\index.php')
CRITICAL - 2025-03-13 16:55:43 --> Cannot use object of type mysqli as array
in APPPATH\Views\part\v_part.php on line 46.
 1 SYSTEMPATH\View\View.php(213): include()
 2 SYSTEMPATH\View\View.php(216): CodeIgniter\View\View->CodeIgniter\View\{closure}()
 3 SYSTEMPATH\Common.php(1137): CodeIgniter\View\View->render('part/v_part', [], true)
 4 APPPATH\Views\v_template.php(214): view('part/v_part')
 5 SYSTEMPATH\View\View.php(213): include('APPPATH\\Views\\v_template.php')
 6 SYSTEMPATH\View\View.php(216): CodeIgniter\View\View->CodeIgniter\View\{closure}()
 7 SYSTEMPATH\Common.php(1137): CodeIgniter\View\View->render('v_template', [], true)
 8 APPPATH\Controllers\Part.php(51): view('v_template', [...])
 9 SYSTEMPATH\CodeIgniter.php(898): App\Controllers\Part->index()
10 SYSTEMPATH\CodeIgniter.php(457): CodeIgniter\CodeIgniter->runController(Object(App\Controllers\Part))
11 SYSTEMPATH\CodeIgniter.php(340): CodeIgniter\CodeIgniter->handleRequest(null, Object(Config\Cache), false)
12 FCPATH\index.php(67): CodeIgniter\CodeIgniter->run()
13 SYSTEMPATH\Commands\Server\rewrite.php(43): require_once('FCPATH\\index.php')
CRITICAL - 2025-03-13 16:58:25 --> Cannot use object of type mysqli as array
in APPPATH\Views\part\v_part.php on line 46.
 1 SYSTEMPATH\View\View.php(213): include()
 2 SYSTEMPATH\View\View.php(216): CodeIgniter\View\View->CodeIgniter\View\{closure}()
 3 SYSTEMPATH\Common.php(1137): CodeIgniter\View\View->render('part/v_part', [], true)
 4 APPPATH\Views\v_template.php(214): view('part/v_part')
 5 SYSTEMPATH\View\View.php(213): include('APPPATH\\Views\\v_template.php')
 6 SYSTEMPATH\View\View.php(216): CodeIgniter\View\View->CodeIgniter\View\{closure}()
 7 SYSTEMPATH\Common.php(1137): CodeIgniter\View\View->render('v_template', [], true)
 8 APPPATH\Controllers\Part.php(51): view('v_template', [...])
 9 SYSTEMPATH\CodeIgniter.php(898): App\Controllers\Part->index()
10 SYSTEMPATH\CodeIgniter.php(457): CodeIgniter\CodeIgniter->runController(Object(App\Controllers\Part))
11 SYSTEMPATH\CodeIgniter.php(340): CodeIgniter\CodeIgniter->handleRequest(null, Object(Config\Cache), false)
12 FCPATH\index.php(67): CodeIgniter\CodeIgniter->run()
13 SYSTEMPATH\Commands\Server\rewrite.php(43): require_once('FCPATH\\index.php')
CRITICAL - 2025-03-13 17:00:57 --> Cannot use object of type mysqli as array
in APPPATH\Views\part\v_part.php on line 46.
 1 SYSTEMPATH\View\View.php(213): include()
 2 SYSTEMPATH\View\View.php(216): CodeIgniter\View\View->CodeIgniter\View\{closure}()
 3 SYSTEMPATH\Common.php(1137): CodeIgniter\View\View->render('part/v_part', [], true)
 4 APPPATH\Views\v_template.php(214): view('part/v_part')
 5 SYSTEMPATH\View\View.php(213): include('APPPATH\\Views\\v_template.php')
 6 SYSTEMPATH\View\View.php(216): CodeIgniter\View\View->CodeIgniter\View\{closure}()
 7 SYSTEMPATH\Common.php(1137): CodeIgniter\View\View->render('v_template', [], true)
 8 APPPATH\Controllers\Part.php(51): view('v_template', [...])
 9 SYSTEMPATH\CodeIgniter.php(898): App\Controllers\Part->index()
10 SYSTEMPATH\CodeIgniter.php(457): CodeIgniter\CodeIgniter->runController(Object(App\Controllers\Part))
11 SYSTEMPATH\CodeIgniter.php(340): CodeIgniter\CodeIgniter->handleRequest(null, Object(Config\Cache), false)
12 FCPATH\index.php(67): CodeIgniter\CodeIgniter->run()
13 SYSTEMPATH\Commands\Server\rewrite.php(43): require_once('FCPATH\\index.php')
CRITICAL - 2025-03-13 17:01:45 --> Invalid file: part/v_part.php
in SYSTEMPATH\Exceptions\FrameworkException.php on line 33.
 1 SYSTEMPATH\View\View.php(201): CodeIgniter\Exceptions\FrameworkException::forInvalidFile('part/v_part.php')
 2 SYSTEMPATH\Common.php(1137): CodeIgniter\View\View->render('part/v_part', [], true)
 3 APPPATH\Views\v_template.php(214): view('part/v_part')
 4 SYSTEMPATH\View\View.php(213): include('APPPATH\\Views\\v_template.php')
 5 SYSTEMPATH\View\View.php(216): CodeIgniter\View\View->CodeIgniter\View\{closure}()
 6 SYSTEMPATH\Common.php(1137): CodeIgniter\View\View->render('v_template', [], true)
 7 APPPATH\Controllers\Part.php(51): view('v_template', [...])
 8 SYSTEMPATH\CodeIgniter.php(898): App\Controllers\Part->index()
 9 SYSTEMPATH\CodeIgniter.php(457): CodeIgniter\CodeIgniter->runController(Object(App\Controllers\Part))
10 SYSTEMPATH\CodeIgniter.php(340): CodeIgniter\CodeIgniter->handleRequest(null, Object(Config\Cache), false)
11 FCPATH\index.php(67): CodeIgniter\CodeIgniter->run()
12 SYSTEMPATH\Commands\Server\rewrite.php(43): require_once('FCPATH\\index.php')
CRITICAL - 2025-03-13 17:02:08 --> Invalid file: part/v_part.php
in SYSTEMPATH\Exceptions\FrameworkException.php on line 33.
 1 SYSTEMPATH\View\View.php(201): CodeIgniter\Exceptions\FrameworkException::forInvalidFile('part/v_part.php')
 2 SYSTEMPATH\Common.php(1137): CodeIgniter\View\View->render('part/v_part', [], true)
 3 APPPATH\Views\v_template.php(214): view('part/v_part')
 4 SYSTEMPATH\View\View.php(213): include('APPPATH\\Views\\v_template.php')
 5 SYSTEMPATH\View\View.php(216): CodeIgniter\View\View->CodeIgniter\View\{closure}()
 6 SYSTEMPATH\Common.php(1137): CodeIgniter\View\View->render('v_template', [], true)
 7 APPPATH\Controllers\Part.php(51): view('v_template', [...])
 8 SYSTEMPATH\CodeIgniter.php(898): App\Controllers\Part->index()
 9 SYSTEMPATH\CodeIgniter.php(457): CodeIgniter\CodeIgniter->runController(Object(App\Controllers\Part))
10 SYSTEMPATH\CodeIgniter.php(340): CodeIgniter\CodeIgniter->handleRequest(null, Object(Config\Cache), false)
11 FCPATH\index.php(67): CodeIgniter\CodeIgniter->run()
12 SYSTEMPATH\Commands\Server\rewrite.php(43): require_once('FCPATH\\index.php')
CRITICAL - 2025-03-13 17:02:24 --> Invalid file: part/v_part.php
in SYSTEMPATH\Exceptions\FrameworkException.php on line 33.
 1 SYSTEMPATH\View\View.php(201): CodeIgniter\Exceptions\FrameworkException::forInvalidFile('part/v_part.php')
 2 SYSTEMPATH\Common.php(1137): CodeIgniter\View\View->render('part/v_part', [], true)
 3 APPPATH\Views\v_template.php(214): view('part/v_part')
 4 SYSTEMPATH\View\View.php(213): include('APPPATH\\Views\\v_template.php')
 5 SYSTEMPATH\View\View.php(216): CodeIgniter\View\View->CodeIgniter\View\{closure}()
 6 SYSTEMPATH\Common.php(1137): CodeIgniter\View\View->render('v_template', [], true)
 7 APPPATH\Controllers\Part.php(51): view('v_template', [...])
 8 SYSTEMPATH\CodeIgniter.php(898): App\Controllers\Part->index()
 9 SYSTEMPATH\CodeIgniter.php(457): CodeIgniter\CodeIgniter->runController(Object(App\Controllers\Part))
10 SYSTEMPATH\CodeIgniter.php(340): CodeIgniter\CodeIgniter->handleRequest(null, Object(Config\Cache), false)
11 FCPATH\index.php(67): CodeIgniter\CodeIgniter->run()
12 SYSTEMPATH\Commands\Server\rewrite.php(43): require_once('FCPATH\\index.php')
CRITICAL - 2025-03-13 17:02:48 --> Invalid file: part/v_part.php
in SYSTEMPATH\Exceptions\FrameworkException.php on line 33.
 1 SYSTEMPATH\View\View.php(201): CodeIgniter\Exceptions\FrameworkException::forInvalidFile('part/v_part.php')
 2 SYSTEMPATH\Common.php(1137): CodeIgniter\View\View->render('part/v_part', [], true)
 3 APPPATH\Views\v_template.php(214): view('part/v_part')
 4 SYSTEMPATH\View\View.php(213): include('APPPATH\\Views\\v_template.php')
 5 SYSTEMPATH\View\View.php(216): CodeIgniter\View\View->CodeIgniter\View\{closure}()
 6 SYSTEMPATH\Common.php(1137): CodeIgniter\View\View->render('v_template', [], true)
 7 APPPATH\Controllers\Part.php(51): view('v_template', [...])
 8 SYSTEMPATH\CodeIgniter.php(898): App\Controllers\Part->index()
 9 SYSTEMPATH\CodeIgniter.php(457): CodeIgniter\CodeIgniter->runController(Object(App\Controllers\Part))
10 SYSTEMPATH\CodeIgniter.php(340): CodeIgniter\CodeIgniter->handleRequest(null, Object(Config\Cache), false)
11 FCPATH\index.php(67): CodeIgniter\CodeIgniter->run()
12 SYSTEMPATH\Commands\Server\rewrite.php(43): require_once('FCPATH\\index.php')
