ERROR - 2025-03-04 09:05:53 --> Error connecting to the database: mysqli_sql_exception: No connection could be made because the target machine actively refused it in C:\xampp\htdocs\posbengkel\system\Database\MySQLi\Connection.php:170
Stack trace:
#0 C:\xampp\htdocs\posbengkel\system\Database\MySQLi\Connection.php(170): mysqli->real_connect('localhost', 'root', Object(SensitiveParameterValue), 'posbengkel', 3306, '', 0)
#1 C:\xampp\htdocs\posbengkel\system\Database\BaseConnection.php(382): CodeIgniter\Database\MySQLi\Connection->connect(false)
#2 C:\xampp\htdocs\posbengkel\system\Database\BaseConnection.php(588): CodeIgniter\Database\BaseConnection->initialize()
#3 C:\xampp\htdocs\posbengkel\system\Database\BaseBuilder.php(1669): CodeIgniter\Database\BaseConnection->query('SELECT COUNT(*)...', Array, false)
#4 C:\xampp\htdocs\posbengkel\system\Model.php(550): CodeIgniter\Database\BaseBuilder->countAllResults(false)
#5 C:\xampp\htdocs\posbengkel\system\BaseModel.php(1085): CodeIgniter\Model->countAllResults(false)
#6 C:\xampp\htdocs\posbengkel\app\Controllers\Part.php(43): CodeIgniter\BaseModel->paginate(10, 'part')
#7 C:\xampp\htdocs\posbengkel\system\CodeIgniter.php(898): App\Controllers\Part->index()
#8 C:\xampp\htdocs\posbengkel\system\CodeIgniter.php(457): CodeIgniter\CodeIgniter->runController(Object(App\Controllers\Part))
#9 C:\xampp\htdocs\posbengkel\system\CodeIgniter.php(340): CodeIgniter\CodeIgniter->handleRequest(NULL, Object(Config\Cache), false)
#10 C:\xampp\htdocs\posbengkel\public\index.php(67): CodeIgniter\CodeIgniter->run()
#11 C:\xampp\htdocs\posbengkel\system\Commands\Server\rewrite.php(43): require_once('C:\\xampp\\htdocs...')
#12 {main}

Next CodeIgniter\Database\Exceptions\DatabaseException: No connection could be made because the target machine actively refused it in C:\xampp\htdocs\posbengkel\system\Database\MySQLi\Connection.php:215
Stack trace:
#0 C:\xampp\htdocs\posbengkel\system\Database\BaseConnection.php(382): CodeIgniter\Database\MySQLi\Connection->connect(false)
#1 C:\xampp\htdocs\posbengkel\system\Database\BaseConnection.php(588): CodeIgniter\Database\BaseConnection->initialize()
#2 C:\xampp\htdocs\posbengkel\system\Database\BaseBuilder.php(1669): CodeIgniter\Database\BaseConnection->query('SELECT COUNT(*)...', Array, false)
#3 C:\xampp\htdocs\posbengkel\system\Model.php(550): CodeIgniter\Database\BaseBuilder->countAllResults(false)
#4 C:\xampp\htdocs\posbengkel\system\BaseModel.php(1085): CodeIgniter\Model->countAllResults(false)
#5 C:\xampp\htdocs\posbengkel\app\Controllers\Part.php(43): CodeIgniter\BaseModel->paginate(10, 'part')
#6 C:\xampp\htdocs\posbengkel\system\CodeIgniter.php(898): App\Controllers\Part->index()
#7 C:\xampp\htdocs\posbengkel\system\CodeIgniter.php(457): CodeIgniter\CodeIgniter->runController(Object(App\Controllers\Part))
#8 C:\xampp\htdocs\posbengkel\system\CodeIgniter.php(340): CodeIgniter\CodeIgniter->handleRequest(NULL, Object(Config\Cache), false)
#9 C:\xampp\htdocs\posbengkel\public\index.php(67): CodeIgniter\CodeIgniter->run()
#10 C:\xampp\htdocs\posbengkel\system\Commands\Server\rewrite.php(43): require_once('C:\\xampp\\htdocs...')
#11 {main}
CRITICAL - 2025-03-04 09:05:53 --> Unable to connect to the database.
Main connection [MySQLi]: No connection could be made because the target machine actively refused it
in SYSTEMPATH\Database\BaseConnection.php on line 418.
 1 SYSTEMPATH\Database\BaseConnection.php(588): CodeIgniter\Database\BaseConnection->initialize()
 2 SYSTEMPATH\Database\BaseBuilder.php(1669): CodeIgniter\Database\BaseConnection->query('SELECT COUNT(*) AS `numrows`
FROM `part`', [], false)
 3 SYSTEMPATH\Model.php(550): CodeIgniter\Database\BaseBuilder->countAllResults(false)
 4 SYSTEMPATH\BaseModel.php(1085): CodeIgniter\Model->countAllResults(false)
 5 APPPATH\Controllers\Part.php(43): CodeIgniter\BaseModel->paginate(10, 'part')
 6 SYSTEMPATH\CodeIgniter.php(898): App\Controllers\Part->index()
 7 SYSTEMPATH\CodeIgniter.php(457): CodeIgniter\CodeIgniter->runController(Object(App\Controllers\Part))
 8 SYSTEMPATH\CodeIgniter.php(340): CodeIgniter\CodeIgniter->handleRequest(null, Object(Config\Cache), false)
 9 FCPATH\index.php(67): CodeIgniter\CodeIgniter->run()
10 SYSTEMPATH\Commands\Server\rewrite.php(43): require_once('FCPATH\\index.php')
CRITICAL - 2025-03-04 09:29:33 --> Call to a member function links() on null
in APPPATH\Views\part\v_part.php on line 67.
 1 SYSTEMPATH\View\View.php(213): include()
 2 SYSTEMPATH\View\View.php(216): CodeIgniter\View\View->CodeIgniter\View\{closure}()
 3 SYSTEMPATH\Common.php(1137): CodeIgniter\View\View->render('part/v_part', [], true)
 4 APPPATH\Views\v_template.php(214): view('part/v_part')
 5 SYSTEMPATH\View\View.php(213): include('APPPATH\\Views\\v_template.php')
 6 SYSTEMPATH\View\View.php(216): CodeIgniter\View\View->CodeIgniter\View\{closure}()
 7 SYSTEMPATH\Common.php(1137): CodeIgniter\View\View->render('v_template', [], true)
 8 APPPATH\Controllers\Part.php(48): view('v_template', [...])
 9 SYSTEMPATH\CodeIgniter.php(898): App\Controllers\Part->index()
10 SYSTEMPATH\CodeIgniter.php(457): CodeIgniter\CodeIgniter->runController(Object(App\Controllers\Part))
11 SYSTEMPATH\CodeIgniter.php(340): CodeIgniter\CodeIgniter->handleRequest(null, Object(Config\Cache), false)
12 FCPATH\index.php(67): CodeIgniter\CodeIgniter->run()
13 SYSTEMPATH\Commands\Server\rewrite.php(43): require_once('FCPATH\\index.php')
CRITICAL - 2025-03-04 09:56:01 --> Undefined variable $item
in APPPATH\Views\part\v_part.php on line 192.
 1 APPPATH\Views\part\v_part.php(192): CodeIgniter\Debug\Exceptions->errorHandler(2, 'Undefined variable $item', 'APPPATH\\Views\\part\\v_part.php', 192)
 2 SYSTEMPATH\View\View.php(213): include('APPPATH\\Views\\part\\v_part.php')
 3 SYSTEMPATH\View\View.php(216): CodeIgniter\View\View->CodeIgniter\View\{closure}()
 4 SYSTEMPATH\Common.php(1137): CodeIgniter\View\View->render('part/v_part', [], true)
 5 APPPATH\Views\v_template.php(214): view('part/v_part')
 6 SYSTEMPATH\View\View.php(213): include('APPPATH\\Views\\v_template.php')
 7 SYSTEMPATH\View\View.php(216): CodeIgniter\View\View->CodeIgniter\View\{closure}()
 8 SYSTEMPATH\Common.php(1137): CodeIgniter\View\View->render('v_template', [], true)
 9 APPPATH\Controllers\Part.php(51): view('v_template', [...])
10 SYSTEMPATH\CodeIgniter.php(898): App\Controllers\Part->index()
11 SYSTEMPATH\CodeIgniter.php(457): CodeIgniter\CodeIgniter->runController(Object(App\Controllers\Part))
12 SYSTEMPATH\CodeIgniter.php(340): CodeIgniter\CodeIgniter->handleRequest(null, Object(Config\Cache), false)
13 FCPATH\index.php(67): CodeIgniter\CodeIgniter->run()
14 SYSTEMPATH\Commands\Server\rewrite.php(43): require_once('FCPATH\\index.php')
