CRITICAL - 2025-04-09 05:59:49 --> Invalid file: transaksi_keluar/detaildataitem.php
in SYSTEMPATH\Exceptions\FrameworkException.php on line 33.
 1 SYSTEMPATH\View\View.php(201): CodeIgniter\Exceptions\FrameworkException::forInvalidFile('transaksi_keluar/detaildataitem.php')
 2 SYSTEMPATH\Common.php(1137): CodeIgniter\View\View->render('transaksi_keluar/detaildataitem', [], true)
 3 APPPATH\Controllers\TransaksiKeluar.php(163): view('transaksi_keluar/detaildataitem', [...])
 4 SYSTEMPATH\CodeIgniter.php(898): App\Controllers\TransaksiKeluar->detailCariItem()
 5 SYSTEMPATH\CodeIgniter.php(457): CodeIgniter\CodeIgniter->runController(Object(App\Controllers\TransaksiKeluar))
 6 SYSTEMPATH\CodeIgniter.php(340): CodeIgniter\CodeIgniter->handleRequest(null, Object(Config\Cache), false)
 7 FCPATH\index.php(67): CodeIgniter\CodeIgniter->run()
 8 SYSTEMPATH\Commands\Server\rewrite.php(43): require_once('FCPATH\\index.php')
CRITICAL - 2025-04-09 05:59:52 --> Invalid file: transaksi_keluar/detaildataitem.php
in SYSTEMPATH\Exceptions\FrameworkException.php on line 33.
 1 SYSTEMPATH\View\View.php(201): CodeIgniter\Exceptions\FrameworkException::forInvalidFile('transaksi_keluar/detaildataitem.php')
 2 SYSTEMPATH\Common.php(1137): CodeIgniter\View\View->render('transaksi_keluar/detaildataitem', [], true)
 3 APPPATH\Controllers\TransaksiKeluar.php(163): view('transaksi_keluar/detaildataitem', [...])
 4 SYSTEMPATH\CodeIgniter.php(898): App\Controllers\TransaksiKeluar->detailCariItem()
 5 SYSTEMPATH\CodeIgniter.php(457): CodeIgniter\CodeIgniter->runController(Object(App\Controllers\TransaksiKeluar))
 6 SYSTEMPATH\CodeIgniter.php(340): CodeIgniter\CodeIgniter->handleRequest(null, Object(Config\Cache), false)
 7 FCPATH\index.php(67): CodeIgniter\CodeIgniter->run()
 8 SYSTEMPATH\Commands\Server\rewrite.php(43): require_once('FCPATH\\index.php')
CRITICAL - 2025-04-09 06:00:33 --> Invalid file: transaksi_keluar/detaildataitem.php
in SYSTEMPATH\Exceptions\FrameworkException.php on line 33.
 1 SYSTEMPATH\View\View.php(201): CodeIgniter\Exceptions\FrameworkException::forInvalidFile('transaksi_keluar/detaildataitem.php')
 2 SYSTEMPATH\Common.php(1137): CodeIgniter\View\View->render('transaksi_keluar/detaildataitem', [], true)
 3 APPPATH\Controllers\TransaksiKeluar.php(163): view('transaksi_keluar/detaildataitem', [...])
 4 SYSTEMPATH\CodeIgniter.php(898): App\Controllers\TransaksiKeluar->detailCariItem()
 5 SYSTEMPATH\CodeIgniter.php(457): CodeIgniter\CodeIgniter->runController(Object(App\Controllers\TransaksiKeluar))
 6 SYSTEMPATH\CodeIgniter.php(340): CodeIgniter\CodeIgniter->handleRequest(null, Object(Config\Cache), false)
 7 FCPATH\index.php(67): CodeIgniter\CodeIgniter->run()
 8 SYSTEMPATH\Commands\Server\rewrite.php(43): require_once('FCPATH\\index.php')
CRITICAL - 2025-04-09 06:00:38 --> Invalid file: transaksi_keluar/detaildataitem.php
in SYSTEMPATH\Exceptions\FrameworkException.php on line 33.
 1 SYSTEMPATH\View\View.php(201): CodeIgniter\Exceptions\FrameworkException::forInvalidFile('transaksi_keluar/detaildataitem.php')
 2 SYSTEMPATH\Common.php(1137): CodeIgniter\View\View->render('transaksi_keluar/detaildataitem', [], true)
 3 APPPATH\Controllers\TransaksiKeluar.php(163): view('transaksi_keluar/detaildataitem', [...])
 4 SYSTEMPATH\CodeIgniter.php(898): App\Controllers\TransaksiKeluar->detailCariItem()
 5 SYSTEMPATH\CodeIgniter.php(457): CodeIgniter\CodeIgniter->runController(Object(App\Controllers\TransaksiKeluar))
 6 SYSTEMPATH\CodeIgniter.php(340): CodeIgniter\CodeIgniter->handleRequest(null, Object(Config\Cache), false)
 7 FCPATH\index.php(67): CodeIgniter\CodeIgniter->run()
 8 SYSTEMPATH\Commands\Server\rewrite.php(43): require_once('FCPATH\\index.php')
CRITICAL - 2025-04-09 06:04:32 --> Invalid file: transaksi_keluar/detaildataitem.php
in SYSTEMPATH\Exceptions\FrameworkException.php on line 33.
 1 SYSTEMPATH\View\View.php(201): CodeIgniter\Exceptions\FrameworkException::forInvalidFile('transaksi_keluar/detaildataitem.php')
 2 SYSTEMPATH\Common.php(1137): CodeIgniter\View\View->render('transaksi_keluar/detaildataitem', [], true)
 3 APPPATH\Controllers\TransaksiKeluar.php(163): view('transaksi_keluar/detaildataitem', [...])
 4 SYSTEMPATH\CodeIgniter.php(898): App\Controllers\TransaksiKeluar->detailCariItem()
 5 SYSTEMPATH\CodeIgniter.php(457): CodeIgniter\CodeIgniter->runController(Object(App\Controllers\TransaksiKeluar))
 6 SYSTEMPATH\CodeIgniter.php(340): CodeIgniter\CodeIgniter->handleRequest(null, Object(Config\Cache), false)
 7 FCPATH\index.php(67): CodeIgniter\CodeIgniter->run()
 8 SYSTEMPATH\Commands\Server\rewrite.php(43): require_once('FCPATH\\index.php')
CRITICAL - 2025-04-09 06:06:20 --> Invalid file: transaksi_keluar/detaildataitem.php
in SYSTEMPATH\Exceptions\FrameworkException.php on line 33.
 1 SYSTEMPATH\View\View.php(201): CodeIgniter\Exceptions\FrameworkException::forInvalidFile('transaksi_keluar/detaildataitem.php')
 2 SYSTEMPATH\Common.php(1137): CodeIgniter\View\View->render('transaksi_keluar/detaildataitem', [], true)
 3 APPPATH\Controllers\TransaksiKeluar.php(163): view('transaksi_keluar/detaildataitem', [...])
 4 SYSTEMPATH\CodeIgniter.php(898): App\Controllers\TransaksiKeluar->detailCariItem()
 5 SYSTEMPATH\CodeIgniter.php(457): CodeIgniter\CodeIgniter->runController(Object(App\Controllers\TransaksiKeluar))
 6 SYSTEMPATH\CodeIgniter.php(340): CodeIgniter\CodeIgniter->handleRequest(null, Object(Config\Cache), false)
 7 FCPATH\index.php(67): CodeIgniter\CodeIgniter->run()
 8 SYSTEMPATH\Commands\Server\rewrite.php(43): require_once('FCPATH\\index.php')
CRITICAL - 2025-04-09 06:06:24 --> Invalid file: transaksi_keluar/detaildataitem.php
in SYSTEMPATH\Exceptions\FrameworkException.php on line 33.
 1 SYSTEMPATH\View\View.php(201): CodeIgniter\Exceptions\FrameworkException::forInvalidFile('transaksi_keluar/detaildataitem.php')
 2 SYSTEMPATH\Common.php(1137): CodeIgniter\View\View->render('transaksi_keluar/detaildataitem', [], true)
 3 APPPATH\Controllers\TransaksiKeluar.php(163): view('transaksi_keluar/detaildataitem', [...])
 4 SYSTEMPATH\CodeIgniter.php(898): App\Controllers\TransaksiKeluar->detailCariItem()
 5 SYSTEMPATH\CodeIgniter.php(457): CodeIgniter\CodeIgniter->runController(Object(App\Controllers\TransaksiKeluar))
 6 SYSTEMPATH\CodeIgniter.php(340): CodeIgniter\CodeIgniter->handleRequest(null, Object(Config\Cache), false)
 7 FCPATH\index.php(67): CodeIgniter\CodeIgniter->run()
 8 SYSTEMPATH\Commands\Server\rewrite.php(43): require_once('FCPATH\\index.php')
CRITICAL - 2025-04-09 06:12:55 --> Invalid file: transaksi_keluar/detaildataitem.php
in SYSTEMPATH\Exceptions\FrameworkException.php on line 33.
 1 SYSTEMPATH\View\View.php(201): CodeIgniter\Exceptions\FrameworkException::forInvalidFile('transaksi_keluar/detaildataitem.php')
 2 SYSTEMPATH\Common.php(1137): CodeIgniter\View\View->render('transaksi_keluar/detaildataitem', [], true)
 3 APPPATH\Controllers\TransaksiKeluar.php(165): view('transaksi_keluar/detaildataitem', [...])
 4 SYSTEMPATH\CodeIgniter.php(898): App\Controllers\TransaksiKeluar->detailCariItem()
 5 SYSTEMPATH\CodeIgniter.php(457): CodeIgniter\CodeIgniter->runController(Object(App\Controllers\TransaksiKeluar))
 6 SYSTEMPATH\CodeIgniter.php(340): CodeIgniter\CodeIgniter->handleRequest(null, Object(Config\Cache), false)
 7 FCPATH\index.php(67): CodeIgniter\CodeIgniter->run()
 8 SYSTEMPATH\Commands\Server\rewrite.php(43): require_once('FCPATH\\index.php')
CRITICAL - 2025-04-09 06:13:05 --> Invalid file: transaksi_keluar/detaildataitem.php
in SYSTEMPATH\Exceptions\FrameworkException.php on line 33.
 1 SYSTEMPATH\View\View.php(201): CodeIgniter\Exceptions\FrameworkException::forInvalidFile('transaksi_keluar/detaildataitem.php')
 2 SYSTEMPATH\Common.php(1137): CodeIgniter\View\View->render('transaksi_keluar/detaildataitem', [], true)
 3 APPPATH\Controllers\TransaksiKeluar.php(165): view('transaksi_keluar/detaildataitem', [...])
 4 SYSTEMPATH\CodeIgniter.php(898): App\Controllers\TransaksiKeluar->detailCariItem()
 5 SYSTEMPATH\CodeIgniter.php(457): CodeIgniter\CodeIgniter->runController(Object(App\Controllers\TransaksiKeluar))
 6 SYSTEMPATH\CodeIgniter.php(340): CodeIgniter\CodeIgniter->handleRequest(null, Object(Config\Cache), false)
 7 FCPATH\index.php(67): CodeIgniter\CodeIgniter->run()
 8 SYSTEMPATH\Commands\Server\rewrite.php(43): require_once('FCPATH\\index.php')
CRITICAL - 2025-04-09 06:15:39 --> Undefined array key "kode"
in APPPATH\Views\transaksi_keluar\detaildataitem.php on line 14.
 1 APPPATH\Views\transaksi_keluar\detaildataitem.php(14): CodeIgniter\Debug\Exceptions->errorHandler(2, 'Undefined array key "kode"', 'APPPATH\\Views\\transaksi_keluar\\detaildataitem.php', 14)
 2 SYSTEMPATH\View\View.php(213): include('APPPATH\\Views\\transaksi_keluar\\detaildataitem.php')
 3 SYSTEMPATH\View\View.php(216): CodeIgniter\View\View->CodeIgniter\View\{closure}()
 4 SYSTEMPATH\Common.php(1137): CodeIgniter\View\View->render('transaksi_keluar/detaildataitem', [], true)
 5 APPPATH\Controllers\TransaksiKeluar.php(165): view('transaksi_keluar/detaildataitem', [...])
 6 SYSTEMPATH\CodeIgniter.php(898): App\Controllers\TransaksiKeluar->detailCariItem()
 7 SYSTEMPATH\CodeIgniter.php(457): CodeIgniter\CodeIgniter->runController(Object(App\Controllers\TransaksiKeluar))
 8 SYSTEMPATH\CodeIgniter.php(340): CodeIgniter\CodeIgniter->handleRequest(null, Object(Config\Cache), false)
 9 FCPATH\index.php(67): CodeIgniter\CodeIgniter->run()
10 SYSTEMPATH\Commands\Server\rewrite.php(43): require_once('FCPATH\\index.php')
CRITICAL - 2025-04-09 06:18:36 --> Cannot use object of type mysqli as array
in APPPATH\Views\transaksi_keluar\detaildataitem.php on line 14.
 1 SYSTEMPATH\View\View.php(213): include()
 2 SYSTEMPATH\View\View.php(216): CodeIgniter\View\View->CodeIgniter\View\{closure}()
 3 SYSTEMPATH\Common.php(1137): CodeIgniter\View\View->render('transaksi_keluar/detaildataitem', [], true)
 4 APPPATH\Controllers\TransaksiKeluar.php(165): view('transaksi_keluar/detaildataitem', [...])
 5 SYSTEMPATH\CodeIgniter.php(898): App\Controllers\TransaksiKeluar->detailCariItem()
 6 SYSTEMPATH\CodeIgniter.php(457): CodeIgniter\CodeIgniter->runController(Object(App\Controllers\TransaksiKeluar))
 7 SYSTEMPATH\CodeIgniter.php(340): CodeIgniter\CodeIgniter->handleRequest(null, Object(Config\Cache), false)
 8 FCPATH\index.php(67): CodeIgniter\CodeIgniter->run()
 9 SYSTEMPATH\Commands\Server\rewrite.php(43): require_once('FCPATH\\index.php')
CRITICAL - 2025-04-09 06:18:39 --> Cannot use object of type mysqli as array
in APPPATH\Views\transaksi_keluar\detaildataitem.php on line 14.
 1 SYSTEMPATH\View\View.php(213): include()
 2 SYSTEMPATH\View\View.php(216): CodeIgniter\View\View->CodeIgniter\View\{closure}()
 3 SYSTEMPATH\Common.php(1137): CodeIgniter\View\View->render('transaksi_keluar/detaildataitem', [], true)
 4 APPPATH\Controllers\TransaksiKeluar.php(165): view('transaksi_keluar/detaildataitem', [...])
 5 SYSTEMPATH\CodeIgniter.php(898): App\Controllers\TransaksiKeluar->detailCariItem()
 6 SYSTEMPATH\CodeIgniter.php(457): CodeIgniter\CodeIgniter->runController(Object(App\Controllers\TransaksiKeluar))
 7 SYSTEMPATH\CodeIgniter.php(340): CodeIgniter\CodeIgniter->handleRequest(null, Object(Config\Cache), false)
 8 FCPATH\index.php(67): CodeIgniter\CodeIgniter->run()
 9 SYSTEMPATH\Commands\Server\rewrite.php(43): require_once('FCPATH\\index.php')
CRITICAL - 2025-04-09 06:18:42 --> Cannot use object of type mysqli as array
in APPPATH\Views\transaksi_keluar\detaildataitem.php on line 14.
 1 SYSTEMPATH\View\View.php(213): include()
 2 SYSTEMPATH\View\View.php(216): CodeIgniter\View\View->CodeIgniter\View\{closure}()
 3 SYSTEMPATH\Common.php(1137): CodeIgniter\View\View->render('transaksi_keluar/detaildataitem', [], true)
 4 APPPATH\Controllers\TransaksiKeluar.php(165): view('transaksi_keluar/detaildataitem', [...])
 5 SYSTEMPATH\CodeIgniter.php(898): App\Controllers\TransaksiKeluar->detailCariItem()
 6 SYSTEMPATH\CodeIgniter.php(457): CodeIgniter\CodeIgniter->runController(Object(App\Controllers\TransaksiKeluar))
 7 SYSTEMPATH\CodeIgniter.php(340): CodeIgniter\CodeIgniter->handleRequest(null, Object(Config\Cache), false)
 8 FCPATH\index.php(67): CodeIgniter\CodeIgniter->run()
 9 SYSTEMPATH\Commands\Server\rewrite.php(43): require_once('FCPATH\\index.php')
CRITICAL - 2025-04-09 06:20:11 --> Cannot use object of type mysqli as array
in APPPATH\Views\transaksi_keluar\detaildataitem.php on line 14.
 1 SYSTEMPATH\View\View.php(213): include()
 2 SYSTEMPATH\View\View.php(216): CodeIgniter\View\View->CodeIgniter\View\{closure}()
 3 SYSTEMPATH\Common.php(1137): CodeIgniter\View\View->render('transaksi_keluar/detaildataitem', [], true)
 4 APPPATH\Controllers\TransaksiKeluar.php(165): view('transaksi_keluar/detaildataitem', [...])
 5 SYSTEMPATH\CodeIgniter.php(898): App\Controllers\TransaksiKeluar->detailCariItem()
 6 SYSTEMPATH\CodeIgniter.php(457): CodeIgniter\CodeIgniter->runController(Object(App\Controllers\TransaksiKeluar))
 7 SYSTEMPATH\CodeIgniter.php(340): CodeIgniter\CodeIgniter->handleRequest(null, Object(Config\Cache), false)
 8 FCPATH\index.php(67): CodeIgniter\CodeIgniter->run()
 9 SYSTEMPATH\Commands\Server\rewrite.php(43): require_once('FCPATH\\index.php')
CRITICAL - 2025-04-09 06:20:15 --> Cannot use object of type mysqli as array
in APPPATH\Views\transaksi_keluar\detaildataitem.php on line 14.
 1 SYSTEMPATH\View\View.php(213): include()
 2 SYSTEMPATH\View\View.php(216): CodeIgniter\View\View->CodeIgniter\View\{closure}()
 3 SYSTEMPATH\Common.php(1137): CodeIgniter\View\View->render('transaksi_keluar/detaildataitem', [], true)
 4 APPPATH\Controllers\TransaksiKeluar.php(165): view('transaksi_keluar/detaildataitem', [...])
 5 SYSTEMPATH\CodeIgniter.php(898): App\Controllers\TransaksiKeluar->detailCariItem()
 6 SYSTEMPATH\CodeIgniter.php(457): CodeIgniter\CodeIgniter->runController(Object(App\Controllers\TransaksiKeluar))
 7 SYSTEMPATH\CodeIgniter.php(340): CodeIgniter\CodeIgniter->handleRequest(null, Object(Config\Cache), false)
 8 FCPATH\index.php(67): CodeIgniter\CodeIgniter->run()
 9 SYSTEMPATH\Commands\Server\rewrite.php(43): require_once('FCPATH\\index.php')
CRITICAL - 2025-04-09 06:22:23 --> Cannot use object of type mysqli as array
in APPPATH\Views\transaksi_keluar\detaildataitem.php on line 14.
 1 SYSTEMPATH\View\View.php(213): include()
 2 SYSTEMPATH\View\View.php(216): CodeIgniter\View\View->CodeIgniter\View\{closure}()
 3 SYSTEMPATH\Common.php(1137): CodeIgniter\View\View->render('transaksi_keluar/detaildataitem', [], true)
 4 APPPATH\Controllers\TransaksiKeluar.php(165): view('transaksi_keluar/detaildataitem', [...])
 5 SYSTEMPATH\CodeIgniter.php(898): App\Controllers\TransaksiKeluar->detailCariItem()
 6 SYSTEMPATH\CodeIgniter.php(457): CodeIgniter\CodeIgniter->runController(Object(App\Controllers\TransaksiKeluar))
 7 SYSTEMPATH\CodeIgniter.php(340): CodeIgniter\CodeIgniter->handleRequest(null, Object(Config\Cache), false)
 8 FCPATH\index.php(67): CodeIgniter\CodeIgniter->run()
 9 SYSTEMPATH\Commands\Server\rewrite.php(43): require_once('FCPATH\\index.php')
CRITICAL - 2025-04-09 06:29:39 --> Undefined array key "harga_jual"
in APPPATH\Views\transaksi_keluar\detaildatajasa.php on line 21.
 1 APPPATH\Views\transaksi_keluar\detaildatajasa.php(21): CodeIgniter\Debug\Exceptions->errorHandler(2, 'Undefined array key "harga_jual"', 'APPPATH\\Views\\transaksi_keluar\\detaildatajasa.php', 21)
 2 SYSTEMPATH\View\View.php(213): include('APPPATH\\Views\\transaksi_keluar\\detaildatajasa.php')
 3 SYSTEMPATH\View\View.php(216): CodeIgniter\View\View->CodeIgniter\View\{closure}()
 4 SYSTEMPATH\Common.php(1137): CodeIgniter\View\View->render('transaksi_keluar/detaildatajasa', [], true)
 5 APPPATH\Controllers\TransaksiKeluar.php(168): view('transaksi_keluar/detaildatajasa', [...])
 6 SYSTEMPATH\CodeIgniter.php(898): App\Controllers\TransaksiKeluar->detailCariItem()
 7 SYSTEMPATH\CodeIgniter.php(457): CodeIgniter\CodeIgniter->runController(Object(App\Controllers\TransaksiKeluar))
 8 SYSTEMPATH\CodeIgniter.php(340): CodeIgniter\CodeIgniter->handleRequest(null, Object(Config\Cache), false)
 9 FCPATH\index.php(67): CodeIgniter\CodeIgniter->run()
10 SYSTEMPATH\Commands\Server\rewrite.php(43): require_once('FCPATH\\index.php')
CRITICAL - 2025-04-09 06:29:42 --> Undefined array key "harga_jual"
in APPPATH\Views\transaksi_keluar\detaildatajasa.php on line 21.
 1 APPPATH\Views\transaksi_keluar\detaildatajasa.php(21): CodeIgniter\Debug\Exceptions->errorHandler(2, 'Undefined array key "harga_jual"', 'APPPATH\\Views\\transaksi_keluar\\detaildatajasa.php', 21)
 2 SYSTEMPATH\View\View.php(213): include('APPPATH\\Views\\transaksi_keluar\\detaildatajasa.php')
 3 SYSTEMPATH\View\View.php(216): CodeIgniter\View\View->CodeIgniter\View\{closure}()
 4 SYSTEMPATH\Common.php(1137): CodeIgniter\View\View->render('transaksi_keluar/detaildatajasa', [], true)
 5 APPPATH\Controllers\TransaksiKeluar.php(168): view('transaksi_keluar/detaildatajasa', [...])
 6 SYSTEMPATH\CodeIgniter.php(898): App\Controllers\TransaksiKeluar->detailCariItem()
 7 SYSTEMPATH\CodeIgniter.php(457): CodeIgniter\CodeIgniter->runController(Object(App\Controllers\TransaksiKeluar))
 8 SYSTEMPATH\CodeIgniter.php(340): CodeIgniter\CodeIgniter->handleRequest(null, Object(Config\Cache), false)
 9 FCPATH\index.php(67): CodeIgniter\CodeIgniter->run()
10 SYSTEMPATH\Commands\Server\rewrite.php(43): require_once('FCPATH\\index.php')
CRITICAL - 2025-04-09 06:29:49 --> Undefined array key "harga_jual"
in APPPATH\Views\transaksi_keluar\detaildatajasa.php on line 21.
 1 APPPATH\Views\transaksi_keluar\detaildatajasa.php(21): CodeIgniter\Debug\Exceptions->errorHandler(2, 'Undefined array key "harga_jual"', 'APPPATH\\Views\\transaksi_keluar\\detaildatajasa.php', 21)
 2 SYSTEMPATH\View\View.php(213): include('APPPATH\\Views\\transaksi_keluar\\detaildatajasa.php')
 3 SYSTEMPATH\View\View.php(216): CodeIgniter\View\View->CodeIgniter\View\{closure}()
 4 SYSTEMPATH\Common.php(1137): CodeIgniter\View\View->render('transaksi_keluar/detaildatajasa', [], true)
 5 APPPATH\Controllers\TransaksiKeluar.php(168): view('transaksi_keluar/detaildatajasa', [...])
 6 SYSTEMPATH\CodeIgniter.php(898): App\Controllers\TransaksiKeluar->detailCariItem()
 7 SYSTEMPATH\CodeIgniter.php(457): CodeIgniter\CodeIgniter->runController(Object(App\Controllers\TransaksiKeluar))
 8 SYSTEMPATH\CodeIgniter.php(340): CodeIgniter\CodeIgniter->handleRequest(null, Object(Config\Cache), false)
 9 FCPATH\index.php(67): CodeIgniter\CodeIgniter->run()
10 SYSTEMPATH\Commands\Server\rewrite.php(43): require_once('FCPATH\\index.php')
CRITICAL - 2025-04-09 06:29:56 --> Undefined array key "harga_jual"
in APPPATH\Views\transaksi_keluar\detaildatajasa.php on line 21.
 1 APPPATH\Views\transaksi_keluar\detaildatajasa.php(21): CodeIgniter\Debug\Exceptions->errorHandler(2, 'Undefined array key "harga_jual"', 'APPPATH\\Views\\transaksi_keluar\\detaildatajasa.php', 21)
 2 SYSTEMPATH\View\View.php(213): include('APPPATH\\Views\\transaksi_keluar\\detaildatajasa.php')
 3 SYSTEMPATH\View\View.php(216): CodeIgniter\View\View->CodeIgniter\View\{closure}()
 4 SYSTEMPATH\Common.php(1137): CodeIgniter\View\View->render('transaksi_keluar/detaildatajasa', [], true)
 5 APPPATH\Controllers\TransaksiKeluar.php(168): view('transaksi_keluar/detaildatajasa', [...])
 6 SYSTEMPATH\CodeIgniter.php(898): App\Controllers\TransaksiKeluar->detailCariItem()
 7 SYSTEMPATH\CodeIgniter.php(457): CodeIgniter\CodeIgniter->runController(Object(App\Controllers\TransaksiKeluar))
 8 SYSTEMPATH\CodeIgniter.php(340): CodeIgniter\CodeIgniter->handleRequest(null, Object(Config\Cache), false)
 9 FCPATH\index.php(67): CodeIgniter\CodeIgniter->run()
10 SYSTEMPATH\Commands\Server\rewrite.php(43): require_once('FCPATH\\index.php')
CRITICAL - 2025-04-09 07:17:04 --> Undefined array key "kode_part"
in APPPATH\Views\transaksi_keluar\detaildatapart.php on line 25.
 1 APPPATH\Views\transaksi_keluar\detaildatapart.php(25): CodeIgniter\Debug\Exceptions->errorHandler(2, 'Undefined array key "kode_part"', 'APPPATH\\Views\\transaksi_keluar\\detaildatapart.php', 25)
 2 SYSTEMPATH\View\View.php(213): include('APPPATH\\Views\\transaksi_keluar\\detaildatapart.php')
 3 SYSTEMPATH\View\View.php(216): CodeIgniter\View\View->CodeIgniter\View\{closure}()
 4 SYSTEMPATH\Common.php(1137): CodeIgniter\View\View->render('transaksi_keluar/detaildatapart', [], true)
 5 APPPATH\Controllers\TransaksiKeluar.php(168): view('transaksi_keluar/detaildatapart', [...])
 6 SYSTEMPATH\CodeIgniter.php(898): App\Controllers\TransaksiKeluar->detailCariItem()
 7 SYSTEMPATH\CodeIgniter.php(457): CodeIgniter\CodeIgniter->runController(Object(App\Controllers\TransaksiKeluar))
 8 SYSTEMPATH\CodeIgniter.php(340): CodeIgniter\CodeIgniter->handleRequest(null, Object(Config\Cache), false)
 9 FCPATH\index.php(67): CodeIgniter\CodeIgniter->run()
10 SYSTEMPATH\Commands\Server\rewrite.php(43): require_once('FCPATH\\index.php')
CRITICAL - 2025-04-09 07:17:07 --> Undefined array key "kode_jasa"
in APPPATH\Views\transaksi_keluar\detaildatajasa.php on line 23.
 1 APPPATH\Views\transaksi_keluar\detaildatajasa.php(23): CodeIgniter\Debug\Exceptions->errorHandler(2, 'Undefined array key "kode_jasa"', 'APPPATH\\Views\\transaksi_keluar\\detaildatajasa.php', 23)
 2 SYSTEMPATH\View\View.php(213): include('APPPATH\\Views\\transaksi_keluar\\detaildatajasa.php')
 3 SYSTEMPATH\View\View.php(216): CodeIgniter\View\View->CodeIgniter\View\{closure}()
 4 SYSTEMPATH\Common.php(1137): CodeIgniter\View\View->render('transaksi_keluar/detaildatajasa', [], true)
 5 APPPATH\Controllers\TransaksiKeluar.php(168): view('transaksi_keluar/detaildatajasa', [...])
 6 SYSTEMPATH\CodeIgniter.php(898): App\Controllers\TransaksiKeluar->detailCariItem()
 7 SYSTEMPATH\CodeIgniter.php(457): CodeIgniter\CodeIgniter->runController(Object(App\Controllers\TransaksiKeluar))
 8 SYSTEMPATH\CodeIgniter.php(340): CodeIgniter\CodeIgniter->handleRequest(null, Object(Config\Cache), false)
 9 FCPATH\index.php(67): CodeIgniter\CodeIgniter->run()
10 SYSTEMPATH\Commands\Server\rewrite.php(43): require_once('FCPATH\\index.php')
CRITICAL - 2025-04-09 07:17:29 --> Undefined array key "nama_part"
in APPPATH\Controllers\TransaksiMasuk.php on line 79.
 1 APPPATH\Controllers\TransaksiMasuk.php(79): CodeIgniter\Debug\Exceptions->errorHandler(2, 'Undefined array key "nama_part"', 'APPPATH\\Controllers\\TransaksiMasuk.php', 79)
 2 SYSTEMPATH\CodeIgniter.php(898): App\Controllers\TransaksiMasuk->ambilDataBarang()
 3 SYSTEMPATH\CodeIgniter.php(457): CodeIgniter\CodeIgniter->runController(Object(App\Controllers\TransaksiMasuk))
 4 SYSTEMPATH\CodeIgniter.php(340): CodeIgniter\CodeIgniter->handleRequest(null, Object(Config\Cache), false)
 5 FCPATH\index.php(67): CodeIgniter\CodeIgniter->run()
 6 SYSTEMPATH\Commands\Server\rewrite.php(43): require_once('FCPATH\\index.php')
CRITICAL - 2025-04-09 07:18:43 --> Undefined array key "nama_part"
in APPPATH\Controllers\TransaksiMasuk.php on line 79.
 1 APPPATH\Controllers\TransaksiMasuk.php(79): CodeIgniter\Debug\Exceptions->errorHandler(2, 'Undefined array key "nama_part"', 'APPPATH\\Controllers\\TransaksiMasuk.php', 79)
 2 SYSTEMPATH\CodeIgniter.php(898): App\Controllers\TransaksiMasuk->ambilDataBarang()
 3 SYSTEMPATH\CodeIgniter.php(457): CodeIgniter\CodeIgniter->runController(Object(App\Controllers\TransaksiMasuk))
 4 SYSTEMPATH\CodeIgniter.php(340): CodeIgniter\CodeIgniter->handleRequest(null, Object(Config\Cache), false)
 5 FCPATH\index.php(67): CodeIgniter\CodeIgniter->run()
 6 SYSTEMPATH\Commands\Server\rewrite.php(43): require_once('FCPATH\\index.php')
ERROR - 2025-04-09 13:50:02 --> mysqli_sql_exception: MySQL server has gone away in C:\xampp\htdocs\posbengkel\system\Database\MySQLi\Connection.php:292
Stack trace:
#0 C:\xampp\htdocs\posbengkel\system\Database\MySQLi\Connection.php(292): mysqli->query('INSERT INTO `tr...', 0)
#1 C:\xampp\htdocs\posbengkel\system\Database\BaseConnection.php(693): CodeIgniter\Database\MySQLi\Connection->execute('INSERT INTO `tr...')
#2 C:\xampp\htdocs\posbengkel\system\Database\BaseConnection.php(620): CodeIgniter\Database\BaseConnection->simpleQuery('INSERT INTO `tr...')
#3 C:\xampp\htdocs\posbengkel\system\Database\BaseBuilder.php(1916): CodeIgniter\Database\BaseConnection->query('INSERT INTO `tr...', Array, false)
#4 C:\xampp\htdocs\posbengkel\system\Model.php(278): CodeIgniter\Database\BaseBuilder->insert()
#5 C:\xampp\htdocs\posbengkel\system\BaseModel.php(738): CodeIgniter\Model->doInsert(Array)
#6 C:\xampp\htdocs\posbengkel\system\Model.php(666): CodeIgniter\BaseModel->insert(Array, true)
#7 C:\xampp\htdocs\posbengkel\app\Controllers\TransaksiMasuk.php(267): CodeIgniter\Model->insert(Array)
#8 C:\xampp\htdocs\posbengkel\system\CodeIgniter.php(898): App\Controllers\TransaksiMasuk->simpanTransaksi()
#9 C:\xampp\htdocs\posbengkel\system\CodeIgniter.php(457): CodeIgniter\CodeIgniter->runController(Object(App\Controllers\TransaksiMasuk))
#10 C:\xampp\htdocs\posbengkel\system\CodeIgniter.php(340): CodeIgniter\CodeIgniter->handleRequest(NULL, Object(Config\Cache), false)
#11 C:\xampp\htdocs\posbengkel\public\index.php(67): CodeIgniter\CodeIgniter->run()
#12 C:\xampp\htdocs\posbengkel\system\Commands\Server\rewrite.php(43): require_once('C:\\xampp\\htdocs...')
#13 {main}
CRITICAL - 2025-04-09 13:50:02 --> MySQL server has gone away
in SYSTEMPATH\Database\MySQLi\Connection.php on line 292.
 1 SYSTEMPATH\Database\MySQLi\Connection.php(292): mysqli->query('INSERT INTO `transaksi_masuk` (`faktur_beli`, `tgl_beli`, `id_supp_beli`, `total_beli`) VALUES (\'B0904250001\', \'2025-04-09\', \'3\', 85000)', 0)
 2 SYSTEMPATH\Database\BaseConnection.php(693): CodeIgniter\Database\MySQLi\Connection->execute('INSERT INTO `transaksi_masuk` (`faktur_beli`, `tgl_beli`, `id_supp_beli`, `total_beli`) VALUES (\'B0904250001\', \'2025-04-09\', \'3\', 85000)')
 3 SYSTEMPATH\Database\BaseConnection.php(620): CodeIgniter\Database\BaseConnection->simpleQuery('INSERT INTO `transaksi_masuk` (`faktur_beli`, `tgl_beli`, `id_supp_beli`, `total_beli`) VALUES (\'B0904250001\', \'2025-04-09\', \'3\', 85000)')
 4 SYSTEMPATH\Database\BaseBuilder.php(1916): CodeIgniter\Database\BaseConnection->query('INSERT INTO `transaksi_masuk` (`faktur_beli`, `tgl_beli`, `id_supp_beli`, `total_beli`) VALUES (:faktur_beli:, :tgl_beli:, :id_supp_beli:, :total_beli:)', [...], false)
 5 SYSTEMPATH\Model.php(278): CodeIgniter\Database\BaseBuilder->insert()
 6 SYSTEMPATH\BaseModel.php(738): CodeIgniter\Model->doInsert([...])
 7 SYSTEMPATH\Model.php(666): CodeIgniter\BaseModel->insert([...], true)
 8 APPPATH\Controllers\TransaksiMasuk.php(267): CodeIgniter\Model->insert([...])
 9 SYSTEMPATH\CodeIgniter.php(898): App\Controllers\TransaksiMasuk->simpanTransaksi()
10 SYSTEMPATH\CodeIgniter.php(457): CodeIgniter\CodeIgniter->runController(Object(App\Controllers\TransaksiMasuk))
11 SYSTEMPATH\CodeIgniter.php(340): CodeIgniter\CodeIgniter->handleRequest(null, Object(Config\Cache), false)
12 FCPATH\index.php(67): CodeIgniter\CodeIgniter->run()
13 SYSTEMPATH\Commands\Server\rewrite.php(43): require_once('FCPATH\\index.php')
ERROR - 2025-04-09 14:27:21 --> mysqli_sql_exception: Column 'alamat_supplier' cannot be null in C:\xampp\htdocs\posbengkel\system\Database\MySQLi\Connection.php:292
Stack trace:
#0 C:\xampp\htdocs\posbengkel\system\Database\MySQLi\Connection.php(292): mysqli->query('INSERT INTO `su...', 0)
#1 C:\xampp\htdocs\posbengkel\system\Database\BaseConnection.php(693): CodeIgniter\Database\MySQLi\Connection->execute('INSERT INTO `su...')
#2 C:\xampp\htdocs\posbengkel\system\Database\BaseConnection.php(620): CodeIgniter\Database\BaseConnection->simpleQuery('INSERT INTO `su...')
#3 C:\xampp\htdocs\posbengkel\system\Database\BaseBuilder.php(1916): CodeIgniter\Database\BaseConnection->query('INSERT INTO `su...', Array, false)
#4 C:\xampp\htdocs\posbengkel\app\Models\ModelSupplier.php(24): CodeIgniter\Database\BaseBuilder->insert(Array)
#5 C:\xampp\htdocs\posbengkel\app\Controllers\TransaksiMasuk.php(193): App\Models\ModelSupplier->InsertData(Array)
#6 C:\xampp\htdocs\posbengkel\system\CodeIgniter.php(898): App\Controllers\TransaksiMasuk->tambahSupplier()
#7 C:\xampp\htdocs\posbengkel\system\CodeIgniter.php(457): CodeIgniter\CodeIgniter->runController(Object(App\Controllers\TransaksiMasuk))
#8 C:\xampp\htdocs\posbengkel\system\CodeIgniter.php(340): CodeIgniter\CodeIgniter->handleRequest(NULL, Object(Config\Cache), false)
#9 C:\xampp\htdocs\posbengkel\public\index.php(67): CodeIgniter\CodeIgniter->run()
#10 C:\xampp\htdocs\posbengkel\system\Commands\Server\rewrite.php(43): require_once('C:\\xampp\\htdocs...')
#11 {main}
CRITICAL - 2025-04-09 14:27:21 --> Column 'alamat_supplier' cannot be null
in SYSTEMPATH\Database\MySQLi\Connection.php on line 292.
 1 SYSTEMPATH\Database\MySQLi\Connection.php(292): mysqli->query('INSERT INTO `supplier` (`nama_supplier`, `alamat_supplier`, `telp_supplier`) VALUES (\'\', NULL, NULL)', 0)
 2 SYSTEMPATH\Database\BaseConnection.php(693): CodeIgniter\Database\MySQLi\Connection->execute('INSERT INTO `supplier` (`nama_supplier`, `alamat_supplier`, `telp_supplier`) VALUES (\'\', NULL, NULL)')
 3 SYSTEMPATH\Database\BaseConnection.php(620): CodeIgniter\Database\BaseConnection->simpleQuery('INSERT INTO `supplier` (`nama_supplier`, `alamat_supplier`, `telp_supplier`) VALUES (\'\', NULL, NULL)')
 4 SYSTEMPATH\Database\BaseBuilder.php(1916): CodeIgniter\Database\BaseConnection->query('INSERT INTO `supplier` (`nama_supplier`, `alamat_supplier`, `telp_supplier`) VALUES (:nama_supplier:, :alamat_supplier:, :telp_supplier:)', [...], false)
 5 APPPATH\Models\ModelSupplier.php(24): CodeIgniter\Database\BaseBuilder->insert([...])
 6 APPPATH\Controllers\TransaksiMasuk.php(193): App\Models\ModelSupplier->InsertData([...])
 7 SYSTEMPATH\CodeIgniter.php(898): App\Controllers\TransaksiMasuk->tambahSupplier()
 8 SYSTEMPATH\CodeIgniter.php(457): CodeIgniter\CodeIgniter->runController(Object(App\Controllers\TransaksiMasuk))
 9 SYSTEMPATH\CodeIgniter.php(340): CodeIgniter\CodeIgniter->handleRequest(null, Object(Config\Cache), false)
10 FCPATH\index.php(67): CodeIgniter\CodeIgniter->run()
11 SYSTEMPATH\Commands\Server\rewrite.php(43): require_once('FCPATH\\index.php')
ERROR - 2025-04-09 14:27:43 --> mysqli_sql_exception: Column 'alamat_supplier' cannot be null in C:\xampp\htdocs\posbengkel\system\Database\MySQLi\Connection.php:292
Stack trace:
#0 C:\xampp\htdocs\posbengkel\system\Database\MySQLi\Connection.php(292): mysqli->query('INSERT INTO `su...', 0)
#1 C:\xampp\htdocs\posbengkel\system\Database\BaseConnection.php(693): CodeIgniter\Database\MySQLi\Connection->execute('INSERT INTO `su...')
#2 C:\xampp\htdocs\posbengkel\system\Database\BaseConnection.php(620): CodeIgniter\Database\BaseConnection->simpleQuery('INSERT INTO `su...')
#3 C:\xampp\htdocs\posbengkel\system\Database\BaseBuilder.php(1916): CodeIgniter\Database\BaseConnection->query('INSERT INTO `su...', Array, false)
#4 C:\xampp\htdocs\posbengkel\app\Models\ModelSupplier.php(24): CodeIgniter\Database\BaseBuilder->insert(Array)
#5 C:\xampp\htdocs\posbengkel\app\Controllers\TransaksiMasuk.php(193): App\Models\ModelSupplier->InsertData(Array)
#6 C:\xampp\htdocs\posbengkel\system\CodeIgniter.php(898): App\Controllers\TransaksiMasuk->tambahSupplier()
#7 C:\xampp\htdocs\posbengkel\system\CodeIgniter.php(457): CodeIgniter\CodeIgniter->runController(Object(App\Controllers\TransaksiMasuk))
#8 C:\xampp\htdocs\posbengkel\system\CodeIgniter.php(340): CodeIgniter\CodeIgniter->handleRequest(NULL, Object(Config\Cache), false)
#9 C:\xampp\htdocs\posbengkel\public\index.php(67): CodeIgniter\CodeIgniter->run()
#10 C:\xampp\htdocs\posbengkel\system\Commands\Server\rewrite.php(43): require_once('C:\\xampp\\htdocs...')
#11 {main}
CRITICAL - 2025-04-09 14:27:43 --> Column 'alamat_supplier' cannot be null
in SYSTEMPATH\Database\MySQLi\Connection.php on line 292.
 1 SYSTEMPATH\Database\MySQLi\Connection.php(292): mysqli->query('INSERT INTO `supplier` (`nama_supplier`, `alamat_supplier`, `telp_supplier`) VALUES (\'\', NULL, NULL)', 0)
 2 SYSTEMPATH\Database\BaseConnection.php(693): CodeIgniter\Database\MySQLi\Connection->execute('INSERT INTO `supplier` (`nama_supplier`, `alamat_supplier`, `telp_supplier`) VALUES (\'\', NULL, NULL)')
 3 SYSTEMPATH\Database\BaseConnection.php(620): CodeIgniter\Database\BaseConnection->simpleQuery('INSERT INTO `supplier` (`nama_supplier`, `alamat_supplier`, `telp_supplier`) VALUES (\'\', NULL, NULL)')
 4 SYSTEMPATH\Database\BaseBuilder.php(1916): CodeIgniter\Database\BaseConnection->query('INSERT INTO `supplier` (`nama_supplier`, `alamat_supplier`, `telp_supplier`) VALUES (:nama_supplier:, :alamat_supplier:, :telp_supplier:)', [...], false)
 5 APPPATH\Models\ModelSupplier.php(24): CodeIgniter\Database\BaseBuilder->insert([...])
 6 APPPATH\Controllers\TransaksiMasuk.php(193): App\Models\ModelSupplier->InsertData([...])
 7 SYSTEMPATH\CodeIgniter.php(898): App\Controllers\TransaksiMasuk->tambahSupplier()
 8 SYSTEMPATH\CodeIgniter.php(457): CodeIgniter\CodeIgniter->runController(Object(App\Controllers\TransaksiMasuk))
 9 SYSTEMPATH\CodeIgniter.php(340): CodeIgniter\CodeIgniter->handleRequest(null, Object(Config\Cache), false)
10 FCPATH\index.php(67): CodeIgniter\CodeIgniter->run()
11 SYSTEMPATH\Commands\Server\rewrite.php(43): require_once('FCPATH\\index.php')
ERROR - 2025-04-09 14:33:28 --> mysqli_sql_exception: Column 'alamat_supplier' cannot be null in C:\xampp\htdocs\posbengkel\system\Database\MySQLi\Connection.php:292
Stack trace:
#0 C:\xampp\htdocs\posbengkel\system\Database\MySQLi\Connection.php(292): mysqli->query('INSERT INTO `su...', 0)
#1 C:\xampp\htdocs\posbengkel\system\Database\BaseConnection.php(693): CodeIgniter\Database\MySQLi\Connection->execute('INSERT INTO `su...')
#2 C:\xampp\htdocs\posbengkel\system\Database\BaseConnection.php(620): CodeIgniter\Database\BaseConnection->simpleQuery('INSERT INTO `su...')
#3 C:\xampp\htdocs\posbengkel\system\Database\BaseBuilder.php(1916): CodeIgniter\Database\BaseConnection->query('INSERT INTO `su...', Array, false)
#4 C:\xampp\htdocs\posbengkel\app\Models\ModelSupplier.php(24): CodeIgniter\Database\BaseBuilder->insert(Array)
#5 C:\xampp\htdocs\posbengkel\app\Controllers\TransaksiMasuk.php(193): App\Models\ModelSupplier->InsertData(Array)
#6 C:\xampp\htdocs\posbengkel\system\CodeIgniter.php(898): App\Controllers\TransaksiMasuk->tambahSupplier()
#7 C:\xampp\htdocs\posbengkel\system\CodeIgniter.php(457): CodeIgniter\CodeIgniter->runController(Object(App\Controllers\TransaksiMasuk))
#8 C:\xampp\htdocs\posbengkel\system\CodeIgniter.php(340): CodeIgniter\CodeIgniter->handleRequest(NULL, Object(Config\Cache), false)
#9 C:\xampp\htdocs\posbengkel\public\index.php(67): CodeIgniter\CodeIgniter->run()
#10 C:\xampp\htdocs\posbengkel\system\Commands\Server\rewrite.php(43): require_once('C:\\xampp\\htdocs...')
#11 {main}
CRITICAL - 2025-04-09 14:33:28 --> Column 'alamat_supplier' cannot be null
in SYSTEMPATH\Database\MySQLi\Connection.php on line 292.
 1 SYSTEMPATH\Database\MySQLi\Connection.php(292): mysqli->query('INSERT INTO `supplier` (`nama_supplier`, `alamat_supplier`, `telp_supplier`) VALUES (\'\', NULL, NULL)', 0)
 2 SYSTEMPATH\Database\BaseConnection.php(693): CodeIgniter\Database\MySQLi\Connection->execute('INSERT INTO `supplier` (`nama_supplier`, `alamat_supplier`, `telp_supplier`) VALUES (\'\', NULL, NULL)')
 3 SYSTEMPATH\Database\BaseConnection.php(620): CodeIgniter\Database\BaseConnection->simpleQuery('INSERT INTO `supplier` (`nama_supplier`, `alamat_supplier`, `telp_supplier`) VALUES (\'\', NULL, NULL)')
 4 SYSTEMPATH\Database\BaseBuilder.php(1916): CodeIgniter\Database\BaseConnection->query('INSERT INTO `supplier` (`nama_supplier`, `alamat_supplier`, `telp_supplier`) VALUES (:nama_supplier:, :alamat_supplier:, :telp_supplier:)', [...], false)
 5 APPPATH\Models\ModelSupplier.php(24): CodeIgniter\Database\BaseBuilder->insert([...])
 6 APPPATH\Controllers\TransaksiMasuk.php(193): App\Models\ModelSupplier->InsertData([...])
 7 SYSTEMPATH\CodeIgniter.php(898): App\Controllers\TransaksiMasuk->tambahSupplier()
 8 SYSTEMPATH\CodeIgniter.php(457): CodeIgniter\CodeIgniter->runController(Object(App\Controllers\TransaksiMasuk))
 9 SYSTEMPATH\CodeIgniter.php(340): CodeIgniter\CodeIgniter->handleRequest(null, Object(Config\Cache), false)
10 FCPATH\index.php(67): CodeIgniter\CodeIgniter->run()
11 SYSTEMPATH\Commands\Server\rewrite.php(43): require_once('FCPATH\\index.php')
ERROR - 2025-04-09 14:35:46 --> mysqli_sql_exception: Column 'alamat_supplier' cannot be null in C:\xampp\htdocs\posbengkel\system\Database\MySQLi\Connection.php:292
Stack trace:
#0 C:\xampp\htdocs\posbengkel\system\Database\MySQLi\Connection.php(292): mysqli->query('INSERT INTO `su...', 0)
#1 C:\xampp\htdocs\posbengkel\system\Database\BaseConnection.php(693): CodeIgniter\Database\MySQLi\Connection->execute('INSERT INTO `su...')
#2 C:\xampp\htdocs\posbengkel\system\Database\BaseConnection.php(620): CodeIgniter\Database\BaseConnection->simpleQuery('INSERT INTO `su...')
#3 C:\xampp\htdocs\posbengkel\system\Database\BaseBuilder.php(1916): CodeIgniter\Database\BaseConnection->query('INSERT INTO `su...', Array, false)
#4 C:\xampp\htdocs\posbengkel\app\Models\ModelSupplier.php(24): CodeIgniter\Database\BaseBuilder->insert(Array)
#5 C:\xampp\htdocs\posbengkel\app\Controllers\TransaksiMasuk.php(193): App\Models\ModelSupplier->InsertData(Array)
#6 C:\xampp\htdocs\posbengkel\system\CodeIgniter.php(898): App\Controllers\TransaksiMasuk->tambahSupplier()
#7 C:\xampp\htdocs\posbengkel\system\CodeIgniter.php(457): CodeIgniter\CodeIgniter->runController(Object(App\Controllers\TransaksiMasuk))
#8 C:\xampp\htdocs\posbengkel\system\CodeIgniter.php(340): CodeIgniter\CodeIgniter->handleRequest(NULL, Object(Config\Cache), false)
#9 C:\xampp\htdocs\posbengkel\public\index.php(67): CodeIgniter\CodeIgniter->run()
#10 C:\xampp\htdocs\posbengkel\system\Commands\Server\rewrite.php(43): require_once('C:\\xampp\\htdocs...')
#11 {main}
CRITICAL - 2025-04-09 14:35:46 --> Column 'alamat_supplier' cannot be null
in SYSTEMPATH\Database\MySQLi\Connection.php on line 292.
 1 SYSTEMPATH\Database\MySQLi\Connection.php(292): mysqli->query('INSERT INTO `supplier` (`nama_supplier`, `alamat_supplier`, `telp_supplier`) VALUES (\'\', NULL, NULL)', 0)
 2 SYSTEMPATH\Database\BaseConnection.php(693): CodeIgniter\Database\MySQLi\Connection->execute('INSERT INTO `supplier` (`nama_supplier`, `alamat_supplier`, `telp_supplier`) VALUES (\'\', NULL, NULL)')
 3 SYSTEMPATH\Database\BaseConnection.php(620): CodeIgniter\Database\BaseConnection->simpleQuery('INSERT INTO `supplier` (`nama_supplier`, `alamat_supplier`, `telp_supplier`) VALUES (\'\', NULL, NULL)')
 4 SYSTEMPATH\Database\BaseBuilder.php(1916): CodeIgniter\Database\BaseConnection->query('INSERT INTO `supplier` (`nama_supplier`, `alamat_supplier`, `telp_supplier`) VALUES (:nama_supplier:, :alamat_supplier:, :telp_supplier:)', [...], false)
 5 APPPATH\Models\ModelSupplier.php(24): CodeIgniter\Database\BaseBuilder->insert([...])
 6 APPPATH\Controllers\TransaksiMasuk.php(193): App\Models\ModelSupplier->InsertData([...])
 7 SYSTEMPATH\CodeIgniter.php(898): App\Controllers\TransaksiMasuk->tambahSupplier()
 8 SYSTEMPATH\CodeIgniter.php(457): CodeIgniter\CodeIgniter->runController(Object(App\Controllers\TransaksiMasuk))
 9 SYSTEMPATH\CodeIgniter.php(340): CodeIgniter\CodeIgniter->handleRequest(null, Object(Config\Cache), false)
10 FCPATH\index.php(67): CodeIgniter\CodeIgniter->run()
11 SYSTEMPATH\Commands\Server\rewrite.php(43): require_once('FCPATH\\index.php')
ERROR - 2025-04-09 22:44:42 --> Error connecting to the database: mysqli_sql_exception: No connection could be made because the target machine actively refused it in C:\xampp\htdocs\posbengkel\system\Database\MySQLi\Connection.php:170
Stack trace:
#0 C:\xampp\htdocs\posbengkel\system\Database\MySQLi\Connection.php(170): mysqli->real_connect('localhost', 'root', Object(SensitiveParameterValue), 'posbengkel', 3306, '', 0)
#1 C:\xampp\htdocs\posbengkel\system\Database\BaseConnection.php(382): CodeIgniter\Database\MySQLi\Connection->connect(false)
#2 C:\xampp\htdocs\posbengkel\system\Database\BaseConnection.php(588): CodeIgniter\Database\BaseConnection->initialize()
#3 C:\xampp\htdocs\posbengkel\system\Database\BaseBuilder.php(1669): CodeIgniter\Database\BaseConnection->query('SELECT COUNT(*)...', Array, false)
#4 C:\xampp\htdocs\posbengkel\system\Model.php(550): CodeIgniter\Database\BaseBuilder->countAllResults(true)
#5 C:\xampp\htdocs\posbengkel\app\Controllers\TransaksiMasuk.php(345): CodeIgniter\Model->countAllResults()
#6 C:\xampp\htdocs\posbengkel\system\CodeIgniter.php(898): App\Controllers\TransaksiMasuk->dataMasuk()
#7 C:\xampp\htdocs\posbengkel\system\CodeIgniter.php(457): CodeIgniter\CodeIgniter->runController(Object(App\Controllers\TransaksiMasuk))
#8 C:\xampp\htdocs\posbengkel\system\CodeIgniter.php(340): CodeIgniter\CodeIgniter->handleRequest(NULL, Object(Config\Cache), false)
#9 C:\xampp\htdocs\posbengkel\public\index.php(67): CodeIgniter\CodeIgniter->run()
#10 C:\xampp\htdocs\posbengkel\system\Commands\Server\rewrite.php(43): require_once('C:\\xampp\\htdocs...')
#11 {main}

Next CodeIgniter\Database\Exceptions\DatabaseException: No connection could be made because the target machine actively refused it in C:\xampp\htdocs\posbengkel\system\Database\MySQLi\Connection.php:215
Stack trace:
#0 C:\xampp\htdocs\posbengkel\system\Database\BaseConnection.php(382): CodeIgniter\Database\MySQLi\Connection->connect(false)
#1 C:\xampp\htdocs\posbengkel\system\Database\BaseConnection.php(588): CodeIgniter\Database\BaseConnection->initialize()
#2 C:\xampp\htdocs\posbengkel\system\Database\BaseBuilder.php(1669): CodeIgniter\Database\BaseConnection->query('SELECT COUNT(*)...', Array, false)
#3 C:\xampp\htdocs\posbengkel\system\Model.php(550): CodeIgniter\Database\BaseBuilder->countAllResults(true)
#4 C:\xampp\htdocs\posbengkel\app\Controllers\TransaksiMasuk.php(345): CodeIgniter\Model->countAllResults()
#5 C:\xampp\htdocs\posbengkel\system\CodeIgniter.php(898): App\Controllers\TransaksiMasuk->dataMasuk()
#6 C:\xampp\htdocs\posbengkel\system\CodeIgniter.php(457): CodeIgniter\CodeIgniter->runController(Object(App\Controllers\TransaksiMasuk))
#7 C:\xampp\htdocs\posbengkel\system\CodeIgniter.php(340): CodeIgniter\CodeIgniter->handleRequest(NULL, Object(Config\Cache), false)
#8 C:\xampp\htdocs\posbengkel\public\index.php(67): CodeIgniter\CodeIgniter->run()
#9 C:\xampp\htdocs\posbengkel\system\Commands\Server\rewrite.php(43): require_once('C:\\xampp\\htdocs...')
#10 {main}
CRITICAL - 2025-04-09 22:44:42 --> Unable to connect to the database.
Main connection [MySQLi]: No connection could be made because the target machine actively refused it
in SYSTEMPATH\Database\BaseConnection.php on line 418.
 1 SYSTEMPATH\Database\BaseConnection.php(588): CodeIgniter\Database\BaseConnection->initialize()
 2 SYSTEMPATH\Database\BaseBuilder.php(1669): CodeIgniter\Database\BaseConnection->query('SELECT COUNT(*) AS `numrows`
FROM `transaksi_masuk`', [], false)
 3 SYSTEMPATH\Model.php(550): CodeIgniter\Database\BaseBuilder->countAllResults(true)
 4 APPPATH\Controllers\TransaksiMasuk.php(345): CodeIgniter\Model->countAllResults()
 5 SYSTEMPATH\CodeIgniter.php(898): App\Controllers\TransaksiMasuk->dataMasuk()
 6 SYSTEMPATH\CodeIgniter.php(457): CodeIgniter\CodeIgniter->runController(Object(App\Controllers\TransaksiMasuk))
 7 SYSTEMPATH\CodeIgniter.php(340): CodeIgniter\CodeIgniter->handleRequest(null, Object(Config\Cache), false)
 8 FCPATH\index.php(67): CodeIgniter\CodeIgniter->run()
 9 SYSTEMPATH\Commands\Server\rewrite.php(43): require_once('FCPATH\\index.php')
ERROR - 2025-04-09 22:45:28 --> mysqli_sql_exception: Column 'alamat_supplier' cannot be null in C:\xampp\htdocs\posbengkel\system\Database\MySQLi\Connection.php:292
Stack trace:
#0 C:\xampp\htdocs\posbengkel\system\Database\MySQLi\Connection.php(292): mysqli->query('INSERT INTO `su...', 0)
#1 C:\xampp\htdocs\posbengkel\system\Database\BaseConnection.php(693): CodeIgniter\Database\MySQLi\Connection->execute('INSERT INTO `su...')
#2 C:\xampp\htdocs\posbengkel\system\Database\BaseConnection.php(620): CodeIgniter\Database\BaseConnection->simpleQuery('INSERT INTO `su...')
#3 C:\xampp\htdocs\posbengkel\system\Database\BaseBuilder.php(1916): CodeIgniter\Database\BaseConnection->query('INSERT INTO `su...', Array, false)
#4 C:\xampp\htdocs\posbengkel\app\Models\ModelSupplier.php(24): CodeIgniter\Database\BaseBuilder->insert(Array)
#5 C:\xampp\htdocs\posbengkel\app\Controllers\TransaksiMasuk.php(193): App\Models\ModelSupplier->InsertData(Array)
#6 C:\xampp\htdocs\posbengkel\system\CodeIgniter.php(898): App\Controllers\TransaksiMasuk->tambahSupplier()
#7 C:\xampp\htdocs\posbengkel\system\CodeIgniter.php(457): CodeIgniter\CodeIgniter->runController(Object(App\Controllers\TransaksiMasuk))
#8 C:\xampp\htdocs\posbengkel\system\CodeIgniter.php(340): CodeIgniter\CodeIgniter->handleRequest(NULL, Object(Config\Cache), false)
#9 C:\xampp\htdocs\posbengkel\public\index.php(67): CodeIgniter\CodeIgniter->run()
#10 C:\xampp\htdocs\posbengkel\system\Commands\Server\rewrite.php(43): require_once('C:\\xampp\\htdocs...')
#11 {main}
CRITICAL - 2025-04-09 22:45:28 --> Column 'alamat_supplier' cannot be null
in SYSTEMPATH\Database\MySQLi\Connection.php on line 292.
 1 SYSTEMPATH\Database\MySQLi\Connection.php(292): mysqli->query('INSERT INTO `supplier` (`nama_supplier`, `alamat_supplier`, `telp_supplier`) VALUES (\'\', NULL, NULL)', 0)
 2 SYSTEMPATH\Database\BaseConnection.php(693): CodeIgniter\Database\MySQLi\Connection->execute('INSERT INTO `supplier` (`nama_supplier`, `alamat_supplier`, `telp_supplier`) VALUES (\'\', NULL, NULL)')
 3 SYSTEMPATH\Database\BaseConnection.php(620): CodeIgniter\Database\BaseConnection->simpleQuery('INSERT INTO `supplier` (`nama_supplier`, `alamat_supplier`, `telp_supplier`) VALUES (\'\', NULL, NULL)')
 4 SYSTEMPATH\Database\BaseBuilder.php(1916): CodeIgniter\Database\BaseConnection->query('INSERT INTO `supplier` (`nama_supplier`, `alamat_supplier`, `telp_supplier`) VALUES (:nama_supplier:, :alamat_supplier:, :telp_supplier:)', [...], false)
 5 APPPATH\Models\ModelSupplier.php(24): CodeIgniter\Database\BaseBuilder->insert([...])
 6 APPPATH\Controllers\TransaksiMasuk.php(193): App\Models\ModelSupplier->InsertData([...])
 7 SYSTEMPATH\CodeIgniter.php(898): App\Controllers\TransaksiMasuk->tambahSupplier()
 8 SYSTEMPATH\CodeIgniter.php(457): CodeIgniter\CodeIgniter->runController(Object(App\Controllers\TransaksiMasuk))
 9 SYSTEMPATH\CodeIgniter.php(340): CodeIgniter\CodeIgniter->handleRequest(null, Object(Config\Cache), false)
10 FCPATH\index.php(67): CodeIgniter\CodeIgniter->run()
11 SYSTEMPATH\Commands\Server\rewrite.php(43): require_once('FCPATH\\index.php')
ERROR - 2025-04-09 22:50:01 --> mysqli_sql_exception: Column 'alamat_supplier' cannot be null in C:\xampp\htdocs\posbengkel\system\Database\MySQLi\Connection.php:292
Stack trace:
#0 C:\xampp\htdocs\posbengkel\system\Database\MySQLi\Connection.php(292): mysqli->query('INSERT INTO `su...', 0)
#1 C:\xampp\htdocs\posbengkel\system\Database\BaseConnection.php(693): CodeIgniter\Database\MySQLi\Connection->execute('INSERT INTO `su...')
#2 C:\xampp\htdocs\posbengkel\system\Database\BaseConnection.php(620): CodeIgniter\Database\BaseConnection->simpleQuery('INSERT INTO `su...')
#3 C:\xampp\htdocs\posbengkel\system\Database\BaseBuilder.php(1916): CodeIgniter\Database\BaseConnection->query('INSERT INTO `su...', Array, false)
#4 C:\xampp\htdocs\posbengkel\app\Models\ModelSupplier.php(24): CodeIgniter\Database\BaseBuilder->insert(Array)
#5 C:\xampp\htdocs\posbengkel\app\Controllers\TransaksiMasuk.php(193): App\Models\ModelSupplier->InsertData(Array)
#6 C:\xampp\htdocs\posbengkel\system\CodeIgniter.php(898): App\Controllers\TransaksiMasuk->tambahSupplier()
#7 C:\xampp\htdocs\posbengkel\system\CodeIgniter.php(457): CodeIgniter\CodeIgniter->runController(Object(App\Controllers\TransaksiMasuk))
#8 C:\xampp\htdocs\posbengkel\system\CodeIgniter.php(340): CodeIgniter\CodeIgniter->handleRequest(NULL, Object(Config\Cache), false)
#9 C:\xampp\htdocs\posbengkel\public\index.php(67): CodeIgniter\CodeIgniter->run()
#10 C:\xampp\htdocs\posbengkel\system\Commands\Server\rewrite.php(43): require_once('C:\\xampp\\htdocs...')
#11 {main}
CRITICAL - 2025-04-09 22:50:01 --> Column 'alamat_supplier' cannot be null
in SYSTEMPATH\Database\MySQLi\Connection.php on line 292.
 1 SYSTEMPATH\Database\MySQLi\Connection.php(292): mysqli->query('INSERT INTO `supplier` (`nama_supplier`, `alamat_supplier`, `telp_supplier`) VALUES (\'\', NULL, NULL)', 0)
 2 SYSTEMPATH\Database\BaseConnection.php(693): CodeIgniter\Database\MySQLi\Connection->execute('INSERT INTO `supplier` (`nama_supplier`, `alamat_supplier`, `telp_supplier`) VALUES (\'\', NULL, NULL)')
 3 SYSTEMPATH\Database\BaseConnection.php(620): CodeIgniter\Database\BaseConnection->simpleQuery('INSERT INTO `supplier` (`nama_supplier`, `alamat_supplier`, `telp_supplier`) VALUES (\'\', NULL, NULL)')
 4 SYSTEMPATH\Database\BaseBuilder.php(1916): CodeIgniter\Database\BaseConnection->query('INSERT INTO `supplier` (`nama_supplier`, `alamat_supplier`, `telp_supplier`) VALUES (:nama_supplier:, :alamat_supplier:, :telp_supplier:)', [...], false)
 5 APPPATH\Models\ModelSupplier.php(24): CodeIgniter\Database\BaseBuilder->insert([...])
 6 APPPATH\Controllers\TransaksiMasuk.php(193): App\Models\ModelSupplier->InsertData([...])
 7 SYSTEMPATH\CodeIgniter.php(898): App\Controllers\TransaksiMasuk->tambahSupplier()
 8 SYSTEMPATH\CodeIgniter.php(457): CodeIgniter\CodeIgniter->runController(Object(App\Controllers\TransaksiMasuk))
 9 SYSTEMPATH\CodeIgniter.php(340): CodeIgniter\CodeIgniter->handleRequest(null, Object(Config\Cache), false)
10 FCPATH\index.php(67): CodeIgniter\CodeIgniter->run()
11 SYSTEMPATH\Commands\Server\rewrite.php(43): require_once('FCPATH\\index.php')
