CRITICAL - 2025-02-10 03:53:44 --> Undefined variable $satuan
in APPPATH\Views\v_kategori.php on line 27.
 1 APPPATH\Views\v_kategori.php(27): CodeIgniter\Debug\Exceptions->errorHandler(2, 'Undefined variable $satuan', 'APPPATH\\Views\\v_kategori.php', 27)
 2 SYSTEMPATH\View\View.php(213): include('APPPATH\\Views\\v_kategori.php')
 3 SYSTEMPATH\View\View.php(216): CodeIgniter\View\View->CodeIgniter\View\{closure}()
 4 SYSTEMPATH\Common.php(1137): CodeIgniter\View\View->render('v_kategori', [], true)
 5 APPPATH\Views\v_template.php(198): view('v_kategori')
 6 SYSTEMPATH\View\View.php(213): include('APPPATH\\Views\\v_template.php')
 7 SYSTEMPATH\View\View.php(216): CodeIgniter\View\View->CodeIgniter\View\{closure}()
 8 SYSTEMPATH\Common.php(1137): CodeIgniter\View\View->render('v_template', [], true)
 9 APPPATH\Controllers\Kategori.php(25): view('v_template', [...])
10 SYSTEMPATH\CodeIgniter.php(898): App\Controllers\Kategori->index()
11 SYSTEMPATH\CodeIgniter.php(457): CodeIgniter\CodeIgniter->runController(Object(App\Controllers\Kategori))
12 SYSTEMPATH\CodeIgniter.php(340): CodeIgniter\CodeIgniter->handleRequest(null, Object(Config\Cache), false)
13 FCPATH\index.php(67): CodeIgniter\CodeIgniter->run()
14 SYSTEMPATH\Commands\Server\rewrite.php(43): require_once('FCPATH\\index.php')
CRITICAL - 2025-02-10 03:54:10 --> Undefined variable $kategori
in APPPATH\Views\v_kategori.php on line 27.
 1 APPPATH\Views\v_kategori.php(27): CodeIgniter\Debug\Exceptions->errorHandler(2, 'Undefined variable $kategori', 'APPPATH\\Views\\v_kategori.php', 27)
 2 SYSTEMPATH\View\View.php(213): include('APPPATH\\Views\\v_kategori.php')
 3 SYSTEMPATH\View\View.php(216): CodeIgniter\View\View->CodeIgniter\View\{closure}()
 4 SYSTEMPATH\Common.php(1137): CodeIgniter\View\View->render('v_kategori', [], true)
 5 APPPATH\Views\v_template.php(198): view('v_kategori')
 6 SYSTEMPATH\View\View.php(213): include('APPPATH\\Views\\v_template.php')
 7 SYSTEMPATH\View\View.php(216): CodeIgniter\View\View->CodeIgniter\View\{closure}()
 8 SYSTEMPATH\Common.php(1137): CodeIgniter\View\View->render('v_template', [], true)
 9 APPPATH\Controllers\Kategori.php(25): view('v_template', [...])
10 SYSTEMPATH\CodeIgniter.php(898): App\Controllers\Kategori->index()
11 SYSTEMPATH\CodeIgniter.php(457): CodeIgniter\CodeIgniter->runController(Object(App\Controllers\Kategori))
12 SYSTEMPATH\CodeIgniter.php(340): CodeIgniter\CodeIgniter->handleRequest(null, Object(Config\Cache), false)
13 FCPATH\index.php(67): CodeIgniter\CodeIgniter->run()
14 SYSTEMPATH\Commands\Server\rewrite.php(43): require_once('FCPATH\\index.php')
CRITICAL - 2025-02-10 03:56:22 --> Undefined variable $kategori
in APPPATH\Views\v_kategori.php on line 27.
 1 APPPATH\Views\v_kategori.php(27): CodeIgniter\Debug\Exceptions->errorHandler(2, 'Undefined variable $kategori', 'APPPATH\\Views\\v_kategori.php', 27)
 2 SYSTEMPATH\View\View.php(213): include('APPPATH\\Views\\v_kategori.php')
 3 SYSTEMPATH\View\View.php(216): CodeIgniter\View\View->CodeIgniter\View\{closure}()
 4 SYSTEMPATH\Common.php(1137): CodeIgniter\View\View->render('v_kategori', [], true)
 5 APPPATH\Views\v_template.php(198): view('v_kategori')
 6 SYSTEMPATH\View\View.php(213): include('APPPATH\\Views\\v_template.php')
 7 SYSTEMPATH\View\View.php(216): CodeIgniter\View\View->CodeIgniter\View\{closure}()
 8 SYSTEMPATH\Common.php(1137): CodeIgniter\View\View->render('v_template', [], true)
 9 APPPATH\Controllers\Kategori.php(25): view('v_template', [...])
10 SYSTEMPATH\CodeIgniter.php(898): App\Controllers\Kategori->index()
11 SYSTEMPATH\CodeIgniter.php(457): CodeIgniter\CodeIgniter->runController(Object(App\Controllers\Kategori))
12 SYSTEMPATH\CodeIgniter.php(340): CodeIgniter\CodeIgniter->handleRequest(null, Object(Config\Cache), false)
13 FCPATH\index.php(67): CodeIgniter\CodeIgniter->run()
14 SYSTEMPATH\Commands\Server\rewrite.php(43): require_once('FCPATH\\index.php')
CRITICAL - 2025-02-10 04:06:05 --> Undefined variable $kategori
in APPPATH\Views\v_kategori.php on line 27.
 1 APPPATH\Views\v_kategori.php(27): CodeIgniter\Debug\Exceptions->errorHandler(2, 'Undefined variable $kategori', 'APPPATH\\Views\\v_kategori.php', 27)
 2 SYSTEMPATH\View\View.php(213): include('APPPATH\\Views\\v_kategori.php')
 3 SYSTEMPATH\View\View.php(216): CodeIgniter\View\View->CodeIgniter\View\{closure}()
 4 SYSTEMPATH\Common.php(1137): CodeIgniter\View\View->render('v_kategori', [], true)
 5 APPPATH\Views\v_template.php(198): view('v_kategori')
 6 SYSTEMPATH\View\View.php(213): include('APPPATH\\Views\\v_template.php')
 7 SYSTEMPATH\View\View.php(216): CodeIgniter\View\View->CodeIgniter\View\{closure}()
 8 SYSTEMPATH\Common.php(1137): CodeIgniter\View\View->render('v_template', [], true)
 9 APPPATH\Controllers\Kategori.php(25): view('v_template', [...])
10 SYSTEMPATH\CodeIgniter.php(898): App\Controllers\Kategori->index()
11 SYSTEMPATH\CodeIgniter.php(457): CodeIgniter\CodeIgniter->runController(Object(App\Controllers\Kategori))
12 SYSTEMPATH\CodeIgniter.php(340): CodeIgniter\CodeIgniter->handleRequest(null, Object(Config\Cache), false)
13 FCPATH\index.php(67): CodeIgniter\CodeIgniter->run()
14 SYSTEMPATH\Commands\Server\rewrite.php(43): require_once('FCPATH\\index.php')
CRITICAL - 2025-02-10 04:08:44 --> Undefined variable $kategori
in APPPATH\Views\v_kategori.php on line 27.
 1 APPPATH\Views\v_kategori.php(27): CodeIgniter\Debug\Exceptions->errorHandler(2, 'Undefined variable $kategori', 'APPPATH\\Views\\v_kategori.php', 27)
 2 SYSTEMPATH\View\View.php(213): include('APPPATH\\Views\\v_kategori.php')
 3 SYSTEMPATH\View\View.php(216): CodeIgniter\View\View->CodeIgniter\View\{closure}()
 4 SYSTEMPATH\Common.php(1137): CodeIgniter\View\View->render('v_kategori', [], true)
 5 APPPATH\Views\v_template.php(198): view('v_kategori')
 6 SYSTEMPATH\View\View.php(213): include('APPPATH\\Views\\v_template.php')
 7 SYSTEMPATH\View\View.php(216): CodeIgniter\View\View->CodeIgniter\View\{closure}()
 8 SYSTEMPATH\Common.php(1137): CodeIgniter\View\View->render('v_template', [], true)
 9 APPPATH\Controllers\Kategori.php(25): view('v_template', [...])
10 SYSTEMPATH\CodeIgniter.php(898): App\Controllers\Kategori->index()
11 SYSTEMPATH\CodeIgniter.php(457): CodeIgniter\CodeIgniter->runController(Object(App\Controllers\Kategori))
12 SYSTEMPATH\CodeIgniter.php(340): CodeIgniter\CodeIgniter->handleRequest(null, Object(Config\Cache), false)
13 FCPATH\index.php(67): CodeIgniter\CodeIgniter->run()
14 SYSTEMPATH\Commands\Server\rewrite.php(43): require_once('FCPATH\\index.php')
CRITICAL - 2025-02-10 04:10:37 --> Undefined variable $kategori
in APPPATH\Views\v_kategori.php on line 26.
 1 APPPATH\Views\v_kategori.php(26): CodeIgniter\Debug\Exceptions->errorHandler(2, 'Undefined variable $kategori', 'APPPATH\\Views\\v_kategori.php', 26)
 2 SYSTEMPATH\View\View.php(213): include('APPPATH\\Views\\v_kategori.php')
 3 SYSTEMPATH\View\View.php(216): CodeIgniter\View\View->CodeIgniter\View\{closure}()
 4 SYSTEMPATH\Common.php(1137): CodeIgniter\View\View->render('v_kategori', [], true)
 5 APPPATH\Views\v_template.php(198): view('v_kategori')
 6 SYSTEMPATH\View\View.php(213): include('APPPATH\\Views\\v_template.php')
 7 SYSTEMPATH\View\View.php(216): CodeIgniter\View\View->CodeIgniter\View\{closure}()
 8 SYSTEMPATH\Common.php(1137): CodeIgniter\View\View->render('v_template', [], true)
 9 APPPATH\Controllers\Kategori.php(25): view('v_template', [...])
10 SYSTEMPATH\CodeIgniter.php(898): App\Controllers\Kategori->index()
11 SYSTEMPATH\CodeIgniter.php(457): CodeIgniter\CodeIgniter->runController(Object(App\Controllers\Kategori))
12 SYSTEMPATH\CodeIgniter.php(340): CodeIgniter\CodeIgniter->handleRequest(null, Object(Config\Cache), false)
13 FCPATH\index.php(67): CodeIgniter\CodeIgniter->run()
14 SYSTEMPATH\Commands\Server\rewrite.php(43): require_once('FCPATH\\index.php')
CRITICAL - 2025-02-10 04:15:27 --> Undefined variable $kategori
in APPPATH\Views\v_kategori.php on line 26.
 1 APPPATH\Views\v_kategori.php(26): CodeIgniter\Debug\Exceptions->errorHandler(2, 'Undefined variable $kategori', 'APPPATH\\Views\\v_kategori.php', 26)
 2 SYSTEMPATH\View\View.php(213): include('APPPATH\\Views\\v_kategori.php')
 3 SYSTEMPATH\View\View.php(216): CodeIgniter\View\View->CodeIgniter\View\{closure}()
 4 SYSTEMPATH\Common.php(1137): CodeIgniter\View\View->render('v_kategori', [], true)
 5 APPPATH\Views\v_template.php(198): view('v_kategori')
 6 SYSTEMPATH\View\View.php(213): include('APPPATH\\Views\\v_template.php')
 7 SYSTEMPATH\View\View.php(216): CodeIgniter\View\View->CodeIgniter\View\{closure}()
 8 SYSTEMPATH\Common.php(1137): CodeIgniter\View\View->render('v_template', [], true)
 9 APPPATH\Controllers\Kategori.php(25): view('v_template', [...])
10 SYSTEMPATH\CodeIgniter.php(898): App\Controllers\Kategori->index()
11 SYSTEMPATH\CodeIgniter.php(457): CodeIgniter\CodeIgniter->runController(Object(App\Controllers\Kategori))
12 SYSTEMPATH\CodeIgniter.php(340): CodeIgniter\CodeIgniter->handleRequest(null, Object(Config\Cache), false)
13 FCPATH\index.php(67): CodeIgniter\CodeIgniter->run()
14 SYSTEMPATH\Commands\Server\rewrite.php(43): require_once('FCPATH\\index.php')
CRITICAL - 2025-02-10 04:17:57 --> Undefined variable $kategori
in APPPATH\Views\v_kategori.php on line 26.
 1 APPPATH\Views\v_kategori.php(26): CodeIgniter\Debug\Exceptions->errorHandler(2, 'Undefined variable $kategori', 'APPPATH\\Views\\v_kategori.php', 26)
 2 SYSTEMPATH\View\View.php(213): include('APPPATH\\Views\\v_kategori.php')
 3 SYSTEMPATH\View\View.php(216): CodeIgniter\View\View->CodeIgniter\View\{closure}()
 4 SYSTEMPATH\Common.php(1137): CodeIgniter\View\View->render('v_kategori', [], true)
 5 APPPATH\Views\v_template.php(198): view('v_kategori')
 6 SYSTEMPATH\View\View.php(213): include('APPPATH\\Views\\v_template.php')
 7 SYSTEMPATH\View\View.php(216): CodeIgniter\View\View->CodeIgniter\View\{closure}()
 8 SYSTEMPATH\Common.php(1137): CodeIgniter\View\View->render('v_template', [], true)
 9 APPPATH\Controllers\Kategori.php(25): view('v_template', [...])
10 SYSTEMPATH\CodeIgniter.php(898): App\Controllers\Kategori->index()
11 SYSTEMPATH\CodeIgniter.php(457): CodeIgniter\CodeIgniter->runController(Object(App\Controllers\Kategori))
12 SYSTEMPATH\CodeIgniter.php(340): CodeIgniter\CodeIgniter->handleRequest(null, Object(Config\Cache), false)
13 FCPATH\index.php(67): CodeIgniter\CodeIgniter->run()
14 SYSTEMPATH\Commands\Server\rewrite.php(43): require_once('FCPATH\\index.php')
CRITICAL - 2025-02-10 04:19:31 --> Undefined variable $kategori
in APPPATH\Views\v_kategori.php on line 26.
 1 APPPATH\Views\v_kategori.php(26): CodeIgniter\Debug\Exceptions->errorHandler(2, 'Undefined variable $kategori', 'APPPATH\\Views\\v_kategori.php', 26)
 2 SYSTEMPATH\View\View.php(213): include('APPPATH\\Views\\v_kategori.php')
 3 SYSTEMPATH\View\View.php(216): CodeIgniter\View\View->CodeIgniter\View\{closure}()
 4 SYSTEMPATH\Common.php(1137): CodeIgniter\View\View->render('v_kategori', [], true)
 5 APPPATH\Views\v_template.php(198): view('v_kategori')
 6 SYSTEMPATH\View\View.php(213): include('APPPATH\\Views\\v_template.php')
 7 SYSTEMPATH\View\View.php(216): CodeIgniter\View\View->CodeIgniter\View\{closure}()
 8 SYSTEMPATH\Common.php(1137): CodeIgniter\View\View->render('v_template', [], true)
 9 APPPATH\Controllers\Kategori.php(25): view('v_template', [...])
10 SYSTEMPATH\CodeIgniter.php(898): App\Controllers\Kategori->index()
11 SYSTEMPATH\CodeIgniter.php(457): CodeIgniter\CodeIgniter->runController(Object(App\Controllers\Kategori))
12 SYSTEMPATH\CodeIgniter.php(340): CodeIgniter\CodeIgniter->handleRequest(null, Object(Config\Cache), false)
13 FCPATH\index.php(67): CodeIgniter\CodeIgniter->run()
14 SYSTEMPATH\Commands\Server\rewrite.php(43): require_once('FCPATH\\index.php')
ERROR - 2025-02-10 04:22:26 --> mysqli_sql_exception: Unknown column 'nama_satuan' in 'field list' in C:\xampp\htdocs\posbengkel\system\Database\MySQLi\Connection.php:292
Stack trace:
#0 C:\xampp\htdocs\posbengkel\system\Database\MySQLi\Connection.php(292): mysqli->query('INSERT INTO `ka...', 0)
#1 C:\xampp\htdocs\posbengkel\system\Database\BaseConnection.php(693): CodeIgniter\Database\MySQLi\Connection->execute('INSERT INTO `ka...')
#2 C:\xampp\htdocs\posbengkel\system\Database\BaseConnection.php(620): CodeIgniter\Database\BaseConnection->simpleQuery('INSERT INTO `ka...')
#3 C:\xampp\htdocs\posbengkel\system\Database\BaseBuilder.php(1916): CodeIgniter\Database\BaseConnection->query('INSERT INTO `ka...', Array, false)
#4 C:\xampp\htdocs\posbengkel\app\Models\ModelKategori.php(16): CodeIgniter\Database\BaseBuilder->insert(Array)
#5 C:\xampp\htdocs\posbengkel\app\Controllers\Kategori.php(31): App\Models\ModelKategori->InsertData(Array)
#6 C:\xampp\htdocs\posbengkel\system\CodeIgniter.php(898): App\Controllers\Kategori->InsertData()
#7 C:\xampp\htdocs\posbengkel\system\CodeIgniter.php(457): CodeIgniter\CodeIgniter->runController(Object(App\Controllers\Kategori))
#8 C:\xampp\htdocs\posbengkel\system\CodeIgniter.php(340): CodeIgniter\CodeIgniter->handleRequest(NULL, Object(Config\Cache), false)
#9 C:\xampp\htdocs\posbengkel\public\index.php(67): CodeIgniter\CodeIgniter->run()
#10 C:\xampp\htdocs\posbengkel\system\Commands\Server\rewrite.php(43): require_once('C:\\xampp\\htdocs...')
#11 {main}
CRITICAL - 2025-02-10 04:22:26 --> Unknown column 'nama_satuan' in 'field list'
in SYSTEMPATH\Database\MySQLi\Connection.php on line 292.
 1 SYSTEMPATH\Database\MySQLi\Connection.php(292): mysqli->query('INSERT INTO `kategori` (`nama_satuan`) VALUES (\'Sparepart\')', 0)
 2 SYSTEMPATH\Database\BaseConnection.php(693): CodeIgniter\Database\MySQLi\Connection->execute('INSERT INTO `kategori` (`nama_satuan`) VALUES (\'Sparepart\')')
 3 SYSTEMPATH\Database\BaseConnection.php(620): CodeIgniter\Database\BaseConnection->simpleQuery('INSERT INTO `kategori` (`nama_satuan`) VALUES (\'Sparepart\')')
 4 SYSTEMPATH\Database\BaseBuilder.php(1916): CodeIgniter\Database\BaseConnection->query('INSERT INTO `kategori` (`nama_satuan`) VALUES (:nama_satuan:)', [...], false)
 5 APPPATH\Models\ModelKategori.php(16): CodeIgniter\Database\BaseBuilder->insert([...])
 6 APPPATH\Controllers\Kategori.php(31): App\Models\ModelKategori->InsertData([...])
 7 SYSTEMPATH\CodeIgniter.php(898): App\Controllers\Kategori->InsertData()
 8 SYSTEMPATH\CodeIgniter.php(457): CodeIgniter\CodeIgniter->runController(Object(App\Controllers\Kategori))
 9 SYSTEMPATH\CodeIgniter.php(340): CodeIgniter\CodeIgniter->handleRequest(null, Object(Config\Cache), false)
10 FCPATH\index.php(67): CodeIgniter\CodeIgniter->run()
11 SYSTEMPATH\Commands\Server\rewrite.php(43): require_once('FCPATH\\index.php')
CRITICAL - 2025-02-10 08:00:45 --> Undefined variable $session
in APPPATH\Views\v_satuan.php on line 17.
 1 APPPATH\Views\v_satuan.php(17): CodeIgniter\Debug\Exceptions->errorHandler(2, 'Undefined variable $session', 'APPPATH\\Views\\v_satuan.php', 17)
 2 SYSTEMPATH\View\View.php(213): include('APPPATH\\Views\\v_satuan.php')
 3 SYSTEMPATH\View\View.php(216): CodeIgniter\View\View->CodeIgniter\View\{closure}()
 4 SYSTEMPATH\Common.php(1137): CodeIgniter\View\View->render('v_satuan', [], true)
 5 APPPATH\Views\v_template.php(198): view('v_satuan')
 6 SYSTEMPATH\View\View.php(213): include('APPPATH\\Views\\v_template.php')
 7 SYSTEMPATH\View\View.php(216): CodeIgniter\View\View->CodeIgniter\View\{closure}()
 8 SYSTEMPATH\Common.php(1137): CodeIgniter\View\View->render('v_template', [], true)
 9 APPPATH\Controllers\Satuan.php(25): view('v_template', [...])
10 SYSTEMPATH\CodeIgniter.php(898): App\Controllers\Satuan->index()
11 SYSTEMPATH\CodeIgniter.php(457): CodeIgniter\CodeIgniter->runController(Object(App\Controllers\Satuan))
12 SYSTEMPATH\CodeIgniter.php(340): CodeIgniter\CodeIgniter->handleRequest(null, Object(Config\Cache), false)
13 FCPATH\index.php(67): CodeIgniter\CodeIgniter->run()
14 SYSTEMPATH\Commands\Server\rewrite.php(43): require_once('FCPATH\\index.php')
CRITICAL - 2025-02-10 08:12:36 --> syntax error, unexpected single-quoted string "kode_satuan", expecting "," or ";"
in APPPATH\Views\v_satuan.php on line 79.
 1 SYSTEMPATH\View\View.php(216): CodeIgniter\View\View->CodeIgniter\View\{closure}()
 2 SYSTEMPATH\Common.php(1137): CodeIgniter\View\View->render('v_satuan', [], true)
 3 APPPATH\Views\v_template.php(198): view('v_satuan')
 4 SYSTEMPATH\View\View.php(213): include('APPPATH\\Views\\v_template.php')
 5 SYSTEMPATH\View\View.php(216): CodeIgniter\View\View->CodeIgniter\View\{closure}()
 6 SYSTEMPATH\Common.php(1137): CodeIgniter\View\View->render('v_template', [], true)
 7 APPPATH\Controllers\Satuan.php(25): view('v_template', [...])
 8 SYSTEMPATH\CodeIgniter.php(898): App\Controllers\Satuan->index()
 9 SYSTEMPATH\CodeIgniter.php(457): CodeIgniter\CodeIgniter->runController(Object(App\Controllers\Satuan))
10 SYSTEMPATH\CodeIgniter.php(340): CodeIgniter\CodeIgniter->handleRequest(null, Object(Config\Cache), false)
11 FCPATH\index.php(67): CodeIgniter\CodeIgniter->run()
12 SYSTEMPATH\Commands\Server\rewrite.php(43): require_once('FCPATH\\index.php')
CRITICAL - 2025-02-10 09:05:05 --> Class "App\Models\ModelSatuan" not found
in APPPATH\Controllers\Satuan.php on line 13.
 1 SYSTEMPATH\CodeIgniter.php(860): App\Controllers\Satuan->__construct()
 2 SYSTEMPATH\CodeIgniter.php(448): CodeIgniter\CodeIgniter->createController()
 3 SYSTEMPATH\CodeIgniter.php(340): CodeIgniter\CodeIgniter->handleRequest(null, Object(Config\Cache), false)
 4 FCPATH\index.php(67): CodeIgniter\CodeIgniter->run()
 5 SYSTEMPATH\Commands\Server\rewrite.php(43): require_once('FCPATH\\index.php')
CRITICAL - 2025-02-10 09:24:33 --> You must set the database table to be used with your query.
in SYSTEMPATH\Database\BaseConnection.php on line 872.
 1 SYSTEMPATH\Model.php(586): CodeIgniter\Database\BaseConnection->table(null)
 2 SYSTEMPATH\Model.php(763): CodeIgniter\Model->builder()
 3 APPPATH\Controllers\Kategori.php(42): CodeIgniter\Model->__call('UpdateDataKategori', [...])
 4 SYSTEMPATH\CodeIgniter.php(898): App\Controllers\Kategori->UpdateDataKategori('2')
 5 SYSTEMPATH\CodeIgniter.php(457): CodeIgniter\CodeIgniter->runController(Object(App\Controllers\Kategori))
 6 SYSTEMPATH\CodeIgniter.php(340): CodeIgniter\CodeIgniter->handleRequest(null, Object(Config\Cache), false)
 7 FCPATH\index.php(67): CodeIgniter\CodeIgniter->run()
 8 SYSTEMPATH\Commands\Server\rewrite.php(43): require_once('FCPATH\\index.php')
CRITICAL - 2025-02-10 19:53:46 --> Undefined variable $menu
in APPPATH\Views\main\layout.php on line 84.
 1 APPPATH\Views\main\layout.php(84): CodeIgniter\Debug\Exceptions->errorHandler(2, 'Undefined variable $menu', 'APPPATH\\Views\\main\\layout.php', 84)
 2 SYSTEMPATH\View\View.php(213): include('APPPATH\\Views\\main\\layout.php')
 3 SYSTEMPATH\View\View.php(216): CodeIgniter\View\View->CodeIgniter\View\{closure}()
 4 SYSTEMPATH\Common.php(1137): CodeIgniter\View\View->render('main/layout', [], true)
 5 APPPATH\Controllers\Main.php(11): view('main/layout')
 6 SYSTEMPATH\CodeIgniter.php(898): App\Controllers\Main->index()
 7 SYSTEMPATH\CodeIgniter.php(457): CodeIgniter\CodeIgniter->runController(Object(App\Controllers\Main))
 8 SYSTEMPATH\CodeIgniter.php(340): CodeIgniter\CodeIgniter->handleRequest(null, Object(Config\Cache), false)
 9 FCPATH\index.php(67): CodeIgniter\CodeIgniter->run()
10 SYSTEMPATH\Commands\Server\rewrite.php(43): require_once('FCPATH\\index.php')
