CRITICAL - 2025-02-27 00:52:02 --> Undefined variable $part
in APPPATH\Views\transaksi_masuk\datatemp.php on line 57.
 1 APPPATH\Views\transaksi_masuk\datatemp.php(57): CodeIgniter\Debug\Exceptions->errorHandler(2, 'Undefined variable $part', 'APPPATH\\Views\\transaksi_masuk\\datatemp.php', 57)
 2 SYSTEMPATH\View\View.php(213): include('APPPATH\\Views\\transaksi_masuk\\datatemp.php')
 3 SYSTEMPATH\View\View.php(216): CodeIgniter\View\View->CodeIgniter\View\{closure}()
 4 SYSTEMPATH\Common.php(1137): CodeIgniter\View\View->render('transaksi_masuk/datatemp', [], true)
 5 APPPATH\Controllers\TransaksiMasuk.php(38): view('transaksi_masuk/datatemp', [...])
 6 SYSTEMPATH\CodeIgniter.php(898): App\Controllers\TransaksiMasuk->dataTemp()
 7 SYSTEMPATH\CodeIgniter.php(457): CodeIgniter\CodeIgniter->runController(Object(App\Controllers\TransaksiMasuk))
 8 SYSTEMPATH\CodeIgniter.php(340): CodeIgniter\CodeIgniter->handleRequest(null, Object(Config\Cache), false)
 9 FCPATH\index.php(67): CodeIgniter\CodeIgniter->run()
10 SYSTEMPATH\Commands\Server\rewrite.php(43): require_once('FCPATH\\index.php')
CRITICAL - 2025-02-27 00:53:40 --> Undefined variable $value
in APPPATH\Views\transaksi_masuk\datatemp.php on line 47.
 1 APPPATH\Views\transaksi_masuk\datatemp.php(47): CodeIgniter\Debug\Exceptions->errorHandler(2, 'Undefined variable $value', 'APPPATH\\Views\\transaksi_masuk\\datatemp.php', 47)
 2 SYSTEMPATH\View\View.php(213): include('APPPATH\\Views\\transaksi_masuk\\datatemp.php')
 3 SYSTEMPATH\View\View.php(216): CodeIgniter\View\View->CodeIgniter\View\{closure}()
 4 SYSTEMPATH\Common.php(1137): CodeIgniter\View\View->render('transaksi_masuk/datatemp', [], true)
 5 APPPATH\Controllers\TransaksiMasuk.php(38): view('transaksi_masuk/datatemp', [...])
 6 SYSTEMPATH\CodeIgniter.php(898): App\Controllers\TransaksiMasuk->dataTemp()
 7 SYSTEMPATH\CodeIgniter.php(457): CodeIgniter\CodeIgniter->runController(Object(App\Controllers\TransaksiMasuk))
 8 SYSTEMPATH\CodeIgniter.php(340): CodeIgniter\CodeIgniter->handleRequest(null, Object(Config\Cache), false)
 9 FCPATH\index.php(67): CodeIgniter\CodeIgniter->run()
10 SYSTEMPATH\Commands\Server\rewrite.php(43): require_once('FCPATH\\index.php')
ERROR - 2025-02-27 20:45:20 --> Error connecting to the database: mysqli_sql_exception: No connection could be made because the target machine actively refused it in C:\xampp\htdocs\posbengkel\system\Database\MySQLi\Connection.php:170
Stack trace:
#0 C:\xampp\htdocs\posbengkel\system\Database\MySQLi\Connection.php(170): mysqli->real_connect('localhost', 'root', Object(SensitiveParameterValue), 'posbengkel', 3306, '', 0)
#1 C:\xampp\htdocs\posbengkel\system\Database\BaseConnection.php(382): CodeIgniter\Database\MySQLi\Connection->connect(false)
#2 C:\xampp\htdocs\posbengkel\system\Database\BaseConnection.php(588): CodeIgniter\Database\BaseConnection->initialize()
#3 C:\xampp\htdocs\posbengkel\system\Database\BaseBuilder.php(1585): CodeIgniter\Database\BaseConnection->query('SELECT *\nFROM `...', Array, false)
#4 C:\xampp\htdocs\posbengkel\app\Models\ModelSupplier.php(19): CodeIgniter\Database\BaseBuilder->get()
#5 C:\xampp\htdocs\posbengkel\app\Controllers\Supplier.php(24): App\Models\ModelSupplier->AllData()
#6 C:\xampp\htdocs\posbengkel\system\CodeIgniter.php(898): App\Controllers\Supplier->index()
#7 C:\xampp\htdocs\posbengkel\system\CodeIgniter.php(457): CodeIgniter\CodeIgniter->runController(Object(App\Controllers\Supplier))
#8 C:\xampp\htdocs\posbengkel\system\CodeIgniter.php(340): CodeIgniter\CodeIgniter->handleRequest(NULL, Object(Config\Cache), false)
#9 C:\xampp\htdocs\posbengkel\public\index.php(67): CodeIgniter\CodeIgniter->run()
#10 C:\xampp\htdocs\posbengkel\system\Commands\Server\rewrite.php(43): require_once('C:\\xampp\\htdocs...')
#11 {main}

Next CodeIgniter\Database\Exceptions\DatabaseException: No connection could be made because the target machine actively refused it in C:\xampp\htdocs\posbengkel\system\Database\MySQLi\Connection.php:215
Stack trace:
#0 C:\xampp\htdocs\posbengkel\system\Database\BaseConnection.php(382): CodeIgniter\Database\MySQLi\Connection->connect(false)
#1 C:\xampp\htdocs\posbengkel\system\Database\BaseConnection.php(588): CodeIgniter\Database\BaseConnection->initialize()
#2 C:\xampp\htdocs\posbengkel\system\Database\BaseBuilder.php(1585): CodeIgniter\Database\BaseConnection->query('SELECT *\nFROM `...', Array, false)
#3 C:\xampp\htdocs\posbengkel\app\Models\ModelSupplier.php(19): CodeIgniter\Database\BaseBuilder->get()
#4 C:\xampp\htdocs\posbengkel\app\Controllers\Supplier.php(24): App\Models\ModelSupplier->AllData()
#5 C:\xampp\htdocs\posbengkel\system\CodeIgniter.php(898): App\Controllers\Supplier->index()
#6 C:\xampp\htdocs\posbengkel\system\CodeIgniter.php(457): CodeIgniter\CodeIgniter->runController(Object(App\Controllers\Supplier))
#7 C:\xampp\htdocs\posbengkel\system\CodeIgniter.php(340): CodeIgniter\CodeIgniter->handleRequest(NULL, Object(Config\Cache), false)
#8 C:\xampp\htdocs\posbengkel\public\index.php(67): CodeIgniter\CodeIgniter->run()
#9 C:\xampp\htdocs\posbengkel\system\Commands\Server\rewrite.php(43): require_once('C:\\xampp\\htdocs...')
#10 {main}
CRITICAL - 2025-02-27 20:45:20 --> Unable to connect to the database.
Main connection [MySQLi]: No connection could be made because the target machine actively refused it
in SYSTEMPATH\Database\BaseConnection.php on line 418.
 1 SYSTEMPATH\Database\BaseConnection.php(588): CodeIgniter\Database\BaseConnection->initialize()
 2 SYSTEMPATH\Database\BaseBuilder.php(1585): CodeIgniter\Database\BaseConnection->query('SELECT *
FROM `supplier`', [], false)
 3 APPPATH\Models\ModelSupplier.php(19): CodeIgniter\Database\BaseBuilder->get()
 4 APPPATH\Controllers\Supplier.php(24): App\Models\ModelSupplier->AllData()
 5 SYSTEMPATH\CodeIgniter.php(898): App\Controllers\Supplier->index()
 6 SYSTEMPATH\CodeIgniter.php(457): CodeIgniter\CodeIgniter->runController(Object(App\Controllers\Supplier))
 7 SYSTEMPATH\CodeIgniter.php(340): CodeIgniter\CodeIgniter->handleRequest(null, Object(Config\Cache), false)
 8 FCPATH\index.php(67): CodeIgniter\CodeIgniter->run()
 9 SYSTEMPATH\Commands\Server\rewrite.php(43): require_once('FCPATH\\index.php')
CRITICAL - 2025-02-27 21:17:17 --> Call to undefined method App\Models\ModelPart::tampildata_cari
in SYSTEMPATH\Model.php on line 773.
 1 APPPATH\Controllers\TransaksiMasuk.php(109): CodeIgniter\Model->__call('tampildata_cari', [...])
 2 SYSTEMPATH\CodeIgniter.php(898): App\Controllers\TransaksiMasuk->detailCariBarang()
 3 SYSTEMPATH\CodeIgniter.php(457): CodeIgniter\CodeIgniter->runController(Object(App\Controllers\TransaksiMasuk))
 4 SYSTEMPATH\CodeIgniter.php(340): CodeIgniter\CodeIgniter->handleRequest(null, Object(Config\Cache), false)
 5 FCPATH\index.php(67): CodeIgniter\CodeIgniter->run()
 6 SYSTEMPATH\Commands\Server\rewrite.php(43): require_once('FCPATH\\index.php')
CRITICAL - 2025-02-27 21:17:22 --> Call to undefined method App\Models\ModelPart::tampildata_cari
in SYSTEMPATH\Model.php on line 773.
 1 APPPATH\Controllers\TransaksiMasuk.php(109): CodeIgniter\Model->__call('tampildata_cari', [...])
 2 SYSTEMPATH\CodeIgniter.php(898): App\Controllers\TransaksiMasuk->detailCariBarang()
 3 SYSTEMPATH\CodeIgniter.php(457): CodeIgniter\CodeIgniter->runController(Object(App\Controllers\TransaksiMasuk))
 4 SYSTEMPATH\CodeIgniter.php(340): CodeIgniter\CodeIgniter->handleRequest(null, Object(Config\Cache), false)
 5 FCPATH\index.php(67): CodeIgniter\CodeIgniter->run()
 6 SYSTEMPATH\Commands\Server\rewrite.php(43): require_once('FCPATH\\index.php')
CRITICAL - 2025-02-27 21:17:41 --> Call to undefined method App\Models\ModelPart::tampildata_cari
in SYSTEMPATH\Model.php on line 773.
 1 APPPATH\Controllers\TransaksiMasuk.php(109): CodeIgniter\Model->__call('tampildata_cari', [...])
 2 SYSTEMPATH\CodeIgniter.php(898): App\Controllers\TransaksiMasuk->detailCariBarang()
 3 SYSTEMPATH\CodeIgniter.php(457): CodeIgniter\CodeIgniter->runController(Object(App\Controllers\TransaksiMasuk))
 4 SYSTEMPATH\CodeIgniter.php(340): CodeIgniter\CodeIgniter->handleRequest(null, Object(Config\Cache), false)
 5 FCPATH\index.php(67): CodeIgniter\CodeIgniter->run()
 6 SYSTEMPATH\Commands\Server\rewrite.php(43): require_once('FCPATH\\index.php')
CRITICAL - 2025-02-27 21:20:54 --> Call to undefined method App\Models\ModelPart::tampildata_cari
in SYSTEMPATH\Model.php on line 773.
 1 APPPATH\Controllers\TransaksiMasuk.php(109): CodeIgniter\Model->__call('tampildata_cari', [...])
 2 SYSTEMPATH\CodeIgniter.php(898): App\Controllers\TransaksiMasuk->detailCariBarang()
 3 SYSTEMPATH\CodeIgniter.php(457): CodeIgniter\CodeIgniter->runController(Object(App\Controllers\TransaksiMasuk))
 4 SYSTEMPATH\CodeIgniter.php(340): CodeIgniter\CodeIgniter->handleRequest(null, Object(Config\Cache), false)
 5 FCPATH\index.php(67): CodeIgniter\CodeIgniter->run()
 6 SYSTEMPATH\Commands\Server\rewrite.php(43): require_once('FCPATH\\index.php')
CRITICAL - 2025-02-27 21:27:57 --> Call to undefined method App\Models\ModelPart::tampildata_cari
in SYSTEMPATH\Model.php on line 773.
 1 APPPATH\Controllers\TransaksiMasuk.php(107): CodeIgniter\Model->__call('tampildata_cari', [...])
 2 SYSTEMPATH\CodeIgniter.php(898): App\Controllers\TransaksiMasuk->detailCariBarang()
 3 SYSTEMPATH\CodeIgniter.php(457): CodeIgniter\CodeIgniter->runController(Object(App\Controllers\TransaksiMasuk))
 4 SYSTEMPATH\CodeIgniter.php(340): CodeIgniter\CodeIgniter->handleRequest(null, Object(Config\Cache), false)
 5 FCPATH\index.php(67): CodeIgniter\CodeIgniter->run()
 6 SYSTEMPATH\Commands\Server\rewrite.php(43): require_once('FCPATH\\index.php')
CRITICAL - 2025-02-27 21:28:21 --> Call to undefined method App\Models\ModelPart::tampildata_cari
in SYSTEMPATH\Model.php on line 773.
 1 APPPATH\Controllers\TransaksiMasuk.php(107): CodeIgniter\Model->__call('tampildata_cari', [...])
 2 SYSTEMPATH\CodeIgniter.php(898): App\Controllers\TransaksiMasuk->detailCariBarang()
 3 SYSTEMPATH\CodeIgniter.php(457): CodeIgniter\CodeIgniter->runController(Object(App\Controllers\TransaksiMasuk))
 4 SYSTEMPATH\CodeIgniter.php(340): CodeIgniter\CodeIgniter->handleRequest(null, Object(Config\Cache), false)
 5 FCPATH\index.php(67): CodeIgniter\CodeIgniter->run()
 6 SYSTEMPATH\Commands\Server\rewrite.php(43): require_once('FCPATH\\index.php')
CRITICAL - 2025-02-27 21:32:23 --> Call to undefined method App\Models\ModelPart::tampildata_cari
in SYSTEMPATH\Model.php on line 773.
 1 APPPATH\Controllers\TransaksiMasuk.php(107): CodeIgniter\Model->__call('tampildata_cari', [...])
 2 SYSTEMPATH\CodeIgniter.php(898): App\Controllers\TransaksiMasuk->detailCariBarang()
 3 SYSTEMPATH\CodeIgniter.php(457): CodeIgniter\CodeIgniter->runController(Object(App\Controllers\TransaksiMasuk))
 4 SYSTEMPATH\CodeIgniter.php(340): CodeIgniter\CodeIgniter->handleRequest(null, Object(Config\Cache), false)
 5 FCPATH\index.php(67): CodeIgniter\CodeIgniter->run()
 6 SYSTEMPATH\Commands\Server\rewrite.php(43): require_once('FCPATH\\index.php')
CRITICAL - 2025-02-27 21:41:40 --> Call to a member function get() on string
in APPPATH\Controllers\TransaksiMasuk.php on line 105.
 1 SYSTEMPATH\CodeIgniter.php(898): App\Controllers\TransaksiMasuk->detailCariBarang()
 2 SYSTEMPATH\CodeIgniter.php(457): CodeIgniter\CodeIgniter->runController(Object(App\Controllers\TransaksiMasuk))
 3 SYSTEMPATH\CodeIgniter.php(340): CodeIgniter\CodeIgniter->handleRequest(null, Object(Config\Cache), false)
 4 FCPATH\index.php(67): CodeIgniter\CodeIgniter->run()
 5 SYSTEMPATH\Commands\Server\rewrite.php(43): require_once('FCPATH\\index.php')
CRITICAL - 2025-02-27 21:41:43 --> Call to a member function get() on string
in APPPATH\Controllers\TransaksiMasuk.php on line 105.
 1 SYSTEMPATH\CodeIgniter.php(898): App\Controllers\TransaksiMasuk->detailCariBarang()
 2 SYSTEMPATH\CodeIgniter.php(457): CodeIgniter\CodeIgniter->runController(Object(App\Controllers\TransaksiMasuk))
 3 SYSTEMPATH\CodeIgniter.php(340): CodeIgniter\CodeIgniter->handleRequest(null, Object(Config\Cache), false)
 4 FCPATH\index.php(67): CodeIgniter\CodeIgniter->run()
 5 SYSTEMPATH\Commands\Server\rewrite.php(43): require_once('FCPATH\\index.php')
CRITICAL - 2025-02-27 21:42:50 --> Call to a member function get() on string
in APPPATH\Controllers\TransaksiMasuk.php on line 105.
 1 SYSTEMPATH\CodeIgniter.php(898): App\Controllers\TransaksiMasuk->detailCariBarang()
 2 SYSTEMPATH\CodeIgniter.php(457): CodeIgniter\CodeIgniter->runController(Object(App\Controllers\TransaksiMasuk))
 3 SYSTEMPATH\CodeIgniter.php(340): CodeIgniter\CodeIgniter->handleRequest(null, Object(Config\Cache), false)
 4 FCPATH\index.php(67): CodeIgniter\CodeIgniter->run()
 5 SYSTEMPATH\Commands\Server\rewrite.php(43): require_once('FCPATH\\index.php')
CRITICAL - 2025-02-27 21:47:07 --> Call to a member function get() on string
in APPPATH\Controllers\TransaksiMasuk.php on line 105.
 1 SYSTEMPATH\CodeIgniter.php(898): App\Controllers\TransaksiMasuk->detailCariBarang()
 2 SYSTEMPATH\CodeIgniter.php(457): CodeIgniter\CodeIgniter->runController(Object(App\Controllers\TransaksiMasuk))
 3 SYSTEMPATH\CodeIgniter.php(340): CodeIgniter\CodeIgniter->handleRequest(null, Object(Config\Cache), false)
 4 FCPATH\index.php(67): CodeIgniter\CodeIgniter->run()
 5 SYSTEMPATH\Commands\Server\rewrite.php(43): require_once('FCPATH\\index.php')
CRITICAL - 2025-02-27 21:59:14 --> Call to a member function get() on null
in APPPATH\Controllers\TransaksiMasuk.php on line 105.
 1 SYSTEMPATH\CodeIgniter.php(898): App\Controllers\TransaksiMasuk->cariDataPart()
 2 SYSTEMPATH\CodeIgniter.php(457): CodeIgniter\CodeIgniter->runController(Object(App\Controllers\TransaksiMasuk))
 3 SYSTEMPATH\CodeIgniter.php(340): CodeIgniter\CodeIgniter->handleRequest(null, Object(Config\Cache), false)
 4 FCPATH\index.php(67): CodeIgniter\CodeIgniter->run()
 5 SYSTEMPATH\Commands\Server\rewrite.php(43): require_once('FCPATH\\index.php')
CRITICAL - 2025-02-27 22:00:06 --> Call to a member function get() on null
in APPPATH\Controllers\TransaksiMasuk.php on line 105.
 1 SYSTEMPATH\CodeIgniter.php(898): App\Controllers\TransaksiMasuk->cariDataPart()
 2 SYSTEMPATH\CodeIgniter.php(457): CodeIgniter\CodeIgniter->runController(Object(App\Controllers\TransaksiMasuk))
 3 SYSTEMPATH\CodeIgniter.php(340): CodeIgniter\CodeIgniter->handleRequest(null, Object(Config\Cache), false)
 4 FCPATH\index.php(67): CodeIgniter\CodeIgniter->run()
 5 SYSTEMPATH\Commands\Server\rewrite.php(43): require_once('FCPATH\\index.php')
CRITICAL - 2025-02-27 22:02:34 --> Call to a member function get() on null
in APPPATH\Controllers\TransaksiMasuk.php on line 105.
 1 SYSTEMPATH\CodeIgniter.php(898): App\Controllers\TransaksiMasuk->cariDataPart()
 2 SYSTEMPATH\CodeIgniter.php(457): CodeIgniter\CodeIgniter->runController(Object(App\Controllers\TransaksiMasuk))
 3 SYSTEMPATH\CodeIgniter.php(340): CodeIgniter\CodeIgniter->handleRequest(null, Object(Config\Cache), false)
 4 FCPATH\index.php(67): CodeIgniter\CodeIgniter->run()
 5 SYSTEMPATH\Commands\Server\rewrite.php(43): require_once('FCPATH\\index.php')
CRITICAL - 2025-02-27 22:07:47 --> Call to a member function get() on string
in APPPATH\Controllers\TransaksiMasuk.php on line 117.
 1 SYSTEMPATH\CodeIgniter.php(898): App\Controllers\TransaksiMasuk->detailCariPart()
 2 SYSTEMPATH\CodeIgniter.php(457): CodeIgniter\CodeIgniter->runController(Object(App\Controllers\TransaksiMasuk))
 3 SYSTEMPATH\CodeIgniter.php(340): CodeIgniter\CodeIgniter->handleRequest(null, Object(Config\Cache), false)
 4 FCPATH\index.php(67): CodeIgniter\CodeIgniter->run()
 5 SYSTEMPATH\Commands\Server\rewrite.php(43): require_once('FCPATH\\index.php')
CRITICAL - 2025-02-27 22:08:12 --> Call to a member function get() on string
in APPPATH\Controllers\TransaksiMasuk.php on line 117.
 1 SYSTEMPATH\CodeIgniter.php(898): App\Controllers\TransaksiMasuk->detailCariPart()
 2 SYSTEMPATH\CodeIgniter.php(457): CodeIgniter\CodeIgniter->runController(Object(App\Controllers\TransaksiMasuk))
 3 SYSTEMPATH\CodeIgniter.php(340): CodeIgniter\CodeIgniter->handleRequest(null, Object(Config\Cache), false)
 4 FCPATH\index.php(67): CodeIgniter\CodeIgniter->run()
 5 SYSTEMPATH\Commands\Server\rewrite.php(43): require_once('FCPATH\\index.php')
CRITICAL - 2025-02-27 22:10:25 --> Call to a member function get() on string
in APPPATH\Controllers\TransaksiMasuk.php on line 117.
 1 SYSTEMPATH\CodeIgniter.php(898): App\Controllers\TransaksiMasuk->detailCariPart()
 2 SYSTEMPATH\CodeIgniter.php(457): CodeIgniter\CodeIgniter->runController(Object(App\Controllers\TransaksiMasuk))
 3 SYSTEMPATH\CodeIgniter.php(340): CodeIgniter\CodeIgniter->handleRequest(null, Object(Config\Cache), false)
 4 FCPATH\index.php(67): CodeIgniter\CodeIgniter->run()
 5 SYSTEMPATH\Commands\Server\rewrite.php(43): require_once('FCPATH\\index.php')
CRITICAL - 2025-02-27 22:13:48 --> Call to a member function get() on string
in APPPATH\Controllers\TransaksiMasuk.php on line 117.
 1 SYSTEMPATH\CodeIgniter.php(898): App\Controllers\TransaksiMasuk->detailCariPart()
 2 SYSTEMPATH\CodeIgniter.php(457): CodeIgniter\CodeIgniter->runController(Object(App\Controllers\TransaksiMasuk))
 3 SYSTEMPATH\CodeIgniter.php(340): CodeIgniter\CodeIgniter->handleRequest(null, Object(Config\Cache), false)
 4 FCPATH\index.php(67): CodeIgniter\CodeIgniter->run()
 5 SYSTEMPATH\Commands\Server\rewrite.php(43): require_once('FCPATH\\index.php')
CRITICAL - 2025-02-27 22:18:09 --> Call to a member function get() on string
in APPPATH\Controllers\TransaksiMasuk.php on line 117.
 1 SYSTEMPATH\CodeIgniter.php(898): App\Controllers\TransaksiMasuk->detailCariPart()
 2 SYSTEMPATH\CodeIgniter.php(457): CodeIgniter\CodeIgniter->runController(Object(App\Controllers\TransaksiMasuk))
 3 SYSTEMPATH\CodeIgniter.php(340): CodeIgniter\CodeIgniter->handleRequest(null, Object(Config\Cache), false)
 4 FCPATH\index.php(67): CodeIgniter\CodeIgniter->run()
 5 SYSTEMPATH\Commands\Server\rewrite.php(43): require_once('FCPATH\\index.php')
CRITICAL - 2025-02-27 22:18:14 --> Call to a member function get() on string
in APPPATH\Controllers\TransaksiMasuk.php on line 117.
 1 SYSTEMPATH\CodeIgniter.php(898): App\Controllers\TransaksiMasuk->detailCariPart()
 2 SYSTEMPATH\CodeIgniter.php(457): CodeIgniter\CodeIgniter->runController(Object(App\Controllers\TransaksiMasuk))
 3 SYSTEMPATH\CodeIgniter.php(340): CodeIgniter\CodeIgniter->handleRequest(null, Object(Config\Cache), false)
 4 FCPATH\index.php(67): CodeIgniter\CodeIgniter->run()
 5 SYSTEMPATH\Commands\Server\rewrite.php(43): require_once('FCPATH\\index.php')
CRITICAL - 2025-02-27 22:23:20 --> Call to a member function get() on string
in APPPATH\Controllers\TransaksiMasuk.php on line 117.
 1 SYSTEMPATH\CodeIgniter.php(898): App\Controllers\TransaksiMasuk->detailCariPart()
 2 SYSTEMPATH\CodeIgniter.php(457): CodeIgniter\CodeIgniter->runController(Object(App\Controllers\TransaksiMasuk))
 3 SYSTEMPATH\CodeIgniter.php(340): CodeIgniter\CodeIgniter->handleRequest(null, Object(Config\Cache), false)
 4 FCPATH\index.php(67): CodeIgniter\CodeIgniter->run()
 5 SYSTEMPATH\Commands\Server\rewrite.php(43): require_once('FCPATH\\index.php')
CRITICAL - 2025-02-27 22:23:23 --> Call to a member function get() on string
in APPPATH\Controllers\TransaksiMasuk.php on line 117.
 1 SYSTEMPATH\CodeIgniter.php(898): App\Controllers\TransaksiMasuk->detailCariPart()
 2 SYSTEMPATH\CodeIgniter.php(457): CodeIgniter\CodeIgniter->runController(Object(App\Controllers\TransaksiMasuk))
 3 SYSTEMPATH\CodeIgniter.php(340): CodeIgniter\CodeIgniter->handleRequest(null, Object(Config\Cache), false)
 4 FCPATH\index.php(67): CodeIgniter\CodeIgniter->run()
 5 SYSTEMPATH\Commands\Server\rewrite.php(43): require_once('FCPATH\\index.php')
CRITICAL - 2025-02-27 22:26:22 --> Call to a member function get() on string
in APPPATH\Controllers\TransaksiMasuk.php on line 117.
 1 SYSTEMPATH\CodeIgniter.php(898): App\Controllers\TransaksiMasuk->detailCariPart()
 2 SYSTEMPATH\CodeIgniter.php(457): CodeIgniter\CodeIgniter->runController(Object(App\Controllers\TransaksiMasuk))
 3 SYSTEMPATH\CodeIgniter.php(340): CodeIgniter\CodeIgniter->handleRequest(null, Object(Config\Cache), false)
 4 FCPATH\index.php(67): CodeIgniter\CodeIgniter->run()
 5 SYSTEMPATH\Commands\Server\rewrite.php(43): require_once('FCPATH\\index.php')
CRITICAL - 2025-02-27 22:26:26 --> Call to a member function get() on string
in APPPATH\Controllers\TransaksiMasuk.php on line 117.
 1 SYSTEMPATH\CodeIgniter.php(898): App\Controllers\TransaksiMasuk->detailCariPart()
 2 SYSTEMPATH\CodeIgniter.php(457): CodeIgniter\CodeIgniter->runController(Object(App\Controllers\TransaksiMasuk))
 3 SYSTEMPATH\CodeIgniter.php(340): CodeIgniter\CodeIgniter->handleRequest(null, Object(Config\Cache), false)
 4 FCPATH\index.php(67): CodeIgniter\CodeIgniter->run()
 5 SYSTEMPATH\Commands\Server\rewrite.php(43): require_once('FCPATH\\index.php')
CRITICAL - 2025-02-27 22:27:21 --> Call to a member function get() on string
in APPPATH\Controllers\TransaksiMasuk.php on line 117.
 1 SYSTEMPATH\CodeIgniter.php(898): App\Controllers\TransaksiMasuk->detailCariPart()
 2 SYSTEMPATH\CodeIgniter.php(457): CodeIgniter\CodeIgniter->runController(Object(App\Controllers\TransaksiMasuk))
 3 SYSTEMPATH\CodeIgniter.php(340): CodeIgniter\CodeIgniter->handleRequest(null, Object(Config\Cache), false)
 4 FCPATH\index.php(67): CodeIgniter\CodeIgniter->run()
 5 SYSTEMPATH\Commands\Server\rewrite.php(43): require_once('FCPATH\\index.php')
