CRITICAL - 2025-04-04 08:59:04 --> Call to undefined method App\Models\ModelTransaksiMasuk::getTransactionByFaktur
in SYSTEMPATH\Model.php on line 773.
 1 APPPATH\Controllers\TransaksiMasuk.php(342): CodeIgniter\Model->__call('getTransactionByFaktur', [...])
 2 SYSTEMPATH\CodeIgniter.php(898): App\Controllers\TransaksiMasuk->view('B0404250001')
 3 SYSTEMPATH\CodeIgniter.php(457): CodeIgniter\CodeIgniter->runController(Object(App\Controllers\TransaksiMasuk))
 4 SYSTEMPATH\CodeIgniter.php(340): CodeIgniter\CodeIgniter->handleRequest(null, Object(Config\Cache), false)
 5 FCPATH\index.php(67): CodeIgniter\CodeIgniter->run()
 6 SYSTEMPATH\Commands\Server\rewrite.php(43): require_once('FCPATH\\index.php')
CRITICAL - 2025-04-04 08:59:11 --> Call to undefined method App\Models\ModelTransaksiMasuk::getTransactionByFaktur
in SYSTEMPATH\Model.php on line 773.
 1 APPPATH\Controllers\TransaksiMasuk.php(342): CodeIgniter\Model->__call('getTransactionByFaktur', [...])
 2 SYSTEMPATH\CodeIgniter.php(898): App\Controllers\TransaksiMasuk->view('B0404250001')
 3 SYSTEMPATH\CodeIgniter.php(457): CodeIgniter\CodeIgniter->runController(Object(App\Controllers\TransaksiMasuk))
 4 SYSTEMPATH\CodeIgniter.php(340): CodeIgniter\CodeIgniter->handleRequest(null, Object(Config\Cache), false)
 5 FCPATH\index.php(67): CodeIgniter\CodeIgniter->run()
 6 SYSTEMPATH\Commands\Server\rewrite.php(43): require_once('FCPATH\\index.php')
ERROR - 2025-04-04 09:00:20 --> mysqli_sql_exception: Table 'posbengkel.suppliers' doesn't exist in C:\xampp\htdocs\posbengkel\system\Database\MySQLi\Connection.php:292
Stack trace:
#0 C:\xampp\htdocs\posbengkel\system\Database\MySQLi\Connection.php(292): mysqli->query('SELECT `det_tra...', 0)
#1 C:\xampp\htdocs\posbengkel\system\Database\BaseConnection.php(693): CodeIgniter\Database\MySQLi\Connection->execute('SELECT `det_tra...')
#2 C:\xampp\htdocs\posbengkel\system\Database\BaseConnection.php(620): CodeIgniter\Database\BaseConnection->simpleQuery('SELECT `det_tra...')
#3 C:\xampp\htdocs\posbengkel\system\Database\BaseBuilder.php(1585): CodeIgniter\Database\BaseConnection->query('SELECT `det_tra...', Array, false)
#4 C:\xampp\htdocs\posbengkel\app\Models\ModelTransaksiMasuk.php(52): CodeIgniter\Database\BaseBuilder->get()
#5 C:\xampp\htdocs\posbengkel\app\Controllers\TransaksiMasuk.php(345): App\Models\ModelTransaksiMasuk->getItemsByFaktur('B0404250001')
#6 C:\xampp\htdocs\posbengkel\system\CodeIgniter.php(898): App\Controllers\TransaksiMasuk->view('B0404250001')
#7 C:\xampp\htdocs\posbengkel\system\CodeIgniter.php(457): CodeIgniter\CodeIgniter->runController(Object(App\Controllers\TransaksiMasuk))
#8 C:\xampp\htdocs\posbengkel\system\CodeIgniter.php(340): CodeIgniter\CodeIgniter->handleRequest(NULL, Object(Config\Cache), false)
#9 C:\xampp\htdocs\posbengkel\public\index.php(67): CodeIgniter\CodeIgniter->run()
#10 C:\xampp\htdocs\posbengkel\system\Commands\Server\rewrite.php(43): require_once('C:\\xampp\\htdocs...')
#11 {main}
CRITICAL - 2025-04-04 09:00:20 --> Table 'posbengkel.suppliers' doesn't exist
in SYSTEMPATH\Database\MySQLi\Connection.php on line 292.
 1 SYSTEMPATH\Database\MySQLi\Connection.php(292): mysqli->query('SELECT `det_transaksi_masuk`.*, `suppliers`.`nama_supplier`
FROM `det_transaksi_masuk`
JOIN `suppliers` ON `det_transaksi_masuk`.`supplier_id` = `suppliers`.`id_supplier`
WHERE `det_transaksi_masuk`.`faktur_detbeli` = \'B0404250001\'', 0)
 2 SYSTEMPATH\Database\BaseConnection.php(693): CodeIgniter\Database\MySQLi\Connection->execute('SELECT `det_transaksi_masuk`.*, `suppliers`.`nama_supplier`
FROM `det_transaksi_masuk`
JOIN `suppliers` ON `det_transaksi_masuk`.`supplier_id` = `suppliers`.`id_supplier`
WHERE `det_transaksi_masuk`.`faktur_detbeli` = \'B0404250001\'')
 3 SYSTEMPATH\Database\BaseConnection.php(620): CodeIgniter\Database\BaseConnection->simpleQuery('SELECT `det_transaksi_masuk`.*, `suppliers`.`nama_supplier`
FROM `det_transaksi_masuk`
JOIN `suppliers` ON `det_transaksi_masuk`.`supplier_id` = `suppliers`.`id_supplier`
WHERE `det_transaksi_masuk`.`faktur_detbeli` = \'B0404250001\'')
 4 SYSTEMPATH\Database\BaseBuilder.php(1585): CodeIgniter\Database\BaseConnection->query('SELECT `det_transaksi_masuk`.*, `suppliers`.`nama_supplier`
FROM `det_transaksi_masuk`
JOIN `suppliers` ON `det_transaksi_masuk`.`supplier_id` = `suppliers`.`id_supplier`
WHERE `det_transaksi_masuk`.`faktur_detbeli` = :det_transaksi_masuk.faktur_detbeli:', [...], false)
 5 APPPATH\Models\ModelTransaksiMasuk.php(52): CodeIgniter\Database\BaseBuilder->get()
 6 APPPATH\Controllers\TransaksiMasuk.php(345): App\Models\ModelTransaksiMasuk->getItemsByFaktur('B0404250001')
 7 SYSTEMPATH\CodeIgniter.php(898): App\Controllers\TransaksiMasuk->view('B0404250001')
 8 SYSTEMPATH\CodeIgniter.php(457): CodeIgniter\CodeIgniter->runController(Object(App\Controllers\TransaksiMasuk))
 9 SYSTEMPATH\CodeIgniter.php(340): CodeIgniter\CodeIgniter->handleRequest(null, Object(Config\Cache), false)
10 FCPATH\index.php(67): CodeIgniter\CodeIgniter->run()
11 SYSTEMPATH\Commands\Server\rewrite.php(43): require_once('FCPATH\\index.php')
ERROR - 2025-04-04 09:01:02 --> mysqli_sql_exception: Table 'posbengkel.suppliers' doesn't exist in C:\xampp\htdocs\posbengkel\system\Database\MySQLi\Connection.php:292
Stack trace:
#0 C:\xampp\htdocs\posbengkel\system\Database\MySQLi\Connection.php(292): mysqli->query('SELECT `det_tra...', 0)
#1 C:\xampp\htdocs\posbengkel\system\Database\BaseConnection.php(693): CodeIgniter\Database\MySQLi\Connection->execute('SELECT `det_tra...')
#2 C:\xampp\htdocs\posbengkel\system\Database\BaseConnection.php(620): CodeIgniter\Database\BaseConnection->simpleQuery('SELECT `det_tra...')
#3 C:\xampp\htdocs\posbengkel\system\Database\BaseBuilder.php(1585): CodeIgniter\Database\BaseConnection->query('SELECT `det_tra...', Array, false)
#4 C:\xampp\htdocs\posbengkel\app\Models\ModelTransaksiMasuk.php(52): CodeIgniter\Database\BaseBuilder->get()
#5 C:\xampp\htdocs\posbengkel\app\Controllers\TransaksiMasuk.php(345): App\Models\ModelTransaksiMasuk->getItemsByFaktur('B0404250001')
#6 C:\xampp\htdocs\posbengkel\system\CodeIgniter.php(898): App\Controllers\TransaksiMasuk->view('B0404250001')
#7 C:\xampp\htdocs\posbengkel\system\CodeIgniter.php(457): CodeIgniter\CodeIgniter->runController(Object(App\Controllers\TransaksiMasuk))
#8 C:\xampp\htdocs\posbengkel\system\CodeIgniter.php(340): CodeIgniter\CodeIgniter->handleRequest(NULL, Object(Config\Cache), false)
#9 C:\xampp\htdocs\posbengkel\public\index.php(67): CodeIgniter\CodeIgniter->run()
#10 C:\xampp\htdocs\posbengkel\system\Commands\Server\rewrite.php(43): require_once('C:\\xampp\\htdocs...')
#11 {main}
CRITICAL - 2025-04-04 09:01:02 --> Table 'posbengkel.suppliers' doesn't exist
in SYSTEMPATH\Database\MySQLi\Connection.php on line 292.
 1 SYSTEMPATH\Database\MySQLi\Connection.php(292): mysqli->query('SELECT `det_transaksi_masuk`.*, `supplier`.`nama_supplier`
FROM `det_transaksi_masuk`
JOIN `suppliers` ON `det_transaksi_masuk`.`supplier_id` = `supplier`.`id_supplier`
WHERE `det_transaksi_masuk`.`faktur_detbeli` = \'B0404250001\'', 0)
 2 SYSTEMPATH\Database\BaseConnection.php(693): CodeIgniter\Database\MySQLi\Connection->execute('SELECT `det_transaksi_masuk`.*, `supplier`.`nama_supplier`
FROM `det_transaksi_masuk`
JOIN `suppliers` ON `det_transaksi_masuk`.`supplier_id` = `supplier`.`id_supplier`
WHERE `det_transaksi_masuk`.`faktur_detbeli` = \'B0404250001\'')
 3 SYSTEMPATH\Database\BaseConnection.php(620): CodeIgniter\Database\BaseConnection->simpleQuery('SELECT `det_transaksi_masuk`.*, `supplier`.`nama_supplier`
FROM `det_transaksi_masuk`
JOIN `suppliers` ON `det_transaksi_masuk`.`supplier_id` = `supplier`.`id_supplier`
WHERE `det_transaksi_masuk`.`faktur_detbeli` = \'B0404250001\'')
 4 SYSTEMPATH\Database\BaseBuilder.php(1585): CodeIgniter\Database\BaseConnection->query('SELECT `det_transaksi_masuk`.*, `supplier`.`nama_supplier`
FROM `det_transaksi_masuk`
JOIN `suppliers` ON `det_transaksi_masuk`.`supplier_id` = `supplier`.`id_supplier`
WHERE `det_transaksi_masuk`.`faktur_detbeli` = :det_transaksi_masuk.faktur_detbeli:', [...], false)
 5 APPPATH\Models\ModelTransaksiMasuk.php(52): CodeIgniter\Database\BaseBuilder->get()
 6 APPPATH\Controllers\TransaksiMasuk.php(345): App\Models\ModelTransaksiMasuk->getItemsByFaktur('B0404250001')
 7 SYSTEMPATH\CodeIgniter.php(898): App\Controllers\TransaksiMasuk->view('B0404250001')
 8 SYSTEMPATH\CodeIgniter.php(457): CodeIgniter\CodeIgniter->runController(Object(App\Controllers\TransaksiMasuk))
 9 SYSTEMPATH\CodeIgniter.php(340): CodeIgniter\CodeIgniter->handleRequest(null, Object(Config\Cache), false)
10 FCPATH\index.php(67): CodeIgniter\CodeIgniter->run()
11 SYSTEMPATH\Commands\Server\rewrite.php(43): require_once('FCPATH\\index.php')
ERROR - 2025-04-04 09:01:03 --> mysqli_sql_exception: Table 'posbengkel.suppliers' doesn't exist in C:\xampp\htdocs\posbengkel\system\Database\MySQLi\Connection.php:292
Stack trace:
#0 C:\xampp\htdocs\posbengkel\system\Database\MySQLi\Connection.php(292): mysqli->query('SELECT `det_tra...', 0)
#1 C:\xampp\htdocs\posbengkel\system\Database\BaseConnection.php(693): CodeIgniter\Database\MySQLi\Connection->execute('SELECT `det_tra...')
#2 C:\xampp\htdocs\posbengkel\system\Database\BaseConnection.php(620): CodeIgniter\Database\BaseConnection->simpleQuery('SELECT `det_tra...')
#3 C:\xampp\htdocs\posbengkel\system\Database\BaseBuilder.php(1585): CodeIgniter\Database\BaseConnection->query('SELECT `det_tra...', Array, false)
#4 C:\xampp\htdocs\posbengkel\app\Models\ModelTransaksiMasuk.php(52): CodeIgniter\Database\BaseBuilder->get()
#5 C:\xampp\htdocs\posbengkel\app\Controllers\TransaksiMasuk.php(345): App\Models\ModelTransaksiMasuk->getItemsByFaktur('B0404250001')
#6 C:\xampp\htdocs\posbengkel\system\CodeIgniter.php(898): App\Controllers\TransaksiMasuk->view('B0404250001')
#7 C:\xampp\htdocs\posbengkel\system\CodeIgniter.php(457): CodeIgniter\CodeIgniter->runController(Object(App\Controllers\TransaksiMasuk))
#8 C:\xampp\htdocs\posbengkel\system\CodeIgniter.php(340): CodeIgniter\CodeIgniter->handleRequest(NULL, Object(Config\Cache), false)
#9 C:\xampp\htdocs\posbengkel\public\index.php(67): CodeIgniter\CodeIgniter->run()
#10 C:\xampp\htdocs\posbengkel\system\Commands\Server\rewrite.php(43): require_once('C:\\xampp\\htdocs...')
#11 {main}
CRITICAL - 2025-04-04 09:01:03 --> Table 'posbengkel.suppliers' doesn't exist
in SYSTEMPATH\Database\MySQLi\Connection.php on line 292.
 1 SYSTEMPATH\Database\MySQLi\Connection.php(292): mysqli->query('SELECT `det_transaksi_masuk`.*, `supplier`.`nama_supplier`
FROM `det_transaksi_masuk`
JOIN `suppliers` ON `det_transaksi_masuk`.`supplier_id` = `supplier`.`id_supplier`
WHERE `det_transaksi_masuk`.`faktur_detbeli` = \'B0404250001\'', 0)
 2 SYSTEMPATH\Database\BaseConnection.php(693): CodeIgniter\Database\MySQLi\Connection->execute('SELECT `det_transaksi_masuk`.*, `supplier`.`nama_supplier`
FROM `det_transaksi_masuk`
JOIN `suppliers` ON `det_transaksi_masuk`.`supplier_id` = `supplier`.`id_supplier`
WHERE `det_transaksi_masuk`.`faktur_detbeli` = \'B0404250001\'')
 3 SYSTEMPATH\Database\BaseConnection.php(620): CodeIgniter\Database\BaseConnection->simpleQuery('SELECT `det_transaksi_masuk`.*, `supplier`.`nama_supplier`
FROM `det_transaksi_masuk`
JOIN `suppliers` ON `det_transaksi_masuk`.`supplier_id` = `supplier`.`id_supplier`
WHERE `det_transaksi_masuk`.`faktur_detbeli` = \'B0404250001\'')
 4 SYSTEMPATH\Database\BaseBuilder.php(1585): CodeIgniter\Database\BaseConnection->query('SELECT `det_transaksi_masuk`.*, `supplier`.`nama_supplier`
FROM `det_transaksi_masuk`
JOIN `suppliers` ON `det_transaksi_masuk`.`supplier_id` = `supplier`.`id_supplier`
WHERE `det_transaksi_masuk`.`faktur_detbeli` = :det_transaksi_masuk.faktur_detbeli:', [...], false)
 5 APPPATH\Models\ModelTransaksiMasuk.php(52): CodeIgniter\Database\BaseBuilder->get()
 6 APPPATH\Controllers\TransaksiMasuk.php(345): App\Models\ModelTransaksiMasuk->getItemsByFaktur('B0404250001')
 7 SYSTEMPATH\CodeIgniter.php(898): App\Controllers\TransaksiMasuk->view('B0404250001')
 8 SYSTEMPATH\CodeIgniter.php(457): CodeIgniter\CodeIgniter->runController(Object(App\Controllers\TransaksiMasuk))
 9 SYSTEMPATH\CodeIgniter.php(340): CodeIgniter\CodeIgniter->handleRequest(null, Object(Config\Cache), false)
10 FCPATH\index.php(67): CodeIgniter\CodeIgniter->run()
11 SYSTEMPATH\Commands\Server\rewrite.php(43): require_once('FCPATH\\index.php')
ERROR - 2025-04-04 09:01:05 --> mysqli_sql_exception: Table 'posbengkel.suppliers' doesn't exist in C:\xampp\htdocs\posbengkel\system\Database\MySQLi\Connection.php:292
Stack trace:
#0 C:\xampp\htdocs\posbengkel\system\Database\MySQLi\Connection.php(292): mysqli->query('SELECT `det_tra...', 0)
#1 C:\xampp\htdocs\posbengkel\system\Database\BaseConnection.php(693): CodeIgniter\Database\MySQLi\Connection->execute('SELECT `det_tra...')
#2 C:\xampp\htdocs\posbengkel\system\Database\BaseConnection.php(620): CodeIgniter\Database\BaseConnection->simpleQuery('SELECT `det_tra...')
#3 C:\xampp\htdocs\posbengkel\system\Database\BaseBuilder.php(1585): CodeIgniter\Database\BaseConnection->query('SELECT `det_tra...', Array, false)
#4 C:\xampp\htdocs\posbengkel\app\Models\ModelTransaksiMasuk.php(52): CodeIgniter\Database\BaseBuilder->get()
#5 C:\xampp\htdocs\posbengkel\app\Controllers\TransaksiMasuk.php(345): App\Models\ModelTransaksiMasuk->getItemsByFaktur('B0404250001')
#6 C:\xampp\htdocs\posbengkel\system\CodeIgniter.php(898): App\Controllers\TransaksiMasuk->view('B0404250001')
#7 C:\xampp\htdocs\posbengkel\system\CodeIgniter.php(457): CodeIgniter\CodeIgniter->runController(Object(App\Controllers\TransaksiMasuk))
#8 C:\xampp\htdocs\posbengkel\system\CodeIgniter.php(340): CodeIgniter\CodeIgniter->handleRequest(NULL, Object(Config\Cache), false)
#9 C:\xampp\htdocs\posbengkel\public\index.php(67): CodeIgniter\CodeIgniter->run()
#10 C:\xampp\htdocs\posbengkel\system\Commands\Server\rewrite.php(43): require_once('C:\\xampp\\htdocs...')
#11 {main}
CRITICAL - 2025-04-04 09:01:05 --> Table 'posbengkel.suppliers' doesn't exist
in SYSTEMPATH\Database\MySQLi\Connection.php on line 292.
 1 SYSTEMPATH\Database\MySQLi\Connection.php(292): mysqli->query('SELECT `det_transaksi_masuk`.*, `supplier`.`nama_supplier`
FROM `det_transaksi_masuk`
JOIN `suppliers` ON `det_transaksi_masuk`.`supplier_id` = `supplier`.`id_supplier`
WHERE `det_transaksi_masuk`.`faktur_detbeli` = \'B0404250001\'', 0)
 2 SYSTEMPATH\Database\BaseConnection.php(693): CodeIgniter\Database\MySQLi\Connection->execute('SELECT `det_transaksi_masuk`.*, `supplier`.`nama_supplier`
FROM `det_transaksi_masuk`
JOIN `suppliers` ON `det_transaksi_masuk`.`supplier_id` = `supplier`.`id_supplier`
WHERE `det_transaksi_masuk`.`faktur_detbeli` = \'B0404250001\'')
 3 SYSTEMPATH\Database\BaseConnection.php(620): CodeIgniter\Database\BaseConnection->simpleQuery('SELECT `det_transaksi_masuk`.*, `supplier`.`nama_supplier`
FROM `det_transaksi_masuk`
JOIN `suppliers` ON `det_transaksi_masuk`.`supplier_id` = `supplier`.`id_supplier`
WHERE `det_transaksi_masuk`.`faktur_detbeli` = \'B0404250001\'')
 4 SYSTEMPATH\Database\BaseBuilder.php(1585): CodeIgniter\Database\BaseConnection->query('SELECT `det_transaksi_masuk`.*, `supplier`.`nama_supplier`
FROM `det_transaksi_masuk`
JOIN `suppliers` ON `det_transaksi_masuk`.`supplier_id` = `supplier`.`id_supplier`
WHERE `det_transaksi_masuk`.`faktur_detbeli` = :det_transaksi_masuk.faktur_detbeli:', [...], false)
 5 APPPATH\Models\ModelTransaksiMasuk.php(52): CodeIgniter\Database\BaseBuilder->get()
 6 APPPATH\Controllers\TransaksiMasuk.php(345): App\Models\ModelTransaksiMasuk->getItemsByFaktur('B0404250001')
 7 SYSTEMPATH\CodeIgniter.php(898): App\Controllers\TransaksiMasuk->view('B0404250001')
 8 SYSTEMPATH\CodeIgniter.php(457): CodeIgniter\CodeIgniter->runController(Object(App\Controllers\TransaksiMasuk))
 9 SYSTEMPATH\CodeIgniter.php(340): CodeIgniter\CodeIgniter->handleRequest(null, Object(Config\Cache), false)
10 FCPATH\index.php(67): CodeIgniter\CodeIgniter->run()
11 SYSTEMPATH\Commands\Server\rewrite.php(43): require_once('FCPATH\\index.php')
ERROR - 2025-04-04 09:01:07 --> mysqli_sql_exception: Table 'posbengkel.suppliers' doesn't exist in C:\xampp\htdocs\posbengkel\system\Database\MySQLi\Connection.php:292
Stack trace:
#0 C:\xampp\htdocs\posbengkel\system\Database\MySQLi\Connection.php(292): mysqli->query('SELECT `det_tra...', 0)
#1 C:\xampp\htdocs\posbengkel\system\Database\BaseConnection.php(693): CodeIgniter\Database\MySQLi\Connection->execute('SELECT `det_tra...')
#2 C:\xampp\htdocs\posbengkel\system\Database\BaseConnection.php(620): CodeIgniter\Database\BaseConnection->simpleQuery('SELECT `det_tra...')
#3 C:\xampp\htdocs\posbengkel\system\Database\BaseBuilder.php(1585): CodeIgniter\Database\BaseConnection->query('SELECT `det_tra...', Array, false)
#4 C:\xampp\htdocs\posbengkel\app\Models\ModelTransaksiMasuk.php(52): CodeIgniter\Database\BaseBuilder->get()
#5 C:\xampp\htdocs\posbengkel\app\Controllers\TransaksiMasuk.php(345): App\Models\ModelTransaksiMasuk->getItemsByFaktur('B0404250001')
#6 C:\xampp\htdocs\posbengkel\system\CodeIgniter.php(898): App\Controllers\TransaksiMasuk->view('B0404250001')
#7 C:\xampp\htdocs\posbengkel\system\CodeIgniter.php(457): CodeIgniter\CodeIgniter->runController(Object(App\Controllers\TransaksiMasuk))
#8 C:\xampp\htdocs\posbengkel\system\CodeIgniter.php(340): CodeIgniter\CodeIgniter->handleRequest(NULL, Object(Config\Cache), false)
#9 C:\xampp\htdocs\posbengkel\public\index.php(67): CodeIgniter\CodeIgniter->run()
#10 C:\xampp\htdocs\posbengkel\system\Commands\Server\rewrite.php(43): require_once('C:\\xampp\\htdocs...')
#11 {main}
CRITICAL - 2025-04-04 09:01:07 --> Table 'posbengkel.suppliers' doesn't exist
in SYSTEMPATH\Database\MySQLi\Connection.php on line 292.
 1 SYSTEMPATH\Database\MySQLi\Connection.php(292): mysqli->query('SELECT `det_transaksi_masuk`.*, `supplier`.`nama_supplier`
FROM `det_transaksi_masuk`
JOIN `suppliers` ON `det_transaksi_masuk`.`supplier_id` = `supplier`.`id_supplier`
WHERE `det_transaksi_masuk`.`faktur_detbeli` = \'B0404250001\'', 0)
 2 SYSTEMPATH\Database\BaseConnection.php(693): CodeIgniter\Database\MySQLi\Connection->execute('SELECT `det_transaksi_masuk`.*, `supplier`.`nama_supplier`
FROM `det_transaksi_masuk`
JOIN `suppliers` ON `det_transaksi_masuk`.`supplier_id` = `supplier`.`id_supplier`
WHERE `det_transaksi_masuk`.`faktur_detbeli` = \'B0404250001\'')
 3 SYSTEMPATH\Database\BaseConnection.php(620): CodeIgniter\Database\BaseConnection->simpleQuery('SELECT `det_transaksi_masuk`.*, `supplier`.`nama_supplier`
FROM `det_transaksi_masuk`
JOIN `suppliers` ON `det_transaksi_masuk`.`supplier_id` = `supplier`.`id_supplier`
WHERE `det_transaksi_masuk`.`faktur_detbeli` = \'B0404250001\'')
 4 SYSTEMPATH\Database\BaseBuilder.php(1585): CodeIgniter\Database\BaseConnection->query('SELECT `det_transaksi_masuk`.*, `supplier`.`nama_supplier`
FROM `det_transaksi_masuk`
JOIN `suppliers` ON `det_transaksi_masuk`.`supplier_id` = `supplier`.`id_supplier`
WHERE `det_transaksi_masuk`.`faktur_detbeli` = :det_transaksi_masuk.faktur_detbeli:', [...], false)
 5 APPPATH\Models\ModelTransaksiMasuk.php(52): CodeIgniter\Database\BaseBuilder->get()
 6 APPPATH\Controllers\TransaksiMasuk.php(345): App\Models\ModelTransaksiMasuk->getItemsByFaktur('B0404250001')
 7 SYSTEMPATH\CodeIgniter.php(898): App\Controllers\TransaksiMasuk->view('B0404250001')
 8 SYSTEMPATH\CodeIgniter.php(457): CodeIgniter\CodeIgniter->runController(Object(App\Controllers\TransaksiMasuk))
 9 SYSTEMPATH\CodeIgniter.php(340): CodeIgniter\CodeIgniter->handleRequest(null, Object(Config\Cache), false)
10 FCPATH\index.php(67): CodeIgniter\CodeIgniter->run()
11 SYSTEMPATH\Commands\Server\rewrite.php(43): require_once('FCPATH\\index.php')
ERROR - 2025-04-04 09:01:26 --> mysqli_sql_exception: Table 'posbengkel.suppliers' doesn't exist in C:\xampp\htdocs\posbengkel\system\Database\MySQLi\Connection.php:292
Stack trace:
#0 C:\xampp\htdocs\posbengkel\system\Database\MySQLi\Connection.php(292): mysqli->query('SELECT `det_tra...', 0)
#1 C:\xampp\htdocs\posbengkel\system\Database\BaseConnection.php(693): CodeIgniter\Database\MySQLi\Connection->execute('SELECT `det_tra...')
#2 C:\xampp\htdocs\posbengkel\system\Database\BaseConnection.php(620): CodeIgniter\Database\BaseConnection->simpleQuery('SELECT `det_tra...')
#3 C:\xampp\htdocs\posbengkel\system\Database\BaseBuilder.php(1585): CodeIgniter\Database\BaseConnection->query('SELECT `det_tra...', Array, false)
#4 C:\xampp\htdocs\posbengkel\app\Models\ModelTransaksiMasuk.php(52): CodeIgniter\Database\BaseBuilder->get()
#5 C:\xampp\htdocs\posbengkel\app\Controllers\TransaksiMasuk.php(345): App\Models\ModelTransaksiMasuk->getItemsByFaktur('B0404250001')
#6 C:\xampp\htdocs\posbengkel\system\CodeIgniter.php(898): App\Controllers\TransaksiMasuk->view('B0404250001')
#7 C:\xampp\htdocs\posbengkel\system\CodeIgniter.php(457): CodeIgniter\CodeIgniter->runController(Object(App\Controllers\TransaksiMasuk))
#8 C:\xampp\htdocs\posbengkel\system\CodeIgniter.php(340): CodeIgniter\CodeIgniter->handleRequest(NULL, Object(Config\Cache), false)
#9 C:\xampp\htdocs\posbengkel\public\index.php(67): CodeIgniter\CodeIgniter->run()
#10 C:\xampp\htdocs\posbengkel\system\Commands\Server\rewrite.php(43): require_once('C:\\xampp\\htdocs...')
#11 {main}
CRITICAL - 2025-04-04 09:01:26 --> Table 'posbengkel.suppliers' doesn't exist
in SYSTEMPATH\Database\MySQLi\Connection.php on line 292.
 1 SYSTEMPATH\Database\MySQLi\Connection.php(292): mysqli->query('SELECT `det_transaksi_masuk`.*, `supplier`.`nama_supplier`
FROM `det_transaksi_masuk`
JOIN `suppliers` ON `det_transaksi_masuk`.`supplier_id` = `supplier`.`id_supplier`
WHERE `det_transaksi_masuk`.`faktur_detbeli` = \'B0404250001\'', 0)
 2 SYSTEMPATH\Database\BaseConnection.php(693): CodeIgniter\Database\MySQLi\Connection->execute('SELECT `det_transaksi_masuk`.*, `supplier`.`nama_supplier`
FROM `det_transaksi_masuk`
JOIN `suppliers` ON `det_transaksi_masuk`.`supplier_id` = `supplier`.`id_supplier`
WHERE `det_transaksi_masuk`.`faktur_detbeli` = \'B0404250001\'')
 3 SYSTEMPATH\Database\BaseConnection.php(620): CodeIgniter\Database\BaseConnection->simpleQuery('SELECT `det_transaksi_masuk`.*, `supplier`.`nama_supplier`
FROM `det_transaksi_masuk`
JOIN `suppliers` ON `det_transaksi_masuk`.`supplier_id` = `supplier`.`id_supplier`
WHERE `det_transaksi_masuk`.`faktur_detbeli` = \'B0404250001\'')
 4 SYSTEMPATH\Database\BaseBuilder.php(1585): CodeIgniter\Database\BaseConnection->query('SELECT `det_transaksi_masuk`.*, `supplier`.`nama_supplier`
FROM `det_transaksi_masuk`
JOIN `suppliers` ON `det_transaksi_masuk`.`supplier_id` = `supplier`.`id_supplier`
WHERE `det_transaksi_masuk`.`faktur_detbeli` = :det_transaksi_masuk.faktur_detbeli:', [...], false)
 5 APPPATH\Models\ModelTransaksiMasuk.php(52): CodeIgniter\Database\BaseBuilder->get()
 6 APPPATH\Controllers\TransaksiMasuk.php(345): App\Models\ModelTransaksiMasuk->getItemsByFaktur('B0404250001')
 7 SYSTEMPATH\CodeIgniter.php(898): App\Controllers\TransaksiMasuk->view('B0404250001')
 8 SYSTEMPATH\CodeIgniter.php(457): CodeIgniter\CodeIgniter->runController(Object(App\Controllers\TransaksiMasuk))
 9 SYSTEMPATH\CodeIgniter.php(340): CodeIgniter\CodeIgniter->handleRequest(null, Object(Config\Cache), false)
10 FCPATH\index.php(67): CodeIgniter\CodeIgniter->run()
11 SYSTEMPATH\Commands\Server\rewrite.php(43): require_once('FCPATH\\index.php')
ERROR - 2025-04-04 09:02:01 --> mysqli_sql_exception: Unknown column 'det_transaksi_masuk.supplier_id' in 'on clause' in C:\xampp\htdocs\posbengkel\system\Database\MySQLi\Connection.php:292
Stack trace:
#0 C:\xampp\htdocs\posbengkel\system\Database\MySQLi\Connection.php(292): mysqli->query('SELECT `det_tra...', 0)
#1 C:\xampp\htdocs\posbengkel\system\Database\BaseConnection.php(693): CodeIgniter\Database\MySQLi\Connection->execute('SELECT `det_tra...')
#2 C:\xampp\htdocs\posbengkel\system\Database\BaseConnection.php(620): CodeIgniter\Database\BaseConnection->simpleQuery('SELECT `det_tra...')
#3 C:\xampp\htdocs\posbengkel\system\Database\BaseBuilder.php(1585): CodeIgniter\Database\BaseConnection->query('SELECT `det_tra...', Array, false)
#4 C:\xampp\htdocs\posbengkel\app\Models\ModelTransaksiMasuk.php(52): CodeIgniter\Database\BaseBuilder->get()
#5 C:\xampp\htdocs\posbengkel\app\Controllers\TransaksiMasuk.php(345): App\Models\ModelTransaksiMasuk->getItemsByFaktur('B0404250001')
#6 C:\xampp\htdocs\posbengkel\system\CodeIgniter.php(898): App\Controllers\TransaksiMasuk->view('B0404250001')
#7 C:\xampp\htdocs\posbengkel\system\CodeIgniter.php(457): CodeIgniter\CodeIgniter->runController(Object(App\Controllers\TransaksiMasuk))
#8 C:\xampp\htdocs\posbengkel\system\CodeIgniter.php(340): CodeIgniter\CodeIgniter->handleRequest(NULL, Object(Config\Cache), false)
#9 C:\xampp\htdocs\posbengkel\public\index.php(67): CodeIgniter\CodeIgniter->run()
#10 C:\xampp\htdocs\posbengkel\system\Commands\Server\rewrite.php(43): require_once('C:\\xampp\\htdocs...')
#11 {main}
CRITICAL - 2025-04-04 09:02:01 --> Unknown column 'det_transaksi_masuk.supplier_id' in 'on clause'
in SYSTEMPATH\Database\MySQLi\Connection.php on line 292.
 1 SYSTEMPATH\Database\MySQLi\Connection.php(292): mysqli->query('SELECT `det_transaksi_masuk`.*, `supplier`.`nama_supplier`
FROM `det_transaksi_masuk`
JOIN `supplier` ON `det_transaksi_masuk`.`supplier_id` = `supplier`.`id_supplier`
WHERE `det_transaksi_masuk`.`faktur_detbeli` = \'B0404250001\'', 0)
 2 SYSTEMPATH\Database\BaseConnection.php(693): CodeIgniter\Database\MySQLi\Connection->execute('SELECT `det_transaksi_masuk`.*, `supplier`.`nama_supplier`
FROM `det_transaksi_masuk`
JOIN `supplier` ON `det_transaksi_masuk`.`supplier_id` = `supplier`.`id_supplier`
WHERE `det_transaksi_masuk`.`faktur_detbeli` = \'B0404250001\'')
 3 SYSTEMPATH\Database\BaseConnection.php(620): CodeIgniter\Database\BaseConnection->simpleQuery('SELECT `det_transaksi_masuk`.*, `supplier`.`nama_supplier`
FROM `det_transaksi_masuk`
JOIN `supplier` ON `det_transaksi_masuk`.`supplier_id` = `supplier`.`id_supplier`
WHERE `det_transaksi_masuk`.`faktur_detbeli` = \'B0404250001\'')
 4 SYSTEMPATH\Database\BaseBuilder.php(1585): CodeIgniter\Database\BaseConnection->query('SELECT `det_transaksi_masuk`.*, `supplier`.`nama_supplier`
FROM `det_transaksi_masuk`
JOIN `supplier` ON `det_transaksi_masuk`.`supplier_id` = `supplier`.`id_supplier`
WHERE `det_transaksi_masuk`.`faktur_detbeli` = :det_transaksi_masuk.faktur_detbeli:', [...], false)
 5 APPPATH\Models\ModelTransaksiMasuk.php(52): CodeIgniter\Database\BaseBuilder->get()
 6 APPPATH\Controllers\TransaksiMasuk.php(345): App\Models\ModelTransaksiMasuk->getItemsByFaktur('B0404250001')
 7 SYSTEMPATH\CodeIgniter.php(898): App\Controllers\TransaksiMasuk->view('B0404250001')
 8 SYSTEMPATH\CodeIgniter.php(457): CodeIgniter\CodeIgniter->runController(Object(App\Controllers\TransaksiMasuk))
 9 SYSTEMPATH\CodeIgniter.php(340): CodeIgniter\CodeIgniter->handleRequest(null, Object(Config\Cache), false)
10 FCPATH\index.php(67): CodeIgniter\CodeIgniter->run()
11 SYSTEMPATH\Commands\Server\rewrite.php(43): require_once('FCPATH\\index.php')
ERROR - 2025-04-04 09:02:37 --> mysqli_sql_exception: Unknown column 'det_transaksi_masuk.id_supp_detbeli' in 'on clause' in C:\xampp\htdocs\posbengkel\system\Database\MySQLi\Connection.php:292
Stack trace:
#0 C:\xampp\htdocs\posbengkel\system\Database\MySQLi\Connection.php(292): mysqli->query('SELECT `det_tra...', 0)
#1 C:\xampp\htdocs\posbengkel\system\Database\BaseConnection.php(693): CodeIgniter\Database\MySQLi\Connection->execute('SELECT `det_tra...')
#2 C:\xampp\htdocs\posbengkel\system\Database\BaseConnection.php(620): CodeIgniter\Database\BaseConnection->simpleQuery('SELECT `det_tra...')
#3 C:\xampp\htdocs\posbengkel\system\Database\BaseBuilder.php(1585): CodeIgniter\Database\BaseConnection->query('SELECT `det_tra...', Array, false)
#4 C:\xampp\htdocs\posbengkel\app\Models\ModelTransaksiMasuk.php(52): CodeIgniter\Database\BaseBuilder->get()
#5 C:\xampp\htdocs\posbengkel\app\Controllers\TransaksiMasuk.php(345): App\Models\ModelTransaksiMasuk->getItemsByFaktur('B0404250001')
#6 C:\xampp\htdocs\posbengkel\system\CodeIgniter.php(898): App\Controllers\TransaksiMasuk->view('B0404250001')
#7 C:\xampp\htdocs\posbengkel\system\CodeIgniter.php(457): CodeIgniter\CodeIgniter->runController(Object(App\Controllers\TransaksiMasuk))
#8 C:\xampp\htdocs\posbengkel\system\CodeIgniter.php(340): CodeIgniter\CodeIgniter->handleRequest(NULL, Object(Config\Cache), false)
#9 C:\xampp\htdocs\posbengkel\public\index.php(67): CodeIgniter\CodeIgniter->run()
#10 C:\xampp\htdocs\posbengkel\system\Commands\Server\rewrite.php(43): require_once('C:\\xampp\\htdocs...')
#11 {main}
CRITICAL - 2025-04-04 09:02:37 --> Unknown column 'det_transaksi_masuk.id_supp_detbeli' in 'on clause'
in SYSTEMPATH\Database\MySQLi\Connection.php on line 292.
 1 SYSTEMPATH\Database\MySQLi\Connection.php(292): mysqli->query('SELECT `det_transaksi_masuk`.*, `supplier`.`nama_supplier`
FROM `det_transaksi_masuk`
JOIN `supplier` ON `det_transaksi_masuk`.`id_supp_detbeli` = `supplier`.`id_supplier`
WHERE `det_transaksi_masuk`.`faktur_detbeli` = \'B0404250001\'', 0)
 2 SYSTEMPATH\Database\BaseConnection.php(693): CodeIgniter\Database\MySQLi\Connection->execute('SELECT `det_transaksi_masuk`.*, `supplier`.`nama_supplier`
FROM `det_transaksi_masuk`
JOIN `supplier` ON `det_transaksi_masuk`.`id_supp_detbeli` = `supplier`.`id_supplier`
WHERE `det_transaksi_masuk`.`faktur_detbeli` = \'B0404250001\'')
 3 SYSTEMPATH\Database\BaseConnection.php(620): CodeIgniter\Database\BaseConnection->simpleQuery('SELECT `det_transaksi_masuk`.*, `supplier`.`nama_supplier`
FROM `det_transaksi_masuk`
JOIN `supplier` ON `det_transaksi_masuk`.`id_supp_detbeli` = `supplier`.`id_supplier`
WHERE `det_transaksi_masuk`.`faktur_detbeli` = \'B0404250001\'')
 4 SYSTEMPATH\Database\BaseBuilder.php(1585): CodeIgniter\Database\BaseConnection->query('SELECT `det_transaksi_masuk`.*, `supplier`.`nama_supplier`
FROM `det_transaksi_masuk`
JOIN `supplier` ON `det_transaksi_masuk`.`id_supp_detbeli` = `supplier`.`id_supplier`
WHERE `det_transaksi_masuk`.`faktur_detbeli` = :det_transaksi_masuk.faktur_detbeli:', [...], false)
 5 APPPATH\Models\ModelTransaksiMasuk.php(52): CodeIgniter\Database\BaseBuilder->get()
 6 APPPATH\Controllers\TransaksiMasuk.php(345): App\Models\ModelTransaksiMasuk->getItemsByFaktur('B0404250001')
 7 SYSTEMPATH\CodeIgniter.php(898): App\Controllers\TransaksiMasuk->view('B0404250001')
 8 SYSTEMPATH\CodeIgniter.php(457): CodeIgniter\CodeIgniter->runController(Object(App\Controllers\TransaksiMasuk))
 9 SYSTEMPATH\CodeIgniter.php(340): CodeIgniter\CodeIgniter->handleRequest(null, Object(Config\Cache), false)
10 FCPATH\index.php(67): CodeIgniter\CodeIgniter->run()
11 SYSTEMPATH\Commands\Server\rewrite.php(43): require_once('FCPATH\\index.php')
ERROR - 2025-04-04 09:02:45 --> mysqli_sql_exception: Unknown column 'supplier.nama_supplier' in 'field list' in C:\xampp\htdocs\posbengkel\system\Database\MySQLi\Connection.php:292
Stack trace:
#0 C:\xampp\htdocs\posbengkel\system\Database\MySQLi\Connection.php(292): mysqli->query('SELECT `det_tra...', 0)
#1 C:\xampp\htdocs\posbengkel\system\Database\BaseConnection.php(693): CodeIgniter\Database\MySQLi\Connection->execute('SELECT `det_tra...')
#2 C:\xampp\htdocs\posbengkel\system\Database\BaseConnection.php(620): CodeIgniter\Database\BaseConnection->simpleQuery('SELECT `det_tra...')
#3 C:\xampp\htdocs\posbengkel\system\Database\BaseBuilder.php(1585): CodeIgniter\Database\BaseConnection->query('SELECT `det_tra...', Array, false)
#4 C:\xampp\htdocs\posbengkel\app\Models\ModelTransaksiMasuk.php(51): CodeIgniter\Database\BaseBuilder->get()
#5 C:\xampp\htdocs\posbengkel\app\Controllers\TransaksiMasuk.php(345): App\Models\ModelTransaksiMasuk->getItemsByFaktur('B0404250001')
#6 C:\xampp\htdocs\posbengkel\system\CodeIgniter.php(898): App\Controllers\TransaksiMasuk->view('B0404250001')
#7 C:\xampp\htdocs\posbengkel\system\CodeIgniter.php(457): CodeIgniter\CodeIgniter->runController(Object(App\Controllers\TransaksiMasuk))
#8 C:\xampp\htdocs\posbengkel\system\CodeIgniter.php(340): CodeIgniter\CodeIgniter->handleRequest(NULL, Object(Config\Cache), false)
#9 C:\xampp\htdocs\posbengkel\public\index.php(67): CodeIgniter\CodeIgniter->run()
#10 C:\xampp\htdocs\posbengkel\system\Commands\Server\rewrite.php(43): require_once('C:\\xampp\\htdocs...')
#11 {main}
CRITICAL - 2025-04-04 09:02:45 --> Unknown column 'supplier.nama_supplier' in 'field list'
in SYSTEMPATH\Database\MySQLi\Connection.php on line 292.
 1 SYSTEMPATH\Database\MySQLi\Connection.php(292): mysqli->query('SELECT `det_transaksi_masuk`.*, `supplier`.`nama_supplier`
FROM `det_transaksi_masuk`
WHERE `det_transaksi_masuk`.`faktur_detbeli` = \'B0404250001\'', 0)
 2 SYSTEMPATH\Database\BaseConnection.php(693): CodeIgniter\Database\MySQLi\Connection->execute('SELECT `det_transaksi_masuk`.*, `supplier`.`nama_supplier`
FROM `det_transaksi_masuk`
WHERE `det_transaksi_masuk`.`faktur_detbeli` = \'B0404250001\'')
 3 SYSTEMPATH\Database\BaseConnection.php(620): CodeIgniter\Database\BaseConnection->simpleQuery('SELECT `det_transaksi_masuk`.*, `supplier`.`nama_supplier`
FROM `det_transaksi_masuk`
WHERE `det_transaksi_masuk`.`faktur_detbeli` = \'B0404250001\'')
 4 SYSTEMPATH\Database\BaseBuilder.php(1585): CodeIgniter\Database\BaseConnection->query('SELECT `det_transaksi_masuk`.*, `supplier`.`nama_supplier`
FROM `det_transaksi_masuk`
WHERE `det_transaksi_masuk`.`faktur_detbeli` = :det_transaksi_masuk.faktur_detbeli:', [...], false)
 5 APPPATH\Models\ModelTransaksiMasuk.php(51): CodeIgniter\Database\BaseBuilder->get()
 6 APPPATH\Controllers\TransaksiMasuk.php(345): App\Models\ModelTransaksiMasuk->getItemsByFaktur('B0404250001')
 7 SYSTEMPATH\CodeIgniter.php(898): App\Controllers\TransaksiMasuk->view('B0404250001')
 8 SYSTEMPATH\CodeIgniter.php(457): CodeIgniter\CodeIgniter->runController(Object(App\Controllers\TransaksiMasuk))
 9 SYSTEMPATH\CodeIgniter.php(340): CodeIgniter\CodeIgniter->handleRequest(null, Object(Config\Cache), false)
10 FCPATH\index.php(67): CodeIgniter\CodeIgniter->run()
11 SYSTEMPATH\Commands\Server\rewrite.php(43): require_once('FCPATH\\index.php')
CRITICAL - 2025-04-04 09:02:55 --> Call to undefined method App\Models\ModelTransaksiMasuk::getTransactionByFaktur
in SYSTEMPATH\Model.php on line 773.
 1 APPPATH\Controllers\TransaksiMasuk.php(342): CodeIgniter\Model->__call('getTransactionByFaktur', [...])
 2 SYSTEMPATH\CodeIgniter.php(898): App\Controllers\TransaksiMasuk->view('B0404250001')
 3 SYSTEMPATH\CodeIgniter.php(457): CodeIgniter\CodeIgniter->runController(Object(App\Controllers\TransaksiMasuk))
 4 SYSTEMPATH\CodeIgniter.php(340): CodeIgniter\CodeIgniter->handleRequest(null, Object(Config\Cache), false)
 5 FCPATH\index.php(67): CodeIgniter\CodeIgniter->run()
 6 SYSTEMPATH\Commands\Server\rewrite.php(43): require_once('FCPATH\\index.php')
CRITICAL - 2025-04-04 09:20:11 --> Undefined variable $menu
in APPPATH\Views\v_template.php on line 88.
 1 APPPATH\Views\v_template.php(88): CodeIgniter\Debug\Exceptions->errorHandler(2, 'Undefined variable $menu', 'APPPATH\\Views\\v_template.php', 88)
 2 SYSTEMPATH\View\View.php(213): include('APPPATH\\Views\\v_template.php')
 3 SYSTEMPATH\View\View.php(216): CodeIgniter\View\View->CodeIgniter\View\{closure}()
 4 SYSTEMPATH\Common.php(1137): CodeIgniter\View\View->render('v_template', [], true)
 5 APPPATH\Controllers\TransaksiMasuk.php(349): view('v_template', [...])
 6 SYSTEMPATH\CodeIgniter.php(898): App\Controllers\TransaksiMasuk->view('B0404250001')
 7 SYSTEMPATH\CodeIgniter.php(457): CodeIgniter\CodeIgniter->runController(Object(App\Controllers\TransaksiMasuk))
 8 SYSTEMPATH\CodeIgniter.php(340): CodeIgniter\CodeIgniter->handleRequest(null, Object(Config\Cache), false)
 9 FCPATH\index.php(67): CodeIgniter\CodeIgniter->run()
10 SYSTEMPATH\Commands\Server\rewrite.php(43): require_once('FCPATH\\index.php')
CRITICAL - 2025-04-04 09:21:10 --> Undefined variable $totaldata
in APPPATH\Views\transaksi_masuk\data_transaksi.php on line 15.
 1 APPPATH\Views\transaksi_masuk\data_transaksi.php(15): CodeIgniter\Debug\Exceptions->errorHandler(2, 'Undefined variable $totaldata', 'APPPATH\\Views\\transaksi_masuk\\data_transaksi.php', 15)
 2 SYSTEMPATH\View\View.php(213): include('APPPATH\\Views\\transaksi_masuk\\data_transaksi.php')
 3 SYSTEMPATH\View\View.php(216): CodeIgniter\View\View->CodeIgniter\View\{closure}()
 4 SYSTEMPATH\Common.php(1137): CodeIgniter\View\View->render('transaksi_masuk/data_transaksi', [], true)
 5 APPPATH\Views\v_template.php(214): view('transaksi_masuk/data_transaksi')
 6 SYSTEMPATH\View\View.php(213): include('APPPATH\\Views\\v_template.php')
 7 SYSTEMPATH\View\View.php(216): CodeIgniter\View\View->CodeIgniter\View\{closure}()
 8 SYSTEMPATH\Common.php(1137): CodeIgniter\View\View->render('v_template', [], true)
 9 APPPATH\Controllers\TransaksiMasuk.php(354): view('v_template', [...])
10 SYSTEMPATH\CodeIgniter.php(898): App\Controllers\TransaksiMasuk->view('B0404250001')
11 SYSTEMPATH\CodeIgniter.php(457): CodeIgniter\CodeIgniter->runController(Object(App\Controllers\TransaksiMasuk))
12 SYSTEMPATH\CodeIgniter.php(340): CodeIgniter\CodeIgniter->handleRequest(null, Object(Config\Cache), false)
13 FCPATH\index.php(67): CodeIgniter\CodeIgniter->run()
14 SYSTEMPATH\Commands\Server\rewrite.php(43): require_once('FCPATH\\index.php')
