CRITICAL - 2025-03-15 00:05:52 --> Call to undefined method App\Models\ModelSupplier::tampildata_cari
in SYSTEMPATH\Model.php on line 773.
 1 APPPATH\Controllers\TransaksiMasuk.php(170): CodeIgniter\Model->__call('tampildata_cari', [...])
 2 SYSTEMPATH\CodeIgniter.php(898): App\Controllers\TransaksiMasuk->detailCariSupplier()
 3 SYSTEMPATH\CodeIgniter.php(457): CodeIgniter\CodeIgniter->runController(Object(App\Controllers\TransaksiMasuk))
 4 SYSTEMPATH\CodeIgniter.php(340): CodeIgniter\CodeIgniter->handleRequest(null, Object(Config\Cache), false)
 5 FCPATH\index.php(67): CodeIgniter\CodeIgniter->run()
 6 SYSTEMPATH\Commands\Server\rewrite.php(43): require_once('FCPATH\\index.php')
CRITICAL - 2025-03-15 00:06:26 --> Call to undefined method App\Models\ModelSupplier::tampildata_cari
in SYSTEMPATH\Model.php on line 773.
 1 APPPATH\Controllers\TransaksiMasuk.php(170): CodeIgniter\Model->__call('tampildata_cari', [...])
 2 SYSTEMPATH\CodeIgniter.php(898): App\Controllers\TransaksiMasuk->detailCariSupplier()
 3 SYSTEMPATH\CodeIgniter.php(457): CodeIgniter\CodeIgniter->runController(Object(App\Controllers\TransaksiMasuk))
 4 SYSTEMPATH\CodeIgniter.php(340): CodeIgniter\CodeIgniter->handleRequest(null, Object(Config\Cache), false)
 5 FCPATH\index.php(67): CodeIgniter\CodeIgniter->run()
 6 SYSTEMPATH\Commands\Server\rewrite.php(43): require_once('FCPATH\\index.php')
CRITICAL - 2025-03-15 00:06:26 --> Call to undefined method App\Models\ModelSupplier::tampildata_cari
in SYSTEMPATH\Model.php on line 773.
 1 APPPATH\Controllers\TransaksiMasuk.php(170): CodeIgniter\Model->__call('tampildata_cari', [...])
 2 SYSTEMPATH\CodeIgniter.php(898): App\Controllers\TransaksiMasuk->detailCariSupplier()
 3 SYSTEMPATH\CodeIgniter.php(457): CodeIgniter\CodeIgniter->runController(Object(App\Controllers\TransaksiMasuk))
 4 SYSTEMPATH\CodeIgniter.php(340): CodeIgniter\CodeIgniter->handleRequest(null, Object(Config\Cache), false)
 5 FCPATH\index.php(67): CodeIgniter\CodeIgniter->run()
 6 SYSTEMPATH\Commands\Server\rewrite.php(43): require_once('FCPATH\\index.php')
CRITICAL - 2025-03-15 00:06:26 --> Call to undefined method App\Models\ModelSupplier::tampildata_cari
in SYSTEMPATH\Model.php on line 773.
 1 APPPATH\Controllers\TransaksiMasuk.php(170): CodeIgniter\Model->__call('tampildata_cari', [...])
 2 SYSTEMPATH\CodeIgniter.php(898): App\Controllers\TransaksiMasuk->detailCariSupplier()
 3 SYSTEMPATH\CodeIgniter.php(457): CodeIgniter\CodeIgniter->runController(Object(App\Controllers\TransaksiMasuk))
 4 SYSTEMPATH\CodeIgniter.php(340): CodeIgniter\CodeIgniter->handleRequest(null, Object(Config\Cache), false)
 5 FCPATH\index.php(67): CodeIgniter\CodeIgniter->run()
 6 SYSTEMPATH\Commands\Server\rewrite.php(43): require_once('FCPATH\\index.php')
CRITICAL - 2025-03-15 00:06:27 --> Call to undefined method App\Models\ModelSupplier::tampildata_cari
in SYSTEMPATH\Model.php on line 773.
 1 APPPATH\Controllers\TransaksiMasuk.php(170): CodeIgniter\Model->__call('tampildata_cari', [...])
 2 SYSTEMPATH\CodeIgniter.php(898): App\Controllers\TransaksiMasuk->detailCariSupplier()
 3 SYSTEMPATH\CodeIgniter.php(457): CodeIgniter\CodeIgniter->runController(Object(App\Controllers\TransaksiMasuk))
 4 SYSTEMPATH\CodeIgniter.php(340): CodeIgniter\CodeIgniter->handleRequest(null, Object(Config\Cache), false)
 5 FCPATH\index.php(67): CodeIgniter\CodeIgniter->run()
 6 SYSTEMPATH\Commands\Server\rewrite.php(43): require_once('FCPATH\\index.php')
CRITICAL - 2025-03-15 00:07:43 --> Call to undefined method App\Models\ModelSupplier::tampildata_cari
in SYSTEMPATH\Model.php on line 773.
 1 APPPATH\Controllers\TransaksiMasuk.php(170): CodeIgniter\Model->__call('tampildata_cari', [...])
 2 SYSTEMPATH\CodeIgniter.php(898): App\Controllers\TransaksiMasuk->detailCariSupplier()
 3 SYSTEMPATH\CodeIgniter.php(457): CodeIgniter\CodeIgniter->runController(Object(App\Controllers\TransaksiMasuk))
 4 SYSTEMPATH\CodeIgniter.php(340): CodeIgniter\CodeIgniter->handleRequest(null, Object(Config\Cache), false)
 5 FCPATH\index.php(67): CodeIgniter\CodeIgniter->run()
 6 SYSTEMPATH\Commands\Server\rewrite.php(43): require_once('FCPATH\\index.php')
CRITICAL - 2025-03-15 00:09:56 --> Call to undefined method App\Models\ModelSupplier::tampildata_cari
in SYSTEMPATH\Model.php on line 773.
 1 APPPATH\Controllers\TransaksiMasuk.php(170): CodeIgniter\Model->__call('tampildata_cari', [...])
 2 SYSTEMPATH\CodeIgniter.php(898): App\Controllers\TransaksiMasuk->detailCariSupplier()
 3 SYSTEMPATH\CodeIgniter.php(457): CodeIgniter\CodeIgniter->runController(Object(App\Controllers\TransaksiMasuk))
 4 SYSTEMPATH\CodeIgniter.php(340): CodeIgniter\CodeIgniter->handleRequest(null, Object(Config\Cache), false)
 5 FCPATH\index.php(67): CodeIgniter\CodeIgniter->run()
 6 SYSTEMPATH\Commands\Server\rewrite.php(43): require_once('FCPATH\\index.php')
CRITICAL - 2025-03-15 00:10:09 --> Call to undefined method App\Models\ModelSupplier::tampildata_cari
in SYSTEMPATH\Model.php on line 773.
 1 APPPATH\Controllers\TransaksiMasuk.php(170): CodeIgniter\Model->__call('tampildata_cari', [...])
 2 SYSTEMPATH\CodeIgniter.php(898): App\Controllers\TransaksiMasuk->detailCariSupplier()
 3 SYSTEMPATH\CodeIgniter.php(457): CodeIgniter\CodeIgniter->runController(Object(App\Controllers\TransaksiMasuk))
 4 SYSTEMPATH\CodeIgniter.php(340): CodeIgniter\CodeIgniter->handleRequest(null, Object(Config\Cache), false)
 5 FCPATH\index.php(67): CodeIgniter\CodeIgniter->run()
 6 SYSTEMPATH\Commands\Server\rewrite.php(43): require_once('FCPATH\\index.php')
CRITICAL - 2025-03-15 00:10:39 --> Call to undefined method App\Models\ModelSupplier::tampildata_cari
in SYSTEMPATH\Model.php on line 773.
 1 APPPATH\Controllers\TransaksiMasuk.php(170): CodeIgniter\Model->__call('tampildata_cari', [...])
 2 SYSTEMPATH\CodeIgniter.php(898): App\Controllers\TransaksiMasuk->detailCariSupplier()
 3 SYSTEMPATH\CodeIgniter.php(457): CodeIgniter\CodeIgniter->runController(Object(App\Controllers\TransaksiMasuk))
 4 SYSTEMPATH\CodeIgniter.php(340): CodeIgniter\CodeIgniter->handleRequest(null, Object(Config\Cache), false)
 5 FCPATH\index.php(67): CodeIgniter\CodeIgniter->run()
 6 SYSTEMPATH\Commands\Server\rewrite.php(43): require_once('FCPATH\\index.php')
CRITICAL - 2025-03-15 00:10:43 --> Call to undefined method App\Models\ModelSupplier::tampildata_cari
in SYSTEMPATH\Model.php on line 773.
 1 APPPATH\Controllers\TransaksiMasuk.php(170): CodeIgniter\Model->__call('tampildata_cari', [...])
 2 SYSTEMPATH\CodeIgniter.php(898): App\Controllers\TransaksiMasuk->detailCariSupplier()
 3 SYSTEMPATH\CodeIgniter.php(457): CodeIgniter\CodeIgniter->runController(Object(App\Controllers\TransaksiMasuk))
 4 SYSTEMPATH\CodeIgniter.php(340): CodeIgniter\CodeIgniter->handleRequest(null, Object(Config\Cache), false)
 5 FCPATH\index.php(67): CodeIgniter\CodeIgniter->run()
 6 SYSTEMPATH\Commands\Server\rewrite.php(43): require_once('FCPATH\\index.php')
CRITICAL - 2025-03-15 00:21:46 --> Undefined variable $no
in APPPATH\Views\transaksi_masuk\detaildatapart.php on line 16.
 1 APPPATH\Views\transaksi_masuk\detaildatapart.php(16): CodeIgniter\Debug\Exceptions->errorHandler(2, 'Undefined variable $no', 'APPPATH\\Views\\transaksi_masuk\\detaildatapart.php', 16)
 2 SYSTEMPATH\View\View.php(213): include('APPPATH\\Views\\transaksi_masuk\\detaildatapart.php')
 3 SYSTEMPATH\View\View.php(216): CodeIgniter\View\View->CodeIgniter\View\{closure}()
 4 SYSTEMPATH\Common.php(1137): CodeIgniter\View\View->render('transaksi_masuk/detaildatapart', [], true)
 5 APPPATH\Controllers\TransaksiMasuk.php(142): view('transaksi_masuk/detaildatapart', [...])
 6 SYSTEMPATH\CodeIgniter.php(898): App\Controllers\TransaksiMasuk->detailCariPart()
 7 SYSTEMPATH\CodeIgniter.php(457): CodeIgniter\CodeIgniter->runController(Object(App\Controllers\TransaksiMasuk))
 8 SYSTEMPATH\CodeIgniter.php(340): CodeIgniter\CodeIgniter->handleRequest(null, Object(Config\Cache), false)
 9 FCPATH\index.php(67): CodeIgniter\CodeIgniter->run()
10 SYSTEMPATH\Commands\Server\rewrite.php(43): require_once('FCPATH\\index.php')
