ERROR - 2025-02-15 04:35:24 --> Error connecting to the database: mysqli_sql_exception: No connection could be made because the target machine actively refused it in C:\xampp\htdocs\posbengkel\system\Database\MySQLi\Connection.php:170
Stack trace:
#0 C:\xampp\htdocs\posbengkel\system\Database\MySQLi\Connection.php(170): mysqli->real_connect('localhost', 'root', Object(SensitiveParameterValue), 'posbengkel', 3306, '', 0)
#1 C:\xampp\htdocs\posbengkel\system\Database\BaseConnection.php(382): CodeIgniter\Database\MySQLi\Connection->connect(false)
#2 C:\xampp\htdocs\posbengkel\system\Database\BaseConnection.php(588): CodeIgniter\Database\BaseConnection->initialize()
#3 C:\xampp\htdocs\posbengkel\system\Database\BaseBuilder.php(1585): CodeIgniter\Database\BaseConnection->query('SELECT *\nFROM `...', Array, false)
#4 C:\xampp\htdocs\posbengkel\app\Models\ModelPart.php(23): CodeIgniter\Database\BaseBuilder->get()
#5 C:\xampp\htdocs\posbengkel\app\Controllers\Part.php(32): App\Models\ModelPart->AllData()
#6 C:\xampp\htdocs\posbengkel\system\CodeIgniter.php(898): App\Controllers\Part->index()
#7 C:\xampp\htdocs\posbengkel\system\CodeIgniter.php(457): CodeIgniter\CodeIgniter->runController(Object(App\Controllers\Part))
#8 C:\xampp\htdocs\posbengkel\system\CodeIgniter.php(340): CodeIgniter\CodeIgniter->handleRequest(NULL, Object(Config\Cache), false)
#9 C:\xampp\htdocs\posbengkel\public\index.php(67): CodeIgniter\CodeIgniter->run()
#10 C:\xampp\htdocs\posbengkel\system\Commands\Server\rewrite.php(43): require_once('C:\\xampp\\htdocs...')
#11 {main}

Next CodeIgniter\Database\Exceptions\DatabaseException: No connection could be made because the target machine actively refused it in C:\xampp\htdocs\posbengkel\system\Database\MySQLi\Connection.php:215
Stack trace:
#0 C:\xampp\htdocs\posbengkel\system\Database\BaseConnection.php(382): CodeIgniter\Database\MySQLi\Connection->connect(false)
#1 C:\xampp\htdocs\posbengkel\system\Database\BaseConnection.php(588): CodeIgniter\Database\BaseConnection->initialize()
#2 C:\xampp\htdocs\posbengkel\system\Database\BaseBuilder.php(1585): CodeIgniter\Database\BaseConnection->query('SELECT *\nFROM `...', Array, false)
#3 C:\xampp\htdocs\posbengkel\app\Models\ModelPart.php(23): CodeIgniter\Database\BaseBuilder->get()
#4 C:\xampp\htdocs\posbengkel\app\Controllers\Part.php(32): App\Models\ModelPart->AllData()
#5 C:\xampp\htdocs\posbengkel\system\CodeIgniter.php(898): App\Controllers\Part->index()
#6 C:\xampp\htdocs\posbengkel\system\CodeIgniter.php(457): CodeIgniter\CodeIgniter->runController(Object(App\Controllers\Part))
#7 C:\xampp\htdocs\posbengkel\system\CodeIgniter.php(340): CodeIgniter\CodeIgniter->handleRequest(NULL, Object(Config\Cache), false)
#8 C:\xampp\htdocs\posbengkel\public\index.php(67): CodeIgniter\CodeIgniter->run()
#9 C:\xampp\htdocs\posbengkel\system\Commands\Server\rewrite.php(43): require_once('C:\\xampp\\htdocs...')
#10 {main}
CRITICAL - 2025-02-15 04:35:24 --> Unable to connect to the database.
Main connection [MySQLi]: No connection could be made because the target machine actively refused it
in SYSTEMPATH\Database\BaseConnection.php on line 418.
 1 SYSTEMPATH\Database\BaseConnection.php(588): CodeIgniter\Database\BaseConnection->initialize()
 2 SYSTEMPATH\Database\BaseBuilder.php(1585): CodeIgniter\Database\BaseConnection->query('SELECT *
FROM `part`
JOIN `kategori` ON `id_kategori_part`=`id_kategori`
JOIN `satuan` ON `id_satuan_part`=`id_satuan`', [], false)
 3 APPPATH\Models\ModelPart.php(23): CodeIgniter\Database\BaseBuilder->get()
 4 APPPATH\Controllers\Part.php(32): App\Models\ModelPart->AllData()
 5 SYSTEMPATH\CodeIgniter.php(898): App\Controllers\Part->index()
 6 SYSTEMPATH\CodeIgniter.php(457): CodeIgniter\CodeIgniter->runController(Object(App\Controllers\Part))
 7 SYSTEMPATH\CodeIgniter.php(340): CodeIgniter\CodeIgniter->handleRequest(null, Object(Config\Cache), false)
 8 FCPATH\index.php(67): CodeIgniter\CodeIgniter->run()
 9 SYSTEMPATH\Commands\Server\rewrite.php(43): require_once('FCPATH\\index.php')
ERROR - 2025-02-15 04:36:09 --> mysqli_sql_exception: MySQL server has gone away in C:\xampp\htdocs\posbengkel\system\Database\MySQLi\Connection.php:292
Stack trace:
#0 C:\xampp\htdocs\posbengkel\system\Database\MySQLi\Connection.php(292): mysqli->query('INSERT INTO `sa...', 0)
#1 C:\xampp\htdocs\posbengkel\system\Database\BaseConnection.php(693): CodeIgniter\Database\MySQLi\Connection->execute('INSERT INTO `sa...')
#2 C:\xampp\htdocs\posbengkel\system\Database\BaseConnection.php(620): CodeIgniter\Database\BaseConnection->simpleQuery('INSERT INTO `sa...')
#3 C:\xampp\htdocs\posbengkel\system\Database\BaseBuilder.php(1916): CodeIgniter\Database\BaseConnection->query('INSERT INTO `sa...', Array, false)
#4 C:\xampp\htdocs\posbengkel\app\Models\ModelSatuan.php(16): CodeIgniter\Database\BaseBuilder->insert(Array)
#5 C:\xampp\htdocs\posbengkel\app\Controllers\Satuan.php(30): App\Models\ModelSatuan->InsertData(Array)
#6 C:\xampp\htdocs\posbengkel\system\CodeIgniter.php(898): App\Controllers\Satuan->InsertData()
#7 C:\xampp\htdocs\posbengkel\system\CodeIgniter.php(457): CodeIgniter\CodeIgniter->runController(Object(App\Controllers\Satuan))
#8 C:\xampp\htdocs\posbengkel\system\CodeIgniter.php(340): CodeIgniter\CodeIgniter->handleRequest(NULL, Object(Config\Cache), false)
#9 C:\xampp\htdocs\posbengkel\public\index.php(67): CodeIgniter\CodeIgniter->run()
#10 C:\xampp\htdocs\posbengkel\system\Commands\Server\rewrite.php(43): require_once('C:\\xampp\\htdocs...')
#11 {main}
CRITICAL - 2025-02-15 04:36:09 --> MySQL server has gone away
in SYSTEMPATH\Database\MySQLi\Connection.php on line 292.
 1 SYSTEMPATH\Database\MySQLi\Connection.php(292): mysqli->query('INSERT INTO `satuan` (`nama_satuan`) VALUES (\'pcs\')', 0)
 2 SYSTEMPATH\Database\BaseConnection.php(693): CodeIgniter\Database\MySQLi\Connection->execute('INSERT INTO `satuan` (`nama_satuan`) VALUES (\'pcs\')')
 3 SYSTEMPATH\Database\BaseConnection.php(620): CodeIgniter\Database\BaseConnection->simpleQuery('INSERT INTO `satuan` (`nama_satuan`) VALUES (\'pcs\')')
 4 SYSTEMPATH\Database\BaseBuilder.php(1916): CodeIgniter\Database\BaseConnection->query('INSERT INTO `satuan` (`nama_satuan`) VALUES (:nama_satuan:)', [...], false)
 5 APPPATH\Models\ModelSatuan.php(16): CodeIgniter\Database\BaseBuilder->insert([...])
 6 APPPATH\Controllers\Satuan.php(30): App\Models\ModelSatuan->InsertData([...])
 7 SYSTEMPATH\CodeIgniter.php(898): App\Controllers\Satuan->InsertData()
 8 SYSTEMPATH\CodeIgniter.php(457): CodeIgniter\CodeIgniter->runController(Object(App\Controllers\Satuan))
 9 SYSTEMPATH\CodeIgniter.php(340): CodeIgniter\CodeIgniter->handleRequest(null, Object(Config\Cache), false)
10 FCPATH\index.php(67): CodeIgniter\CodeIgniter->run()
11 SYSTEMPATH\Commands\Server\rewrite.php(43): require_once('FCPATH\\index.php')
ERROR - 2025-02-15 04:36:57 --> mysqli_sql_exception: Cannot add or update a child row: a foreign key constraint fails (`posbengkel`.`part`, CONSTRAINT `part_id_satuan_part_foreign` FOREIGN KEY (`id_satuan_part`) REFERENCES `satuan` (`id_satuan`)) in C:\xampp\htdocs\posbengkel\system\Database\MySQLi\Connection.php:292
Stack trace:
#0 C:\xampp\htdocs\posbengkel\system\Database\MySQLi\Connection.php(292): mysqli->query('INSERT INTO `pa...', 0)
#1 C:\xampp\htdocs\posbengkel\system\Database\BaseConnection.php(693): CodeIgniter\Database\MySQLi\Connection->execute('INSERT INTO `pa...')
#2 C:\xampp\htdocs\posbengkel\system\Database\BaseConnection.php(620): CodeIgniter\Database\BaseConnection->simpleQuery('INSERT INTO `pa...')
#3 C:\xampp\htdocs\posbengkel\system\Database\BaseBuilder.php(1916): CodeIgniter\Database\BaseConnection->query('INSERT INTO `pa...', Array, false)
#4 C:\xampp\htdocs\posbengkel\system\Model.php(278): CodeIgniter\Database\BaseBuilder->insert()
#5 C:\xampp\htdocs\posbengkel\system\BaseModel.php(738): CodeIgniter\Model->doInsert(Array)
#6 C:\xampp\htdocs\posbengkel\system\Model.php(666): CodeIgniter\BaseModel->insert(Array, true)
#7 C:\xampp\htdocs\posbengkel\app\Models\ModelPart.php(28): CodeIgniter\Model->insert(Array)
#8 C:\xampp\htdocs\posbengkel\app\Controllers\Part.php(52): App\Models\ModelPart->InsertData(Array)
#9 C:\xampp\htdocs\posbengkel\system\CodeIgniter.php(898): App\Controllers\Part->InsertData()
#10 C:\xampp\htdocs\posbengkel\system\CodeIgniter.php(457): CodeIgniter\CodeIgniter->runController(Object(App\Controllers\Part))
#11 C:\xampp\htdocs\posbengkel\system\CodeIgniter.php(340): CodeIgniter\CodeIgniter->handleRequest(NULL, Object(Config\Cache), false)
#12 C:\xampp\htdocs\posbengkel\public\index.php(67): CodeIgniter\CodeIgniter->run()
#13 C:\xampp\htdocs\posbengkel\system\Commands\Server\rewrite.php(43): require_once('C:\\xampp\\htdocs...')
#14 {main}
CRITICAL - 2025-02-15 04:36:57 --> Cannot add or update a child row: a foreign key constraint fails (`posbengkel`.`part`, CONSTRAINT `part_id_satuan_part_foreign` FOREIGN KEY (`id_satuan_part`) REFERENCES `satuan` (`id_satuan`))
in SYSTEMPATH\Database\MySQLi\Connection.php on line 292.
 1 SYSTEMPATH\Database\MySQLi\Connection.php(292): mysqli->query('INSERT INTO `part` (`id_part`, `nama_part`, `id_kategori_part`, `id_satuan_part`, `harga_beli`, `harga_jual`, `stok`) VALUES (\'OL-0001\', \'Oli Mesin Castrol\', \'1\', \'\', \'70000\', \'90000\', \'15\')', 0)
 2 SYSTEMPATH\Database\BaseConnection.php(693): CodeIgniter\Database\MySQLi\Connection->execute('INSERT INTO `part` (`id_part`, `nama_part`, `id_kategori_part`, `id_satuan_part`, `harga_beli`, `harga_jual`, `stok`) VALUES (\'OL-0001\', \'Oli Mesin Castrol\', \'1\', \'\', \'70000\', \'90000\', \'15\')')
 3 SYSTEMPATH\Database\BaseConnection.php(620): CodeIgniter\Database\BaseConnection->simpleQuery('INSERT INTO `part` (`id_part`, `nama_part`, `id_kategori_part`, `id_satuan_part`, `harga_beli`, `harga_jual`, `stok`) VALUES (\'OL-0001\', \'Oli Mesin Castrol\', \'1\', \'\', \'70000\', \'90000\', \'15\')')
 4 SYSTEMPATH\Database\BaseBuilder.php(1916): CodeIgniter\Database\BaseConnection->query('INSERT INTO `part` (`id_part`, `nama_part`, `id_kategori_part`, `id_satuan_part`, `harga_beli`, `harga_jual`, `stok`) VALUES (:id_part:, :nama_part:, :id_kategori_part:, :id_satuan_part:, :harga_beli:, :harga_jual:, :stok:)', [...], false)
 5 SYSTEMPATH\Model.php(278): CodeIgniter\Database\BaseBuilder->insert()
 6 SYSTEMPATH\BaseModel.php(738): CodeIgniter\Model->doInsert([...])
 7 SYSTEMPATH\Model.php(666): CodeIgniter\BaseModel->insert([...], true)
 8 APPPATH\Models\ModelPart.php(28): CodeIgniter\Model->insert([...])
 9 APPPATH\Controllers\Part.php(52): App\Models\ModelPart->InsertData([...])
10 SYSTEMPATH\CodeIgniter.php(898): App\Controllers\Part->InsertData()
11 SYSTEMPATH\CodeIgniter.php(457): CodeIgniter\CodeIgniter->runController(Object(App\Controllers\Part))
12 SYSTEMPATH\CodeIgniter.php(340): CodeIgniter\CodeIgniter->handleRequest(null, Object(Config\Cache), false)
13 FCPATH\index.php(67): CodeIgniter\CodeIgniter->run()
14 SYSTEMPATH\Commands\Server\rewrite.php(43): require_once('FCPATH\\index.php')
ERROR - 2025-02-15 04:37:19 --> mysqli_sql_exception: Cannot add or update a child row: a foreign key constraint fails (`posbengkel`.`part`, CONSTRAINT `part_id_satuan_part_foreign` FOREIGN KEY (`id_satuan_part`) REFERENCES `satuan` (`id_satuan`)) in C:\xampp\htdocs\posbengkel\system\Database\MySQLi\Connection.php:292
Stack trace:
#0 C:\xampp\htdocs\posbengkel\system\Database\MySQLi\Connection.php(292): mysqli->query('INSERT INTO `pa...', 0)
#1 C:\xampp\htdocs\posbengkel\system\Database\BaseConnection.php(693): CodeIgniter\Database\MySQLi\Connection->execute('INSERT INTO `pa...')
#2 C:\xampp\htdocs\posbengkel\system\Database\BaseConnection.php(620): CodeIgniter\Database\BaseConnection->simpleQuery('INSERT INTO `pa...')
#3 C:\xampp\htdocs\posbengkel\system\Database\BaseBuilder.php(1916): CodeIgniter\Database\BaseConnection->query('INSERT INTO `pa...', Array, false)
#4 C:\xampp\htdocs\posbengkel\system\Model.php(278): CodeIgniter\Database\BaseBuilder->insert()
#5 C:\xampp\htdocs\posbengkel\system\BaseModel.php(738): CodeIgniter\Model->doInsert(Array)
#6 C:\xampp\htdocs\posbengkel\system\Model.php(666): CodeIgniter\BaseModel->insert(Array, true)
#7 C:\xampp\htdocs\posbengkel\app\Models\ModelPart.php(28): CodeIgniter\Model->insert(Array)
#8 C:\xampp\htdocs\posbengkel\app\Controllers\Part.php(52): App\Models\ModelPart->InsertData(Array)
#9 C:\xampp\htdocs\posbengkel\system\CodeIgniter.php(898): App\Controllers\Part->InsertData()
#10 C:\xampp\htdocs\posbengkel\system\CodeIgniter.php(457): CodeIgniter\CodeIgniter->runController(Object(App\Controllers\Part))
#11 C:\xampp\htdocs\posbengkel\system\CodeIgniter.php(340): CodeIgniter\CodeIgniter->handleRequest(NULL, Object(Config\Cache), false)
#12 C:\xampp\htdocs\posbengkel\public\index.php(67): CodeIgniter\CodeIgniter->run()
#13 C:\xampp\htdocs\posbengkel\system\Commands\Server\rewrite.php(43): require_once('C:\\xampp\\htdocs...')
#14 {main}
CRITICAL - 2025-02-15 04:37:19 --> Cannot add or update a child row: a foreign key constraint fails (`posbengkel`.`part`, CONSTRAINT `part_id_satuan_part_foreign` FOREIGN KEY (`id_satuan_part`) REFERENCES `satuan` (`id_satuan`))
in SYSTEMPATH\Database\MySQLi\Connection.php on line 292.
 1 SYSTEMPATH\Database\MySQLi\Connection.php(292): mysqli->query('INSERT INTO `part` (`id_part`, `nama_part`, `id_kategori_part`, `id_satuan_part`, `harga_beli`, `harga_jual`, `stok`) VALUES (\'OL-0001\', \'Oli Mesin Castrol\', \'1\', \'\', \'70000\', \'90000\', \'15\')', 0)
 2 SYSTEMPATH\Database\BaseConnection.php(693): CodeIgniter\Database\MySQLi\Connection->execute('INSERT INTO `part` (`id_part`, `nama_part`, `id_kategori_part`, `id_satuan_part`, `harga_beli`, `harga_jual`, `stok`) VALUES (\'OL-0001\', \'Oli Mesin Castrol\', \'1\', \'\', \'70000\', \'90000\', \'15\')')
 3 SYSTEMPATH\Database\BaseConnection.php(620): CodeIgniter\Database\BaseConnection->simpleQuery('INSERT INTO `part` (`id_part`, `nama_part`, `id_kategori_part`, `id_satuan_part`, `harga_beli`, `harga_jual`, `stok`) VALUES (\'OL-0001\', \'Oli Mesin Castrol\', \'1\', \'\', \'70000\', \'90000\', \'15\')')
 4 SYSTEMPATH\Database\BaseBuilder.php(1916): CodeIgniter\Database\BaseConnection->query('INSERT INTO `part` (`id_part`, `nama_part`, `id_kategori_part`, `id_satuan_part`, `harga_beli`, `harga_jual`, `stok`) VALUES (:id_part:, :nama_part:, :id_kategori_part:, :id_satuan_part:, :harga_beli:, :harga_jual:, :stok:)', [...], false)
 5 SYSTEMPATH\Model.php(278): CodeIgniter\Database\BaseBuilder->insert()
 6 SYSTEMPATH\BaseModel.php(738): CodeIgniter\Model->doInsert([...])
 7 SYSTEMPATH\Model.php(666): CodeIgniter\BaseModel->insert([...], true)
 8 APPPATH\Models\ModelPart.php(28): CodeIgniter\Model->insert([...])
 9 APPPATH\Controllers\Part.php(52): App\Models\ModelPart->InsertData([...])
10 SYSTEMPATH\CodeIgniter.php(898): App\Controllers\Part->InsertData()
11 SYSTEMPATH\CodeIgniter.php(457): CodeIgniter\CodeIgniter->runController(Object(App\Controllers\Part))
12 SYSTEMPATH\CodeIgniter.php(340): CodeIgniter\CodeIgniter->handleRequest(null, Object(Config\Cache), false)
13 FCPATH\index.php(67): CodeIgniter\CodeIgniter->run()
14 SYSTEMPATH\Commands\Server\rewrite.php(43): require_once('FCPATH\\index.php')
ERROR - 2025-02-15 04:38:39 --> mysqli_sql_exception: Cannot add or update a child row: a foreign key constraint fails (`posbengkel`.`part`, CONSTRAINT `part_id_satuan_part_foreign` FOREIGN KEY (`id_satuan_part`) REFERENCES `satuan` (`id_satuan`)) in C:\xampp\htdocs\posbengkel\system\Database\MySQLi\Connection.php:292
Stack trace:
#0 C:\xampp\htdocs\posbengkel\system\Database\MySQLi\Connection.php(292): mysqli->query('INSERT INTO `pa...', 0)
#1 C:\xampp\htdocs\posbengkel\system\Database\BaseConnection.php(693): CodeIgniter\Database\MySQLi\Connection->execute('INSERT INTO `pa...')
#2 C:\xampp\htdocs\posbengkel\system\Database\BaseConnection.php(620): CodeIgniter\Database\BaseConnection->simpleQuery('INSERT INTO `pa...')
#3 C:\xampp\htdocs\posbengkel\system\Database\BaseBuilder.php(1916): CodeIgniter\Database\BaseConnection->query('INSERT INTO `pa...', Array, false)
#4 C:\xampp\htdocs\posbengkel\system\Model.php(278): CodeIgniter\Database\BaseBuilder->insert()
#5 C:\xampp\htdocs\posbengkel\system\BaseModel.php(738): CodeIgniter\Model->doInsert(Array)
#6 C:\xampp\htdocs\posbengkel\system\Model.php(666): CodeIgniter\BaseModel->insert(Array, true)
#7 C:\xampp\htdocs\posbengkel\app\Models\ModelPart.php(28): CodeIgniter\Model->insert(Array)
#8 C:\xampp\htdocs\posbengkel\app\Controllers\Part.php(52): App\Models\ModelPart->InsertData(Array)
#9 C:\xampp\htdocs\posbengkel\system\CodeIgniter.php(898): App\Controllers\Part->InsertData()
#10 C:\xampp\htdocs\posbengkel\system\CodeIgniter.php(457): CodeIgniter\CodeIgniter->runController(Object(App\Controllers\Part))
#11 C:\xampp\htdocs\posbengkel\system\CodeIgniter.php(340): CodeIgniter\CodeIgniter->handleRequest(NULL, Object(Config\Cache), false)
#12 C:\xampp\htdocs\posbengkel\public\index.php(67): CodeIgniter\CodeIgniter->run()
#13 C:\xampp\htdocs\posbengkel\system\Commands\Server\rewrite.php(43): require_once('C:\\xampp\\htdocs...')
#14 {main}
CRITICAL - 2025-02-15 04:38:39 --> Cannot add or update a child row: a foreign key constraint fails (`posbengkel`.`part`, CONSTRAINT `part_id_satuan_part_foreign` FOREIGN KEY (`id_satuan_part`) REFERENCES `satuan` (`id_satuan`))
in SYSTEMPATH\Database\MySQLi\Connection.php on line 292.
 1 SYSTEMPATH\Database\MySQLi\Connection.php(292): mysqli->query('INSERT INTO `part` (`id_part`, `nama_part`, `id_kategori_part`, `id_satuan_part`, `harga_beli`, `harga_jual`, `stok`) VALUES (\'OL-0001\', \'Oli Mesin Castrol\', \'1\', \'\', \'70000\', \'90000\', \'15\')', 0)
 2 SYSTEMPATH\Database\BaseConnection.php(693): CodeIgniter\Database\MySQLi\Connection->execute('INSERT INTO `part` (`id_part`, `nama_part`, `id_kategori_part`, `id_satuan_part`, `harga_beli`, `harga_jual`, `stok`) VALUES (\'OL-0001\', \'Oli Mesin Castrol\', \'1\', \'\', \'70000\', \'90000\', \'15\')')
 3 SYSTEMPATH\Database\BaseConnection.php(620): CodeIgniter\Database\BaseConnection->simpleQuery('INSERT INTO `part` (`id_part`, `nama_part`, `id_kategori_part`, `id_satuan_part`, `harga_beli`, `harga_jual`, `stok`) VALUES (\'OL-0001\', \'Oli Mesin Castrol\', \'1\', \'\', \'70000\', \'90000\', \'15\')')
 4 SYSTEMPATH\Database\BaseBuilder.php(1916): CodeIgniter\Database\BaseConnection->query('INSERT INTO `part` (`id_part`, `nama_part`, `id_kategori_part`, `id_satuan_part`, `harga_beli`, `harga_jual`, `stok`) VALUES (:id_part:, :nama_part:, :id_kategori_part:, :id_satuan_part:, :harga_beli:, :harga_jual:, :stok:)', [...], false)
 5 SYSTEMPATH\Model.php(278): CodeIgniter\Database\BaseBuilder->insert()
 6 SYSTEMPATH\BaseModel.php(738): CodeIgniter\Model->doInsert([...])
 7 SYSTEMPATH\Model.php(666): CodeIgniter\BaseModel->insert([...], true)
 8 APPPATH\Models\ModelPart.php(28): CodeIgniter\Model->insert([...])
 9 APPPATH\Controllers\Part.php(52): App\Models\ModelPart->InsertData([...])
10 SYSTEMPATH\CodeIgniter.php(898): App\Controllers\Part->InsertData()
11 SYSTEMPATH\CodeIgniter.php(457): CodeIgniter\CodeIgniter->runController(Object(App\Controllers\Part))
12 SYSTEMPATH\CodeIgniter.php(340): CodeIgniter\CodeIgniter->handleRequest(null, Object(Config\Cache), false)
13 FCPATH\index.php(67): CodeIgniter\CodeIgniter->run()
14 SYSTEMPATH\Commands\Server\rewrite.php(43): require_once('FCPATH\\index.php')
ERROR - 2025-02-15 04:38:47 --> mysqli_sql_exception: Cannot add or update a child row: a foreign key constraint fails (`posbengkel`.`part`, CONSTRAINT `part_id_satuan_part_foreign` FOREIGN KEY (`id_satuan_part`) REFERENCES `satuan` (`id_satuan`)) in C:\xampp\htdocs\posbengkel\system\Database\MySQLi\Connection.php:292
Stack trace:
#0 C:\xampp\htdocs\posbengkel\system\Database\MySQLi\Connection.php(292): mysqli->query('INSERT INTO `pa...', 0)
#1 C:\xampp\htdocs\posbengkel\system\Database\BaseConnection.php(693): CodeIgniter\Database\MySQLi\Connection->execute('INSERT INTO `pa...')
#2 C:\xampp\htdocs\posbengkel\system\Database\BaseConnection.php(620): CodeIgniter\Database\BaseConnection->simpleQuery('INSERT INTO `pa...')
#3 C:\xampp\htdocs\posbengkel\system\Database\BaseBuilder.php(1916): CodeIgniter\Database\BaseConnection->query('INSERT INTO `pa...', Array, false)
#4 C:\xampp\htdocs\posbengkel\system\Model.php(278): CodeIgniter\Database\BaseBuilder->insert()
#5 C:\xampp\htdocs\posbengkel\system\BaseModel.php(738): CodeIgniter\Model->doInsert(Array)
#6 C:\xampp\htdocs\posbengkel\system\Model.php(666): CodeIgniter\BaseModel->insert(Array, true)
#7 C:\xampp\htdocs\posbengkel\app\Models\ModelPart.php(28): CodeIgniter\Model->insert(Array)
#8 C:\xampp\htdocs\posbengkel\app\Controllers\Part.php(52): App\Models\ModelPart->InsertData(Array)
#9 C:\xampp\htdocs\posbengkel\system\CodeIgniter.php(898): App\Controllers\Part->InsertData()
#10 C:\xampp\htdocs\posbengkel\system\CodeIgniter.php(457): CodeIgniter\CodeIgniter->runController(Object(App\Controllers\Part))
#11 C:\xampp\htdocs\posbengkel\system\CodeIgniter.php(340): CodeIgniter\CodeIgniter->handleRequest(NULL, Object(Config\Cache), false)
#12 C:\xampp\htdocs\posbengkel\public\index.php(67): CodeIgniter\CodeIgniter->run()
#13 C:\xampp\htdocs\posbengkel\system\Commands\Server\rewrite.php(43): require_once('C:\\xampp\\htdocs...')
#14 {main}
CRITICAL - 2025-02-15 04:38:47 --> Cannot add or update a child row: a foreign key constraint fails (`posbengkel`.`part`, CONSTRAINT `part_id_satuan_part_foreign` FOREIGN KEY (`id_satuan_part`) REFERENCES `satuan` (`id_satuan`))
in SYSTEMPATH\Database\MySQLi\Connection.php on line 292.
 1 SYSTEMPATH\Database\MySQLi\Connection.php(292): mysqli->query('INSERT INTO `part` (`id_part`, `nama_part`, `id_kategori_part`, `id_satuan_part`, `harga_beli`, `harga_jual`, `stok`) VALUES (\'OL-0001\', \'Oli Mesin Castrol\', \'1\', \'\', \'70000\', \'90000\', \'15\')', 0)
 2 SYSTEMPATH\Database\BaseConnection.php(693): CodeIgniter\Database\MySQLi\Connection->execute('INSERT INTO `part` (`id_part`, `nama_part`, `id_kategori_part`, `id_satuan_part`, `harga_beli`, `harga_jual`, `stok`) VALUES (\'OL-0001\', \'Oli Mesin Castrol\', \'1\', \'\', \'70000\', \'90000\', \'15\')')
 3 SYSTEMPATH\Database\BaseConnection.php(620): CodeIgniter\Database\BaseConnection->simpleQuery('INSERT INTO `part` (`id_part`, `nama_part`, `id_kategori_part`, `id_satuan_part`, `harga_beli`, `harga_jual`, `stok`) VALUES (\'OL-0001\', \'Oli Mesin Castrol\', \'1\', \'\', \'70000\', \'90000\', \'15\')')
 4 SYSTEMPATH\Database\BaseBuilder.php(1916): CodeIgniter\Database\BaseConnection->query('INSERT INTO `part` (`id_part`, `nama_part`, `id_kategori_part`, `id_satuan_part`, `harga_beli`, `harga_jual`, `stok`) VALUES (:id_part:, :nama_part:, :id_kategori_part:, :id_satuan_part:, :harga_beli:, :harga_jual:, :stok:)', [...], false)
 5 SYSTEMPATH\Model.php(278): CodeIgniter\Database\BaseBuilder->insert()
 6 SYSTEMPATH\BaseModel.php(738): CodeIgniter\Model->doInsert([...])
 7 SYSTEMPATH\Model.php(666): CodeIgniter\BaseModel->insert([...], true)
 8 APPPATH\Models\ModelPart.php(28): CodeIgniter\Model->insert([...])
 9 APPPATH\Controllers\Part.php(52): App\Models\ModelPart->InsertData([...])
10 SYSTEMPATH\CodeIgniter.php(898): App\Controllers\Part->InsertData()
11 SYSTEMPATH\CodeIgniter.php(457): CodeIgniter\CodeIgniter->runController(Object(App\Controllers\Part))
12 SYSTEMPATH\CodeIgniter.php(340): CodeIgniter\CodeIgniter->handleRequest(null, Object(Config\Cache), false)
13 FCPATH\index.php(67): CodeIgniter\CodeIgniter->run()
14 SYSTEMPATH\Commands\Server\rewrite.php(43): require_once('FCPATH\\index.php')
