ERROR - 2025-02-13 01:55:44 --> mysqli_sql_exception: Duplicate entry 'OL-0001' for key 'PRIMARY' in C:\xampp\htdocs\posbengkel\system\Database\MySQLi\Connection.php:292
Stack trace:
#0 C:\xampp\htdocs\posbengkel\system\Database\MySQLi\Connection.php(292): mysqli->query('INSERT INTO `pa...', 0)
#1 C:\xampp\htdocs\posbengkel\system\Database\BaseConnection.php(693): CodeIgniter\Database\MySQLi\Connection->execute('INSERT INTO `pa...')
#2 C:\xampp\htdocs\posbengkel\system\Database\BaseConnection.php(620): CodeIgniter\Database\BaseConnection->simpleQuery('INSERT INTO `pa...')
#3 C:\xampp\htdocs\posbengkel\system\Database\BaseBuilder.php(1916): CodeIgniter\Database\BaseConnection->query('INSERT INTO `pa...', Array, false)
#4 C:\xampp\htdocs\posbengkel\system\Model.php(278): CodeIgniter\Database\BaseBuilder->insert()
#5 C:\xampp\htdocs\posbengkel\system\BaseModel.php(738): CodeIgniter\Model->doInsert(Array)
#6 C:\xampp\htdocs\posbengkel\system\Model.php(666): CodeIgniter\BaseModel->insert(Array, true)
#7 C:\xampp\htdocs\posbengkel\app\Models\ModelPart.php(28): CodeIgniter\Model->insert(Array)
#8 C:\xampp\htdocs\posbengkel\app\Controllers\Part.php(65): App\Models\ModelPart->InsertData(Array)
#9 C:\xampp\htdocs\posbengkel\system\CodeIgniter.php(898): App\Controllers\Part->InsertData()
#10 C:\xampp\htdocs\posbengkel\system\CodeIgniter.php(457): CodeIgniter\CodeIgniter->runController(Object(App\Controllers\Part))
#11 C:\xampp\htdocs\posbengkel\system\CodeIgniter.php(340): CodeIgniter\CodeIgniter->handleRequest(NULL, Object(Config\Cache), false)
#12 C:\xampp\htdocs\posbengkel\public\index.php(67): CodeIgniter\CodeIgniter->run()
#13 C:\xampp\htdocs\posbengkel\system\Commands\Server\rewrite.php(43): require_once('C:\\xampp\\htdocs...')
#14 {main}
CRITICAL - 2025-02-13 01:55:44 --> Duplicate entry 'OL-0001' for key 'PRIMARY'
in SYSTEMPATH\Database\MySQLi\Connection.php on line 292.
 1 SYSTEMPATH\Database\MySQLi\Connection.php(292): mysqli->query('INSERT INTO `part` (`id_part`, `nama_part`, `id_kategori_part`, `id_satuan_part`, `harga_beli`, `harga_jual`, `stok`) VALUES (\'OL-0001\', \'sdadsd\', \'1\', \'1\', \'70000\', \'90000\', \'12\')', 0)
 2 SYSTEMPATH\Database\BaseConnection.php(693): CodeIgniter\Database\MySQLi\Connection->execute('INSERT INTO `part` (`id_part`, `nama_part`, `id_kategori_part`, `id_satuan_part`, `harga_beli`, `harga_jual`, `stok`) VALUES (\'OL-0001\', \'sdadsd\', \'1\', \'1\', \'70000\', \'90000\', \'12\')')
 3 SYSTEMPATH\Database\BaseConnection.php(620): CodeIgniter\Database\BaseConnection->simpleQuery('INSERT INTO `part` (`id_part`, `nama_part`, `id_kategori_part`, `id_satuan_part`, `harga_beli`, `harga_jual`, `stok`) VALUES (\'OL-0001\', \'sdadsd\', \'1\', \'1\', \'70000\', \'90000\', \'12\')')
 4 SYSTEMPATH\Database\BaseBuilder.php(1916): CodeIgniter\Database\BaseConnection->query('INSERT INTO `part` (`id_part`, `nama_part`, `id_kategori_part`, `id_satuan_part`, `harga_beli`, `harga_jual`, `stok`) VALUES (:id_part:, :nama_part:, :id_kategori_part:, :id_satuan_part:, :harga_beli:, :harga_jual:, :stok:)', [...], false)
 5 SYSTEMPATH\Model.php(278): CodeIgniter\Database\BaseBuilder->insert()
 6 SYSTEMPATH\BaseModel.php(738): CodeIgniter\Model->doInsert([...])
 7 SYSTEMPATH\Model.php(666): CodeIgniter\BaseModel->insert([...], true)
 8 APPPATH\Models\ModelPart.php(28): CodeIgniter\Model->insert([...])
 9 APPPATH\Controllers\Part.php(65): App\Models\ModelPart->InsertData([...])
10 SYSTEMPATH\CodeIgniter.php(898): App\Controllers\Part->InsertData()
11 SYSTEMPATH\CodeIgniter.php(457): CodeIgniter\CodeIgniter->runController(Object(App\Controllers\Part))
12 SYSTEMPATH\CodeIgniter.php(340): CodeIgniter\CodeIgniter->handleRequest(null, Object(Config\Cache), false)
13 FCPATH\index.php(67): CodeIgniter\CodeIgniter->run()
14 SYSTEMPATH\Commands\Server\rewrite.php(43): require_once('FCPATH\\index.php')
CRITICAL - 2025-02-13 03:28:24 --> Undefined variable $subjudul
in APPPATH\Views\v_template.php on line 189.
 1 APPPATH\Views\v_template.php(189): CodeIgniter\Debug\Exceptions->errorHandler(2, 'Undefined variable $subjudul', 'APPPATH\\Views\\v_template.php', 189)
 2 SYSTEMPATH\View\View.php(213): include('APPPATH\\Views\\v_template.php')
 3 SYSTEMPATH\View\View.php(216): CodeIgniter\View\View->CodeIgniter\View\{closure}()
 4 SYSTEMPATH\Common.php(1137): CodeIgniter\View\View->render('v_template', [], true)
 5 APPPATH\Controllers\Part.php(35): view('v_template', [...])
 6 SYSTEMPATH\CodeIgniter.php(898): App\Controllers\Part->index()
 7 SYSTEMPATH\CodeIgniter.php(457): CodeIgniter\CodeIgniter->runController(Object(App\Controllers\Part))
 8 SYSTEMPATH\CodeIgniter.php(340): CodeIgniter\CodeIgniter->handleRequest(null, Object(Config\Cache), false)
 9 FCPATH\index.php(67): CodeIgniter\CodeIgniter->run()
10 SYSTEMPATH\Commands\Server\rewrite.php(43): require_once('FCPATH\\index.php')
CRITICAL - 2025-02-13 03:28:46 --> Undefined variable $subjudul
in APPPATH\Views\v_template.php on line 189.
 1 APPPATH\Views\v_template.php(189): CodeIgniter\Debug\Exceptions->errorHandler(2, 'Undefined variable $subjudul', 'APPPATH\\Views\\v_template.php', 189)
 2 SYSTEMPATH\View\View.php(213): include('APPPATH\\Views\\v_template.php')
 3 SYSTEMPATH\View\View.php(216): CodeIgniter\View\View->CodeIgniter\View\{closure}()
 4 SYSTEMPATH\Common.php(1137): CodeIgniter\View\View->render('v_template', [], true)
 5 APPPATH\Controllers\Part.php(35): view('v_template', [...])
 6 SYSTEMPATH\CodeIgniter.php(898): App\Controllers\Part->index()
 7 SYSTEMPATH\CodeIgniter.php(457): CodeIgniter\CodeIgniter->runController(Object(App\Controllers\Part))
 8 SYSTEMPATH\CodeIgniter.php(340): CodeIgniter\CodeIgniter->handleRequest(null, Object(Config\Cache), false)
 9 FCPATH\index.php(67): CodeIgniter\CodeIgniter->run()
10 SYSTEMPATH\Commands\Server\rewrite.php(43): require_once('FCPATH\\index.php')
CRITICAL - 2025-02-13 03:29:07 --> Undefined variable $subjudul
in APPPATH\Views\v_template.php on line 189.
 1 APPPATH\Views\v_template.php(189): CodeIgniter\Debug\Exceptions->errorHandler(2, 'Undefined variable $subjudul', 'APPPATH\\Views\\v_template.php', 189)
 2 SYSTEMPATH\View\View.php(213): include('APPPATH\\Views\\v_template.php')
 3 SYSTEMPATH\View\View.php(216): CodeIgniter\View\View->CodeIgniter\View\{closure}()
 4 SYSTEMPATH\Common.php(1137): CodeIgniter\View\View->render('v_template', [], true)
 5 APPPATH\Controllers\Part.php(35): view('v_template', [...])
 6 SYSTEMPATH\CodeIgniter.php(898): App\Controllers\Part->index()
 7 SYSTEMPATH\CodeIgniter.php(457): CodeIgniter\CodeIgniter->runController(Object(App\Controllers\Part))
 8 SYSTEMPATH\CodeIgniter.php(340): CodeIgniter\CodeIgniter->handleRequest(null, Object(Config\Cache), false)
 9 FCPATH\index.php(67): CodeIgniter\CodeIgniter->run()
10 SYSTEMPATH\Commands\Server\rewrite.php(43): require_once('FCPATH\\index.php')
CRITICAL - 2025-02-13 03:29:08 --> Undefined variable $subjudul
in APPPATH\Views\v_template.php on line 189.
 1 APPPATH\Views\v_template.php(189): CodeIgniter\Debug\Exceptions->errorHandler(2, 'Undefined variable $subjudul', 'APPPATH\\Views\\v_template.php', 189)
 2 SYSTEMPATH\View\View.php(213): include('APPPATH\\Views\\v_template.php')
 3 SYSTEMPATH\View\View.php(216): CodeIgniter\View\View->CodeIgniter\View\{closure}()
 4 SYSTEMPATH\Common.php(1137): CodeIgniter\View\View->render('v_template', [], true)
 5 APPPATH\Controllers\Part.php(35): view('v_template', [...])
 6 SYSTEMPATH\CodeIgniter.php(898): App\Controllers\Part->index()
 7 SYSTEMPATH\CodeIgniter.php(457): CodeIgniter\CodeIgniter->runController(Object(App\Controllers\Part))
 8 SYSTEMPATH\CodeIgniter.php(340): CodeIgniter\CodeIgniter->handleRequest(null, Object(Config\Cache), false)
 9 FCPATH\index.php(67): CodeIgniter\CodeIgniter->run()
10 SYSTEMPATH\Commands\Server\rewrite.php(43): require_once('FCPATH\\index.php')
CRITICAL - 2025-02-13 04:13:15 --> Undefined variable $search
in APPPATH\Controllers\Part.php on line 33.
 1 APPPATH\Controllers\Part.php(33): CodeIgniter\Debug\Exceptions->errorHandler(2, 'Undefined variable $search', 'APPPATH\\Controllers\\Part.php', 33)
 2 SYSTEMPATH\CodeIgniter.php(898): App\Controllers\Part->index()
 3 SYSTEMPATH\CodeIgniter.php(457): CodeIgniter\CodeIgniter->runController(Object(App\Controllers\Part))
 4 SYSTEMPATH\CodeIgniter.php(340): CodeIgniter\CodeIgniter->handleRequest(null, Object(Config\Cache), false)
 5 FCPATH\index.php(67): CodeIgniter\CodeIgniter->run()
 6 SYSTEMPATH\Commands\Server\rewrite.php(43): require_once('FCPATH\\index.php')
CRITICAL - 2025-02-13 04:16:01 --> Undefined variable $search
in APPPATH\Controllers\Part.php on line 33.
 1 APPPATH\Controllers\Part.php(33): CodeIgniter\Debug\Exceptions->errorHandler(2, 'Undefined variable $search', 'APPPATH\\Controllers\\Part.php', 33)
 2 SYSTEMPATH\CodeIgniter.php(898): App\Controllers\Part->index()
 3 SYSTEMPATH\CodeIgniter.php(457): CodeIgniter\CodeIgniter->runController(Object(App\Controllers\Part))
 4 SYSTEMPATH\CodeIgniter.php(340): CodeIgniter\CodeIgniter->handleRequest(null, Object(Config\Cache), false)
 5 FCPATH\index.php(67): CodeIgniter\CodeIgniter->run()
 6 SYSTEMPATH\Commands\Server\rewrite.php(43): require_once('FCPATH\\index.php')
CRITICAL - 2025-02-13 04:23:15 --> Undefined variable $value
in APPPATH\Views\part\v_part.php on line 46.
 1 APPPATH\Views\part\v_part.php(46): CodeIgniter\Debug\Exceptions->errorHandler(2, 'Undefined variable $value', 'APPPATH\\Views\\part\\v_part.php', 46)
 2 SYSTEMPATH\View\View.php(213): include('APPPATH\\Views\\part\\v_part.php')
 3 SYSTEMPATH\View\View.php(216): CodeIgniter\View\View->CodeIgniter\View\{closure}()
 4 SYSTEMPATH\Common.php(1137): CodeIgniter\View\View->render('part/v_part', [], true)
 5 APPPATH\Views\v_template.php(204): view('part/v_part')
 6 SYSTEMPATH\View\View.php(213): include('APPPATH\\Views\\v_template.php')
 7 SYSTEMPATH\View\View.php(216): CodeIgniter\View\View->CodeIgniter\View\{closure}()
 8 SYSTEMPATH\Common.php(1137): CodeIgniter\View\View->render('v_template', [], true)
 9 APPPATH\Controllers\Part.php(48): view('v_template', [...])
10 SYSTEMPATH\CodeIgniter.php(898): App\Controllers\Part->index()
11 SYSTEMPATH\CodeIgniter.php(457): CodeIgniter\CodeIgniter->runController(Object(App\Controllers\Part))
12 SYSTEMPATH\CodeIgniter.php(340): CodeIgniter\CodeIgniter->handleRequest(null, Object(Config\Cache), false)
13 FCPATH\index.php(67): CodeIgniter\CodeIgniter->run()
14 SYSTEMPATH\Commands\Server\rewrite.php(43): require_once('FCPATH\\index.php')
ERROR - 2025-02-13 06:52:03 --> mysqli_sql_exception: Table 'posbengkel.supplier' doesn't exist in C:\xampp\htdocs\posbengkel\system\Database\MySQLi\Connection.php:292
Stack trace:
#0 C:\xampp\htdocs\posbengkel\system\Database\MySQLi\Connection.php(292): mysqli->query('SELECT *\nFROM `...', 0)
#1 C:\xampp\htdocs\posbengkel\system\Database\BaseConnection.php(693): CodeIgniter\Database\MySQLi\Connection->execute('SELECT *\nFROM `...')
#2 C:\xampp\htdocs\posbengkel\system\Database\BaseConnection.php(620): CodeIgniter\Database\BaseConnection->simpleQuery('SELECT *\nFROM `...')
#3 C:\xampp\htdocs\posbengkel\system\Database\BaseBuilder.php(1585): CodeIgniter\Database\BaseConnection->query('SELECT *\nFROM `...', Array, false)
#4 C:\xampp\htdocs\posbengkel\app\Models\ModelSupplier.php(11): CodeIgniter\Database\BaseBuilder->get()
#5 C:\xampp\htdocs\posbengkel\app\Controllers\Supplier.php(24): App\Models\ModelSupplier->AllData()
#6 C:\xampp\htdocs\posbengkel\system\CodeIgniter.php(898): App\Controllers\Supplier->index()
#7 C:\xampp\htdocs\posbengkel\system\CodeIgniter.php(457): CodeIgniter\CodeIgniter->runController(Object(App\Controllers\Supplier))
#8 C:\xampp\htdocs\posbengkel\system\CodeIgniter.php(340): CodeIgniter\CodeIgniter->handleRequest(NULL, Object(Config\Cache), false)
#9 C:\xampp\htdocs\posbengkel\public\index.php(67): CodeIgniter\CodeIgniter->run()
#10 C:\xampp\htdocs\posbengkel\system\Commands\Server\rewrite.php(43): require_once('C:\\xampp\\htdocs...')
#11 {main}
CRITICAL - 2025-02-13 06:52:03 --> Table 'posbengkel.supplier' doesn't exist
in SYSTEMPATH\Database\MySQLi\Connection.php on line 292.
 1 SYSTEMPATH\Database\MySQLi\Connection.php(292): mysqli->query('SELECT *
FROM `supplier`', 0)
 2 SYSTEMPATH\Database\BaseConnection.php(693): CodeIgniter\Database\MySQLi\Connection->execute('SELECT *
FROM `supplier`')
 3 SYSTEMPATH\Database\BaseConnection.php(620): CodeIgniter\Database\BaseConnection->simpleQuery('SELECT *
FROM `supplier`')
 4 SYSTEMPATH\Database\BaseBuilder.php(1585): CodeIgniter\Database\BaseConnection->query('SELECT *
FROM `supplier`', [], false)
 5 APPPATH\Models\ModelSupplier.php(11): CodeIgniter\Database\BaseBuilder->get()
 6 APPPATH\Controllers\Supplier.php(24): App\Models\ModelSupplier->AllData()
 7 SYSTEMPATH\CodeIgniter.php(898): App\Controllers\Supplier->index()
 8 SYSTEMPATH\CodeIgniter.php(457): CodeIgniter\CodeIgniter->runController(Object(App\Controllers\Supplier))
 9 SYSTEMPATH\CodeIgniter.php(340): CodeIgniter\CodeIgniter->handleRequest(null, Object(Config\Cache), false)
10 FCPATH\index.php(67): CodeIgniter\CodeIgniter->run()
11 SYSTEMPATH\Commands\Server\rewrite.php(43): require_once('FCPATH\\index.php')
ERROR - 2025-02-13 07:02:48 --> mysqli_sql_exception: Unknown column 'telp_supplier' in 'field list' in C:\xampp\htdocs\posbengkel\system\Database\MySQLi\Connection.php:292
Stack trace:
#0 C:\xampp\htdocs\posbengkel\system\Database\MySQLi\Connection.php(292): mysqli->query('INSERT INTO `su...', 0)
#1 C:\xampp\htdocs\posbengkel\system\Database\BaseConnection.php(693): CodeIgniter\Database\MySQLi\Connection->execute('INSERT INTO `su...')
#2 C:\xampp\htdocs\posbengkel\system\Database\BaseConnection.php(620): CodeIgniter\Database\BaseConnection->simpleQuery('INSERT INTO `su...')
#3 C:\xampp\htdocs\posbengkel\system\Database\BaseBuilder.php(1916): CodeIgniter\Database\BaseConnection->query('INSERT INTO `su...', Array, false)
#4 C:\xampp\htdocs\posbengkel\app\Models\ModelSupplier.php(16): CodeIgniter\Database\BaseBuilder->insert(Array)
#5 C:\xampp\htdocs\posbengkel\app\Controllers\Supplier.php(35): App\Models\ModelSupplier->InsertData(Array)
#6 C:\xampp\htdocs\posbengkel\system\CodeIgniter.php(898): App\Controllers\Supplier->InsertData()
#7 C:\xampp\htdocs\posbengkel\system\CodeIgniter.php(457): CodeIgniter\CodeIgniter->runController(Object(App\Controllers\Supplier))
#8 C:\xampp\htdocs\posbengkel\system\CodeIgniter.php(340): CodeIgniter\CodeIgniter->handleRequest(NULL, Object(Config\Cache), false)
#9 C:\xampp\htdocs\posbengkel\public\index.php(67): CodeIgniter\CodeIgniter->run()
#10 C:\xampp\htdocs\posbengkel\system\Commands\Server\rewrite.php(43): require_once('C:\\xampp\\htdocs...')
#11 {main}
CRITICAL - 2025-02-13 07:02:48 --> Unknown column 'telp_supplier' in 'field list'
in SYSTEMPATH\Database\MySQLi\Connection.php on line 292.
 1 SYSTEMPATH\Database\MySQLi\Connection.php(292): mysqli->query('INSERT INTO `supplier` (`nama_supplier`, `alamat_supplier`, `telp_supplier`) VALUES (\'Nasmoco Merto\', \'Mertoyudan, Magelang\', \'0812345678\')', 0)
 2 SYSTEMPATH\Database\BaseConnection.php(693): CodeIgniter\Database\MySQLi\Connection->execute('INSERT INTO `supplier` (`nama_supplier`, `alamat_supplier`, `telp_supplier`) VALUES (\'Nasmoco Merto\', \'Mertoyudan, Magelang\', \'0812345678\')')
 3 SYSTEMPATH\Database\BaseConnection.php(620): CodeIgniter\Database\BaseConnection->simpleQuery('INSERT INTO `supplier` (`nama_supplier`, `alamat_supplier`, `telp_supplier`) VALUES (\'Nasmoco Merto\', \'Mertoyudan, Magelang\', \'0812345678\')')
 4 SYSTEMPATH\Database\BaseBuilder.php(1916): CodeIgniter\Database\BaseConnection->query('INSERT INTO `supplier` (`nama_supplier`, `alamat_supplier`, `telp_supplier`) VALUES (:nama_supplier:, :alamat_supplier:, :telp_supplier:)', [...], false)
 5 APPPATH\Models\ModelSupplier.php(16): CodeIgniter\Database\BaseBuilder->insert([...])
 6 APPPATH\Controllers\Supplier.php(35): App\Models\ModelSupplier->InsertData([...])
 7 SYSTEMPATH\CodeIgniter.php(898): App\Controllers\Supplier->InsertData()
 8 SYSTEMPATH\CodeIgniter.php(457): CodeIgniter\CodeIgniter->runController(Object(App\Controllers\Supplier))
 9 SYSTEMPATH\CodeIgniter.php(340): CodeIgniter\CodeIgniter->handleRequest(null, Object(Config\Cache), false)
10 FCPATH\index.php(67): CodeIgniter\CodeIgniter->run()
11 SYSTEMPATH\Commands\Server\rewrite.php(43): require_once('FCPATH\\index.php')
ERROR - 2025-02-13 07:06:02 --> mysqli_sql_exception: Unknown column 'telp_supplier' in 'field list' in C:\xampp\htdocs\posbengkel\system\Database\MySQLi\Connection.php:292
Stack trace:
#0 C:\xampp\htdocs\posbengkel\system\Database\MySQLi\Connection.php(292): mysqli->query('INSERT INTO `su...', 0)
#1 C:\xampp\htdocs\posbengkel\system\Database\BaseConnection.php(693): CodeIgniter\Database\MySQLi\Connection->execute('INSERT INTO `su...')
#2 C:\xampp\htdocs\posbengkel\system\Database\BaseConnection.php(620): CodeIgniter\Database\BaseConnection->simpleQuery('INSERT INTO `su...')
#3 C:\xampp\htdocs\posbengkel\system\Database\BaseBuilder.php(1916): CodeIgniter\Database\BaseConnection->query('INSERT INTO `su...', Array, false)
#4 C:\xampp\htdocs\posbengkel\app\Models\ModelSupplier.php(24): CodeIgniter\Database\BaseBuilder->insert(Array)
#5 C:\xampp\htdocs\posbengkel\app\Controllers\Supplier.php(35): App\Models\ModelSupplier->InsertData(Array)
#6 C:\xampp\htdocs\posbengkel\system\CodeIgniter.php(898): App\Controllers\Supplier->InsertData()
#7 C:\xampp\htdocs\posbengkel\system\CodeIgniter.php(457): CodeIgniter\CodeIgniter->runController(Object(App\Controllers\Supplier))
#8 C:\xampp\htdocs\posbengkel\system\CodeIgniter.php(340): CodeIgniter\CodeIgniter->handleRequest(NULL, Object(Config\Cache), false)
#9 C:\xampp\htdocs\posbengkel\public\index.php(67): CodeIgniter\CodeIgniter->run()
#10 C:\xampp\htdocs\posbengkel\system\Commands\Server\rewrite.php(43): require_once('C:\\xampp\\htdocs...')
#11 {main}
CRITICAL - 2025-02-13 07:06:02 --> Unknown column 'telp_supplier' in 'field list'
in SYSTEMPATH\Database\MySQLi\Connection.php on line 292.
 1 SYSTEMPATH\Database\MySQLi\Connection.php(292): mysqli->query('INSERT INTO `supplier` (`nama_supplier`, `alamat_supplier`, `telp_supplier`) VALUES (\'Nasmoco Merto\', \'Mertoyudan, Magelang\', \'0812345678\')', 0)
 2 SYSTEMPATH\Database\BaseConnection.php(693): CodeIgniter\Database\MySQLi\Connection->execute('INSERT INTO `supplier` (`nama_supplier`, `alamat_supplier`, `telp_supplier`) VALUES (\'Nasmoco Merto\', \'Mertoyudan, Magelang\', \'0812345678\')')
 3 SYSTEMPATH\Database\BaseConnection.php(620): CodeIgniter\Database\BaseConnection->simpleQuery('INSERT INTO `supplier` (`nama_supplier`, `alamat_supplier`, `telp_supplier`) VALUES (\'Nasmoco Merto\', \'Mertoyudan, Magelang\', \'0812345678\')')
 4 SYSTEMPATH\Database\BaseBuilder.php(1916): CodeIgniter\Database\BaseConnection->query('INSERT INTO `supplier` (`nama_supplier`, `alamat_supplier`, `telp_supplier`) VALUES (:nama_supplier:, :alamat_supplier:, :telp_supplier:)', [...], false)
 5 APPPATH\Models\ModelSupplier.php(24): CodeIgniter\Database\BaseBuilder->insert([...])
 6 APPPATH\Controllers\Supplier.php(35): App\Models\ModelSupplier->InsertData([...])
 7 SYSTEMPATH\CodeIgniter.php(898): App\Controllers\Supplier->InsertData()
 8 SYSTEMPATH\CodeIgniter.php(457): CodeIgniter\CodeIgniter->runController(Object(App\Controllers\Supplier))
 9 SYSTEMPATH\CodeIgniter.php(340): CodeIgniter\CodeIgniter->handleRequest(null, Object(Config\Cache), false)
10 FCPATH\index.php(67): CodeIgniter\CodeIgniter->run()
11 SYSTEMPATH\Commands\Server\rewrite.php(43): require_once('FCPATH\\index.php')
ERROR - 2025-02-13 07:06:06 --> mysqli_sql_exception: Unknown column 'telp_supplier' in 'field list' in C:\xampp\htdocs\posbengkel\system\Database\MySQLi\Connection.php:292
Stack trace:
#0 C:\xampp\htdocs\posbengkel\system\Database\MySQLi\Connection.php(292): mysqli->query('INSERT INTO `su...', 0)
#1 C:\xampp\htdocs\posbengkel\system\Database\BaseConnection.php(693): CodeIgniter\Database\MySQLi\Connection->execute('INSERT INTO `su...')
#2 C:\xampp\htdocs\posbengkel\system\Database\BaseConnection.php(620): CodeIgniter\Database\BaseConnection->simpleQuery('INSERT INTO `su...')
#3 C:\xampp\htdocs\posbengkel\system\Database\BaseBuilder.php(1916): CodeIgniter\Database\BaseConnection->query('INSERT INTO `su...', Array, false)
#4 C:\xampp\htdocs\posbengkel\app\Models\ModelSupplier.php(24): CodeIgniter\Database\BaseBuilder->insert(Array)
#5 C:\xampp\htdocs\posbengkel\app\Controllers\Supplier.php(35): App\Models\ModelSupplier->InsertData(Array)
#6 C:\xampp\htdocs\posbengkel\system\CodeIgniter.php(898): App\Controllers\Supplier->InsertData()
#7 C:\xampp\htdocs\posbengkel\system\CodeIgniter.php(457): CodeIgniter\CodeIgniter->runController(Object(App\Controllers\Supplier))
#8 C:\xampp\htdocs\posbengkel\system\CodeIgniter.php(340): CodeIgniter\CodeIgniter->handleRequest(NULL, Object(Config\Cache), false)
#9 C:\xampp\htdocs\posbengkel\public\index.php(67): CodeIgniter\CodeIgniter->run()
#10 C:\xampp\htdocs\posbengkel\system\Commands\Server\rewrite.php(43): require_once('C:\\xampp\\htdocs...')
#11 {main}
CRITICAL - 2025-02-13 07:06:06 --> Unknown column 'telp_supplier' in 'field list'
in SYSTEMPATH\Database\MySQLi\Connection.php on line 292.
 1 SYSTEMPATH\Database\MySQLi\Connection.php(292): mysqli->query('INSERT INTO `supplier` (`nama_supplier`, `alamat_supplier`, `telp_supplier`) VALUES (\'Nasmoco Merto\', \'Mertoyudan, Magelang\', \'0812345678\')', 0)
 2 SYSTEMPATH\Database\BaseConnection.php(693): CodeIgniter\Database\MySQLi\Connection->execute('INSERT INTO `supplier` (`nama_supplier`, `alamat_supplier`, `telp_supplier`) VALUES (\'Nasmoco Merto\', \'Mertoyudan, Magelang\', \'0812345678\')')
 3 SYSTEMPATH\Database\BaseConnection.php(620): CodeIgniter\Database\BaseConnection->simpleQuery('INSERT INTO `supplier` (`nama_supplier`, `alamat_supplier`, `telp_supplier`) VALUES (\'Nasmoco Merto\', \'Mertoyudan, Magelang\', \'0812345678\')')
 4 SYSTEMPATH\Database\BaseBuilder.php(1916): CodeIgniter\Database\BaseConnection->query('INSERT INTO `supplier` (`nama_supplier`, `alamat_supplier`, `telp_supplier`) VALUES (:nama_supplier:, :alamat_supplier:, :telp_supplier:)', [...], false)
 5 APPPATH\Models\ModelSupplier.php(24): CodeIgniter\Database\BaseBuilder->insert([...])
 6 APPPATH\Controllers\Supplier.php(35): App\Models\ModelSupplier->InsertData([...])
 7 SYSTEMPATH\CodeIgniter.php(898): App\Controllers\Supplier->InsertData()
 8 SYSTEMPATH\CodeIgniter.php(457): CodeIgniter\CodeIgniter->runController(Object(App\Controllers\Supplier))
 9 SYSTEMPATH\CodeIgniter.php(340): CodeIgniter\CodeIgniter->handleRequest(null, Object(Config\Cache), false)
10 FCPATH\index.php(67): CodeIgniter\CodeIgniter->run()
11 SYSTEMPATH\Commands\Server\rewrite.php(43): require_once('FCPATH\\index.php')
ERROR - 2025-02-13 07:06:14 --> mysqli_sql_exception: Unknown column 'telp_supplier' in 'field list' in C:\xampp\htdocs\posbengkel\system\Database\MySQLi\Connection.php:292
Stack trace:
#0 C:\xampp\htdocs\posbengkel\system\Database\MySQLi\Connection.php(292): mysqli->query('INSERT INTO `su...', 0)
#1 C:\xampp\htdocs\posbengkel\system\Database\BaseConnection.php(693): CodeIgniter\Database\MySQLi\Connection->execute('INSERT INTO `su...')
#2 C:\xampp\htdocs\posbengkel\system\Database\BaseConnection.php(620): CodeIgniter\Database\BaseConnection->simpleQuery('INSERT INTO `su...')
#3 C:\xampp\htdocs\posbengkel\system\Database\BaseBuilder.php(1916): CodeIgniter\Database\BaseConnection->query('INSERT INTO `su...', Array, false)
#4 C:\xampp\htdocs\posbengkel\app\Models\ModelSupplier.php(24): CodeIgniter\Database\BaseBuilder->insert(Array)
#5 C:\xampp\htdocs\posbengkel\app\Controllers\Supplier.php(35): App\Models\ModelSupplier->InsertData(Array)
#6 C:\xampp\htdocs\posbengkel\system\CodeIgniter.php(898): App\Controllers\Supplier->InsertData()
#7 C:\xampp\htdocs\posbengkel\system\CodeIgniter.php(457): CodeIgniter\CodeIgniter->runController(Object(App\Controllers\Supplier))
#8 C:\xampp\htdocs\posbengkel\system\CodeIgniter.php(340): CodeIgniter\CodeIgniter->handleRequest(NULL, Object(Config\Cache), false)
#9 C:\xampp\htdocs\posbengkel\public\index.php(67): CodeIgniter\CodeIgniter->run()
#10 C:\xampp\htdocs\posbengkel\system\Commands\Server\rewrite.php(43): require_once('C:\\xampp\\htdocs...')
#11 {main}
CRITICAL - 2025-02-13 07:06:14 --> Unknown column 'telp_supplier' in 'field list'
in SYSTEMPATH\Database\MySQLi\Connection.php on line 292.
 1 SYSTEMPATH\Database\MySQLi\Connection.php(292): mysqli->query('INSERT INTO `supplier` (`nama_supplier`, `alamat_supplier`, `telp_supplier`) VALUES (\'Nasmoco Merto\', \'Mertoyudan, Magelang\', \'0812345678\')', 0)
 2 SYSTEMPATH\Database\BaseConnection.php(693): CodeIgniter\Database\MySQLi\Connection->execute('INSERT INTO `supplier` (`nama_supplier`, `alamat_supplier`, `telp_supplier`) VALUES (\'Nasmoco Merto\', \'Mertoyudan, Magelang\', \'0812345678\')')
 3 SYSTEMPATH\Database\BaseConnection.php(620): CodeIgniter\Database\BaseConnection->simpleQuery('INSERT INTO `supplier` (`nama_supplier`, `alamat_supplier`, `telp_supplier`) VALUES (\'Nasmoco Merto\', \'Mertoyudan, Magelang\', \'0812345678\')')
 4 SYSTEMPATH\Database\BaseBuilder.php(1916): CodeIgniter\Database\BaseConnection->query('INSERT INTO `supplier` (`nama_supplier`, `alamat_supplier`, `telp_supplier`) VALUES (:nama_supplier:, :alamat_supplier:, :telp_supplier:)', [...], false)
 5 APPPATH\Models\ModelSupplier.php(24): CodeIgniter\Database\BaseBuilder->insert([...])
 6 APPPATH\Controllers\Supplier.php(35): App\Models\ModelSupplier->InsertData([...])
 7 SYSTEMPATH\CodeIgniter.php(898): App\Controllers\Supplier->InsertData()
 8 SYSTEMPATH\CodeIgniter.php(457): CodeIgniter\CodeIgniter->runController(Object(App\Controllers\Supplier))
 9 SYSTEMPATH\CodeIgniter.php(340): CodeIgniter\CodeIgniter->handleRequest(null, Object(Config\Cache), false)
10 FCPATH\index.php(67): CodeIgniter\CodeIgniter->run()
11 SYSTEMPATH\Commands\Server\rewrite.php(43): require_once('FCPATH\\index.php')
ERROR - 2025-02-13 07:11:31 --> mysqli_sql_exception: Unknown table 'posbengkel.supplier' in C:\xampp\htdocs\posbengkel\system\Database\MySQLi\Connection.php:292
Stack trace:
#0 C:\xampp\htdocs\posbengkel\system\Database\MySQLi\Connection.php(292): mysqli->query('DROP TABLE `sup...', 0)
#1 C:\xampp\htdocs\posbengkel\system\Database\BaseConnection.php(693): CodeIgniter\Database\MySQLi\Connection->execute('DROP TABLE `sup...')
#2 C:\xampp\htdocs\posbengkel\system\Database\BaseConnection.php(620): CodeIgniter\Database\BaseConnection->simpleQuery('DROP TABLE `sup...')
#3 C:\xampp\htdocs\posbengkel\system\Database\Forge.php(600): CodeIgniter\Database\BaseConnection->query('DROP TABLE `sup...')
#4 C:\xampp\htdocs\posbengkel\app\Database\Migrations\2025-02-13-124651_Supplier.php(36): CodeIgniter\Database\Forge->dropTable('supplier')
#5 C:\xampp\htdocs\posbengkel\system\Database\MigrationRunner.php(868): App\Database\Migrations\Supplier->down()
#6 C:\xampp\htdocs\posbengkel\system\Database\MigrationRunner.php(298): CodeIgniter\Database\MigrationRunner->migrate('down', Object(stdClass))
#7 C:\xampp\htdocs\posbengkel\system\Commands\Database\MigrateRollback.php(92): CodeIgniter\Database\MigrationRunner->regress(2)
#8 C:\xampp\htdocs\posbengkel\system\CLI\Commands.php(63): CodeIgniter\Commands\Database\MigrateRollback->run(Array)
#9 C:\xampp\htdocs\posbengkel\system\CLI\CommandRunner.php(65): CodeIgniter\CLI\Commands->run('migrate:rollbac...', Array)
#10 C:\xampp\htdocs\posbengkel\system\CLI\CommandRunner.php(51): CodeIgniter\CLI\CommandRunner->index(Array)
#11 C:\xampp\htdocs\posbengkel\system\CodeIgniter.php(891): CodeIgniter\CLI\CommandRunner->_remap('index', Array)
#12 C:\xampp\htdocs\posbengkel\system\CodeIgniter.php(457): CodeIgniter\CodeIgniter->runController(Object(CodeIgniter\CLI\CommandRunner))
#13 C:\xampp\htdocs\posbengkel\system\CodeIgniter.php(336): CodeIgniter\CodeIgniter->handleRequest(NULL, Object(Config\Cache), false)
#14 C:\xampp\htdocs\posbengkel\system\CLI\Console.php(48): CodeIgniter\CodeIgniter->run()
#15 C:\xampp\htdocs\posbengkel\spark(98): CodeIgniter\CLI\Console->run()
#16 {main}
ERROR - 2025-02-13 07:12:47 --> mysqli_sql_exception: Unknown table 'posbengkel.supplier' in C:\xampp\htdocs\posbengkel\system\Database\MySQLi\Connection.php:292
Stack trace:
#0 C:\xampp\htdocs\posbengkel\system\Database\MySQLi\Connection.php(292): mysqli->query('DROP TABLE `sup...', 0)
#1 C:\xampp\htdocs\posbengkel\system\Database\BaseConnection.php(693): CodeIgniter\Database\MySQLi\Connection->execute('DROP TABLE `sup...')
#2 C:\xampp\htdocs\posbengkel\system\Database\BaseConnection.php(620): CodeIgniter\Database\BaseConnection->simpleQuery('DROP TABLE `sup...')
#3 C:\xampp\htdocs\posbengkel\system\Database\Forge.php(600): CodeIgniter\Database\BaseConnection->query('DROP TABLE `sup...')
#4 C:\xampp\htdocs\posbengkel\app\Database\Migrations\2025-02-13-124651_Supplier.php(36): CodeIgniter\Database\Forge->dropTable('supplier')
#5 C:\xampp\htdocs\posbengkel\system\Database\MigrationRunner.php(868): App\Database\Migrations\Supplier->down()
#6 C:\xampp\htdocs\posbengkel\system\Database\MigrationRunner.php(298): CodeIgniter\Database\MigrationRunner->migrate('down', Object(stdClass))
#7 C:\xampp\htdocs\posbengkel\system\Commands\Database\MigrateRollback.php(92): CodeIgniter\Database\MigrationRunner->regress(0)
#8 C:\xampp\htdocs\posbengkel\system\CLI\Commands.php(63): CodeIgniter\Commands\Database\MigrateRollback->run(Array)
#9 C:\xampp\htdocs\posbengkel\system\CLI\BaseCommand.php(112): CodeIgniter\CLI\Commands->run('migrate:rollbac...', Array)
#10 C:\xampp\htdocs\posbengkel\system\Commands\Database\MigrateRefresh.php(84): CodeIgniter\CLI\BaseCommand->call('migrate:rollbac...', Array)
#11 C:\xampp\htdocs\posbengkel\system\CLI\Commands.php(63): CodeIgniter\Commands\Database\MigrateRefresh->run(Array)
#12 C:\xampp\htdocs\posbengkel\system\CLI\CommandRunner.php(65): CodeIgniter\CLI\Commands->run('migrate:refresh', Array)
#13 C:\xampp\htdocs\posbengkel\system\CLI\CommandRunner.php(51): CodeIgniter\CLI\CommandRunner->index(Array)
#14 C:\xampp\htdocs\posbengkel\system\CodeIgniter.php(891): CodeIgniter\CLI\CommandRunner->_remap('index', Array)
#15 C:\xampp\htdocs\posbengkel\system\CodeIgniter.php(457): CodeIgniter\CodeIgniter->runController(Object(CodeIgniter\CLI\CommandRunner))
#16 C:\xampp\htdocs\posbengkel\system\CodeIgniter.php(336): CodeIgniter\CodeIgniter->handleRequest(NULL, Object(Config\Cache), false)
#17 C:\xampp\htdocs\posbengkel\system\CLI\Console.php(48): CodeIgniter\CodeIgniter->run()
#18 C:\xampp\htdocs\posbengkel\spark(98): CodeIgniter\CLI\Console->run()
#19 {main}
CRITICAL - 2025-02-13 07:13:39 --> Undefined array key "almaat_supplier"
in APPPATH\Views\v_supplier.php on line 40.
 1 APPPATH\Views\v_supplier.php(40): CodeIgniter\Debug\Exceptions->errorHandler(2, 'Undefined array key "almaat_supplier"', 'APPPATH\\Views\\v_supplier.php', 40)
 2 SYSTEMPATH\View\View.php(213): include('APPPATH\\Views\\v_supplier.php')
 3 SYSTEMPATH\View\View.php(216): CodeIgniter\View\View->CodeIgniter\View\{closure}()
 4 SYSTEMPATH\Common.php(1137): CodeIgniter\View\View->render('v_supplier', [], true)
 5 APPPATH\Views\v_template.php(210): view('v_supplier')
 6 SYSTEMPATH\View\View.php(213): include('APPPATH\\Views\\v_template.php')
 7 SYSTEMPATH\View\View.php(216): CodeIgniter\View\View->CodeIgniter\View\{closure}()
 8 SYSTEMPATH\Common.php(1137): CodeIgniter\View\View->render('v_template', [], true)
 9 APPPATH\Controllers\Supplier.php(26): view('v_template', [...])
10 SYSTEMPATH\CodeIgniter.php(898): App\Controllers\Supplier->index()
11 SYSTEMPATH\CodeIgniter.php(457): CodeIgniter\CodeIgniter->runController(Object(App\Controllers\Supplier))
12 SYSTEMPATH\CodeIgniter.php(340): CodeIgniter\CodeIgniter->handleRequest(null, Object(Config\Cache), false)
13 FCPATH\index.php(67): CodeIgniter\CodeIgniter->run()
14 SYSTEMPATH\Commands\Server\rewrite.php(43): require_once('FCPATH\\index.php')
CRITICAL - 2025-02-13 07:16:21 --> Unsupported operand types: int + string
in APPPATH\Views\v_supplier.php on line 110.
 1 SYSTEMPATH\View\View.php(213): include()
 2 SYSTEMPATH\View\View.php(216): CodeIgniter\View\View->CodeIgniter\View\{closure}()
 3 SYSTEMPATH\Common.php(1137): CodeIgniter\View\View->render('v_supplier', [], true)
 4 APPPATH\Views\v_template.php(210): view('v_supplier')
 5 SYSTEMPATH\View\View.php(213): include('APPPATH\\Views\\v_template.php')
 6 SYSTEMPATH\View\View.php(216): CodeIgniter\View\View->CodeIgniter\View\{closure}()
 7 SYSTEMPATH\Common.php(1137): CodeIgniter\View\View->render('v_template', [], true)
 8 APPPATH\Controllers\Supplier.php(26): view('v_template', [...])
 9 SYSTEMPATH\CodeIgniter.php(898): App\Controllers\Supplier->index()
10 SYSTEMPATH\CodeIgniter.php(457): CodeIgniter\CodeIgniter->runController(Object(App\Controllers\Supplier))
11 SYSTEMPATH\CodeIgniter.php(340): CodeIgniter\CodeIgniter->handleRequest(null, Object(Config\Cache), false)
12 FCPATH\index.php(67): CodeIgniter\CodeIgniter->run()
13 SYSTEMPATH\Commands\Server\rewrite.php(43): require_once('FCPATH\\index.php')
CRITICAL - 2025-02-13 07:22:59 --> Undefined variable $pelanggan
in APPPATH\Views\v_pelanggan.php on line 37.
 1 APPPATH\Views\v_pelanggan.php(37): CodeIgniter\Debug\Exceptions->errorHandler(2, 'Undefined variable $pelanggan', 'APPPATH\\Views\\v_pelanggan.php', 37)
 2 SYSTEMPATH\View\View.php(213): include('APPPATH\\Views\\v_pelanggan.php')
 3 SYSTEMPATH\View\View.php(216): CodeIgniter\View\View->CodeIgniter\View\{closure}()
 4 SYSTEMPATH\Common.php(1137): CodeIgniter\View\View->render('v_pelanggan', [], true)
 5 APPPATH\Views\v_template.php(210): view('v_pelanggan')
 6 SYSTEMPATH\View\View.php(213): include('APPPATH\\Views\\v_template.php')
 7 SYSTEMPATH\View\View.php(216): CodeIgniter\View\View->CodeIgniter\View\{closure}()
 8 SYSTEMPATH\Common.php(1137): CodeIgniter\View\View->render('v_template', [], true)
 9 APPPATH\Controllers\Pelanggan.php(18): view('v_template', [...])
10 SYSTEMPATH\CodeIgniter.php(898): App\Controllers\Pelanggan->index()
11 SYSTEMPATH\CodeIgniter.php(457): CodeIgniter\CodeIgniter->runController(Object(App\Controllers\Pelanggan))
12 SYSTEMPATH\CodeIgniter.php(340): CodeIgniter\CodeIgniter->handleRequest(null, Object(Config\Cache), false)
13 FCPATH\index.php(67): CodeIgniter\CodeIgniter->run()
14 SYSTEMPATH\Commands\Server\rewrite.php(43): require_once('FCPATH\\index.php')
ERROR - 2025-02-13 07:24:46 --> mysqli_sql_exception: Table 'posbengkel.pelanggan' doesn't exist in C:\xampp\htdocs\posbengkel\system\Database\MySQLi\Connection.php:292
Stack trace:
#0 C:\xampp\htdocs\posbengkel\system\Database\MySQLi\Connection.php(292): mysqli->query('SELECT *\nFROM `...', 0)
#1 C:\xampp\htdocs\posbengkel\system\Database\BaseConnection.php(693): CodeIgniter\Database\MySQLi\Connection->execute('SELECT *\nFROM `...')
#2 C:\xampp\htdocs\posbengkel\system\Database\BaseConnection.php(620): CodeIgniter\Database\BaseConnection->simpleQuery('SELECT *\nFROM `...')
#3 C:\xampp\htdocs\posbengkel\system\Database\BaseBuilder.php(1585): CodeIgniter\Database\BaseConnection->query('SELECT *\nFROM `...', Array, false)
#4 C:\xampp\htdocs\posbengkel\app\Models\ModelPelanggan.php(19): CodeIgniter\Database\BaseBuilder->get()
#5 C:\xampp\htdocs\posbengkel\app\Controllers\Pelanggan.php(24): App\Models\ModelPelanggan->AllData()
#6 C:\xampp\htdocs\posbengkel\system\CodeIgniter.php(898): App\Controllers\Pelanggan->index()
#7 C:\xampp\htdocs\posbengkel\system\CodeIgniter.php(457): CodeIgniter\CodeIgniter->runController(Object(App\Controllers\Pelanggan))
#8 C:\xampp\htdocs\posbengkel\system\CodeIgniter.php(340): CodeIgniter\CodeIgniter->handleRequest(NULL, Object(Config\Cache), false)
#9 C:\xampp\htdocs\posbengkel\public\index.php(67): CodeIgniter\CodeIgniter->run()
#10 C:\xampp\htdocs\posbengkel\system\Commands\Server\rewrite.php(43): require_once('C:\\xampp\\htdocs...')
#11 {main}
CRITICAL - 2025-02-13 07:24:46 --> Table 'posbengkel.pelanggan' doesn't exist
in SYSTEMPATH\Database\MySQLi\Connection.php on line 292.
 1 SYSTEMPATH\Database\MySQLi\Connection.php(292): mysqli->query('SELECT *
FROM `pelanggan`', 0)
 2 SYSTEMPATH\Database\BaseConnection.php(693): CodeIgniter\Database\MySQLi\Connection->execute('SELECT *
FROM `pelanggan`')
 3 SYSTEMPATH\Database\BaseConnection.php(620): CodeIgniter\Database\BaseConnection->simpleQuery('SELECT *
FROM `pelanggan`')
 4 SYSTEMPATH\Database\BaseBuilder.php(1585): CodeIgniter\Database\BaseConnection->query('SELECT *
FROM `pelanggan`', [], false)
 5 APPPATH\Models\ModelPelanggan.php(19): CodeIgniter\Database\BaseBuilder->get()
 6 APPPATH\Controllers\Pelanggan.php(24): App\Models\ModelPelanggan->AllData()
 7 SYSTEMPATH\CodeIgniter.php(898): App\Controllers\Pelanggan->index()
 8 SYSTEMPATH\CodeIgniter.php(457): CodeIgniter\CodeIgniter->runController(Object(App\Controllers\Pelanggan))
 9 SYSTEMPATH\CodeIgniter.php(340): CodeIgniter\CodeIgniter->handleRequest(null, Object(Config\Cache), false)
10 FCPATH\index.php(67): CodeIgniter\CodeIgniter->run()
11 SYSTEMPATH\Commands\Server\rewrite.php(43): require_once('FCPATH\\index.php')
ERROR - 2025-02-13 07:35:47 --> mysqli_sql_exception: Column 'mobil_pelanggan' cannot be null in C:\xampp\htdocs\posbengkel\system\Database\MySQLi\Connection.php:292
Stack trace:
#0 C:\xampp\htdocs\posbengkel\system\Database\MySQLi\Connection.php(292): mysqli->query('INSERT INTO `pe...', 0)
#1 C:\xampp\htdocs\posbengkel\system\Database\BaseConnection.php(693): CodeIgniter\Database\MySQLi\Connection->execute('INSERT INTO `pe...')
#2 C:\xampp\htdocs\posbengkel\system\Database\BaseConnection.php(620): CodeIgniter\Database\BaseConnection->simpleQuery('INSERT INTO `pe...')
#3 C:\xampp\htdocs\posbengkel\system\Database\BaseBuilder.php(1916): CodeIgniter\Database\BaseConnection->query('INSERT INTO `pe...', Array, false)
#4 C:\xampp\htdocs\posbengkel\app\Models\ModelPelanggan.php(24): CodeIgniter\Database\BaseBuilder->insert(Array)
#5 C:\xampp\htdocs\posbengkel\app\Controllers\Pelanggan.php(37): App\Models\ModelPelanggan->InsertData(Array)
#6 C:\xampp\htdocs\posbengkel\system\CodeIgniter.php(898): App\Controllers\Pelanggan->InsertData()
#7 C:\xampp\htdocs\posbengkel\system\CodeIgniter.php(457): CodeIgniter\CodeIgniter->runController(Object(App\Controllers\Pelanggan))
#8 C:\xampp\htdocs\posbengkel\system\CodeIgniter.php(340): CodeIgniter\CodeIgniter->handleRequest(NULL, Object(Config\Cache), false)
#9 C:\xampp\htdocs\posbengkel\public\index.php(67): CodeIgniter\CodeIgniter->run()
#10 C:\xampp\htdocs\posbengkel\system\Commands\Server\rewrite.php(43): require_once('C:\\xampp\\htdocs...')
#11 {main}
CRITICAL - 2025-02-13 07:35:47 --> Column 'mobil_pelanggan' cannot be null
in SYSTEMPATH\Database\MySQLi\Connection.php on line 292.
 1 SYSTEMPATH\Database\MySQLi\Connection.php(292): mysqli->query('INSERT INTO `pelanggan` (`nopol`, `nama_pelanggan`, `mobil_pelanggan`, `alamat_pelanggan`, `telp_pelanggan`) VALUES (NULL, \'Mas Ako\', NULL, \'Banjarnegoro, Mertoyudan, Magelang\', \'6234567890\')', 0)
 2 SYSTEMPATH\Database\BaseConnection.php(693): CodeIgniter\Database\MySQLi\Connection->execute('INSERT INTO `pelanggan` (`nopol`, `nama_pelanggan`, `mobil_pelanggan`, `alamat_pelanggan`, `telp_pelanggan`) VALUES (NULL, \'Mas Ako\', NULL, \'Banjarnegoro, Mertoyudan, Magelang\', \'6234567890\')')
 3 SYSTEMPATH\Database\BaseConnection.php(620): CodeIgniter\Database\BaseConnection->simpleQuery('INSERT INTO `pelanggan` (`nopol`, `nama_pelanggan`, `mobil_pelanggan`, `alamat_pelanggan`, `telp_pelanggan`) VALUES (NULL, \'Mas Ako\', NULL, \'Banjarnegoro, Mertoyudan, Magelang\', \'6234567890\')')
 4 SYSTEMPATH\Database\BaseBuilder.php(1916): CodeIgniter\Database\BaseConnection->query('INSERT INTO `pelanggan` (`nopol`, `nama_pelanggan`, `mobil_pelanggan`, `alamat_pelanggan`, `telp_pelanggan`) VALUES (:nopol:, :nama_pelanggan:, :mobil_pelanggan:, :alamat_pelanggan:, :telp_pelanggan:)', [...], false)
 5 APPPATH\Models\ModelPelanggan.php(24): CodeIgniter\Database\BaseBuilder->insert([...])
 6 APPPATH\Controllers\Pelanggan.php(37): App\Models\ModelPelanggan->InsertData([...])
 7 SYSTEMPATH\CodeIgniter.php(898): App\Controllers\Pelanggan->InsertData()
 8 SYSTEMPATH\CodeIgniter.php(457): CodeIgniter\CodeIgniter->runController(Object(App\Controllers\Pelanggan))
 9 SYSTEMPATH\CodeIgniter.php(340): CodeIgniter\CodeIgniter->handleRequest(null, Object(Config\Cache), false)
10 FCPATH\index.php(67): CodeIgniter\CodeIgniter->run()
11 SYSTEMPATH\Commands\Server\rewrite.php(43): require_once('FCPATH\\index.php')
ERROR - 2025-02-13 07:37:07 --> mysqli_sql_exception: Column 'mobil_pelanggan' cannot be null in C:\xampp\htdocs\posbengkel\system\Database\MySQLi\Connection.php:292
Stack trace:
#0 C:\xampp\htdocs\posbengkel\system\Database\MySQLi\Connection.php(292): mysqli->query('INSERT INTO `pe...', 0)
#1 C:\xampp\htdocs\posbengkel\system\Database\BaseConnection.php(693): CodeIgniter\Database\MySQLi\Connection->execute('INSERT INTO `pe...')
#2 C:\xampp\htdocs\posbengkel\system\Database\BaseConnection.php(620): CodeIgniter\Database\BaseConnection->simpleQuery('INSERT INTO `pe...')
#3 C:\xampp\htdocs\posbengkel\system\Database\BaseBuilder.php(1916): CodeIgniter\Database\BaseConnection->query('INSERT INTO `pe...', Array, false)
#4 C:\xampp\htdocs\posbengkel\app\Models\ModelPelanggan.php(24): CodeIgniter\Database\BaseBuilder->insert(Array)
#5 C:\xampp\htdocs\posbengkel\app\Controllers\Pelanggan.php(37): App\Models\ModelPelanggan->InsertData(Array)
#6 C:\xampp\htdocs\posbengkel\system\CodeIgniter.php(898): App\Controllers\Pelanggan->InsertData()
#7 C:\xampp\htdocs\posbengkel\system\CodeIgniter.php(457): CodeIgniter\CodeIgniter->runController(Object(App\Controllers\Pelanggan))
#8 C:\xampp\htdocs\posbengkel\system\CodeIgniter.php(340): CodeIgniter\CodeIgniter->handleRequest(NULL, Object(Config\Cache), false)
#9 C:\xampp\htdocs\posbengkel\public\index.php(67): CodeIgniter\CodeIgniter->run()
#10 C:\xampp\htdocs\posbengkel\system\Commands\Server\rewrite.php(43): require_once('C:\\xampp\\htdocs...')
#11 {main}
CRITICAL - 2025-02-13 07:37:07 --> Column 'mobil_pelanggan' cannot be null
in SYSTEMPATH\Database\MySQLi\Connection.php on line 292.
 1 SYSTEMPATH\Database\MySQLi\Connection.php(292): mysqli->query('INSERT INTO `pelanggan` (`nopol`, `nama_pelanggan`, `mobil_pelanggan`, `alamat_pelanggan`, `telp_pelanggan`) VALUES (NULL, \'Mas Ako\', NULL, \'Banjarnegoro, Mertoyudan, Magelang\', \'6234567890\')', 0)
 2 SYSTEMPATH\Database\BaseConnection.php(693): CodeIgniter\Database\MySQLi\Connection->execute('INSERT INTO `pelanggan` (`nopol`, `nama_pelanggan`, `mobil_pelanggan`, `alamat_pelanggan`, `telp_pelanggan`) VALUES (NULL, \'Mas Ako\', NULL, \'Banjarnegoro, Mertoyudan, Magelang\', \'6234567890\')')
 3 SYSTEMPATH\Database\BaseConnection.php(620): CodeIgniter\Database\BaseConnection->simpleQuery('INSERT INTO `pelanggan` (`nopol`, `nama_pelanggan`, `mobil_pelanggan`, `alamat_pelanggan`, `telp_pelanggan`) VALUES (NULL, \'Mas Ako\', NULL, \'Banjarnegoro, Mertoyudan, Magelang\', \'6234567890\')')
 4 SYSTEMPATH\Database\BaseBuilder.php(1916): CodeIgniter\Database\BaseConnection->query('INSERT INTO `pelanggan` (`nopol`, `nama_pelanggan`, `mobil_pelanggan`, `alamat_pelanggan`, `telp_pelanggan`) VALUES (:nopol:, :nama_pelanggan:, :mobil_pelanggan:, :alamat_pelanggan:, :telp_pelanggan:)', [...], false)
 5 APPPATH\Models\ModelPelanggan.php(24): CodeIgniter\Database\BaseBuilder->insert([...])
 6 APPPATH\Controllers\Pelanggan.php(37): App\Models\ModelPelanggan->InsertData([...])
 7 SYSTEMPATH\CodeIgniter.php(898): App\Controllers\Pelanggan->InsertData()
 8 SYSTEMPATH\CodeIgniter.php(457): CodeIgniter\CodeIgniter->runController(Object(App\Controllers\Pelanggan))
 9 SYSTEMPATH\CodeIgniter.php(340): CodeIgniter\CodeIgniter->handleRequest(null, Object(Config\Cache), false)
10 FCPATH\index.php(67): CodeIgniter\CodeIgniter->run()
11 SYSTEMPATH\Commands\Server\rewrite.php(43): require_once('FCPATH\\index.php')
CRITICAL - 2025-02-13 07:37:21 --> Undefined array key "id_pelanggan"
in APPPATH\Views\v_pelanggan.php on line 44.
 1 APPPATH\Views\v_pelanggan.php(44): CodeIgniter\Debug\Exceptions->errorHandler(2, 'Undefined array key "id_pelanggan"', 'APPPATH\\Views\\v_pelanggan.php', 44)
 2 SYSTEMPATH\View\View.php(213): include('APPPATH\\Views\\v_pelanggan.php')
 3 SYSTEMPATH\View\View.php(216): CodeIgniter\View\View->CodeIgniter\View\{closure}()
 4 SYSTEMPATH\Common.php(1137): CodeIgniter\View\View->render('v_pelanggan', [], true)
 5 APPPATH\Views\v_template.php(210): view('v_pelanggan')
 6 SYSTEMPATH\View\View.php(213): include('APPPATH\\Views\\v_template.php')
 7 SYSTEMPATH\View\View.php(216): CodeIgniter\View\View->CodeIgniter\View\{closure}()
 8 SYSTEMPATH\Common.php(1137): CodeIgniter\View\View->render('v_template', [], true)
 9 APPPATH\Controllers\Pelanggan.php(26): view('v_template', [...])
10 SYSTEMPATH\CodeIgniter.php(898): App\Controllers\Pelanggan->index()
11 SYSTEMPATH\CodeIgniter.php(457): CodeIgniter\CodeIgniter->runController(Object(App\Controllers\Pelanggan))
12 SYSTEMPATH\CodeIgniter.php(340): CodeIgniter\CodeIgniter->handleRequest(null, Object(Config\Cache), false)
13 FCPATH\index.php(67): CodeIgniter\CodeIgniter->run()
14 SYSTEMPATH\Commands\Server\rewrite.php(43): require_once('FCPATH\\index.php')
CRITICAL - 2025-02-13 17:48:59 --> Undefined array key "id_pelanggan"
in APPPATH\Views\v_pelanggan.php on line 53.
 1 APPPATH\Views\v_pelanggan.php(53): CodeIgniter\Debug\Exceptions->errorHandler(2, 'Undefined array key "id_pelanggan"', 'APPPATH\\Views\\v_pelanggan.php', 53)
 2 SYSTEMPATH\View\View.php(213): include('APPPATH\\Views\\v_pelanggan.php')
 3 SYSTEMPATH\View\View.php(216): CodeIgniter\View\View->CodeIgniter\View\{closure}()
 4 SYSTEMPATH\Common.php(1137): CodeIgniter\View\View->render('v_pelanggan', [], true)
 5 APPPATH\Views\v_template.php(210): view('v_pelanggan')
 6 SYSTEMPATH\View\View.php(213): include('APPPATH\\Views\\v_template.php')
 7 SYSTEMPATH\View\View.php(216): CodeIgniter\View\View->CodeIgniter\View\{closure}()
 8 SYSTEMPATH\Common.php(1137): CodeIgniter\View\View->render('v_template', [], true)
 9 APPPATH\Controllers\Pelanggan.php(26): view('v_template', [...])
10 SYSTEMPATH\CodeIgniter.php(898): App\Controllers\Pelanggan->index()
11 SYSTEMPATH\CodeIgniter.php(457): CodeIgniter\CodeIgniter->runController(Object(App\Controllers\Pelanggan))
12 SYSTEMPATH\CodeIgniter.php(340): CodeIgniter\CodeIgniter->handleRequest(null, Object(Config\Cache), false)
13 FCPATH\index.php(67): CodeIgniter\CodeIgniter->run()
14 SYSTEMPATH\Commands\Server\rewrite.php(43): require_once('FCPATH\\index.php')
CRITICAL - 2025-02-13 17:49:29 --> Undefined array key "id_pelanggan"
in APPPATH\Views\v_pelanggan.php on line 53.
 1 APPPATH\Views\v_pelanggan.php(53): CodeIgniter\Debug\Exceptions->errorHandler(2, 'Undefined array key "id_pelanggan"', 'APPPATH\\Views\\v_pelanggan.php', 53)
 2 SYSTEMPATH\View\View.php(213): include('APPPATH\\Views\\v_pelanggan.php')
 3 SYSTEMPATH\View\View.php(216): CodeIgniter\View\View->CodeIgniter\View\{closure}()
 4 SYSTEMPATH\Common.php(1137): CodeIgniter\View\View->render('v_pelanggan', [], true)
 5 APPPATH\Views\v_template.php(210): view('v_pelanggan')
 6 SYSTEMPATH\View\View.php(213): include('APPPATH\\Views\\v_template.php')
 7 SYSTEMPATH\View\View.php(216): CodeIgniter\View\View->CodeIgniter\View\{closure}()
 8 SYSTEMPATH\Common.php(1137): CodeIgniter\View\View->render('v_template', [], true)
 9 APPPATH\Controllers\Pelanggan.php(26): view('v_template', [...])
10 SYSTEMPATH\CodeIgniter.php(898): App\Controllers\Pelanggan->index()
11 SYSTEMPATH\CodeIgniter.php(457): CodeIgniter\CodeIgniter->runController(Object(App\Controllers\Pelanggan))
12 SYSTEMPATH\CodeIgniter.php(340): CodeIgniter\CodeIgniter->handleRequest(null, Object(Config\Cache), false)
13 FCPATH\index.php(67): CodeIgniter\CodeIgniter->run()
14 SYSTEMPATH\Commands\Server\rewrite.php(43): require_once('FCPATH\\index.php')
ERROR - 2025-02-13 17:51:36 --> mysqli_sql_exception: Table 'pelanggan' already exists in C:\xampp\htdocs\posbengkel\system\Database\MySQLi\Connection.php:292
Stack trace:
#0 C:\xampp\htdocs\posbengkel\system\Database\MySQLi\Connection.php(292): mysqli->query('CREATE TABLE `p...', 0)
#1 C:\xampp\htdocs\posbengkel\system\Database\BaseConnection.php(693): CodeIgniter\Database\MySQLi\Connection->execute('CREATE TABLE `p...')
#2 C:\xampp\htdocs\posbengkel\system\Database\BaseConnection.php(620): CodeIgniter\Database\BaseConnection->simpleQuery('CREATE TABLE `p...')
#3 C:\xampp\htdocs\posbengkel\system\Database\Forge.php(509): CodeIgniter\Database\BaseConnection->query('CREATE TABLE `p...')
#4 C:\xampp\htdocs\posbengkel\app\Database\Migrations\2025-02-13-132506_Pelanggan.php(34): CodeIgniter\Database\Forge->createTable('pelanggan')
#5 C:\xampp\htdocs\posbengkel\system\Database\MigrationRunner.php(868): App\Database\Migrations\Pelanggan->up()
#6 C:\xampp\htdocs\posbengkel\system\Database\MigrationRunner.php(187): CodeIgniter\Database\MigrationRunner->migrate('up', Object(stdClass))
#7 C:\xampp\htdocs\posbengkel\system\Commands\Database\Migrate.php(84): CodeIgniter\Database\MigrationRunner->latest(NULL)
#8 C:\xampp\htdocs\posbengkel\system\CLI\Commands.php(63): CodeIgniter\Commands\Database\Migrate->run(Array)
#9 C:\xampp\htdocs\posbengkel\system\CLI\CommandRunner.php(65): CodeIgniter\CLI\Commands->run('migrate', Array)
#10 C:\xampp\htdocs\posbengkel\system\CLI\CommandRunner.php(51): CodeIgniter\CLI\CommandRunner->index(Array)
#11 C:\xampp\htdocs\posbengkel\system\CodeIgniter.php(891): CodeIgniter\CLI\CommandRunner->_remap('index', Array)
#12 C:\xampp\htdocs\posbengkel\system\CodeIgniter.php(457): CodeIgniter\CodeIgniter->runController(Object(CodeIgniter\CLI\CommandRunner))
#13 C:\xampp\htdocs\posbengkel\system\CodeIgniter.php(336): CodeIgniter\CodeIgniter->handleRequest(NULL, Object(Config\Cache), false)
#14 C:\xampp\htdocs\posbengkel\system\CLI\Console.php(48): CodeIgniter\CodeIgniter->run()
#15 C:\xampp\htdocs\posbengkel\spark(98): CodeIgniter\CLI\Console->run()
#16 {main}
ERROR - 2025-02-13 17:52:10 --> mysqli_sql_exception: Column 'nopol' cannot be null in C:\xampp\htdocs\posbengkel\system\Database\MySQLi\Connection.php:292
Stack trace:
#0 C:\xampp\htdocs\posbengkel\system\Database\MySQLi\Connection.php(292): mysqli->query('INSERT INTO `pe...', 0)
#1 C:\xampp\htdocs\posbengkel\system\Database\BaseConnection.php(693): CodeIgniter\Database\MySQLi\Connection->execute('INSERT INTO `pe...')
#2 C:\xampp\htdocs\posbengkel\system\Database\BaseConnection.php(620): CodeIgniter\Database\BaseConnection->simpleQuery('INSERT INTO `pe...')
#3 C:\xampp\htdocs\posbengkel\system\Database\BaseBuilder.php(1916): CodeIgniter\Database\BaseConnection->query('INSERT INTO `pe...', Array, false)
#4 C:\xampp\htdocs\posbengkel\app\Models\ModelPelanggan.php(24): CodeIgniter\Database\BaseBuilder->insert(Array)
#5 C:\xampp\htdocs\posbengkel\app\Controllers\Pelanggan.php(37): App\Models\ModelPelanggan->InsertData(Array)
#6 C:\xampp\htdocs\posbengkel\system\CodeIgniter.php(898): App\Controllers\Pelanggan->InsertData()
#7 C:\xampp\htdocs\posbengkel\system\CodeIgniter.php(457): CodeIgniter\CodeIgniter->runController(Object(App\Controllers\Pelanggan))
#8 C:\xampp\htdocs\posbengkel\system\CodeIgniter.php(340): CodeIgniter\CodeIgniter->handleRequest(NULL, Object(Config\Cache), false)
#9 C:\xampp\htdocs\posbengkel\public\index.php(67): CodeIgniter\CodeIgniter->run()
#10 C:\xampp\htdocs\posbengkel\system\Commands\Server\rewrite.php(43): require_once('C:\\xampp\\htdocs...')
#11 {main}
CRITICAL - 2025-02-13 17:52:10 --> Column 'nopol' cannot be null
in SYSTEMPATH\Database\MySQLi\Connection.php on line 292.
 1 SYSTEMPATH\Database\MySQLi\Connection.php(292): mysqli->query('INSERT INTO `pelanggan` (`nopol`, `nama_pelanggan`, `mobil_pelanggan`, `alamat_pelanggan`, `telp_pelanggan`) VALUES (NULL, \'Mas Akoi\', \'Avanza 2013\', \'Banjarnegoro, Mertoyudan, Magelang\', \'6234567\')', 0)
 2 SYSTEMPATH\Database\BaseConnection.php(693): CodeIgniter\Database\MySQLi\Connection->execute('INSERT INTO `pelanggan` (`nopol`, `nama_pelanggan`, `mobil_pelanggan`, `alamat_pelanggan`, `telp_pelanggan`) VALUES (NULL, \'Mas Akoi\', \'Avanza 2013\', \'Banjarnegoro, Mertoyudan, Magelang\', \'6234567\')')
 3 SYSTEMPATH\Database\BaseConnection.php(620): CodeIgniter\Database\BaseConnection->simpleQuery('INSERT INTO `pelanggan` (`nopol`, `nama_pelanggan`, `mobil_pelanggan`, `alamat_pelanggan`, `telp_pelanggan`) VALUES (NULL, \'Mas Akoi\', \'Avanza 2013\', \'Banjarnegoro, Mertoyudan, Magelang\', \'6234567\')')
 4 SYSTEMPATH\Database\BaseBuilder.php(1916): CodeIgniter\Database\BaseConnection->query('INSERT INTO `pelanggan` (`nopol`, `nama_pelanggan`, `mobil_pelanggan`, `alamat_pelanggan`, `telp_pelanggan`) VALUES (:nopol:, :nama_pelanggan:, :mobil_pelanggan:, :alamat_pelanggan:, :telp_pelanggan:)', [...], false)
 5 APPPATH\Models\ModelPelanggan.php(24): CodeIgniter\Database\BaseBuilder->insert([...])
 6 APPPATH\Controllers\Pelanggan.php(37): App\Models\ModelPelanggan->InsertData([...])
 7 SYSTEMPATH\CodeIgniter.php(898): App\Controllers\Pelanggan->InsertData()
 8 SYSTEMPATH\CodeIgniter.php(457): CodeIgniter\CodeIgniter->runController(Object(App\Controllers\Pelanggan))
 9 SYSTEMPATH\CodeIgniter.php(340): CodeIgniter\CodeIgniter->handleRequest(null, Object(Config\Cache), false)
10 FCPATH\index.php(67): CodeIgniter\CodeIgniter->run()
11 SYSTEMPATH\Commands\Server\rewrite.php(43): require_once('FCPATH\\index.php')
ERROR - 2025-02-13 17:55:55 --> mysqli_sql_exception: You have an error in your SQL syntax; check the manual that corresponds to your MariaDB server version for the right syntax to use near 'UNSIGNED NOT NULL,
	`nama_pelanggan` varchar(50) NOT NULL,
	`mobil_pelanggan`...' at line 2 in C:\xampp\htdocs\posbengkel\system\Database\MySQLi\Connection.php:292
Stack trace:
#0 C:\xampp\htdocs\posbengkel\system\Database\MySQLi\Connection.php(292): mysqli->query('CREATE TABLE `p...', 0)
#1 C:\xampp\htdocs\posbengkel\system\Database\BaseConnection.php(693): CodeIgniter\Database\MySQLi\Connection->execute('CREATE TABLE `p...')
#2 C:\xampp\htdocs\posbengkel\system\Database\BaseConnection.php(620): CodeIgniter\Database\BaseConnection->simpleQuery('CREATE TABLE `p...')
#3 C:\xampp\htdocs\posbengkel\system\Database\Forge.php(509): CodeIgniter\Database\BaseConnection->query('CREATE TABLE `p...')
#4 C:\xampp\htdocs\posbengkel\app\Database\Migrations\2025-02-13-132506_Pelanggan.php(35): CodeIgniter\Database\Forge->createTable('pelanggan')
#5 C:\xampp\htdocs\posbengkel\system\Database\MigrationRunner.php(868): App\Database\Migrations\Pelanggan->up()
#6 C:\xampp\htdocs\posbengkel\system\Database\MigrationRunner.php(187): CodeIgniter\Database\MigrationRunner->migrate('up', Object(stdClass))
#7 C:\xampp\htdocs\posbengkel\system\Commands\Database\Migrate.php(84): CodeIgniter\Database\MigrationRunner->latest(NULL)
#8 C:\xampp\htdocs\posbengkel\system\CLI\Commands.php(63): CodeIgniter\Commands\Database\Migrate->run(Array)
#9 C:\xampp\htdocs\posbengkel\system\CLI\CommandRunner.php(65): CodeIgniter\CLI\Commands->run('migrate', Array)
#10 C:\xampp\htdocs\posbengkel\system\CLI\CommandRunner.php(51): CodeIgniter\CLI\CommandRunner->index(Array)
#11 C:\xampp\htdocs\posbengkel\system\CodeIgniter.php(891): CodeIgniter\CLI\CommandRunner->_remap('index', Array)
#12 C:\xampp\htdocs\posbengkel\system\CodeIgniter.php(457): CodeIgniter\CodeIgniter->runController(Object(CodeIgniter\CLI\CommandRunner))
#13 C:\xampp\htdocs\posbengkel\system\CodeIgniter.php(336): CodeIgniter\CodeIgniter->handleRequest(NULL, Object(Config\Cache), false)
#14 C:\xampp\htdocs\posbengkel\system\CLI\Console.php(48): CodeIgniter\CodeIgniter->run()
#15 C:\xampp\htdocs\posbengkel\spark(98): CodeIgniter\CLI\Console->run()
#16 {main}
ERROR - 2025-02-13 17:56:30 --> mysqli_sql_exception: You have an error in your SQL syntax; check the manual that corresponds to your MariaDB server version for the right syntax to use near 'UNSIGNED NOT NULL,
	`nama_pelanggan` varchar(50) NOT NULL,
	`mobil_pelanggan`...' at line 2 in C:\xampp\htdocs\posbengkel\system\Database\MySQLi\Connection.php:292
Stack trace:
#0 C:\xampp\htdocs\posbengkel\system\Database\MySQLi\Connection.php(292): mysqli->query('CREATE TABLE `p...', 0)
#1 C:\xampp\htdocs\posbengkel\system\Database\BaseConnection.php(693): CodeIgniter\Database\MySQLi\Connection->execute('CREATE TABLE `p...')
#2 C:\xampp\htdocs\posbengkel\system\Database\BaseConnection.php(620): CodeIgniter\Database\BaseConnection->simpleQuery('CREATE TABLE `p...')
#3 C:\xampp\htdocs\posbengkel\system\Database\Forge.php(509): CodeIgniter\Database\BaseConnection->query('CREATE TABLE `p...')
#4 C:\xampp\htdocs\posbengkel\app\Database\Migrations\2025-02-13-132506_Pelanggan.php(34): CodeIgniter\Database\Forge->createTable('pelanggan')
#5 C:\xampp\htdocs\posbengkel\system\Database\MigrationRunner.php(868): App\Database\Migrations\Pelanggan->up()
#6 C:\xampp\htdocs\posbengkel\system\Database\MigrationRunner.php(187): CodeIgniter\Database\MigrationRunner->migrate('up', Object(stdClass))
#7 C:\xampp\htdocs\posbengkel\system\Commands\Database\Migrate.php(84): CodeIgniter\Database\MigrationRunner->latest(NULL)
#8 C:\xampp\htdocs\posbengkel\system\CLI\Commands.php(63): CodeIgniter\Commands\Database\Migrate->run(Array)
#9 C:\xampp\htdocs\posbengkel\system\CLI\CommandRunner.php(65): CodeIgniter\CLI\Commands->run('migrate', Array)
#10 C:\xampp\htdocs\posbengkel\system\CLI\CommandRunner.php(51): CodeIgniter\CLI\CommandRunner->index(Array)
#11 C:\xampp\htdocs\posbengkel\system\CodeIgniter.php(891): CodeIgniter\CLI\CommandRunner->_remap('index', Array)
#12 C:\xampp\htdocs\posbengkel\system\CodeIgniter.php(457): CodeIgniter\CodeIgniter->runController(Object(CodeIgniter\CLI\CommandRunner))
#13 C:\xampp\htdocs\posbengkel\system\CodeIgniter.php(336): CodeIgniter\CodeIgniter->handleRequest(NULL, Object(Config\Cache), false)
#14 C:\xampp\htdocs\posbengkel\system\CLI\Console.php(48): CodeIgniter\CodeIgniter->run()
#15 C:\xampp\htdocs\posbengkel\spark(98): CodeIgniter\CLI\Console->run()
#16 {main}
ERROR - 2025-02-13 17:57:25 --> mysqli_sql_exception: You have an error in your SQL syntax; check the manual that corresponds to your MariaDB server version for the right syntax to use near 'UNSIGNED NOT NULL,
	`nama_pelanggan` varchar(50) NOT NULL,
	`mobil_pelanggan`...' at line 2 in C:\xampp\htdocs\posbengkel\system\Database\MySQLi\Connection.php:292
Stack trace:
#0 C:\xampp\htdocs\posbengkel\system\Database\MySQLi\Connection.php(292): mysqli->query('CREATE TABLE `p...', 0)
#1 C:\xampp\htdocs\posbengkel\system\Database\BaseConnection.php(693): CodeIgniter\Database\MySQLi\Connection->execute('CREATE TABLE `p...')
#2 C:\xampp\htdocs\posbengkel\system\Database\BaseConnection.php(620): CodeIgniter\Database\BaseConnection->simpleQuery('CREATE TABLE `p...')
#3 C:\xampp\htdocs\posbengkel\system\Database\Forge.php(509): CodeIgniter\Database\BaseConnection->query('CREATE TABLE `p...')
#4 C:\xampp\htdocs\posbengkel\app\Database\Migrations\2025-02-13-132506_Pelanggan.php(34): CodeIgniter\Database\Forge->createTable('pelanggan')
#5 C:\xampp\htdocs\posbengkel\system\Database\MigrationRunner.php(868): App\Database\Migrations\Pelanggan->up()
#6 C:\xampp\htdocs\posbengkel\system\Database\MigrationRunner.php(187): CodeIgniter\Database\MigrationRunner->migrate('up', Object(stdClass))
#7 C:\xampp\htdocs\posbengkel\system\Commands\Database\Migrate.php(84): CodeIgniter\Database\MigrationRunner->latest(NULL)
#8 C:\xampp\htdocs\posbengkel\system\CLI\Commands.php(63): CodeIgniter\Commands\Database\Migrate->run(Array)
#9 C:\xampp\htdocs\posbengkel\system\CLI\CommandRunner.php(65): CodeIgniter\CLI\Commands->run('migrate', Array)
#10 C:\xampp\htdocs\posbengkel\system\CLI\CommandRunner.php(51): CodeIgniter\CLI\CommandRunner->index(Array)
#11 C:\xampp\htdocs\posbengkel\system\CodeIgniter.php(891): CodeIgniter\CLI\CommandRunner->_remap('index', Array)
#12 C:\xampp\htdocs\posbengkel\system\CodeIgniter.php(457): CodeIgniter\CodeIgniter->runController(Object(CodeIgniter\CLI\CommandRunner))
#13 C:\xampp\htdocs\posbengkel\system\CodeIgniter.php(336): CodeIgniter\CodeIgniter->handleRequest(NULL, Object(Config\Cache), false)
#14 C:\xampp\htdocs\posbengkel\system\CLI\Console.php(48): CodeIgniter\CodeIgniter->run()
#15 C:\xampp\htdocs\posbengkel\spark(98): CodeIgniter\CLI\Console->run()
#16 {main}
ERROR - 2025-02-13 17:58:02 --> mysqli_sql_exception: You have an error in your SQL syntax; check the manual that corresponds to your MariaDB server version for the right syntax to use near 'UNSIGNED NOT NULL,
	`nama_pelanggan` varchar(50) NOT NULL,
	`mobil_pelanggan`...' at line 2 in C:\xampp\htdocs\posbengkel\system\Database\MySQLi\Connection.php:292
Stack trace:
#0 C:\xampp\htdocs\posbengkel\system\Database\MySQLi\Connection.php(292): mysqli->query('CREATE TABLE `p...', 0)
#1 C:\xampp\htdocs\posbengkel\system\Database\BaseConnection.php(693): CodeIgniter\Database\MySQLi\Connection->execute('CREATE TABLE `p...')
#2 C:\xampp\htdocs\posbengkel\system\Database\BaseConnection.php(620): CodeIgniter\Database\BaseConnection->simpleQuery('CREATE TABLE `p...')
#3 C:\xampp\htdocs\posbengkel\system\Database\Forge.php(509): CodeIgniter\Database\BaseConnection->query('CREATE TABLE `p...')
#4 C:\xampp\htdocs\posbengkel\app\Database\Migrations\2025-02-13-132506_Pelanggan.php(34): CodeIgniter\Database\Forge->createTable('pelanggan')
#5 C:\xampp\htdocs\posbengkel\system\Database\MigrationRunner.php(868): App\Database\Migrations\Pelanggan->up()
#6 C:\xampp\htdocs\posbengkel\system\Database\MigrationRunner.php(187): CodeIgniter\Database\MigrationRunner->migrate('up', Object(stdClass))
#7 C:\xampp\htdocs\posbengkel\system\Commands\Database\Migrate.php(84): CodeIgniter\Database\MigrationRunner->latest(NULL)
#8 C:\xampp\htdocs\posbengkel\system\CLI\Commands.php(63): CodeIgniter\Commands\Database\Migrate->run(Array)
#9 C:\xampp\htdocs\posbengkel\system\CLI\CommandRunner.php(65): CodeIgniter\CLI\Commands->run('migrate', Array)
#10 C:\xampp\htdocs\posbengkel\system\CLI\CommandRunner.php(51): CodeIgniter\CLI\CommandRunner->index(Array)
#11 C:\xampp\htdocs\posbengkel\system\CodeIgniter.php(891): CodeIgniter\CLI\CommandRunner->_remap('index', Array)
#12 C:\xampp\htdocs\posbengkel\system\CodeIgniter.php(457): CodeIgniter\CodeIgniter->runController(Object(CodeIgniter\CLI\CommandRunner))
#13 C:\xampp\htdocs\posbengkel\system\CodeIgniter.php(336): CodeIgniter\CodeIgniter->handleRequest(NULL, Object(Config\Cache), false)
#14 C:\xampp\htdocs\posbengkel\system\CLI\Console.php(48): CodeIgniter\CodeIgniter->run()
#15 C:\xampp\htdocs\posbengkel\spark(98): CodeIgniter\CLI\Console->run()
#16 {main}
ERROR - 2025-02-13 17:58:52 --> mysqli_sql_exception: You have an error in your SQL syntax; check the manual that corresponds to your MariaDB server version for the right syntax to use near 'UNSIGNED NOT NULL,
	`nama_pelanggan` varchar(50) NOT NULL,
	`mobil_pelanggan`...' at line 2 in C:\xampp\htdocs\posbengkel\system\Database\MySQLi\Connection.php:292
Stack trace:
#0 C:\xampp\htdocs\posbengkel\system\Database\MySQLi\Connection.php(292): mysqli->query('CREATE TABLE `p...', 0)
#1 C:\xampp\htdocs\posbengkel\system\Database\BaseConnection.php(693): CodeIgniter\Database\MySQLi\Connection->execute('CREATE TABLE `p...')
#2 C:\xampp\htdocs\posbengkel\system\Database\BaseConnection.php(620): CodeIgniter\Database\BaseConnection->simpleQuery('CREATE TABLE `p...')
#3 C:\xampp\htdocs\posbengkel\system\Database\Forge.php(509): CodeIgniter\Database\BaseConnection->query('CREATE TABLE `p...')
#4 C:\xampp\htdocs\posbengkel\app\Database\Migrations\2025-02-13-132506_Pelanggan.php(34): CodeIgniter\Database\Forge->createTable('pelanggan')
#5 C:\xampp\htdocs\posbengkel\system\Database\MigrationRunner.php(868): App\Database\Migrations\Pelanggan->up()
#6 C:\xampp\htdocs\posbengkel\system\Database\MigrationRunner.php(187): CodeIgniter\Database\MigrationRunner->migrate('up', Object(stdClass))
#7 C:\xampp\htdocs\posbengkel\system\Commands\Database\Migrate.php(84): CodeIgniter\Database\MigrationRunner->latest(NULL)
#8 C:\xampp\htdocs\posbengkel\system\CLI\Commands.php(63): CodeIgniter\Commands\Database\Migrate->run(Array)
#9 C:\xampp\htdocs\posbengkel\system\CLI\CommandRunner.php(65): CodeIgniter\CLI\Commands->run('migrate', Array)
#10 C:\xampp\htdocs\posbengkel\system\CLI\CommandRunner.php(51): CodeIgniter\CLI\CommandRunner->index(Array)
#11 C:\xampp\htdocs\posbengkel\system\CodeIgniter.php(891): CodeIgniter\CLI\CommandRunner->_remap('index', Array)
#12 C:\xampp\htdocs\posbengkel\system\CodeIgniter.php(457): CodeIgniter\CodeIgniter->runController(Object(CodeIgniter\CLI\CommandRunner))
#13 C:\xampp\htdocs\posbengkel\system\CodeIgniter.php(336): CodeIgniter\CodeIgniter->handleRequest(NULL, Object(Config\Cache), false)
#14 C:\xampp\htdocs\posbengkel\system\CLI\Console.php(48): CodeIgniter\CodeIgniter->run()
#15 C:\xampp\htdocs\posbengkel\spark(98): CodeIgniter\CLI\Console->run()
#16 {main}
